0
0
0
0
0
0
0
0
0
0
0
0
0
0
0
0
0
0
0
0
0
0
0
0
0
0
0
0
0
0
0
0
0
0
0
0
0
0
0
0
0
0
0
0
0
0
0
0
0
0
0
0
0
0
0
0
0
0
0
0
0
0
0
0
0
0
0
0
0
0
0
0
0
0
0
0
0
0
0
0
0
0
0
0
0
0
0
0
0
0
0
0
0
0
0
0
0
0
0
0
0
0
0
0
0
0
0
0
0
0
0
0
0
0
0
0
0
0
0
0
0
0
0
0
0
0
0
0
0
0
0
0
0
0
0
0
0
0
0
0
0
0
0
0
0
0
0
0
0.001
0.001
0
0
0
0.004
0.003
0.001
0.003
0.003
0.005
0.007
0.009
0.011
0.014
0.01
0.017
0.027
0.021
0.026
0.027
0.021
0.03
0.046
0.048
0.055
0.065
0.087
0.069
0.082
0.092
0.099
0.127
0.13
0.127
0.132
0.164
0.166
0.186
0.211
0.23
0.259
0.262
0.264
0.283
0.299
0.357
0.311
0.356
0.393
0.414
0.408
0.466
0.504
0.498
0.523
0.532
0.535
0.53
0.579
0.583
0.615
0.604
0.712
0.629
0.717
0.723
0.712
0.681
0.725
0.763
0.792
0.784
0.85
0.819
0.848
0.817
0.85
0.887
0.857
0.891
0.936
0.924
0.869
0.878
0.902
0.959
0.865
0.918
0.9
0.901
0.912
0.928
0.937
0.864
0.901
0.965
0.909
0.883
0.885
0.925
0.875
0.87
0.925
0.886
0.893
0.849
0.863
0.836
0.891
0.875
0.876
0.86
0.824
0.889
0.801
0.82
0.788
0.816
0.795
0.859
0.8
0.766
0.829
0.752
0.787
0.766
0.763
0.695
0.747
0.674
0.721
0.697
0.71
0.694
0.677
0.672
0.616
0.59
0.66
0.64
0.629
0.595
0.605
0.541
0.586
0.574
0.535
0.492
0.526
0.502
0.519
0.467
0.493
0.467
0.496
0.445
0.453
0.479
0.443
0.448
0.418
0.405
0.411
0.418
0.407
0.392
0.397
0.377
0.351
0.333
0.356
0.374
0.312
0.32
0.319
0.327
0.294
0.297
0.258
0.256
0.291
0.248
0.232
0.233
0.227
0.23
0.225
0.2
0.188
0.21
0.195
0.181
0.174
0.178
0.193
0.176
0.172
0.172
0.138
0.135
0.192
0.124
0.122
0.112
0.117
0.116
0.122
0.117
0.1
0.101
0.098
0.076
0.078
0.091
0.091
0.075
0.079
0.064
0.067
0.058
0.074
0.065
0.058
0.047
0.055
0.051
0.039
0.034
0.039
0.034
0.048
0.028
0.032
0.033
0.032
0.021
0.036
0.026
0.031
0.03
0.028
0.031
0.032
0.025
0.018
0.03
0.026
0.029
0.026
0.03
0.032
0.031
0.034
0.037
0.038
0.043
0.046
0.04
0.057
0.052
0.061
0.054
0.059
0.076
0.07
0.067
0.082
0.078
0.107
0.111
0.112
0.123
0.143
0.154
0.158
0.18
0.181
0.18
0.198
0.223
0.228
0.255
0.296
0.282
0.314
0.299
0.358
0.359
0.347
0.412
0.432
0.432
0.485
0.48
0.48
0.49
0.484
0.521
0.554
0.528
0.573
0.628
0.654
0.661
0.642
0.702
0.722
0.75
0.718
0.712
0.796
0.781
0.835
0.799
0.807
0.803
0.833
0.869
0.859
0.867
0.902
0.858
0.935
0.932
0.908
0.897
0.945
1.054
0.882
0.983
0.925
0.995
0.999
1.015
0.946
0.974
0.96
1
0.898
0.934
0.983
0.954
0.959
0.921
0.921
0.925
0.88
0.917
0.893
0.913
0.916
0.834
0.847
0.88
0.866
0.832
0.854
0.805
0.793
0.787
0.766
0.814
0.817
0.729
0.772
0.707
0.706
0.681
0.674
0.681
0.72
0.665
0.63
0.681
0.639
0.623
0.627
0.575
0.628
0.59
0.56
0.592
0.573
0.537
0.537
0.496
0.527
0.537
0.468
0.455
0.459
0.475
0.461
0.412
0.443
0.418
0.386
0.438
0.404
0.407
0.336
0.323
0.362
0.325
0.361
0.369
0.302
0.29
0.314
0.335
0.267
0.292
0.289
0.275
0.274
0.25
0.239
0.256
0.241
0.22
0.274
0.227
0.221
0.209
0.219
0.234
0.188
0.171
0.204
0.167
0.162
0.154
0.157
0.164
0.126
0.138
0.139
0.151
0.146
0.13
0.146
0.128
0.127
0.131
0.11
0.107
0.114
0.124
0.109
0.11
0.096
0.089
0.11
0.1
0.086
0.086
0.101
0.085
0.081
0.087
0.075
0.081
0.073
0.062
0.067
0.081
0.063
0.057
0.07
0.057
0.071
0.055
0.059
0.076
0.063
0.053
0.05
0.063
0.053
0.051
0.07
0.059
0.049
0.056
0.057
0.053
0.06
0.046
0.054
0.042
0.067
0.052
0.054
0.037
0.053
0.05
0.066
0.056
0.06
0.063
0.066
0.071
0.05
0.071
0.066
0.074
0.075
0.081
0.08
0.084
0.078
0.069
0.068
0.079
0.098
0.086
0.105
0.096
0.088
0.099
0.102
0.121
0.105
0.119
0.102
0.123
0.11
0.109
0.131
0.112
0.151
0.12
0.134
0.164
0.163
0.149
0.164
0.163
0.169
0.17
0.201
0.167
0.196
0.18
0.181
0.21
0.188
0.24
0.209
0.238
0.228
0.2
0.235
0.231
0.253
0.237
0.231
0.26
0.269
0.247
0.267
0.274
0.288
0.306
0.299
0.295
0.312
0.312
0.318
0.356
0.337
0.377
0.355
0.351
0.32
0.366
0.351
0.399
0.373
0.437
0.394
0.409
0.405
0.436
0.437
0.445
0.473
0.467
0.475
0.469
0.451
0.463
0.502
0.5
0.529
0.485
0.504
0.5
0.506
0.503
0.574
0.552
0.552
0.519
0.592
0.558
0.56
0.562
0.593
0.607
0.643
0.617
0.624
0.599
0.654
0.626
0.615
0.654
0.665
0.663
0.665
0.652
0.734
0.66
0.671
0.682
0.653
0.676
0.672
0.719
0.702
0.767
0.714
0.722
0.682
0.765
0.753
0.73
0.708
0.714
0.705
0.781
0.706
0.706
0.71
0.735
0.699
0.732
0.667
0.771
0.689
0.69
0.761
0.76
0.725
0.752
0.687
0.702
0.715
0.688
0.671
0.717
0.675
0.646
0.697
0.676
0.701
0.64
0.669
0.653
0.641
0.666
0.602
0.66
0.602
0.627
0.589
0.593
0.62
0.563
0.589
0.581
0.549
0.585
0.569
0.484
0.558
0.518
0.547
0.485
0.504
0.442
0.512
0.451
0.451
0.427
0.432
0.407
0.395
0.429
0.447
0.393
0.376
0.328
0.375
0.358
0.345
0.315
0.325
0.349
0.305
0.285
0.277
0.281
0.305
0.269
0.273
0.245
0.265
0.232
0.235
0.226
0.207
0.229
0.211
0.203
0.219
0.181
0.182
0.189
0.161
0.174
0.186
0.171
0.162
0.168
0.161
0.155
0.166
0.143
0.142
0.124
0.146
0.142
0.137
0.125
0.168
0.125
0.133
0.122
0.139
0.137
0.135
0.139
0.161
0.145
0.131
0.149
0.148
0.149
0.161
0.157
0.157
0.171
0.15
0.17
0.178
0.177
0.151
0.176
0.193
0.187
0.203
0.201
0.199
0.186
0.174
0.224
0.23
0.22
0.214
0.255
0.223
0.257
0.233
0.262
0.294
0.255
0.279
0.316
0.287
0.285
0.32
0.323
0.32
0.317
0.3
0.336
0.314
0.378
0.351
0.343
0.391
0.372
0.39
0.36
0.382
0.39
0.423
0.44
0.392
0.415
0.416
0.426
0.484
0.471
0.498
0.427
0.472
0.487
0.503
0.528
0.488
0.496
0.551
0.51
0.537
0.521
0.516
0.496
0.582
0.519
0.564
0.563
0.562
0.556
0.578
0.566
0.596
0.641
0.595
0.618
0.582
0.614
0.561
0.593
0.639
0.634
0.565
0.569
0.624
0.623
0.606
0.632
0.611
0.679
0.668
0.598
0.584
0.611
0.604
0.628
0.625
0.593
0.641
0.592
0.613
0.615
0.594
0.656
0.607
0.635
0.619
0.648
0.61
0.634
0.573
0.549
0.603
0.593
0.594
0.62
0.607
0.572
0.607
0.563
0.583
0.596
0.566
0.546
0.568
0.564
0.558
0.535
0.584
0.549
0.502
0.528
0.556
0.518
0.54
0.495
0.522
0.502
0.498
0.454
0.467
0.479
0.449
0.469
0.477
0.444
0.451
0.416
0.476
0.411
0.453
0.439
0.42
0.419
0.404
0.407
0.398
0.427
0.403
0.413
0.374
0.386
0.359
0.356
0.372
0.351
0.364
0.359
0.338
0.334
0.337
0.336
0.327
0.319
0.31
0.285
0.325
0.282
0.284
0.305
0.288
0.257
0.268
0.253
0.254
0.256
0.267
0.224
0.255
0.281
0.24
0.258
0.241
0.27
0.236
0.187
0.237
0.212
0.206
0.214
0.219
0.203
0.208
0.207
0.204
0.208
0.199
0.208
0.187
0.192
0.17
0.178
0.194
0.194
0.17
0.173
0.183
0.19
0.191
0.152
0.168
0.172
0.162
0.195
0.166
0.159
0.159
0.161
0.14
0.144
0.16
0.145
0.13
0.147
0.137
0.166
0.122
0.145
0.148
0.15
0.146
0.148
0.131
0.134
0.149
0.136
0.131
0.132
0.152
0.155
0.161
0.149
0.135
0.138
0.128
0.143
0.122
0.119
0.142
0.144
0.142
0.14
0.173
0.157
0.136
0.186
0.162
0.149
0.142
0.158
0.147
0.146
0.174
0.167
0.171
0.161
0.152
0.157
0.166
0.177
0.175
0.179
0.183
0.177
0.188
0.21
0.196
0.2
0.18
0.192
0.212
0.232
0.202
0.212
0.197
0.221
0.219
0.203
0.221
0.251
0.255
0.229
0.24
0.264
0.277
0.262
0.269
0.251
0.273
0.28
0.287
0.265
0.29
0.292
0.331
0.274
0.318
0.317
0.332
0.344
0.359
0.359
0.362
0.352
0.345
0.415
0.369
0.397
0.407
0.371
0.41
0.452
0.401
0.465
0.439
0.459
0.381
0.411
0.411
0.505
0.455
0.447
0.508
0.504
0.484
0.487
0.568
0.532
0.489
0.503
0.518
0.56
0.511
0.57
0.55
0.56
0.611
0.606
0.577
0.573
0.615
0.631
0.595
0.626
0.61
0.672
0.652
0.628
0.663
0.636
0.66
0.714
0.676
0.683
0.67
0.677
0.71
0.711
0.714
0.743
0.679
0.696
0.667
0.704
0.745
0.726
0.719
0.72
0.726
0.706
0.72
0.663
0.708
0.736
0.723
0.747
0.727
0.74
0.701
0.726
0.714
0.714
0.684
0.666
0.685
0.693
0.696
0.711
0.693
0.672
0.666
0.625
0.654
0.608
0.626
0.617
0.641
0.612
0.587
0.627
0.59
0.579
0.573
0.527
0.533
0.554
0.555
0.562
0.57
0.535
0.542
0.526
0.478
0.481
0.488
0.495
0.481
0.478
0.448
0.461
0.467
0.453
0.45
0.433
0.398
0.432
0.402
0.411
0.413
0.348
0.358
0.35
0.364
0.366
0.378
0.369
0.33
0.344
0.304
0.329
0.341
0.293
0.287
0.323
0.294
0.273
0.275
0.261
0.262
0.269
0.285
0.264
0.279
0.226
0.235
0.221
0.248
0.233
0.235
0.224
0.24
0.229
0.195
0.239
0.204
0.226
0.233
0.217
0.211
0.235
0.203
0.202
0.234
0.215
0.211
0.209
0.178
0.202
0.221
0.217
0.213
0.237
0.224
0.204
0.21
0.221
0.225
0.206
0.205
0.218
0.217
0.222
0.225
0.23
0.22
0.226
0.239
0.229
0.231
0.234
0.256
0.256
0.228
0.221
0.245
0.242
0.233
0.243
0.258
0.248
0.245
0.265
0.264
0.281
0.279
0.271
0.26
0.307
0.304
0.285
0.31
0.318
0.33
0.311
0.302
0.323
0.349
0.31
0.312
0.327
0.304
0.342
0.337
0.384
0.389
0.367
0.332
0.375
0.381
0.39
0.408
0.345
0.386
0.375
0.4
0.442
0.424
0.408
0.406
0.405
0.39
0.386
0.414
0.404
0.42
0.402
0.416
0.448
0.386
0.43
0.447
0.481
0.456
0.443
0.479
0.446
0.485
0.444
0.477
0.503
0.452
0.453
0.458
0.445
0.472
0.498
0.465
0.496
0.478
0.467
0.497
0.5
0.454
0.478
0.492
0.494
0.518
0.482
0.497
0.498
0.517
0.513
0.482
0.436
0.464
0.485
0.469
0.488
0.511
0.477
0.483
0.488
0.495
0.493
0.469
0.457
0.452
0.436
0.44
0.473
0.478
0.47
0.451
0.471
0.447
0.45
0.437
0.441
0.44
0.463
0.452
0.472
0.428
0.458
0.43
0.449
0.443
0.444
0.459
0.453
0.406
0.451
0.411
0.388
0.392
0.394
0.434
0.386
0.416
0.444
0.403
0.376
0.381
0.386
0.422
0.366
0.4
0.394
0.405
0.36
0.353
0.371
0.367
0.41
0.374
0.36
0.372
0.36
0.376
0.363
0.332
0.354
0.312
0.338
0.344
0.344
0.331
0.324
0.334
0.351
0.337
0.337
0.33
0.34
0.276
0.299
0.31
0.312
0.328
0.293
0.3
0.287
0.302
0.286
0.302
0.258
0.288
0.283
0.314
0.294
0.273
0.244
0.272
0.276
0.278
0.27
0.26
0.26
0.293
0.287
0.241
0.278
0.236
0.252
0.27
0.247
0.26
0.249
0.229
0.269
0.258
0.234
0.227
0.263
0.261
0.255
0.274
0.238
0.259
0.242
0.244
0.254
0.259
0.229
0.224
0.249
0.259
0.232
0.224
0.251
0.242
0.249
0.259
0.229
0.263
0.222
0.252
0.226
0.26
0.23
0.245
0.215
0.235
0.256
0.237
0.258
0.252
0.227
0.24
0.266
0.242
0.244
0.235
0.218
0.267
0.276
0.262
0.245
0.243
0.253
0.224
0.23
0.245
0.238
0.288
0.279
0.25
0.267
0.264
0.232
0.264
0.268
0.263
0.239
0.279
0.276
0.282
0.295
0.329
0.301
0.298
0.298
0.261
0.3
0.286
0.346
0.29
0.292
0.3
0.307
0.301
0.324
0.357
0.361
0.369
0.34
0.335
0.362
0.323
0.389
0.397
0.362
0.357
0.381
0.359
0.373
0.364
0.406
0.418
0.392
0.418
0.427
0.402
0.421
0.412
0.414
0.434
0.474
0.448
0.461
0.444
0.424
0.471
0.508
0.486
0.491
0.469
0.479
0.561
0.554
0.501
0.499
0.54
0.539
0.503
0.551
0.564
0.598
0.57
0.598
0.56
0.585
0.6
0.575
0.593
0.608
0.616
0.661
0.611
0.608
0.589
0.601
0.628
0.597
0.621
0.596
0.652
0.596
0.618
0.638
0.614
0.66
0.646
0.618
0.609
0.624
0.618
0.62
0.618
0.642
0.607
0.603
0.608
0.659
0.603
0.607
0.644
0.621
0.582
0.534
0.595
0.629
0.565
0.626
0.607
0.606
0.615
0.595
0.585
0.595
0.582
0.601
0.565
0.622
0.553
0.571
0.588
0.57
0.542
0.534
0.548
0.497
0.535
0.514
0.497
0.526
0.501
0.503
0.478
0.496
0.484
0.482
0.477
0.457
0.452
0.455
0.449
0.43
0.412
0.417
0.448
0.42
0.386
0.437
0.437
0.409
0.389
0.396
0.416
0.373
0.383
0.367
0.363
0.4
0.346
0.374
0.387
0.365
0.375
0.345
0.329
0.339
0.37
0.351
0.362
0.344
0.359
0.323
0.351
0.35
0.357
0.326
0.306
0.316
0.318
0.283
0.303
0.294
0.332
0.324
0.291
0.33
0.28
0.291
0.277
0.305
0.28
0.291
0.286
0.309
0.286
0.306
0.267
0.269
0.283
0.299
0.27
0.295
0.283
0.321
0.283
0.272
0.265
0.286
0.29
0.278
0.245
0.257
0.241
0.296
0.26
0.262
0.291
0.278
0.289
0.285
0.269
0.276
0.269
0.269
0.279
0.272
0.265
0.265
0.283
0.269
0.262
0.287
0.291
0.289
0.276
0.279
0.271
0.288
0.299
0.273
0.299
0.287
0.301
0.292
0.297
0.351
0.297
0.315
0.292
0.294
0.302
0.322
0.307
0.325
0.31
0.277
0.309
0.311
0.305
0.347
0.343
0.3
0.296
0.333
0.329
0.323
0.341
0.341
0.345
0.331
0.319
0.351
0.324
0.361
0.355
0.332
0.339
0.339
0.331
0.336
0.331
0.343
0.325
0.349
0.351
0.326
0.33
0.379
0.384
0.383
0.365
0.373
0.358
0.36
0.362
0.354
0.326
0.354
0.388
0.381
0.385
0.368
0.346
0.34
0.385
0.361
0.386
0.371
0.364
0.37
0.382
0.342
0.352
0.395
0.359
0.382
0.359
0.384
0.372
0.373
0.366
0.389
0.373
0.405
0.376
0.395
0.358
0.361
0.407
0.4
0.38
0.408
0.37
0.336
0.342
0.368
0.376
0.347
0.352
0.387
0.372
0.397
0.355
0.355
0.361
0.375
0.374
0.39
0.323
0.342
0.364
0.328
0.371
0.404
0.384
0.407
0.393
0.374
0.357
0.367
0.351
0.359
0.366
0.363
0.336
0.385
0.345
0.402
0.341
0.35
0.37
0.367
0.327
0.347
0.334
0.383
0.333
0.355
0.357
0.349
0.335
0.317
0.321
0.326
0.378
0.327
0.348
0.333
0.355
0.334
0.335
0.323
0.367
0.336
0.362
0.349
0.337
0.35
0.34
0.336
0.343
0.337
0.372
0.329
0.352
0.349
0.349
0.33
0.339
0.322
0.313
0.343
0.355
0.311
0.374
0.307
0.334
0.327
0.334
0.361
0.348
0.323
0.325
0.318
0.344
0.338
0.344
0.323
0.312
0.338
0.343
0.364
0.344
0.342
0.339
0.353
0.352
0.34
0.356
0.342
0.347
0.353
0.373
0.347
0.339
0.349
0.376
0.328
0.337
0.347
0.299
0.356
0.344
0.338
0.35
0.33
0.353
0.339
0.346
0.361
0.339
0.345
0.363
0.352
0.35
0.388
0.373
0.364
0.352
0.35
0.339
0.342
0.327
0.379
0.366
0.356
0.37
0.362
0.374
0.335
0.353
0.377
0.398
0.347
0.368
0.365
0.38
0.392
0.385
0.357
0.369
0.387
0.397
0.358
0.387
0.387
0.405
0.384
0.395
0.365
0.363
0.393
0.373
0.397
0.387
0.388
0.393
0.389
0.406
0.421
0.423
0.401
0.407
0.449
0.397
0.412
0.418
0.422
0.383
0.42
0.434
0.452
0.423
0.409
0.456
0.441
0.413
0.445
0.407
0.445
0.465
0.427
0.391
0.462
0.452
0.434
0.472
0.452
0.421
0.445
0.46
0.472
0.479
0.465
0.459
0.46
0.476
0.492
0.506
0.469
0.485
0.483
0.527
0.483
0.507
0.53
0.467
0.498
0.489
0.475
0.473
0.531
0.505
0.519
0.509
0.489
0.52
0.514
0.482
0.523
0.492
0.54
0.54
0.511
0.525
0.484
0.545
0.527
0.521
0.47
0.523
0.55
0.492
0.518
0.521
0.549
0.49
0.534
0.513
0.566
0.481
0.5
0.475
0.491
0.521
0.544
0.49
0.492
0.535
0.485
0.432
0.477
0.462
0.473
0.483
0.472
0.462
0.474
0.433
0.46
0.486
0.469
0.482
0.43
0.448
0.445
0.507
0.451
0.428
0.446
0.478
0.418
0.439
0.452
0.418
0.429
0.45
0.458
0.431
0.443
0.432
0.439
0.417
0.425
0.469
0.398
0.409
0.398
0.429
0.414
0.425
0.407
0.425
0.409
0.401
0.397
0.415
0.423
0.401
0.37
0.427
0.372
0.361
0.371
0.414
0.416
0.399
0.393
0.395
0.387
0.375
0.409
0.389
0.412
0.385
0.376
0.392
0.356
0.338
0.37
0.39
0.386
0.38
0.402
0.353
0.367
0.365
0.352
0.377
0.358
0.328
0.38
0.396
0.333
0.365
0.355
0.37
0.353
0.318
0.362
0.352
0.353
0.365
0.333
0.34
0.355
0.355
0.347
0.354
0.349
0.325
0.322
0.324
0.332
0.344
0.361
0.308
0.32
0.344
0.297
0.342
0.346
0.308
0.375
0.33
0.321
0.305
0.345
0.332
0.336
0.327
0.349
0.31
0.339
0.309
0.314
0.34
0.321
0.331
0.322
0.344
0.318
0.346
0.333
0.295
0.306
0.292
0.3
0.306
0.318
0.331
0.294
0.309
0.302
0.291
0.315
0.331
0.318
0.318
0.305
0.294
0.291
0.298
0.316
0.318
0.318
0.359
0.321
0.323
0.331
0.309
0.329
0.273
0.286
0.3
0.298
0.276
0.317
0.294
0.275
0.311
0.308
0.311
0.308
0.305
0.296
0.302
0.287
0.265
0.305
0.301
0.291
0.28
0.272
0.278
0.304
0.287
0.32
0.289
0.344
0.326
0.314
0.289
0.27
0.298
0.326
0.3
0.321
0.3
0.304
0.313
0.264
0.291
0.254
0.285
0.303
0.332
0.315
0.309
0.295
0.303
0.282
0.311
0.334
0.297
0.292
0.283
0.31
0.3
0.294
0.317
0.297
0.305
0.319
0.309
0.316
0.285
0.335
0.289
0.322
0.312
0.284
0.289
0.291
0.341
0.292
0.289
0.344
0.265
0.283
0.294
0.314
0.301
0.328
0.355
0.307
0.304
0.31
0.319
0.28
0.295
0.3
0.33
0.336
0.33
0.342
0.303
0.295
0.308
0.333
0.313
0.338
0.288
0.332
0.3
0.331
0.308
0.314
0.345
0.342
0.348
0.334
0.353
0.335
0.326
0.356
0.355
0.347
0.335
0.369
0.335
0.314
0.353
0.37
0.344
0.307
0.33
0.343
0.333
0.395
0.356
0.347
0.356
0.367
0.358
0.401
0.345
0.357
0.352
0.362
0.361
0.349
0.334
0.365
0.346
0.35
0.379
0.371
0.376
0.414
0.414
0.367
0.421
0.44
0.387
0.386
0.434
0.383
0.396
0.388
0.386
0.392
0.432
0.411
0.382
0.41
0.437
0.377
0.389
0.377
0.419
0.404
0.417
0.409
0.44
0.386
0.42
0.441
0.396
0.416
0.443
0.428
0.454
0.434
0.448
0.47
0.441
0.403
0.451
0.478
0.48
0.437
0.448
0.456
0.444
0.451
0.447
0.469
0.43
0.438
0.428
0.468
0.429
0.449
0.464
0.479
0.473
0.461
0.466
0.504
0.443
0.424
0.485
0.446
0.48
0.492
0.472
0.439
0.471
0.487
0.468
0.498
0.487
0.499
0.441
0.5
0.503
0.503
0.475
0.475
0.479
0.468
0.505
0.442
0.49
0.459
0.461
0.496
0.487
0.462
0.454
0.492
0.42
0.447
0.473
0.462
0.464
0.444
0.435
0.399
0.458
0.442
0.487
0.446
0.482
0.453
0.469
0.439
0.454
0.434
0.455
0.462
0.465
0.437
0.436
0.434
0.397
0.472
0.451
0.436
0.405
0.417
0.473
0.432
0.474
0.488
0.464
0.448
0.424
0.416
0.415
0.438
0.442
0.422
0.398
0.45
0.416
0.433
0.408
0.445
0.426
0.435
0.44
0.454
0.425
0.432
0.472
0.407
0.396
0.417
0.405
0.39
0.388
0.418
0.407
0.422
0.401
0.418
0.419
0.38
0.437
0.383
0.441
0.42
0.438
0.391
0.408
0.398
0.411
0.41
0.395
0.376
0.372
0.396
0.432
0.413
0.386
0.411
0.407
0.42
0.412
0.395
0.425
0.408
0.432
0.411
0.431
0.387
0.407
0.436
0.378
0.432
0.359
0.384
0.392
0.356
0.41
0.391
0.385
0.4
0.444
0.411
0.425
0.391
0.387
0.393
0.412
0.404
0.404
0.384
0.422
0.383
0.396
0.374
0.405
0.399
0.403
0.421
0.415
0.423
0.398
0.375
0.391
0.387
0.398
0.402
0.408
0.388
0.365
0.379
0.398
0.402
0.428
0.379
0.418
0.411
0.386
0.409
0.379
0.411
0.374
0.398
0.405
0.406
0.398
0.341
0.445
0.372
0.369
0.379
0.36
0.375
0.404
0.355
0.404
0.377
0.417
0.404
0.414
0.383
0.377
0.386
0.37
0.407
0.378
0.376
0.352
0.405
0.404
0.41
0.383
0.34
0.386
0.368
0.34
0.38
0.409
0.369
0.383
0.353
0.379
0.389
0.396
0.377
0.339
0.394
0.39
0.355
0.375
0.398
0.402
0.343
0.361
0.383
0.387
0.352
0.388
0.358
0.339
0.353
0.373
0.336
0.342
0.326
0.343
0.336
0.344
0.338
0.334
0.329
0.365
0.341
0.364
0.358
0.34
0.334
0.298
0.353
0.322
0.356
0.352
0.368
0.329
0.339
0.308
0.364
0.3
0.301
0.31
0.319
0.321
0.336
0.328
0.307
0.318
0.293
0.321
0.307
0.267
0.292
0.317
0.286
0.311
0.326
0.307
0.32
0.298
0.308
0.298
0.271
0.336
0.269
0.312
0.297
0.33
0.271
0.296
0.272
0.314
0.268
0.29
0.258
0.286
0.311
0.253
0.29
0.298
0.285
0.277
0.267
0.289
0.267
0.291
0.294
0.272
0.292
0.282
0.265
0.264
0.274
0.287
0.296
0.302
0.3
0.281
0.286
0.263
0.26
0.291
0.258
0.262
0.293
0.269
0.257
0.275
0.269
0.277
0.31
0.272
0.285
0.291
0.297
0.261
0.28
0.269
0.294
0.289
0.271
0.263
0.259
0.276
0.276
0.276
0.3
0.259
0.292
0.308
0.288
0.302
0.27
0.296
0.303
0.297
0.303
0.268
0.292
0.332
0.287
0.28
0.291
0.309
0.331
0.301
0.292
0.331
0.298
0.302
0.304
0.279
0.273
0.326
0.326
0.292
0.31
0.285
0.359
0.335
0.282
0.307
0.317
0.305
0.323
0.343
0.349
0.321
0.341
0.316
0.339
0.347
0.379
0.339
0.343
0.305
0.351
0.335
0.343
0.358
0.337
0.327
0.381
0.362
0.347
0.399
0.401
0.423
0.36
0.356
0.391
0.367
0.366
0.382
0.391
0.419
0.398
0.388
0.399
0.429
0.375
0.434
0.415
0.407
0.43
0.414
0.407
0.44
0.414
0.451
0.433
0.404
0.459
0.418
0.445
0.494
0.464
0.479
0.453
0.478
0.426
0.412
0.459
0.434
0.448
0.434
0.442
0.511
0.505
0.493
0.486
0.508
0.429
0.507
0.492
0.509
0.485
0.453
0.454
0.489
0.503
0.531
0.514
0.528
0.494
0.473
0.553
0.503
0.533
0.54
0.502
0.584
0.525
0.51
0.514
0.507
0.535
0.519
0.491
0.508
0.561
0.51
0.546
0.508
0.528
0.527
0.5
0.502
0.499
0.51
0.551
0.524
0.555
0.534
0.513
0.521
0.528
0.477
0.524
0.52
0.5
0.513
0.512
0.544
0.504
0.506
0.48
0.514
0.557
0.502
0.521
0.423
0.466
0.472
0.442
0.441
0.487
0.498
0.474
0.452
0.451
0.462
0.461
0.461
0.456
0.46
0.434
0.497
0.48
0.467
0.451
0.399
0.439
0.438
0.413
0.44
0.427
0.418
0.417
0.427
0.442
0.406
0.393
0.412
0.42
0.4
0.427
0.416
0.417
0.42
0.367
0.379
0.423
0.387
0.402
0.384
0.373
0.374
0.4
0.395
0.391
0.404
0.41
0.377
0.378
0.385
0.372
0.37
0.363
0.352
0.391
0.393
0.35
0.349
0.385
0.385
0.385
0.369
0.354
0.348
0.388
0.378
0.392
0.369
0.345
0.368
0.372
0.342
0.352
0.356
0.362
0.375
0.366
0.386
0.329
0.353
0.363
0.35
0.351
0.374
0.363
0.343
0.382
0.337
0.353
0.347
0.386
0.35
0.35
0.38
0.357
0.349
0.378
0.372
0.394
0.383
0.355
0.368
0.349
0.369
0.374
0.368
0.357
0.428
0.375
0.352
0.386
0.368
0.366
0.357
0.37
0.398
0.389
0.373
0.357
0.389
0.362
0.395
0.39
0.358
0.404
0.372
0.387
0.36
0.386
0.404
0.368
0.4
0.377
0.36
0.367
0.401
0.409
0.422
0.378
0.382
0.388
0.344
0.381
0.37
0.35
0.38
0.403
0.401
0.416
0.365
0.393
0.396
0.358
0.406
0.392
0.382
0.347
0.359
0.381
0.404
0.384
0.386
0.403
0.387
0.404
0.381
0.414
0.401
0.39
0.381
0.396
0.362
0.36
0.342
0.357
0.36
0.372
0.368
0.373
0.366
0.366
0.334
0.371
0.406
0.374
0.372
0.37
0.374
0.349
0.367
0.325
0.394
0.352
0.364
0.372
0.347
0.375
0.357
0.313
0.359
0.383
0.355
0.364
0.377
0.348
0.378
0.351
0.363
0.377
0.339
0.34
0.36
0.355
0.342
0.323
0.338
0.326
0.31
0.311
0.358
0.357
0.346
0.338
0.326
0.377
0.315
0.313
0.302
0.326
0.342
0.331
0.327
0.327
0.325
0.359
0.315
0.304
0.299
0.301
0.301
0.323
0.321
0.273
0.348
0.299
0.287
0.277
0.318
0.332
0.315
0.316
0.302
0.309
0.311
0.295
0.311
0.327
0.275
0.31
0.326
0.289
0.329
0.273
0.267
0.299
0.326
0.32
0.295
0.262
0.319
0.292
0.274
0.271
0.288
0.298
0.284
0.305
0.286
0.248
0.292
0.256
0.301
0.283
0.289
0.304
0.284
0.279
0.294
0.293
0.277
0.293
0.271
0.303
0.311
0.283
0.301
0.274
0.287
0.294
0.327
0.29
0.284
0.311
0.276
0.287
0.275
0.304
0.266
0.258
0.291
0.304
0.289
0.278
0.319
0.268
0.298
0.31
0.271
0.333
0.282
0.282
0.317
0.278
0.288
0.275
0.272
0.305
0.292
0.295
0.342
0.303
0.302
0.308
0.331
0.338
0.289
0.307
0.357
0.293
0.342
0.317
0.34
0.344
0.329
0.322
0.33
0.339
0.354
0.331
0.365
0.321
0.351
0.319
0.346
0.304
0.372
0.311
0.375
0.364
0.367
0.336
0.366
0.345
0.337
0.373
0.416
0.387
0.364
0.363
0.383
0.359
0.377
0.42
0.42
0.363
0.384
0.369
0.402
0.401
0.387
0.404
0.435
0.369
0.378
0.415
0.433
0.454
0.445
0.408
0.459
0.448
0.452
0.451
0.46
0.433
0.443
0.483
0.453
0.458
0.473
0.48
0.494
0.433
0.484
0.482
0.45
0.503
0.43
0.493
0.501
0.492
0.495
0.463
0.501
0.509
0.513
0.516
0.489
0.527
0.516
0.46
0.51
0.498
0.515
0.53
0.542
0.506
0.548
0.5
0.468
0.507
0.498
0.51
0.487
0.516
0.53
0.506
0.49
0.557
0.52
0.568
0.492
0.534
0.519
0.522
0.55
0.505
0.527
0.538
0.491
0.535
0.548
0.483
0.529
0.517
0.517
0.531
0.49
0.513
0.484
0.486
0.566
0.521
0.512
0.548
0.52
0.499
0.485
0.495
0.521
0.498
0.471
0.483
0.488
0.483
0.487
0.454
0.487
0.484
0.465
0.51
0.446
0.467
0.485
0.494
0.451
0.467
0.463
0.439
0.455
0.451
0.472
0.463
0.419
0.423
0.405
0.386
0.397
0.428
0.438
0.426
0.474
0.45
0.462
0.394
0.421
0.439
0.405
0.44
0.402
0.408
0.407
0.416
0.424
0.404
0.418
0.409
0.405
0.398
0.402
0.368
0.392
0.396
0.361
0.396
0.389
0.363
0.385
0.415
0.4
0.348
0.367
0.372
0.365
0.376
0.381
0.373
0.346
0.332
0.34
0.354
0.366
0.36
0.359
0.336
0.369
0.345
0.325
0.364
0.358
0.329
0.36
0.348
0.339
0.368
0.339
0.343
0.343
0.313
0.334
0.345
0.35
0.345
0.327
0.347
0.346
0.356
0.398
0.317
0.337
0.337
0.333
0.381
0.331
0.337
0.359
0.348
0.358
0.341
0.349
0.364
0.329
0.344
0.378
0.335
0.355
0.354
0.348
0.359
0.383
0.381
0.368
0.348
0.392
0.338
0.349
0.375
0.371
0.375
0.374
0.365
0.41
0.335
0.356
0.333
0.35
0.322
0.343
0.34
0.386
0.37
0.357
0.371
0.367
0.36
0.381
0.342
0.348
0.396
0.365
0.381
0.374
0.411
0.378
0.36
0.391
0.353
0.326
0.345
0.365
0.407
0.377
0.371
0.362
0.379
0.368
0.391
0.38
0.407
0.393
0.369
0.366
0.397
0.369
0.36
0.353
0.368
0.348
0.377
0.37
0.37
0.389
0.346
0.37
0.383
0.363
0.334
0.357
0.347
0.376
0.357
0.354
0.357
0.309
0.347
0.363
0.353
0.356
0.363
0.305
0.363
0.344
0.356
0.34
0.35
0.374
0.331
0.35
0.355
0.362
0.351
0.35
0.371
0.334
0.37
0.341
0.348
0.365
0.328
0.308
0.322
0.329
0.309
0.337
0.311
0.313
0.329
0.333
0.314
0.313
0.349
0.336
0.326
0.352
0.336
0.31
0.347
0.326
0.325
0.316
0.32
0.323
0.307
0.351
0.318
0.324
0.328
0.324
0.294
0.327
0.305
0.3
0.325
0.303
0.316
0.305
0.316
0.305
0.267
0.339
0.276
0.273
0.316
0.301
0.324
0.293
0.256
0.299
0.281
0.273
0.312
0.309
0.284
0.276
0.259
0.279
0.308
0.243
0.28
0.295
0.288
0.272
0.33
0.306
0.296
0.294
0.303
0.324
0.298
0.298
0.305
0.29
0.309
0.298
0.303
0.295
0.301
0.3
0.3
0.27
0.318
0.306
0.293
0.325
0.326
0.326
0.336
0.285
0.283
0.292
0.332
0.291
0.309
0.306
0.309
0.336
0.309
0.292
0.321
0.309
0.346
0.309
0.323
0.35
0.328
0.323
0.346
0.306
0.323
0.327
0.321
0.335
0.321
0.314
0.331
0.324
0.317
0.326
0.32
0.325
0.354
0.358
0.325
0.318
0.325
0.324
0.351
0.346
0.339
0.345
0.383
0.35
0.332
0.335
0.351
0.391
0.387
0.378
0.354
0.362
0.369
0.392
0.354
0.369
0.376
0.362
0.389
0.374
0.422
0.384
0.393
0.411
0.421
0.411
0.368
0.419
0.419
0.39
0.448
0.452
0.42
0.408
0.421
0.42
0.422
0.409
0.442
0.396
0.416
0.432
0.434
0.441
0.416
0.436
0.468
0.416
0.481
0.442
0.464
0.418
0.462
0.444
0.487
0.474
0.451
0.48
0.463
0.495
0.491
0.47
0.501
0.49
0.503
0.471
0.445
0.506
0.46
0.498
0.513
0.469
0.461
0.491
0.509
0.498
0.514
0.462
0.502
0.47
0.489
0.467
0.499
0.51
0.501
0.519
0.481
0.501
0.515
0.538
0.525
0.532
0.52
0.497
0.526
0.538
0.504
0.504
0.551
0.51
0.516
0.475
0.505
0.523
0.529
0.527
0.515
0.501
0.497
0.497
0.515
0.537
0.488
0.49
0.497
0.482
0.508
0.505
0.498
0.486
0.507
0.514
0.484
0.494
0.478
0.508
0.458
0.501
0.495
0.495
0.486
0.451
0.462
0.502
0.46
0.46
0.452
0.467
0.486
0.473
0.483
0.477
0.404
0.446
0.403
0.437
0.408
0.424
0.457
0.422
0.413
0.455
0.462
0.43
0.389
0.369
0.388
0.414
0.418
0.408
0.382
0.399
0.431
0.408
0.394
0.399
0.406
0.429
0.36
0.404
0.387
0.362
0.434
0.39
0.382
0.405
0.387
0.392
0.39
0.381
0.367
0.389
0.36
0.357
0.385
0.386
0.32
0.37
0.345
0.335
0.375
0.385
0.395
0.354
0.38
0.357
0.357
0.35
0.358
0.38
0.36
0.374
0.377
0.355
0.344
0.351
0.396
0.348
0.375
0.337
0.356
0.35
0.368
0.369
0.364
0.372
0.339
0.351
0.361
0.365
0.365
0.338
0.339
0.382
0.38
0.361
0.351
0.396
0.362
0.366
0.344
0.384
0.362
0.349
0.343
0.373
0.347
0.387
0.39
0.372
0.374
0.387
0.351
0.358
0.356
0.365
0.369
0.365
0.336
0.375
0.406
0.363
0.357
0.325
0.35
0.373
0.372
0.332
0.372
0.36
0.375
0.355
0.357
0.322
0.368
0.358
0.362
0.342
0.348
0.379
0.36
0.337
0.354
0.384
0.362
0.354
0.362
0.369
0.349
0.377
0.34
0.37
0.371
0.337
0.369
0.354
0.37
0.349
0.353
0.361
0.306
0.352
0.346
0.355
0.343
0.383
0.343
0.39
0.374
0.335
0.35
0.378
0.315
0.365
0.34
0.337
0.364
0.342
0.367
0.331
0.34
0.337
0.369
0.32
0.33
0.34
0.356
0.368
0.312
0.338
0.373
0.314
0.317
0.337
0.327
0.358
0.35
0.356
0.289
0.33
0.344
0.326
0.356
0.333
0.341
0.309
0.347
0.324
0.325
0.318
0.328
0.319
0.325
0.344
0.303
0.352
0.322
0.331
0.292
0.359
0.331
0.348
0.329
0.355
0.317
0.315
0.287
0.319
0.313
0.31
0.307
0.3
0.287
0.305
0.311
0.309
0.295
0.289
0.315
0.3
0.3
0.293
0.344
0.32
0.299
0.311
0.278
0.316
0.329
0.295
0.293
0.276
0.311
0.311
0.305
0.308
0.318
0.324
0.309
0.303
0.296
0.317
0.308
0.29
0.293
0.322
0.314
0.284
0.273
0.334
0.286
0.321
0.316
0.312
0.315
0.307
0.306
0.292
0.313
0.322
0.286
0.322
0.278
0.281
0.306
0.295
0.279
0.33
0.307
0.324
0.306
0.324
0.344
0.302
0.297
0.275
0.275
0.315
0.317
0.337
0.304
0.33
0.335
0.29
0.299
0.302
0.324
0.287
0.329
0.312
0.345
0.294
0.327
0.297
0.347
0.331
0.324
0.342
0.334
0.325
0.318
0.351
0.334
0.348
0.368
0.335
0.321
0.339
0.327
0.35
0.326
0.305
0.394
0.338
0.33
0.385
0.363
0.367
0.347
0.366
0.353
0.354
0.38
0.354
0.37
0.394
0.354
0.381
0.384
0.381
0.366
0.374
0.397
0.436
0.423
0.391
0.395
0.395
0.368
0.439
0.364
0.396
0.374
0.439
0.405
0.406
0.425
0.428
0.424
0.43
0.375
0.434
0.451
0.422
0.432
0.415
0.422
0.44
0.459
0.434
0.455
0.45
0.467
0.452
0.471
0.433
0.471
0.458
0.471
0.456
0.496
0.449
0.476
0.463
0.471
0.488
0.493
0.452
0.472
0.472
0.483
0.491
0.496
0.459
0.509
0.492
0.503
0.469
0.491
0.535
0.452
0.486
0.528
0.497
0.517
0.515
0.49
0.539
0.471
0.511
0.504
0.471
0.48
0.49
0.515
0.503
0.483
0.532
0.508
0.463
0.462
0.513
0.475
0.492
0.509
0.531
0.535
0.504
0.491
0.525
0.482
0.471
0.477
0.519
0.509
0.488
0.477
0.496
0.538
0.503
0.468
0.5
0.534
0.52
0.483
0.488
0.487
0.488
0.51
0.469
0.444
0.451
0.438
0.491
0.425
0.466
0.427
0.493
0.455
0.431
0.461
0.499
0.448
0.465
0.454
0.454
0.455
0.439
0.478
0.475
0.428
0.479
0.415
0.399
0.412
0.455
0.442
0.39
0.432
0.391
0.418
0.421
0.428
0.399
0.401
0.359
0.407
0.387
0.407
0.409
0.41
0.389
0.385
0.412
0.38
0.38
0.388
0.431
0.402
0.399
0.383
0.417
0.372
0.392
0.376
0.39
0.39
0.361
0.42
0.415
0.413
0.401
0.389
0.409
0.353
0.377
0.362
0.389
0.327
0.405
0.337
0.371
0.351
0.37
0.329
0.412
0.387
0.366
0.346
0.365
0.344
0.37
0.35
0.339
0.359
0.362
0.354
0.379
0.379
0.395
0.341
0.362
0.364
0.346
0.385
0.37
0.395
0.354
0.34
0.361
0.353
0.36
0.393
0.372
0.338
0.395
0.373
0.378
0.411
0.375
0.334
0.33
0.329
0.349
0.339
0.378
0.358
0.372
0.363
0.333
0.367
0.375
0.355
0.342
0.382
0.329
0.413
0.348
0.363
0.378
0.381
0.37
0.35
0.401
0.354
0.37
0.382
0.354
0.33
0.363
0.376
0.384
0.359
0.382
0.372
0.367
0.372
0.366
0.354
0.368
0.366
0.361
0.381
0.389
0.354
0.357
0.356
0.334
0.383
0.367
0.33
0.348
0.364
0.363
0.364
0.362
0.346
0.351
0.343
0.353
0.371
0.344
0.325
0.361
0.378
0.357
0.376
0.35
0.371
0.345
0.365
0.336
0.37
0.358
0.365
0.359
0.375
0.357
0.364
0.336
0.333
0.353
0.328
0.331
0.323
0.314
0.359
0.351
0.325
0.343
0.335
0.324
0.34
0.314
0.318
0.304
0.298
0.32
0.339
0.322
0.312
0.359
0.305
0.353
0.33
0.331
0.334
0.329
0.333
0.266
0.332
0.331
0.332
0.301
0.308
0.341
0.305
0.335
0.31
0.29
0.277
0.327
0.295
0.315
0.308
0.322
0.318
0.296
0.274
0.317
0.278
0.32
0.277
0.264
0.316
0.272
0.307
0.277
0.298
0.328
0.278
0.269
0.319
0.295
0.325
0.312
0.3
0.33
0.281
0.298
0.281
0.313
0.293
0.282
0.311
0.298
0.302
0.271
0.314
0.288
0.311
0.306
0.296
0.303
0.289
0.309
0.293
0.301
0.302
0.33
0.309
0.273
0.318
0.283
0.28
0.302
0.278
0.285
0.284
0.311
0.322
0.277
0.301
0.312
0.29
0.315
0.303
0.314
0.303
0.291
0.279
0.328
0.32
0.272
0.292
0.299
0.332
0.331
0.328
0.314
0.28
0.34
0.328
0.335
0.289
0.31
0.315
0.356
0.349
0.33
0.325
0.303
0.341
0.338
0.351
0.369
0.326
0.387
0.344
0.364
0.371
0.354
0.333
0.354
0.346
0.34
0.365
0.346
0.341
0.362
0.382
0.363
0.352
0.366
0.37
0.366
0.387
0.38
0.385
0.377
0.362
0.371
0.352
0.407
0.389
0.389
0.353
0.401
0.379
0.374
0.399
0.394
0.395
0.383
0.389
0.407
0.408
0.398
0.432
0.395
0.431
0.451
0.402
0.415
0.383
0.469
0.433
0.427
0.454
0.443
0.428
0.465
0.458
0.461
0.483
0.467
0.456
0.448
0.45
0.441
0.475
0.505
0.495
0.486
0.465
0.455
0.456
0.489
0.487
0.479
0.498
0.484
0.512
0.463
0.479
0.497
0.486
0.51
0.507
0.486
0.506
0.434
0.429
0.527
0.48
0.479
0.485
0.472
0.501
0.481
0.486
0.505
0.493
0.525
0.513
0.467
0.54
0.469
0.492
0.518
0.526
0.532
0.479
0.519
0.484
0.465
0.513
0.519
0.483
0.499
0.508
0.51
0.476
0.484
0.493
0.52
0.495
0.513
0.479
0.52
0.488
0.533
0.462
0.487
0.478
0.513
0.473
0.477
0.487
0.522
0.486
0.425
0.458
0.472
0.472
0.442
0.496
0.473
0.437
0.473
0.513
0.471
0.441
0.462
0.458
0.473
0.439
0.457
0.454
0.434
0.416
0.428
0.466
0.478
0.441
0.432
0.403
0.458
0.403
0.457
0.406
0.418
0.426
0.402
0.387
0.399
0.399
0.416
0.413
0.428
0.381
0.412
0.39
0.389
0.392
0.38
0.383
0.38
0.393
0.442
0.419
0.348
0.356
0.352
0.4
0.385
0.4
0.374
0.376
0.36
0.39
0.368
0.406
0.35
0.38
0.368
0.368
0.371
0.401
0.354
0.374
0.405
0.372
0.34
0.335
0.355
0.353
0.37
0.337
0.388
0.389
0.38
0.362
0.366
0.386
0.377
0.367
0.363
0.371
0.373
0.351
0.356
0.397
0.362
0.377
0.357
0.354
0.401
0.379
0.388
0.383
0.393
0.378
0.353
0.368
0.369
0.397
0.36
0.393
0.351
0.358
0.347
0.371
0.374
0.378
0.359
0.385
0.384
0.343
0.362
0.39
0.408
0.374
0.394
0.381
0.343
0.373
0.358
0.348
0.407
0.368
0.372
0.368
0.381
0.382
0.397
0.363
0.346
0.387
0.381
0.348
0.345
0.393
0.37
0.377
0.388
0.398
0.354
0.371
0.396
0.347
0.386
0.345
0.395
0.373
0.39
0.394
0.38
0.349
0.357
0.368
0.376
0.358
0.393
0.353
0.383
0.389
0.375
0.311
0.36
0.384
0.354
0.321
0.347
0.368
0.379
0.356
0.379
0.369
0.34
0.338
0.371
0.366
0.368
0.322
0.349
0.364
0.365
0.346
0.35
0.338
0.338
0.342
0.349
0.325
0.343
0.321
0.346
0.327
0.337
0.322
0.298
0.33
0.34
0.343
0.316
0.329
0.319
0.293
0.329
0.324
0.346
0.334
0.357
0.319
0.303
0.324
0.324
0.322
0.312
0.281
0.294
0.297
0.306
0.326
0.334
0.325
0.333
0.337
0.3
0.364
0.325
0.318
0.309
0.317
0.321
0.32
0.266
0.292
0.34
0.313
0.31
0.294
0.284
0.326
0.293
0.281
0.348
0.283
0.307
0.274
0.287
0.286
0.283
0.318
0.269
0.313
0.335
0.294
0.322
0.283
0.299
0.296
0.284
0.268
0.291
0.277
0.289
0.306
0.276
0.283
0.257
0.282
0.297
0.289
0.308
0.285
0.287
0.29
0.32
0.273
0.313
0.266
0.293
0.292
0.235
0.313
0.279
0.294
0.318
0.281
0.299
0.31
0.298
0.313
0.279
0.286
0.266
0.323
0.302
0.315
0.297
0.271
0.297
0.323
0.312
0.302
0.327
0.299
0.277
0.33
0.299
0.297
0.312
0.342
0.301
0.298
0.329
0.33
0.349
0.333
0.326
0.348
0.332
0.331
0.348
0.318
0.356
0.311
0.363
0.345
0.315
0.337
0.323
0.358
0.326
0.343
0.34
0.351
0.341
0.325
0.367
0.367
0.348
0.329
0.368
0.34
0.332
0.393
0.365
0.374
0.375
0.348
0.358
0.363
0.386
0.35
0.384
0.415
0.409
0.405
0.398
0.362
0.378
0.415
0.394
0.385
0.406
0.41
0.405
0.419
0.407
0.392
0.409
0.42
0.49
0.398
0.397
0.466
0.435
0.43
0.444
0.469
0.417
0.433
0.42
0.437
0.452
0.437
0.45
0.459
0.463
0.462
0.441
0.485
0.492
0.477
0.462
0.477
0.497
0.468
0.502
0.486
0.498
0.517
0.481
0.496
0.527
0.446
0.508
0.51
0.498
0.532
0.508
0.519
0.507
0.437
0.514
0.493
0.473
0.501
0.523
0.531
0.478
0.509
0.519
0.563
0.528
0.507
0.509
0.495
0.482
0.504
0.544
0.488
0.492
0.489
0.501
0.49
0.513
0.481
0.507
0.516
0.503
0.485
0.499
0.477
0.544
0.462
0.492
0.511
0.494
0.511
0.492
0.526
0.519
0.483
0.443
0.507
0.476
0.466
0.507
0.465
0.514
0.447
0.483
0.507
0.45
0.475
0.52
0.459
0.458
0.465
0.435
0.484
0.464
0.455
0.484
0.425
0.448
0.457
0.445
0.427
0.445
0.421
0.473
0.446
0.396
0.449
0.402
0.424
0.418
0.417
0.432
0.431
0.402
0.382
0.445
0.418
0.413
0.406
0.37
0.407
0.426
0.388
0.41
0.395
0.392
0.355
0.388
0.394
0.392
0.342
0.357
0.399
0.403
0.374
0.379
0.41
0.404
0.362
0.371
0.375
0.384
0.38
0.36
0.343
0.363
0.364
0.371
0.374
0.385
0.366
0.379
0.347
0.391
0.37
0.381
0.373
0.377
0.364
0.402
0.366
0.35
0.338
0.359
0.365
0.362
0.379
0.388
0.391
0.385
0.408
0.38
0.324
0.343
0.367
0.353
0.353
0.348
0.361
0.36
0.354
0.369
0.379
0.43
0.346
0.374
0.376
0.35
0.387
0.378
0.384
0.358
0.337
0.368
0.34
0.376
0.383
0.363
0.357
0.338
0.346
0.396
0.386
0.368
0.375
0.359
0.355
0.379
0.373
0.379
0.38
0.386
0.4
0.362
0.362
0.349
0.346
0.352
0.391
0.353
0.339
0.367
0.391
0.362
0.404
0.381
0.376
0.379
0.409
0.366
0.36
0.345
0.349
0.366
0.374
0.349
0.356
0.387
0.394
0.36
0.415
0.376
0.379
0.367
0.355
0.35
0.359
0.373
0.359
0.405
0.369
0.338
0.348
0.374
0.391
0.374
0.378
0.367
0.365
0.4
0.393
0.36
0.358
0.362
0.355
0.39
0.337
0.315
0.341
0.364
0.325
0.321
0.376
0.336
0.392
0.35
0.325
0.355
0.338
0.332
0.335
0.325
0.328
0.341
0.289
0.342
0.316
0.359
0.346
0.328
0.332
0.329
0.342
0.339
0.337
0.314
0.34
0.311
0.321
0.358
0.334
0.345
0.335
0.331
0.312
0.328
0.322
0.324
0.336
0.329
0.36
0.349
0.302
0.362
0.314
0.323
0.337
0.297
0.316
0.315
0.293
0.3
0.304
0.296
0.269
0.325
0.323
0.28
0.288
0.295
0.317
0.306
0.285
0.296
0.303
0.303
0.299
0.295
0.288
0.305
0.306
0.298
0.28
0.268
0.282
0.307
0.301
0.267
0.299
0.322
0.33
0.262
0.29
0.31
0.291
0.303
0.277
0.301
0.315
0.276
0.258
0.315
0.264
0.267
0.312
0.272
0.285
0.313
0.326
0.312
0.28
0.282
0.313
0.274
0.272
0.303
0.285
0.298
0.294
0.283
0.276
0.294
0.268
0.282
0.296
0.264
0.32
0.303
0.31
0.306
0.308
0.303
0.313
0.328
0.309
0.31
0.305
0.297
0.314
0.303
0.298
0.342
0.321
0.29
0.312
0.312
0.306
0.333
0.345
0.339
0.314
0.353
0.329
0.323
0.352
0.347
0.356
0.326
0.308
0.35
0.308
0.336
0.342
0.333
0.357
0.342
0.349
0.384
0.347
0.364
0.364
0.374
0.378
0.369
0.374
0.372
0.354
0.398
0.405
0.375
0.358
0.377
0.417
0.371
0.377
0.378
0.399
0.381
0.388
0.404
0.4
0.388
0.383
0.405
0.405
0.416
0.39
0.408
0.437
0.419
0.384
0.39
0.408
0.423
0.461
0.447
0.428
0.442
0.47
0.422
0.447
0.473
0.433
0.474
0.458
0.456
0.461
0.442
0.432
0.435
0.45
0.474
0.5
0.496
0.454
0.503
0.512
0.487
0.463
0.458
0.489
0.469
0.486
0.486
0.496
0.521
0.5
0.503
0.46
0.532
0.476
0.519
0.499
0.513
0.485
0.491
0.521
0.458
0.514
0.501
0.513
0.519
0.534
0.51
0.493
0.495
0.527
0.493
0.528
0.53
0.523
0.492
0.446
0.514
0.527
0.514
0.506
0.505
0.496
0.496
0.535
0.463
0.513
0.564
0.541
0.494
0.537
0.497
0.497
0.508
0.533
0.479
0.523
0.492
0.516
0.499
