0
0
0
0
0
0
0
0
0
0
0
0
0
0
0
0
0
0
0
0
0
0
0
0
0
0
0
0
0
0
0
0
0
0
0
0
0
0
0
0
0
0
0
0
0
0
0
0
0
0
0
0
0
0
0
0
0
0
0
0
0
0
0
0
0
0
0
0
0
0
0
0
0
0
0
0
0
0
0
0
0
0
0
0
0
0
0
0
0
0
0
0
0
0
0
0
0
0
0
0
0
0
0
0
0
0
0
0
0
0
0
0
0
0
0
0
0
0
0
0
0
0
0
0
0
0
0
0
0
0
0
0
0
0
0
0
0
0
0
0
0.001
0
0
0
0.001
0
0
0
0.002
0.001
0.001
0
0.003
0.002
0.001
0.003
0.005
0.003
0.005
0.006
0.006
0.007
0.012
0.017
0.015
0.018
0.023
0.029
0.031
0.041
0.035
0.038
0.048
0.064
0.063
0.07
0.088
0.077
0.107
0.114
0.118
0.131
0.155
0.15
0.158
0.181
0.198
0.224
0.259
0.259
0.261
0.275
0.285
0.333
0.371
0.356
0.337
0.375
0.376
0.463
0.459
0.524
0.515
0.527
0.561
0.561
0.574
0.604
0.641
0.664
0.608
0.664
0.685
0.69
0.696
0.704
0.721
0.708
0.774
0.777
0.757
0.792
0.858
0.837
0.87
0.866
0.858
0.857
0.852
0.836
0.866
0.905
0.925
0.915
0.934
0.894
0.912
0.91
0.912
0.876
0.942
0.903
0.894
0.905
0.977
0.879
0.915
0.889
0.903
0.938
0.87
0.963
0.916
0.894
0.877
0.893
0.931
0.819
0.823
0.856
0.874
0.89
0.811
0.818
0.815
0.802
0.734
0.784
0.795
0.771
0.778
0.735
0.76
0.762
0.753
0.723
0.713
0.679
0.741
0.686
0.708
0.684
0.655
0.663
0.606
0.602
0.625
0.601
0.61
0.596
0.621
0.602
0.599
0.554
0.54
0.573
0.544
0.508
0.534
0.514
0.504
0.484
0.455
0.488
0.472
0.454
0.487
0.445
0.413
0.422
0.413
0.404
0.37
0.38
0.361
0.399
0.36
0.342
0.365
0.291
0.323
0.361
0.329
0.29
0.269
0.302
0.293
0.246
0.273
0.258
0.275
0.245
0.287
0.247
0.265
0.203
0.235
0.198
0.195
0.194
0.181
0.207
0.169
0.155
0.15
0.165
0.136
0.181
0.135
0.147
0.132
0.132
0.111
0.119
0.134
0.125
0.115
0.109
0.101
0.105
0.091
0.087
0.09
0.085
0.078
0.072
0.08
0.085
0.075
0.081
0.067
0.054
0.069
0.05
0.06
0.052
0.058
0.055
0.041
0.047
0.057
0.052
0.054
0.052
0.056
0.057
0.061
0.059
0.051
0.067
0.07
0.07
0.057
0.078
0.073
0.084
0.091
0.093
0.117
0.123
0.115
0.137
0.139
0.174
0.154
0.155
0.17
0.176
0.201
0.211
0.236
0.241
0.23
0.267
0.249
0.312
0.304
0.305
0.324
0.358
0.398
0.379
0.404
0.374
0.453
0.491
0.453
0.49
0.527
0.561
0.553
0.552
0.599
0.593
0.692
0.666
0.675
0.755
0.681
0.723
0.753
0.767
0.832
0.78
0.834
0.858
0.819
0.852
0.911
0.903
0.912
0.874
0.888
0.986
0.902
0.942
0.976
1.023
1.012
0.969
0.988
0.97
0.977
1.006
0.953
0.983
0.988
0.976
0.998
0.964
1.045
0.898
1.029
0.955
0.985
0.929
0.94
0.922
0.961
0.965
0.992
0.948
0.923
0.959
0.872
0.861
0.88
0.866
0.837
0.839
0.847
0.837
0.813
0.866
0.782
0.742
0.737
0.721
0.713
0.758
0.758
0.682
0.732
0.644
0.642
0.676
0.646
0.638
0.628
0.626
0.608
0.591
0.575
0.584
0.567
0.506
0.501
0.51
0.504
0.51
0.442
0.449
0.412
0.451
0.442
0.435
0.393
0.396
0.383
0.393
0.405
0.398
0.342
0.335
0.367
0.355
0.328
0.371
0.323
0.3
0.272
0.285
0.285
0.261
0.279
0.256
0.253
0.243
0.233
0.211
0.195
0.194
0.189
0.208
0.204
0.199
0.19
0.177
0.165
0.176
0.16
0.16
0.167
0.145
0.154
0.138
0.144
0.135
0.154
0.131
0.132
0.119
0.128
0.115
0.128
0.112
0.144
0.11
0.099
0.111
0.095
0.117
0.116
0.094
0.105
0.082
0.111
0.084
0.095
0.072
0.084
0.107
0.085
0.089
0.079
0.088
0.1
0.094
0.091
0.094
0.087
0.088
0.107
0.092
0.113
0.121
0.093
0.103
0.093
0.115
0.105
0.11
0.099
0.136
0.122
0.131
0.139
0.132
0.149
0.134
0.143
0.155
0.157
0.168
0.146
0.142
0.19
0.158
0.183
0.189
0.153
0.179
0.183
0.161
0.241
0.212
0.207
0.214
0.226
0.246
0.218
0.237
0.227
0.271
0.202
0.242
0.244
0.258
0.25
0.28
0.274
0.284
0.297
0.254
0.276
0.311
0.297
0.323
0.296
0.296
0.333
0.326
0.316
0.377
0.297
0.363
0.326
0.318
0.309
0.335
0.335
0.335
0.342
0.337
0.373
0.388
0.378
0.382
0.397
0.405
0.39
0.398
0.429
0.391
0.401
0.411
0.428
0.434
0.449
0.435
0.434
0.425
0.454
0.433
0.447
0.471
0.465
0.446
0.495
0.473
0.476
0.5
0.487
0.459
0.49
0.486
0.433
0.479
0.513
0.496
0.526
0.487
0.488
0.529
0.522
0.504
0.502
0.504
0.544
0.514
0.539
0.548
0.512
0.518
0.54
0.543
0.554
0.523
0.528
0.587
0.527
0.568
0.56
0.546
0.62
0.587
0.557
0.567
0.519
0.6
0.582
0.571
0.592
0.563
0.572
0.586
0.595
0.593
0.58
0.601
0.59
0.552
0.569
0.568
0.63
0.59
0.594
0.574
0.561
0.581
0.597
0.545
0.573
0.583
0.582
0.595
0.558
0.577
0.534
0.572
0.553
0.611
0.604
0.585
0.559
0.525
0.585
0.551
0.576
0.522
0.532
0.524
0.561
0.533
0.53
0.494
0.549
0.515
0.529
0.484
0.574
0.53
0.479
0.474
0.484
0.532
0.455
0.453
0.441
0.482
0.45
0.458
0.486
0.45
0.436
0.443
0.445
0.45
0.444
0.425
0.46
0.412
0.383
0.43
0.372
0.369
0.415
0.366
0.364
0.368
0.348
0.319
0.386
0.345
0.319
0.314
0.335
0.324
0.307
0.331
0.31
0.308
0.297
0.25
0.306
0.304
0.255
0.28
0.267
0.258
0.266
0.246
0.284
0.265
0.249
0.259
0.284
0.266
0.262
0.256
0.223
0.249
0.278
0.246
0.236
0.228
0.297
0.257
0.263
0.263
0.275
0.28
0.307
0.271
0.246
0.287
0.277
0.296
0.28
0.283
0.292
0.276
0.307
0.319
0.318
0.349
0.311
0.364
0.326
0.336
0.352
0.323
0.333
0.38
0.369
0.376
0.35
0.414
0.382
0.406
0.368
0.401
0.42
0.389
0.432
0.421
0.402
0.458
0.495
0.45
0.498
0.461
0.476
0.507
0.523
0.498
0.502
0.489
0.513
0.495
0.47
0.488
0.524
0.549
0.593
0.595
0.547
0.579
0.569
0.557
0.614
0.556
0.616
0.629
0.634
0.593
0.643
0.566
0.602
0.617
0.639
0.611
0.642
0.642
0.629
0.632
0.625
0.618
0.622
0.67
0.66
0.64
0.659
0.657
0.663
0.651
0.699
0.645
0.618
0.674
0.657
0.621
0.705
0.652
0.63
0.646
0.64
0.624
0.648
0.626
0.651
0.666
0.619
0.632
0.645
0.646
0.647
0.628
0.638
0.638
0.617
0.65
0.635
0.621
0.616
0.568
0.633
0.626
0.603
0.594
0.61
0.555
0.603
0.584
0.556
0.598
0.547
0.555
0.554
0.584
0.577
0.516
0.517
0.539
0.503
0.532
0.491
0.492
0.502
0.501
0.483
0.464
0.49
0.45
0.482
0.455
0.484
0.445
0.474
0.453
0.431
0.386
0.441
0.431
0.456
0.413
0.439
0.433
0.405
0.402
0.399
0.403
0.377
0.376
0.384
0.368
0.351
0.357
0.351
0.333
0.353
0.326
0.352
0.307
0.298
0.271
0.32
0.289
0.288
0.296
0.33
0.272
0.311
0.25
0.274
0.263
0.256
0.26
0.243
0.249
0.275
0.26
0.27
0.239
0.26
0.281
0.279
0.259
0.258
0.204
0.24
0.234
0.237
0.203
0.223
0.207
0.253
0.255
0.211
0.208
0.231
0.219
0.228
0.251
0.237
0.199
0.225
0.225
0.219
0.219
0.225
0.231
0.194
0.213
0.233
0.223
0.251
0.226
0.25
0.233
0.219
0.242
0.193
0.257
0.231
0.235
0.227
0.223
0.217
0.224
0.239
0.25
0.249
0.247
0.264
0.256
0.246
0.251
0.24
0.237
0.229
0.234
0.245
0.217
0.259
0.244
0.273
0.253
0.267
0.261
0.235
0.254
0.264
0.269
0.238
0.269
0.271
0.282
0.228
0.278
0.295
0.272
0.273
0.272
0.285
0.289
0.268
0.265
0.277
0.293
0.311
0.301
0.252
0.322
0.275
0.285
0.287
0.287
0.312
0.291
0.311
0.34
0.318
0.329
0.293
0.305
0.351
0.333
0.332
0.331
0.34
0.339
0.343
0.325
0.365
0.359
0.326
0.354
0.366
0.318
0.374
0.338
0.383
0.375
0.372
0.319
0.346
0.341
0.376
0.366
0.392
0.383
0.374
0.414
0.408
0.41
0.422
0.412
0.387
0.38
0.367
0.366
0.388
0.38
0.418
0.433
0.394
0.421
0.394
0.41
0.429
0.409
0.442
0.433
0.417
0.48
0.438
0.447
0.428
0.431
0.45
0.48
0.452
0.45
0.438
0.438
0.464
0.464
0.49
0.471
0.453
0.525
0.471
0.511
0.464
0.501
0.457
0.535
0.537
0.516
0.502
0.543
0.521
0.54
0.482
0.498
0.526
0.505
0.555
0.547
0.53
0.551
0.525
0.534
0.554
0.525
0.581
0.558
0.504
0.573
0.55
0.491
0.542
0.539
0.559
0.581
0.607
0.548
0.55
0.514
0.54
0.583
0.537
0.516
0.564
0.566
0.531
0.558
0.547
0.547
0.514
0.514
0.537
0.55
0.526
0.53
0.537
0.539
0.531
0.558
0.474
0.476
0.527
0.519
0.526
0.514
0.524
0.473
0.474
0.505
0.45
0.473
0.497
0.517
0.478
0.47
0.512
0.457
0.515
0.437
0.428
0.468
0.452
0.467
0.436
0.439
0.46
0.444
0.43
0.412
0.431
0.418
0.441
0.464
0.41
0.407
0.408
0.4
0.396
0.398
0.405
0.402
0.416
0.392
0.397
0.413
0.384
0.382
0.37
0.389
0.363
0.387
0.394
0.391
0.378
0.419
0.386
0.398
0.358
0.347
0.372
0.4
0.4
0.374
0.394
0.394
0.379
0.357
0.368
0.363
0.358
0.386
0.385
0.377
0.406
0.354
0.403
0.383
0.403
0.407
0.379
0.446
0.391
0.397
0.397
0.408
0.423
0.416
0.431
0.413
0.418
0.384
0.457
0.399
0.46
0.414
0.381
0.416
0.413
0.439
0.408
0.403
0.46
0.418
0.428
0.471
0.459
0.456
0.478
0.461
0.43
0.455
0.42
0.484
0.461
0.479
0.442
0.456
0.444
0.458
0.497
0.503
0.47
0.499
0.515
0.493
0.475
0.497
0.508
0.503
0.488
0.472
0.484
0.505
0.523
0.518
0.495
0.527
0.506
0.532
0.483
0.484
0.534
0.502
0.495
0.53
0.53
0.527
0.548
0.496
0.555
0.565
0.527
0.568
0.554
0.534
0.549
0.567
0.577
0.549
0.562
0.576
0.551
0.538
0.602
0.509
0.548
0.514
0.532
0.526
0.524
0.579
0.574
0.557
0.557
0.526
0.539
0.544
0.537
0.528
0.513
0.56
0.556
0.534
0.5
0.537
0.5
0.527
0.496
0.538
0.496
0.473
0.469
0.496
0.501
0.491
0.51
0.501
0.462
0.468
0.455
0.483
0.472
0.475
0.462
0.499
0.449
0.451
0.432
0.464
0.446
0.471
0.464
0.39
0.452
0.444
0.415
0.445
0.401
0.466
0.407
0.362
0.435
0.388
0.449
0.405
0.456
0.414
0.382
0.381
0.417
0.401
0.375
0.401
0.397
0.376
0.403
0.389
0.388
0.383
0.34
0.363
0.378
0.339
0.36
0.352
0.314
0.324
0.328
0.369
0.346
0.339
0.34
0.316
0.313
0.314
0.314
0.302
0.309
0.317
0.31
0.322
0.283
0.308
0.281
0.294
0.306
0.253
0.321
0.29
0.297
0.277
0.309
0.273
0.29
0.242
0.301
0.253
0.321
0.265
0.259
0.272
0.251
0.28
0.267
0.282
0.288
0.28
0.254
0.253
0.267
0.232
0.29
0.244
0.281
0.254
0.262
0.255
0.275
0.25
0.25
0.246
0.232
0.256
0.267
0.253
0.248
0.257
0.248
0.263
0.264
0.271
0.278
0.274
0.264
0.276
0.239
0.228
0.258
0.256
0.294
0.251
0.276
0.279
0.253
0.27
0.266
0.269
0.258
0.291
0.287
0.284
0.255
0.258
0.262
0.245
0.266
0.271
0.252
0.274
0.299
0.284
0.266
0.278
0.301
0.261
0.268
0.273
0.286
0.292
0.291
0.303
0.29
0.32
0.291
0.273
0.307
0.292
0.276
0.255
0.324
0.328
0.289
0.315
0.313
0.335
0.316
0.296
0.314
0.309
0.328
0.305
0.317
0.332
0.304
0.311
0.341
0.329
0.306
0.317
0.317
0.338
0.355
0.38
0.341
0.41
0.318
0.372
0.338
0.354
0.376
0.341
0.345
0.393
0.387
0.384
0.381
0.36
0.394
0.397
0.398
0.358
0.391
0.406
0.39
0.413
0.436
0.421
0.409
0.437
0.431
0.433
0.462
0.45
0.445
0.431
0.495
0.459
0.436
0.456
0.487
0.478
0.482
0.486
0.466
0.496
0.528
0.472
0.5
0.499
0.509
0.554
0.509
0.509
0.518
0.54
0.533
0.569
0.51
0.529
0.51
0.498
0.548
0.541
0.542
0.516
0.521
0.546
0.563
0.523
0.528
0.58
0.608
0.59
0.533
0.516
0.517
0.576
0.507
0.573
0.574
0.572
0.626
0.568
0.566
0.605
0.587
0.553
0.564
0.609
0.539
0.598
0.588
0.563
0.573
0.578
0.596
0.547
0.566
0.561
0.547
0.544
0.524
0.598
0.569
0.594
0.546
0.54
0.532
0.519
0.516
0.534
0.546
0.546
0.535
0.527
0.511
0.563
0.49
0.516
0.523
0.537
0.529
0.546
0.518
0.466
0.503
0.509
0.499
0.47
0.455
0.489
0.449
0.474
0.475
0.463
0.443
0.432
0.439
0.398
0.441
0.42
0.457
0.468
0.432
0.45
0.414
0.379
0.436
0.467
0.414
0.45
0.424
0.395
0.446
0.41
0.448
0.406
0.407
0.43
0.392
0.385
0.405
0.388
0.42
0.386
0.379
0.391
0.405
0.393
0.401
0.408
0.401
0.406
0.388
0.406
0.404
0.372
0.38
0.39
0.356
0.391
0.355
0.384
0.345
0.401
0.393
0.372
0.398
0.367
0.406
0.39
0.394
0.418
0.395
0.398
0.404
0.417
0.422
0.434
0.401
0.405
0.41
0.417
0.398
0.371
0.41
0.413
0.376
0.422
0.409
0.435
0.407
0.399
0.427
0.397
0.487
0.425
0.431
0.421
0.47
0.438
0.426
0.433
0.417
0.436
0.446
0.463
0.465
0.477
0.428
0.461
0.457
0.443
0.446
0.436
0.453
0.474
0.468
0.489
0.466
0.469
0.475
0.47
0.523
0.482
0.51
0.452
0.479
0.479
0.509
0.472
0.526
0.508
0.497
0.461
0.534
0.502
0.51
0.501
0.48
0.499
0.528
0.54
0.504
0.513
0.495
0.523
0.519
0.484
0.518
0.567
0.502
0.516
0.515
0.503
0.509
0.502
0.487
0.516
0.524
0.523
0.497
0.492
0.519
0.469
0.5
0.504
0.494
0.53
0.467
0.488
0.498
0.505
0.468
0.468
0.5
0.472
0.478
0.484
0.514
0.497
0.501
0.453
0.459
0.446
0.496
0.452
0.458
0.405
0.478
0.496
0.428
0.412
0.459
0.47
0.45
0.44
0.455
0.437
0.406
0.423
0.41
0.437
0.409
0.431
0.427
0.433
0.431
0.393
0.42
0.416
0.335
0.422
0.394
0.38
0.382
0.355
0.376
0.385
0.369
0.372
0.386
0.362
0.373
0.352
0.362
0.325
0.382
0.349
0.314
0.305
0.329
0.349
0.351
0.339
0.344
0.365
0.329
0.319
0.322
0.321
0.359
0.305
0.284
0.333
0.293
0.29
0.337
0.317
0.285
0.308
0.311
0.265
0.31
0.29
0.272
0.298
0.305
0.282
0.309
0.317
0.278
0.276
0.303
0.293
0.262
0.308
0.273
0.263
0.252
0.229
0.285
0.25
0.257
0.267
0.256
0.282
0.266
0.261
0.273
0.286
0.26
0.271
0.246
0.259
0.261
0.258
0.287
0.258
0.275
0.267
0.239
0.239
0.28
0.275
0.243
0.274
0.259
0.271
0.25
0.252
0.259
0.258
0.253
0.237
0.271
0.233
0.296
0.27
0.295
0.253
0.257
0.285
0.286
0.296
0.258
0.26
0.26
0.255
0.267
0.254
0.308
0.291
0.273
0.278
0.265
0.258
0.259
0.304
0.301
0.293
0.285
0.264
0.25
0.299
0.306
0.286
0.292
0.31
0.292
0.292
0.345
0.31
0.295
0.298
0.296
0.336
0.329
0.298
0.3
0.332
0.295
0.328
0.32
0.326
0.326
0.368
0.345
0.321
0.392
0.381
0.344
0.315
0.344
0.34
0.397
0.402
0.356
0.389
0.359
0.389
0.413
0.388
0.361
0.38
0.359
0.377
0.429
0.409
0.392
0.423
0.405
0.456
0.418
0.406
0.455
0.445
0.446
0.434
0.42
0.486
0.471
0.442
0.412
0.47
0.479
0.478
0.483
0.439
0.47
0.477
0.519
0.511
0.502
0.522
0.5
0.504
0.516
0.499
0.505
0.551
0.523
0.506
0.526
0.501
0.532
0.586
0.545
0.575
0.57
0.564
0.544
0.581
0.6
0.568
0.572
0.54
0.562
0.559
0.625
0.566
0.589
0.606
0.565
0.577
0.607
0.572
0.579
0.616
0.585
0.562
0.594
0.589
0.587
0.581
0.562
0.603
0.591
0.589
0.558
0.549
0.619
0.57
0.584
0.575
0.572
0.555
0.623
0.618
0.607
0.588
0.537
0.586
0.542
0.548
0.555
0.533
0.558
0.594
0.566
0.526
0.577
0.552
0.576
0.52
0.556
0.512
0.524
0.515
0.505
0.489
0.526
0.512
0.526
0.467
0.487
0.469
0.514
0.484
0.486
0.487
0.451
0.509
0.418
0.456
0.463
0.441
0.451
0.427
0.432
0.436
0.468
0.427
0.418
0.418
0.436
0.42
0.407
0.396
0.412
0.396
0.441
0.432
0.394
0.413
0.403
0.408
0.391
0.4
0.387
0.419
0.387
0.36
0.405
0.385
0.391
0.367
0.354
0.355
0.387
0.418
0.382
0.393
0.376
0.37
0.366
0.388
0.378
0.348
0.355
0.375
0.391
0.402
0.362
0.403
0.378
0.381
0.388
0.372
0.352
0.373
0.38
0.383
0.426
0.422
0.404
0.412
0.397
0.398
0.402
0.4
0.375
0.39
0.394
0.375
0.388
0.422
0.411
0.448
0.399
0.401
0.454
0.418
0.386
0.409
0.464
0.401
0.445
0.437
0.467
0.429
0.468
0.434
0.443
0.411
0.47
0.437
0.46
0.436
0.429
0.472
0.479
0.419
0.456
0.421
0.434
0.449
0.415
0.482
0.444
0.476
0.465
0.496
0.523
0.458
0.495
0.454
0.489
0.449
0.459
0.456
0.484
0.477
0.465
0.473
0.473
0.496
0.471
0.516
0.49
0.503
0.483
0.539
0.485
0.519
0.487
0.515
0.506
0.479
0.515
0.501
0.487
0.482
0.511
0.506
0.516
0.471
0.479
0.46
0.548
0.495
0.483
0.5
0.474
0.484
0.463
0.478
0.508
0.463
0.521
0.471
0.49
0.503
0.466
0.472
0.459
0.467
0.443
0.455
0.47
0.466
0.442
0.457
0.435
0.441
0.424
0.442
0.462
0.439
0.432
0.432
0.432
0.411
0.39
0.404
0.408
0.419
0.404
0.377
0.387
0.411
0.395
0.413
0.43
0.413
0.402
0.399
0.407
0.413
0.42
0.394
0.397
0.381
0.371
0.352
0.355
0.335
0.378
0.356
0.38
0.372
0.361
0.366
0.328
0.361
0.354
0.343
0.328
0.343
0.326
0.313
0.324
0.324
0.354
0.338
0.346
0.31
0.331
0.318
0.325
0.29
0.3
0.31
0.283
0.294
0.305
0.32
0.301
0.289
0.279
0.292
0.315
0.29
0.294
0.295
0.286
0.294
0.276
0.266
0.298
0.277
0.304
0.266
0.278
0.294
0.271
0.275
0.265
0.25
0.259
0.288
0.261
0.294
0.252
0.261
0.278
0.293
0.269
0.268
0.274
0.261
0.284
0.273
0.278
0.229
0.259
0.247
0.289
0.245
0.278
0.26
0.285
0.24
0.27
0.252
0.283
0.267
0.26
0.281
0.256
0.25
0.253
0.269
0.268
0.281
0.266
0.254
0.272
0.272
0.291
0.266
0.249
0.286
0.269
0.267
0.313
0.278
0.297
0.298
0.264
0.292
0.279
0.296
0.28
0.311
0.293
0.295
0.26
0.287
0.297
0.292
0.306
0.309
0.279
0.307
0.329
0.338
0.32
0.281
0.315
0.305
0.326
0.325
0.333
0.368
0.307
0.315
0.347
0.302
0.366
0.342
0.349
0.308
0.403
0.352
0.37
0.336
0.359
0.389
0.365
0.376
0.372
0.382
0.375
0.362
0.414
0.415
0.364
0.402
0.385
0.407
0.401
0.447
0.415
0.426
0.433
0.402
0.473
0.439
0.445
0.425
0.428
0.467
0.464
0.485
0.488
0.468
0.475
0.513
0.513
0.487
0.495
0.513
0.52
0.508
0.481
0.515
0.494
0.557
0.507
0.535
0.553
0.536
0.548
0.535
0.532
0.52
0.574
0.564
0.593
0.535
0.509
0.565
0.609
0.588
0.583
0.6
0.585
0.619
0.581
0.575
0.573
0.609
0.573
0.581
0.584
0.632
0.592
0.586
0.599
0.601
0.586
0.601
0.621
0.578
0.581
0.608
0.592
0.631
0.647
0.607
0.608
0.561
0.597
0.563
0.556
0.576
0.576
0.583
0.559
0.58
0.553
0.562
0.583
0.59
0.566
0.551
0.502
0.56
0.589
0.554
0.544
0.527
0.596
0.53
0.536
0.539
0.541
0.511
0.508
0.508
0.508
0.508
0.48
0.496
0.532
0.482
0.491
0.486
0.514
0.452
0.528
0.426
0.485
0.455
0.487
0.455
0.431
0.437
0.438
0.435
0.425
0.403
0.463
0.438
0.451
0.415
0.468
0.393
0.451
0.424
0.419
0.373
0.404
0.412
0.388
0.405
0.415
0.398
0.392
0.387
0.398
0.382
0.394
0.371
0.358
0.37
0.369
0.403
0.387
0.352
0.425
0.371
0.366
0.386
0.367
0.355
0.384
0.361
0.367
0.384
0.359
0.379
0.383
0.362
0.395
0.362
0.336
0.426
0.399
0.378
0.391
0.382
0.364
0.374
0.396
0.388
0.384
0.404
0.38
0.365
0.358
0.411
0.402
0.402
0.416
0.419
0.386
0.376
0.398
0.417
0.387
0.385
0.398
0.363
0.395
0.417
0.429
0.425
0.43
0.426
0.425
0.403
0.424
0.459
0.469
0.419
0.438
0.436
0.486
0.443
0.463
0.447
0.437
0.433
0.492
0.436
0.486
0.442
0.43
0.432
0.49
0.452
0.488
0.473
0.476
0.488
0.499
0.426
0.462
0.497
0.499
0.494
0.526
0.449
0.517
0.468
0.453
0.489
0.473
0.472
0.479
0.51
0.516
0.519
0.486
0.514
0.488
0.474
0.486
0.506
0.534
0.476
0.513
0.475
0.483
0.481
0.449
0.482
0.481
0.48
0.495
0.456
0.468
0.5
0.495
0.476
0.484
0.462
0.441
0.512
0.484
0.49
0.511
0.48
0.455
0.445
0.47
0.444
0.47
0.468
0.463
0.439
0.439
0.438
0.464
0.407
0.423
0.405
0.435
0.418
0.464
0.444
0.429
0.403
0.432
0.427
0.439
0.393
0.395
0.407
0.392
0.37
0.402
0.395
0.397
0.428
0.389
0.358
0.38
0.37
0.384
0.358
0.366
0.38
0.369
0.376
0.374
0.337
0.383
0.362
0.376
0.364
0.327
0.321
0.337
0.328
0.314
0.343
0.359
0.333
0.369
0.35
0.327
0.31
0.34
0.31
0.314
0.305
0.299
0.312
0.313
0.345
0.318
0.307
0.311
0.291
0.296
0.273
0.3
0.291
0.295
0.316
0.26
0.306
0.25
0.268
0.275
0.282
0.29
0.277
0.288
0.266
0.273
0.275
0.259
0.285
0.269
0.271
0.297
0.299
0.303
0.247
0.277
0.23
0.283
0.249
0.264
0.267
0.28
0.258
0.258
0.255
0.257
0.276
0.255
0.268
0.256
0.275
0.263
0.275
0.241
0.234
0.279
0.263
0.27
0.283
0.252
0.268
0.263
0.27
0.26
0.258
0.282
0.27
0.271
0.301
0.301
0.262
0.265
0.256
0.303
0.275
0.285
0.256
0.271
0.277
0.298
0.286
0.316
0.289
0.275
0.271
0.294
0.302
0.296
0.315
0.303
0.304
0.299
0.311
0.31
0.36
0.309
0.314
0.303
0.312
0.321
0.316
0.345
0.317
0.342
0.363
0.337
0.323
0.333
0.324
0.365
0.314
0.32
0.308
0.354
0.326
0.349
0.331
0.35
0.37
0.402
0.344
0.391
0.413
0.41
0.394
0.379
0.39
0.43
0.411
0.452
0.424
0.451
0.446
0.439
0.412
0.458
0.444
0.381
0.442
0.403
0.449
0.485
0.462
0.457
0.449
0.473
0.472
0.48
0.491
0.465
0.501
0.532
0.514
0.487
0.468
0.513
0.525
0.476
0.539
0.493
0.52
0.496
0.54
0.563
0.541
0.542
0.552
0.585
0.579
0.558
0.568
0.565
0.573
0.6
0.586
0.59
0.513
0.534
0.582
0.619
0.593
0.605
0.574
0.578
0.616
0.586
0.568
0.64
0.572
0.652
0.595
0.617
0.619
0.639
0.569
0.604
0.501
0.627
0.59
0.596
0.556
0.583
0.622
0.648
0.605
0.604
0.567
0.58
0.56
0.62
0.548
0.545
0.601
0.554
0.548
0.591
0.555
0.557
0.528
0.589
0.566
0.587
0.519
0.506
0.53
0.55
0.542
0.541
0.549
0.517
0.518
0.544
0.516
0.486
0.511
0.487
0.533
0.472
0.428
0.461
0.463
0.505
0.451
0.476
0.485
0.485
0.495
0.487
0.467
0.438
0.456
0.437
0.416
0.415
0.45
0.438
0.42
0.43
0.419
0.45
0.379
0.435
0.422
0.419
0.373
0.398
0.371
0.42
0.374
0.402
0.372
0.379
0.393
0.408
0.372
0.377
0.369
0.372
0.386
0.378
0.404
0.377
0.41
0.37
0.328
0.371
0.371
0.4
0.392
0.401
0.389
0.372
0.35
0.386
0.378
0.394
0.342
0.41
0.395
0.389
0.393
0.385
0.376
0.369
0.395
0.376
0.378
0.397
0.38
0.405
0.389
0.343
0.389
0.424
0.369
0.389
0.394
0.384
0.381
0.404
0.431
0.405
0.405
0.41
0.431
0.396
0.408
0.427
0.423
0.416
0.405
0.404
0.411
0.407
0.422
0.408
0.445
0.486
0.425
0.449
0.433
0.45
0.427
0.459
0.471
0.425
0.444
0.434
0.42
0.496
0.448
0.445
0.457
0.47
0.479
0.477
0.426
0.477
0.482
0.437
0.489
0.456
0.501
0.464
0.49
0.467
0.459
0.469
0.477
0.473
0.424
0.453
0.514
0.461
0.467
0.54
0.481
0.513
0.474
0.47
0.455
0.481
0.472
0.503
0.509
0.466
0.516
0.481
0.495
0.476
0.491
0.504
0.433
0.467
0.468
0.498
0.427
0.471
0.447
0.444
0.473
0.486
0.447
0.464
0.488
0.445
0.491
0.464
0.462
0.487
0.448
0.423
0.427
0.449
0.439
0.405
0.432
0.433
0.421
0.407
0.413
0.425
0.407
0.419
0.411
0.439
0.398
0.427
0.407
0.411
0.426
0.378
0.368
0.431
0.383
0.416
0.389
0.369
0.403
0.376
0.371
0.405
0.388
0.342
0.352
0.399
0.363
0.362
0.358
0.368
0.357
0.337
0.352
0.359
0.362
0.371
0.331
0.363
0.339
0.352
0.396
0.314
0.314
0.31
0.316
0.347
0.326
0.33
0.308
0.295
0.333
0.315
0.326
0.319
0.316
0.327
0.32
0.28
0.322
0.3
0.311
0.289
0.302
0.317
0.271
0.288
0.303
0.276
0.276
0.304
0.279
0.256
0.25
0.273
0.29
0.285
0.277
0.293
0.294
0.271
0.281
0.252
0.267
0.305
0.274
0.261
0.239
0.298
0.259
0.274
0.271
0.255
0.285
0.278
0.285
0.266
0.239
0.291
0.255
0.276
0.289
0.253
0.258
0.275
0.26
0.239
0.265
0.243
0.28
0.278
0.263
0.264
0.267
0.28
0.27
0.275
0.233
0.271
0.292
0.269
0.278
0.27
0.316
0.286
0.31
0.267
0.305
0.289
0.266
0.305
0.297
0.303
0.289
0.261
0.331
0.293
0.293
0.32
0.304
0.318
0.301
0.317
0.323
0.305
0.299
0.309
0.318
0.345
0.329
0.357
0.318
0.345
0.343
0.346
0.342
0.348
0.358
0.337
0.307
0.332
0.353
0.342
0.362
0.407
0.364
0.336
0.329
0.384
0.392
0.375
0.402
0.426
0.364
0.402
0.428
0.409
0.422
0.4
0.46
0.418
0.431
0.422
0.439
0.447
0.481
0.438
0.434
0.43
0.494
0.455
0.446
0.453
0.467
0.453
0.456
0.48
0.514
0.466
0.486
0.535
0.521
0.515
0.508
0.511
0.479
0.503
0.53
0.57
0.552
0.534
0.488
0.554
0.567
0.583
0.525
0.585
0.586
0.585
0.57
0.563
0.573
0.56
0.589
0.59
0.571
0.549
0.544
0.574
0.615
0.566
0.571
0.612
0.617
0.625
0.552
0.595
0.615
0.587
0.641
0.613
0.598
0.591
0.589
0.582
0.614
0.611
0.613
0.586
0.606
0.576
0.639
0.587
0.581
0.617
0.589
0.548
0.564
0.539
0.552
0.567
0.546
0.518
0.579
0.572
0.54
0.571
0.556
0.548
0.522
0.519
0.565
0.538
0.543
0.539
0.568
0.547
0.522
0.516
0.52
0.501
0.494
0.488
0.488
0.514
0.506
0.499
0.465
0.472
0.488
0.483
0.472
0.474
0.45
0.458
0.431
0.455
0.484
0.434
0.429
0.461
0.426
0.418
0.478
0.427
0.358
0.447
0.403
0.465
0.417
0.387
0.409
0.396
0.372
0.398
0.409
0.392
0.398
0.394
0.392
0.387
0.353
0.364
0.408
0.326
0.393
0.407
0.362
0.386
0.392
0.389
0.39
0.425
0.343
0.403
0.385
0.403
0.363
0.411
0.36
0.368
0.378
0.379
0.396
0.399
0.385
0.38
0.39
0.372
0.384
0.398
0.382
0.367
0.393
0.382
0.362
0.409
0.399
0.382
0.414
0.404
0.404
0.417
0.353
0.406
0.389
0.386
0.386
0.382
0.362
0.385
0.417
0.432
0.414
0.405
0.425
0.403
0.429
0.416
0.41
0.441
0.44
0.469
0.418
0.423
0.422
0.41
0.42
0.423
0.444
0.442
0.439
0.44
0.472
0.463
0.48
0.459
0.453
0.479
0.466
0.468
0.455
0.456
0.451
0.459
0.483
0.425
0.455
0.472
0.473
0.474
0.457
0.467
0.481
0.47
0.48
0.463
0.457
0.47
0.482
0.478
0.494
0.488
0.446
0.502
0.49
0.502
0.49
0.477
0.461
0.509
0.467
0.456
0.475
0.528
0.505
0.477
0.473
0.45
0.438
0.524
0.485
0.446
0.472
0.446
0.473
0.487
0.43
0.452
0.459
0.484
0.438
0.437
0.413
0.472
0.432
0.464
0.452
0.419
0.409
0.425
0.465
0.44
0.405
0.439
0.461
0.441
0.437
0.4
0.383
0.435
0.411
0.422
0.426
0.412
0.409
0.368
0.398
0.41
0.426
0.381
0.419
0.373
0.353
0.405
0.407
0.408
0.403
0.397
0.377
0.353
0.377
0.364
0.398
0.364
0.354
0.34
0.358
0.337
0.359
0.371
0.352
0.35
0.371
0.337
0.319
0.346
0.345
0.351
0.331
0.337
0.336
0.315
0.33
0.323
0.329
0.314
0.324
0.305
0.297
0.289
0.304
0.344
0.321
0.326
0.283
0.289
0.287
0.279
0.272
0.282
0.311
0.272
0.273
0.291
0.268
0.262
0.252
0.278
0.291
0.323
0.307
0.29
0.279
0.315
0.3
0.253
0.265
0.261
0.286
0.274
0.274
0.254
0.264
0.29
0.278
0.272
0.301
0.279
0.292
0.32
0.273
0.253
0.285
0.249
0.277
0.261
0.247
0.292
0.237
0.264
0.272
0.268
0.283
0.28
0.28
0.254
0.243
0.289
0.271
0.299
0.296
0.289
0.265
0.276
0.298
0.302
0.261
0.28
0.288
0.287
0.284
0.291
0.26
0.309
0.301
0.276
0.31
0.302
0.31
0.281
0.259
0.297
0.263
0.3
0.289
0.321
0.316
0.299
0.313
0.308
0.327
0.331
0.286
0.323
0.341
0.324
0.33
0.353
0.308
0.328
0.376
0.344
0.362
0.329
0.371
0.332
0.38
0.381
0.375
0.362
0.395
0.366
0.378
0.401
0.389
0.388
0.41
0.386
0.431
0.403
0.409
0.399
0.398
0.465
0.435
0.42
0.443
0.41
0.444
0.446
0.44
0.44
0.443
0.436
0.47
0.473
0.439
0.458
0.488
0.455
0.484
0.509
0.494
0.523
0.531
0.508
0.49
0.53
0.473
0.503
0.482
0.531
0.483
0.53
0.522
0.488
0.555
0.507
0.557
0.531
0.566
0.542
0.537
0.583
0.57
0.586
0.546
0.551
0.544
0.576
0.556
0.578
0.615
0.628
0.605
0.553
0.567
0.582
0.59
0.532
0.607
0.602
0.608
0.62
0.604
0.587
0.65
0.565
0.58
0.591
0.544
0.579
0.59
0.631
0.619
0.605
0.545
0.596
0.579
0.603
0.611
0.603
0.617
0.571
0.615
0.578
0.58
0.571
0.566
0.565
0.511
0.543
0.572
0.544
0.554
0.524
0.589
0.533
0.575
0.576
0.524
0.538
0.506
0.497
0.496
0.497
0.503
0.537
0.512
0.475
0.478
0.514
0.458
0.498
0.44
0.486
0.45
0.448
0.442
0.472
0.46
0.474
0.444
0.457
0.462
0.43
0.403
0.481
0.44
0.452
0.405
0.44
0.475
0.409
0.435
0.381
0.376
0.407
0.391
0.401
0.398
0.365
0.412
0.367
0.382
0.354
0.394
0.359
0.352
0.345
0.392
0.392
0.359
0.383
0.354
0.425
0.37
0.379
0.402
0.327
0.371
0.404
0.41
0.376
0.421
0.384
0.397
0.355
0.361
0.35
0.381
0.355
0.365
0.399
0.394
0.386
0.378
0.399
0.334
0.4
0.407
0.388
0.435
0.349
0.392
0.44
0.398
0.413
0.422
0.418
0.389
0.389
0.439
0.406
0.383
0.445
0.422
0.421
0.391
0.43
0.383
0.438
0.429
0.414
0.42
0.398
0.428
0.437
0.435
0.431
0.45
0.452
0.435
0.429
0.446
0.434
0.446
0.448
0.477
0.472
0.48
0.428
0.479
0.467
0.452
0.453
0.495
0.45
0.468
0.444
0.455
0.478
0.434
0.432
0.471
0.435
0.51
0.48
0.469
0.468
0.475
0.457
0.49
0.509
0.495
0.451
0.514
0.47
0.48
0.495
0.456
0.474
0.445
0.465
0.492
0.46
0.467
0.483
0.449
0.442
0.479
0.44
0.453
0.474
0.467
0.46
0.466
0.453
0.474
0.479
0.435
0.47
0.437
0.433
0.459
0.459
0.455
0.477
0.444
0.447
0.488
0.428
0.41
0.425
0.441
0.484
0.462
0.451
0.447
0.44
0.443
0.43
0.396
0.389
0.422
0.41
0.416
0.42
0.419
0.404
0.413
0.401
0.384
0.408
0.394
0.397
0.401
0.415
0.38
0.371
0.342
0.374
0.372
0.375
0.362
0.353
0.391
0.359
0.373
0.347
0.372
0.382
0.385
0.331
0.365
0.358
0.347
0.338
0.372
0.328
0.351
0.309
0.311
0.34
0.344
0.338
0.316
0.331
0.302
0.321
0.293
0.311
0.299
0.311
0.288
0.328
0.293
0.336
0.297
0.294
0.296
0.32
0.293
0.292
0.276
0.289
0.311
0.293
0.272
0.29
0.301
0.306
0.262
0.275
0.268
0.296
0.275
0.295
0.276
0.298
0.3
0.283
0.291
0.284
0.293
0.267
0.274
0.254
0.276
0.273
0.316
0.292
0.295
0.286
0.275
0.27
0.243
0.249
0.26
0.283
0.242
0.244
0.28
0.267
0.245
0.262
0.269
0.265
0.246
0.26
0.272
0.274
0.284
0.267
0.29
0.285
0.263
0.264
0.272
0.283
0.295
0.322
0.324
0.258
0.303
0.319
0.272
0.312
0.299
0.273
0.292
0.312
0.338
0.296
0.299
0.282
0.311
0.31
0.299
0.3
0.288
0.325
0.311
0.315
0.32
0.326
0.315
0.312
0.329
0.313
0.345
0.339
0.358
0.326
0.351
0.33
0.347
0.337
0.314
0.363
0.373
0.375
0.33
0.364
0.341
0.359
0.366
0.37
0.355
0.374
0.406
0.351
0.375
0.389
0.43
0.413
0.436
0.448
0.392
0.421
0.374
0.457
0.406
0.437
0.45
0.441
0.452
0.439
0.447
0.432
0.448
0.456
0.474
0.481
0.463
0.474
0.462
0.493
0.508
0.528
0.518
0.534
0.509
0.491
0.531
0.491
0.509
0.503
0.519
0.499
0.478
0.533
0.534
0.597
0.539
0.593
0.547
0.58
0.581
0.591
0.607
0.541
0.548
0.594
0.602
0.569
0.559
0.592
0.605
0.576
0.557
0.623
0.663
0.605
0.621
0.556
0.572
0.591
0.569
0.609
0.554
0.617
0.62
0.606
0.566
0.629
0.595
0.58
0.614
0.626
0.581
0.586
0.621
0.55
0.64
0.574
0.62
0.557
0.568
0.594
0.578
0.549
0.532
0.622
0.546
0.56
0.548
0.553
0.559
0.484
0.539
0.449
0.526
0.537
0.54
0.515
0.55
0.515
0.501
0.511
0.485
0.52
0.467
0.506
0.485
0.479
0.471
0.472
0.491
0.49
0.476
0.481
0.477
0.459
0.473
0.449
0.446
0.43
0.46
0.454
0.45
0.425
0.423
0.432
0.405
0.434
0.417
0.42
0.385
0.402
0.458
0.38
0.395
0.427
0.466
0.4
0.404
0.413
0.39
0.408
0.42
0.363
0.384
0.371
0.422
0.369
0.372
0.361
0.37
0.419
0.38
0.4
0.386
0.352
0.403
0.371
0.418
0.376
0.372
0.344
0.372
0.403
0.37
0.404
0.356
0.419
0.402
0.402
0.375
0.361
0.368
0.362
0.397
0.393
0.379
0.385
0.365
0.392
0.367
0.381
0.42
0.414
0.403
0.432
0.374
0.408
0.399
0.394
0.401
0.398
0.406
0.406
0.434
0.405
0.409
0.407
0.417
0.424
0.433
0.413
0.424
0.451
0.45
0.43
0.431
0.42
0.401
0.459
0.381
0.437
0.4
0.441
0.45
0.457
0.43
0.437
0.482
0.435
0.447
0.504
0.5
0.477
0.424
0.448
0.484
0.472
0.479
0.462
0.462
0.459
0.465
0.493
0.464
0.503
0.488
0.467
0.477
0.467
0.443
0.464
0.451
0.477
0.534
0.454
0.505
0.47
0.518
0.447
0.449
0.463
0.45
0.497
0.468
0.503
0.487
0.455
0.463
0.437
0.477
0.482
0.461
0.464
0.511
0.48
0.486
0.467
0.429
0.445
0.5
0.437
0.426
0.46
0.461
0.448
0.475
0.459
0.496
0.458
0.441
0.446
0.439
0.419
0.414
0.431
0.407
0.408
0.421
0.432
0.386
0.449
0.387
0.433
0.433
0.418
0.41
0.41
0.414
0.421
0.41
0.395
0.416
0.41
0.396
0.382
0.365
0.384
0.393
0.356
0.368
0.396
0.361
0.366
0.372
0.376
0.349
0.35
0.355
0.35
0.322
0.351
0.339
0.326
0.357
0.345
0.341
0.319
0.334
0.326
0.309
0.306
0.34
0.325
0.311
0.324
0.327
0.308
0.311
0.359
0.301
0.319
0.33
0.264
0.283
0.293
0.321
0.313
0.285
0.325
0.285
0.302
0.3
0.276
0.297
0.29
0.279
0.295
0.28
0.295
0.285
0.279
0.295
0.252
0.292
0.27
0.266
0.243
0.271
0.28
0.28
0.263
0.283
0.284
0.26
0.278
0.266
0.27
0.287
0.288
0.281
0.272
0.274
0.261
0.287
0.282
0.27
0.289
0.255
0.266
0.254
0.279
0.268
0.276
0.267
0.267
0.281
0.259
0.277
0.266
0.277
0.256
0.277
0.293
0.29
0.293
0.298
0.296
0.279
0.309
0.258
0.299
0.277
0.264
0.305
0.286
0.331
0.309
0.331
0.292
0.301
0.305
0.29
0.295
0.317
0.28
0.327
0.292
0.324
0.316
0.313
0.292
0.304
0.331
0.328
0.318
0.326
0.315
0.32
0.343
0.313
0.331
0.337
0.348
0.355
0.328
0.371
0.363
0.355
0.352
0.384
0.37
0.397
0.367
0.388
0.378
0.394
0.339
0.405
0.399
0.443
0.395
0.398
0.398
0.39
0.411
0.421
0.435
0.46
0.416
0.432
0.434
0.455
0.461
0.429
0.478
0.419
0.482
0.489
0.478
0.448
0.495
0.486
0.485
0.466
0.501
0.506
0.51
0.464
0.484
0.533
0.534
0.501
0.509
0.5
0.505
0.496
0.535
0.525
0.529
0.545
0.547
0.533
0.56
0.548
0.556
0.545
0.548
0.553
0.549
0.584
0.597
0.569
0.573
0.599
0.59
0.606
0.613
0.557
0.566
0.578
0.614
0.609
0.615
0.641
0.586
0.625
0.591
0.591
0.584
0.557
0.608
0.611
0.583
0.597
0.619
0.6
0.612
0.577
0.632
0.589
0.596
0.618
0.601
0.545
0.566
0.596
0.574
0.576
0.569
0.533
0.513
0.53
0.576
0.571
0.531
0.541
0.546
0.511
0.514
0.527
0.528
0.537
0.557
0.478
0.524
0.526
0.498
0.527
0.506
0.507
0.535
0.516
0.476
0.472
0.459
0.526
0.43
0.435
0.484
0.452
0.457
0.461
0.464
0.493
0.471
0.463
0.431
0.396
0.415
0.416
0.397
0.425
0.4
0.404
0.399
0.461
0.407
0.404
0.399
0.403
0.423
0.428
0.422
0.409
0.384
0.4
0.406
0.408
0.41
0.35
0.403
0.391
0.37
0.378
0.392
0.372
0.396
0.39
0.369
0.376
0.375
0.387
0.329
0.406
0.388
0.398
0.391
0.361
0.4
0.392
0.402
0.386
0.349
0.362
0.391
0.395
0.379
0.375
0.369
0.404
0.395
0.351
0.416
0.378
0.412
0.414
0.387
0.382
0.407
0.372
0.387
0.424
0.394
0.385
0.414
0.431
0.406
0.426
0.372
0.424
0.417
0.404
0.467
0.421
0.445
0.404
0.428
0.439
0.423
0.443
0.446
0.397
0.425
0.448
0.41
0.42
0.474
0.449
0.462
0.444
0.43
0.446
0.451
0.485
0.463
0.481
0.467
0.415
0.494
0.456
0.528
0.467
0.452
0.473
0.476
0.437
0.499
0.447
0.473
0.476
0.475
0.483
0.447
0.44
0.483
0.536
0.493
0.473
0.449
0.45
0.483
0.408
0.486
0.455
0.486
0.455
0.462
0.493
0.462
0.444
0.479
0.49
0.468
0.453
0.472
0.472
0.503
0.452
0.451
0.471
0.422
0.465
0.442
0.45
0.457
0.465
0.42
0.465
0.447
0.463
0.467
0.467
0.42
0.433
0.441
0.429
0.429
0.416
0.441
0.41
0.417
0.419
0.435
0.432
0.399
0.425
0.357
0.407
0.419
0.392
0.396
0.397
0.393
0.391
0.378
0.39
0.378
0.388
0.412
0.402
0.416
0.397
0.357
0.339
0.37
0.375
0.372
0.374
0.402
0.339
0.337
0.349
0.372
0.353
0.332
0.347
0.331
0.364
0.387
0.349
0.325
0.314
0.362
0.327
0.366
0.331
0.357
0.334
0.318
0.305
0.318
0.312
0.324
0.309
0.308
0.327
0.3
0.304
0.32
0.3
0.287
0.282
0.32
0.308
0.316
0.28
0.287
0.276
0.32
0.275
0.309
0.269
0.306
0.298
0.277
0.277
0.266
0.301
0.273
0.285
0.282
0.303
0.332
0.311
0.296
0.294
0.293
0.255
0.292
0.274
0.282
0.275
0.279
0.267
0.282
0.265
0.258
0.269
0.271
0.273
0.286
0.294
0.282
0.309
0.297
0.281
0.259
0.262
0.269
0.268
0.271
0.301
0.258
0.275
0.288
0.29
0.286
0.273
0.278
0.271
0.262
0.274
0.244
0.288
0.286
0.276
0.292
0.279
0.304
0.316
0.263
0.278
0.272
0.285
0.328
0.297
0.304
0.327
0.307
0.303
0.299
0.323
0.307
0.343
0.308
0.323
0.324
0.334
0.325
0.317
0.338
0.309
0.382
0.353
0.319
0.329
0.372
0.347
0.366
0.314
0.349
0.33
0.381
0.357
0.341
0.356
0.365
0.354
0.375
0.343
0.383
0.37
0.419
0.373
0.4
0.393
0.432
0.382
0.444
0.435
0.433
0.413
0.445
0.469
0.436
0.42
0.437
0.427
0.438
0.457
0.461
0.452
0.439
0.486
0.47
0.445
0.497
0.491
0.516
0.462
0.505
0.486
0.567
0.519
0.511
0.538
0.5
0.539
0.54
0.519
0.531
0.541
0.57
0.513
0.518
0.582
0.576
0.575
0.557
0.551
0.551
0.54
0.549
0.596
0.544
0.544
0.571
0.564
0.559
0.538
0.622
0.556
0.568
0.587
0.527
0.58
0.587
0.592
0.558
0.562
0.61
0.575
0.543
0.569
0.622
0.6
0.595
0.643
0.602
0.557
0.579
0.579
0.579
0.598
0.576
0.579
0.606
0.538
0.554
0.587
0.562
0.574
0.567
0.574
0.586
0.569
0.54
0.55
0.592
0.531
0.549
0.566
0.537
0.532
0.546
0.527
0.515
0.51
0.49
0.55
0.532
0.494
0.534
0.545
0.519
0.482
0.471
0.482
0.509
0.431
0.438
0.478
0.473
0.451
0.479
0.479
0.459
0.471
0.444
0.445
0.475
0.474
0.43
0.441
0.403
0.427
0.452
0.407
0.396
0.434
0.419
0.412
0.435
0.425
0.436
0.431
0.412
0.425
0.385
0.354
0.411
0.384
0.388
0.411
0.398
0.413
0.395
0.389
0.369
0.369
0.393
0.372
0.38
0.387
0.388
0.397
0.396
0.381
0.38
0.403
0.359
0.382
0.399
0.376
0.424
0.369
0.398
0.355
0.399
0.393
0.378
0.382
0.359
0.413
0.366
0.389
0.356
0.366
0.394
0.369
0.37
0.387
0.411
0.36
0.382
0.426
0.406
0.444
0.382
0.382
0.428
0.372
0.386
0.422
0.403
0.411
0.424
0.372
0.414
0.409
0.426
0.401
0.425
0.416
0.423
0.445
0.447
0.462
0.433
0.476
0.494
0.422
0.489
0.429
0.455
0.476
0.47
0.446
0.435
0.474
0.438
0.458
0.51
0.465
0.454
0.453
0.481
0.481
0.501
0.455
0.494
0.461
0.448
0.452
0.482
0.48
0.455
0.452
0.471
0.421
0.505
0.462
0.442
0.467
0.487
0.499
0.473
0.461
0.46
0.452
0.479
0.48
0.465
0.501
0.446
0.496
0.496
0.457
0.471
0.482
0.455
0.473
0.473
0.512
0.459
0.485
0.456
0.484
0.442
0.47
0.462
0.427
0.438
0.474
0.454
0.461
0.462
0.426
0.404
0.468
0.437
0.391
0.437
0.42
0.455
0.412
0.416
0.397
0.435
0.381
0.428
0.401
0.395
0.45
0.41
0.406
0.401
0.411
0.403
0.378
0.373
0.378
0.376
0.404
0.397
0.386
0.426
0.393
0.381
0.379
0.369
0.377
0.386
0.338
0.376
0.373
0.369
0.417
0.35
0.335
0.386
0.341
0.306
0.325
0.335
0.322
0.331
0.337
0.324
0.293
0.355
0.34
0.298
0.323
0.326
0.331
0.322
0.318
0.314
0.315
0.31
0.319
0.345
0.311
0.313
0.313
0.292
0.32
0.317
0.31
0.302
0.303
0.308
0.283
0.304
0.304
0.288
0.278
0.271
0.274
0.28
0.278
0.293
0.285
0.286
0.288
0.28
0.294
0.293
0.271
0.286
0.254
0.254
0.281
0.29
0.276
0.298
0.256
0.249
0.293
0.256
0.263
0.263
0.287
0.278
0.284
0.292
0.254
0.236
0.282
0.255
0.303
0.268
0.293
0.286
0.271
0.257
0.26
0.265
0.244
0.285
0.288
0.266
0.273
0.286
0.272
0.265
0.258
0.308
0.31
0.266
0.293
0.26
0.286
0.283
0.258
0.336
0.274
0.306
0.305
0.316
0.296
0.314
0.298
0.296
0.291
0.314
0.328
0.275
0.304
0.325
0.325
0.323
0.324
0.326
0.341
0.336
0.347
0.367
0.344
0.371
0.352
0.339
0.354
0.341
0.363
0.357
0.378
0.357
0.358
0.371
0.363
0.361
0.369
0.354
0.356
0.419
0.37
0.398
0.363
0.399
0.415
0.406
0.434
0.429
0.425
0.452
0.399
0.462
0.456
0.402
0.439
0.444
0.45
0.44
0.467
0.425
0.444
0.456
0.497
0.519
0.489
0.49
0.499
0.491
0.459
0.508
0.484
0.494
0.531
0.484
0.508
0.485
0.541
0.536
0.512
0.47
0.561
0.559
0.581
0.553
0.572
0.538
0.55
0.558
0.538
0.526
0.523
0.551
0.594
0.545
0.594
0.604
0.554
0.649
0.566
0.551
0.59
0.58
0.593
0.599
0.62
0.606
0.557
0.574
0.598
0.619
0.624
0.595
0.585
0.572
0.558
0.569
0.572
0.55
0.578
0.637
0.618
0.55
0.607
0.61
0.58
0.611
0.578
0.572
0.576
0.539
0.576
0.593
0.546
0.534
0.512
0.576
0.539
0.53
0.564
0.524
0.546
0.58
0.515
0.546
0.578
0.503
0.547
0.529
0.515
0.518
0.535
0.523
0.537
0.481
0.565
