0
0
0
0
0
0
0
0
0
0
0
0
0
0
0
0
0
0
0
0
0
0
0
0
0
0
0
0
0
0
0
0
0
0
0
0
0
0
0
0
0
0
0
0
0
0
0
0
0
0
0
0
0
0
0
0
0
0
0
0
0
0
0
0
0
0
0
0
0
0
0
0
0
0
0
0
0
0
0
0
0
0
0
0
0
0
0
0
0
0
0
0
0
0
0
0
0
0
0
0
0
0
0
0
0
0
0
0
0
0
0
0
0
0
0
0
0
0
0
0
0
0
0
0
0
0
0
0
0
0
0
0
0
0
0
0
0
0
0
0
0
0
0
0
0
0.001
0
0
0.001
0
0.001
0.002
0.001
0.002
0.003
0.002
0.001
0.005
0.002
0.003
0.007
0.009
0.01
0.012
0.019
0.014
0.015
0.025
0.028
0.031
0.048
0.036
0.05
0.048
0.056
0.069
0.068
0.08
0.095
0.115
0.127
0.129
0.133
0.168
0.158
0.169
0.212
0.194
0.218
0.238
0.269
0.272
0.287
0.288
0.333
0.361
0.343
0.381
0.391
0.427
0.443
0.493
0.459
0.488
0.555
0.555
0.563
0.576
0.595
0.604
0.596
0.655
0.696
0.667
0.713
0.75
0.779
0.737
0.768
0.79
0.821
0.883
0.828
0.813
0.801
0.823
0.841
0.815
0.913
0.863
0.889
0.9
0.911
0.837
0.912
0.878
0.947
0.939
0.94
0.871
0.94
0.935
0.935
0.959
0.906
0.915
0.924
0.9
0.909
0.944
0.922
0.893
0.916
0.883
0.864
0.914
0.857
0.867
0.886
0.881
0.852
0.847
0.874
0.839
0.846
0.746
0.806
0.816
0.806
0.791
0.756
0.782
0.749
0.751
0.764
0.716
0.706
0.689
0.704
0.669
0.71
0.661
0.658
0.7
0.616
0.663
0.644
0.625
0.619
0.6
0.573
0.631
0.607
0.572
0.577
0.543
0.529
0.529
0.543
0.521
0.478
0.524
0.466
0.498
0.51
0.466
0.465
0.44
0.426
0.433
0.41
0.411
0.379
0.379
0.359
0.357
0.35
0.369
0.358
0.315
0.348
0.305
0.338
0.319
0.305
0.287
0.275
0.278
0.266
0.24
0.238
0.245
0.243
0.237
0.226
0.228
0.2
0.194
0.233
0.2
0.18
0.219
0.162
0.202
0.161
0.14
0.16
0.15
0.143
0.12
0.125
0.145
0.113
0.12
0.121
0.125
0.106
0.086
0.093
0.112
0.102
0.101
0.078
0.089
0.079
0.084
0.077
0.092
0.059
0.071
0.055
0.065
0.049
0.049
0.062
0.048
0.057
0.051
0.052
0.057
0.054
0.059
0.064
0.065
0.052
0.051
0.069
0.074
0.051
0.066
0.076
0.073
0.076
0.076
0.081
0.079
0.089
0.093
0.104
0.117
0.11
0.126
0.145
0.154
0.151
0.138
0.184
0.163
0.19
0.256
0.25
0.254
0.262
0.292
0.303
0.313
0.334
0.349
0.346
0.361
0.381
0.425
0.465
0.46
0.454
0.475
0.497
0.564
0.522
0.557
0.55
0.6
0.638
0.627
0.674
0.689
0.713
0.707
0.716
0.768
0.801
0.812
0.817
0.826
0.858
0.855
0.898
0.882
0.912
0.883
0.909
0.939
0.922
0.932
0.973
0.954
0.996
1.002
1.003
0.992
1.024
1.001
1.041
0.942
0.982
1.054
0.984
1.004
1.044
1.017
0.974
1.006
0.965
1.025
0.947
0.912
0.978
0.966
0.932
0.973
0.85
0.977
0.911
0.912
0.859
0.847
0.871
0.851
0.862
0.777
0.867
0.822
0.786
0.815
0.765
0.805
0.727
0.718
0.75
0.716
0.736
0.686
0.705
0.673
0.69
0.647
0.641
0.624
0.59
0.576
0.59
0.587
0.556
0.576
0.542
0.514
0.523
0.501
0.513
0.503
0.43
0.447
0.443
0.428
0.417
0.447
0.42
0.359
0.368
0.353
0.353
0.359
0.339
0.339
0.326
0.287
0.314
0.307
0.299
0.326
0.266
0.259
0.278
0.25
0.223
0.261
0.212
0.213
0.229
0.203
0.212
0.195
0.187
0.18
0.192
0.191
0.208
0.167
0.154
0.145
0.155
0.161
0.141
0.138
0.136
0.141
0.144
0.146
0.128
0.124
0.135
0.104
0.102
0.111
0.106
0.129
0.127
0.113
0.088
0.098
0.103
0.102
0.106
0.11
0.107
0.101
0.092
0.08
0.094
0.097
0.089
0.09
0.089
0.112
0.12
0.081
0.117
0.116
0.102
0.087
0.097
0.097
0.108
0.101
0.108
0.117
0.105
0.112
0.122
0.111
0.116
0.138
0.146
0.131
0.135
0.128
0.141
0.151
0.134
0.134
0.16
0.168
0.133
0.19
0.168
0.172
0.183
0.177
0.182
0.17
0.196
0.173
0.184
0.219
0.213
0.229
0.2
0.251
0.234
0.228
0.226
0.218
0.258
0.22
0.261
0.244
0.245
0.26
0.27
0.275
0.272
0.293
0.286
0.293
0.286
0.314
0.288
0.304
0.335
0.331
0.316
0.322
0.336
0.363
0.35
0.385
0.355
0.379
0.389
0.402
0.346
0.384
0.411
0.377
0.412
0.398
0.384
0.388
0.403
0.425
0.448
0.427
0.437
0.429
0.452
0.463
0.433
0.425
0.448
0.492
0.432
0.46
0.456
0.489
0.445
0.442
0.471
0.513
0.49
0.496
0.496
0.511
0.514
0.518
0.519
0.528
0.495
0.539
0.507
0.492
0.513
0.507
0.515
0.512
0.531
0.545
0.527
0.527
0.489
0.536
0.518
0.561
0.489
0.552
0.534
0.514
0.617
0.555
0.554
0.569
0.57
0.566
0.535
0.538
0.564
0.543
0.584
0.539
0.58
0.567
0.567
0.569
0.569
0.553
0.533
0.574
0.572
0.613
0.567
0.593
0.59
0.58
0.591
0.591
0.577
0.517
0.586
0.559
0.617
0.614
0.572
0.601
0.529
0.575
0.537
0.552
0.602
0.546
0.534
0.546
0.529
0.574
0.538
0.59
0.563
0.485
0.551
0.533
0.482
0.553
0.499
0.58
0.566
0.525
0.501
0.525
0.51
0.428
0.539
0.5
0.475
0.462
0.484
0.475
0.454
0.45
0.488
0.463
0.449
0.46
0.422
0.434
0.392
0.453
0.448
0.435
0.425
0.423
0.428
0.393
0.403
0.412
0.385
0.4
0.371
0.379
0.387
0.367
0.338
0.357
0.354
0.331
0.337
0.325
0.325
0.303
0.331
0.344
0.274
0.295
0.288
0.297
0.283
0.28
0.322
0.269
0.301
0.252
0.26
0.259
0.257
0.28
0.252
0.261
0.258
0.273
0.272
0.268
0.246
0.266
0.257
0.257
0.277
0.244
0.249
0.255
0.251
0.258
0.297
0.256
0.254
0.274
0.28
0.306
0.281
0.293
0.248
0.275
0.354
0.311
0.319
0.315
0.326
0.35
0.332
0.342
0.314
0.349
0.371
0.382
0.362
0.402
0.378
0.362
0.375
0.407
0.427
0.416
0.392
0.389
0.42
0.441
0.448
0.47
0.487
0.501
0.451
0.483
0.488
0.469
0.504
0.494
0.485
0.56
0.539
0.52
0.556
0.543
0.566
0.528
0.542
0.529
0.564
0.562
0.565
0.565
0.629
0.58
0.604
0.583
0.602
0.604
0.643
0.641
0.629
0.612
0.656
0.646
0.649
0.643
0.65
0.643
0.597
0.632
0.627
0.636
0.644
0.633
0.668
0.611
0.69
0.706
0.624
0.686
0.674
0.666
0.645
0.66
0.681
0.656
0.631
0.619
0.632
0.656
0.637
0.675
0.671
0.623
0.699
0.64
0.641
0.635
0.665
0.666
0.638
0.607
0.656
0.648
0.634
0.603
0.581
0.616
0.627
0.62
0.652
0.621
0.595
0.616
0.606
0.553
0.545
0.542
0.564
0.551
0.506
0.532
0.554
0.576
0.563
0.527
0.57
0.51
0.54
0.533
0.515
0.503
0.48
0.497
0.49
0.496
0.441
0.468
0.505
0.467
0.439
0.42
0.415
0.405
0.448
0.389
0.401
0.408
0.403
0.417
0.391
0.376
0.408
0.4
0.388
0.349
0.344
0.376
0.364
0.322
0.346
0.369
0.369
0.373
0.302
0.34
0.346
0.305
0.329
0.33
0.303
0.279
0.293
0.291
0.271
0.281
0.254
0.291
0.259
0.285
0.265
0.265
0.284
0.269
0.241
0.268
0.283
0.241
0.255
0.24
0.248
0.247
0.258
0.262
0.24
0.252
0.247
0.24
0.24
0.237
0.254
0.224
0.252
0.244
0.239
0.252
0.209
0.243
0.239
0.251
0.229
0.219
0.239
0.217
0.231
0.245
0.234
0.227
0.21
0.227
0.238
0.227
0.223
0.223
0.229
0.245
0.258
0.234
0.242
0.249
0.239
0.218
0.259
0.247
0.216
0.241
0.252
0.248
0.246
0.272
0.231
0.265
0.243
0.271
0.267
0.274
0.239
0.235
0.27
0.269
0.269
0.289
0.268
0.301
0.272
0.272
0.274
0.275
0.264
0.282
0.287
0.247
0.261
0.255
0.291
0.261
0.295
0.286
0.278
0.284
0.288
0.289
0.325
0.308
0.281
0.323
0.274
0.299
0.312
0.328
0.335
0.329
0.321
0.314
0.324
0.319
0.337
0.318
0.328
0.341
0.361
0.328
0.361
0.32
0.332
0.376
0.324
0.365
0.327
0.347
0.375
0.34
0.336
0.352
0.361
0.395
0.389
0.376
0.383
0.349
0.399
0.376
0.368
0.365
0.382
0.415
0.377
0.42
0.433
0.378
0.405
0.415
0.413
0.432
0.401
0.437
0.382
0.384
0.444
0.395
0.424
0.443
0.402
0.416
0.419
0.424
0.455
0.451
0.418
0.488
0.465
0.424
0.451
0.437
0.455
0.466
0.494
0.426
0.474
0.439
0.489
0.437
0.46
0.482
0.464
0.471
0.461
0.474
0.436
0.517
0.475
0.495
0.509
0.519
0.493
0.488
0.55
0.509
0.547
0.48
0.505
0.529
0.502
0.522
0.582
0.503
0.483
0.521
0.541
0.5
0.538
0.503
0.498
0.543
0.492
0.522
0.546
0.55
0.548
0.491
0.539
0.56
0.541
0.547
0.54
0.576
0.535
0.576
0.512
0.526
0.513
0.522
0.513
0.558
0.504
0.535
0.509
0.544
0.511
0.53
0.521
0.521
0.518
0.522
0.558
0.492
0.48
0.463
0.48
0.527
0.478
0.535
0.49
0.477
0.473
0.483
0.443
0.451
0.484
0.487
0.499
0.471
0.433
0.452
0.441
0.433
0.439
0.448
0.45
0.46
0.453
0.423
0.414
0.444
0.443
0.409
0.467
0.405
0.397
0.396
0.401
0.4
0.405
0.393
0.432
0.427
0.343
0.391
0.397
0.382
0.381
0.385
0.402
0.412
0.39
0.402
0.408
0.369
0.389
0.42
0.415
0.388
0.407
0.426
0.373
0.398
0.41
0.36
0.414
0.404
0.393
0.361
0.362
0.361
0.428
0.435
0.399
0.432
0.429
0.379
0.405
0.377
0.409
0.414
0.422
0.404
0.406
0.425
0.411
0.398
0.411
0.444
0.42
0.431
0.409
0.388
0.43
0.451
0.439
0.433
0.454
0.462
0.412
0.442
0.452
0.467
0.456
0.448
0.509
0.51
0.417
0.438
0.486
0.473
0.545
0.456
0.461
0.47
0.514
0.513
0.512
0.504
0.485
0.48
0.512
0.504
0.514
0.554
0.509
0.449
0.485
0.492
0.515
0.485
0.46
0.553
0.532
0.477
0.517
0.569
0.511
0.512
0.544
0.498
0.544
0.585
0.51
0.576
0.572
0.535
0.541
0.529
0.535
0.538
0.541
0.522
0.574
0.544
0.534
0.551
0.526
0.542
0.551
0.51
0.547
0.548
0.574
0.554
0.525
0.573
0.531
0.552
0.523
0.527
0.562
0.522
0.536
0.493
0.548
0.52
0.484
0.466
0.541
0.525
0.558
0.538
0.527
0.523
0.502
0.51
0.508
0.523
0.544
0.478
0.477
0.517
0.485
0.528
0.492
0.51
0.503
0.485
0.485
0.446
0.444
0.508
0.489
0.458
0.436
0.471
0.468
0.414
0.492
0.412
0.423
0.451
0.426
0.454
0.39
0.393
0.423
0.416
0.419
0.432
0.42
0.424
0.427
0.396
0.42
0.389
0.397
0.412
0.417
0.398
0.382
0.366
0.367
0.354
0.414
0.354
0.374
0.341
0.344
0.356
0.349
0.336
0.349
0.309
0.358
0.35
0.381
0.319
0.345
0.352
0.353
0.348
0.35
0.331
0.32
0.296
0.326
0.332
0.309
0.278
0.297
0.326
0.314
0.296
0.31
0.263
0.324
0.296
0.305
0.278
0.299
0.297
0.282
0.316
0.301
0.303
0.268
0.315
0.302
0.261
0.271
0.283
0.267
0.295
0.304
0.309
0.281
0.254
0.288
0.271
0.313
0.263
0.262
0.28
0.272
0.247
0.273
0.276
0.25
0.254
0.234
0.267
0.247
0.266
0.274
0.276
0.275
0.274
0.249
0.272
0.264
0.276
0.266
0.276
0.299
0.274
0.278
0.293
0.285
0.272
0.25
0.27
0.277
0.285
0.262
0.31
0.273
0.258
0.256
0.262
0.268
0.289
0.272
0.271
0.299
0.295
0.26
0.28
0.287
0.272
0.278
0.278
0.289
0.249
0.273
0.288
0.294
0.291
0.303
0.318
0.313
0.276
0.287
0.311
0.285
0.293
0.286
0.32
0.321
0.322
0.31
0.336
0.284
0.35
0.33
0.333
0.326
0.31
0.321
0.325
0.336
0.31
0.339
0.333
0.339
0.355
0.339
0.32
0.323
0.36
0.356
0.353
0.324
0.371
0.343
0.342
0.389
0.353
0.358
0.38
0.369
0.388
0.398
0.4
0.388
0.409
0.368
0.383
0.433
0.404
0.426
0.377
0.413
0.422
0.422
0.412
0.446
0.397
0.445
0.4
0.453
0.463
0.445
0.43
0.471
0.443
0.431
0.455
0.465
0.499
0.451
0.464
0.457
0.51
0.493
0.498
0.489
0.487
0.461
0.498
0.533
0.486
0.538
0.482
0.549
0.471
0.549
0.495
0.474
0.507
0.513
0.503
0.54
0.502
0.534
0.53
0.534
0.575
0.53
0.507
0.513
0.553
0.536
0.547
0.534
0.552
0.555
0.548
0.53
0.543
0.564
0.581
0.558
0.578
0.576
0.568
0.547
0.552
0.558
0.598
0.518
0.575
0.601
0.528
0.55
0.557
0.553
0.564
0.558
0.514
0.579
0.526
0.531
0.55
0.558
0.527
0.541
0.539
0.533
0.557
0.509
0.526
0.516
0.513
0.547
0.51
0.507
0.507
0.527
0.491
0.476
0.521
0.545
0.502
0.478
0.495
0.52
0.499
0.446
0.462
0.495
0.467
0.467
0.471
0.442
0.472
0.501
0.48
0.445
0.445
0.452
0.409
0.469
0.454
0.446
0.452
0.457
0.439
0.442
0.455
0.449
0.432
0.433
0.426
0.419
0.406
0.425
0.451
0.394
0.441
0.403
0.372
0.384
0.394
0.386
0.416
0.406
0.388
0.403
0.444
0.429
0.382
0.413
0.387
0.412
0.363
0.398
0.395
0.395
0.409
0.365
0.441
0.42
0.409
0.392
0.394
0.434
0.388
0.379
0.43
0.42
0.437
0.43
0.393
0.418
0.436
0.416
0.393
0.432
0.428
0.412
0.434
0.399
0.41
0.422
0.442
0.437
0.429
0.416
0.458
0.423
0.484
0.464
0.441
0.389
0.446
0.458
0.437
0.493
0.431
0.474
0.458
0.482
0.441
0.446
0.436
0.464
0.489
0.442
0.46
0.435
0.472
0.486
0.468
0.486
0.473
0.489
0.487
0.487
0.473
0.511
0.497
0.45
0.481
0.489
0.464
0.509
0.523
0.501
0.515
0.514
0.481
0.51
0.505
0.499
0.491
0.526
0.53
0.496
0.477
0.533
0.496
0.553
0.557
0.516
0.518
0.501
0.493
0.506
0.548
0.506
0.496
0.503
0.501
0.486
0.524
0.531
0.505
0.526
0.52
0.463
0.511
0.505
0.495
0.507
0.484
0.51
0.501
0.534
0.47
0.496
0.47
0.51
0.44
0.49
0.462
0.448
0.458
0.455
0.474
0.499
0.484
0.475
0.411
0.46
0.465
0.424
0.475
0.461
0.455
0.458
0.462
0.453
0.428
0.397
0.45
0.412
0.456
0.396
0.433
0.438
0.416
0.415
0.433
0.407
0.423
0.383
0.435
0.39
0.385
0.361
0.358
0.391
0.371
0.388
0.369
0.42
0.377
0.377
0.388
0.386
0.362
0.396
0.346
0.366
0.349
0.342
0.365
0.378
0.354
0.338
0.353
0.325
0.37
0.342
0.302
0.319
0.324
0.334
0.329
0.335
0.333
0.303
0.31
0.292
0.331
0.318
0.325
0.303
0.307
0.3
0.293
0.283
0.279
0.286
0.314
0.303
0.276
0.291
0.276
0.295
0.305
0.29
0.279
0.291
0.294
0.267
0.263
0.277
0.265
0.279
0.265
0.304
0.29
0.263
0.257
0.272
0.278
0.264
0.288
0.258
0.288
0.273
0.29
0.271
0.245
0.26
0.249
0.293
0.291
0.266
0.29
0.243
0.261
0.276
0.295
0.238
0.252
0.274
0.257
0.285
0.269
0.272
0.249
0.259
0.286
0.277
0.265
0.291
0.258
0.258
0.261
0.273
0.255
0.268
0.285
0.286
0.254
0.251
0.265
0.268
0.251
0.274
0.287
0.305
0.287
0.301
0.303
0.28
0.29
0.313
0.269
0.295
0.293
0.309
0.275
0.279
0.324
0.316
0.287
0.328
0.326
0.306
0.307
0.312
0.305
0.338
0.324
0.336
0.316
0.323
0.34
0.338
0.344
0.342
0.323
0.396
0.362
0.371
0.352
0.337
0.334
0.376
0.332
0.338
0.35
0.334
0.369
0.396
0.376
0.368
0.373
0.411
0.419
0.421
0.427
0.414
0.397
0.406
0.383
0.406
0.415
0.437
0.44
0.43
0.429
0.468
0.472
0.418
0.452
0.463
0.439
0.471
0.478
0.45
0.464
0.483
0.475
0.465
0.504
0.507
0.499
0.515
0.489
0.495
0.504
0.525
0.509
0.528
0.541
0.525
0.52
0.515
0.568
0.499
0.509
0.57
0.557
0.525
0.57
0.543
0.564
0.58
0.57
0.526
0.586
0.528
0.554
0.527
0.528
0.565
0.576
0.582
0.574
0.595
0.602
0.549
0.595
0.574
0.558
0.592
0.601
0.598
0.585
0.55
0.575
0.534
0.548
0.597
0.597
0.593
0.596
0.563
0.601
0.592
0.539
0.551
0.575
0.541
0.552
0.599
0.601
0.573
0.505
0.599
0.533
0.542
0.548
0.549
0.564
0.554
0.542
0.539
0.543
0.544
0.538
0.484
0.528
0.538
0.453
0.517
0.523
0.497
0.482
0.507
0.496
0.489
0.506
0.474
0.482
0.489
0.476
0.426
0.465
0.482
0.416
0.43
0.491
0.431
0.462
0.447
0.453
0.449
0.488
0.423
0.425
0.453
0.444
0.404
0.425
0.408
0.395
0.395
0.417
0.422
0.426
0.388
0.41
0.403
0.379
0.418
0.416
0.392
0.406
0.405
0.401
0.398
0.392
0.407
0.375
0.405
0.403
0.375
0.413
0.387
0.381
0.374
0.382
0.407
0.408
0.398
0.349
0.4
0.399
0.374
0.393
0.368
0.39
0.367
0.371
0.388
0.383
0.442
0.405
0.393
0.396
0.433
0.4
0.418
0.422
0.413
0.428
0.406
0.408
0.398
0.402
0.405
0.418
0.4
0.456
0.413
0.432
0.429
0.445
0.439
0.467
0.431
0.437
0.449
0.473
0.436
0.428
0.431
0.422
0.438
0.461
0.435
0.447
0.475
0.475
0.469
0.476
0.453
0.44
0.497
0.482
0.489
0.476
0.455
0.492
0.519
0.439
0.478
0.508
0.458
0.493
0.508
0.482
0.504
0.528
0.494
0.471
0.494
0.508
0.489
0.5
0.539
0.494
0.487
0.497
0.525
0.511
0.53
0.493
0.523
0.483
0.501
0.554
0.543
0.478
0.504
0.54
0.496
0.48
0.493
0.514
0.508
0.467
0.494
0.485
0.469
0.427
0.5
0.478
0.491
0.466
0.481
0.467
0.504
0.486
0.423
0.496
0.48
0.464
0.442
0.466
0.45
0.477
0.448
0.485
0.467
0.474
0.472
0.416
0.462
0.476
0.466
0.433
0.419
0.372
0.445
0.421
0.44
0.421
0.421
0.426
0.408
0.429
0.416
0.406
0.45
0.396
0.406
0.404
0.373
0.412
0.402
0.366
0.383
0.409
0.377
0.372
0.343
0.399
0.373
0.378
0.355
0.385
0.371
0.363
0.341
0.327
0.342
0.354
0.39
0.338
0.316
0.318
0.314
0.347
0.36
0.329
0.324
0.354
0.346
0.317
0.34
0.321
0.298
0.315
0.297
0.306
0.309
0.297
0.306
0.29
0.289
0.291
0.317
0.306
0.286
0.274
0.299
0.277
0.269
0.287
0.266
0.27
0.279
0.297
0.271
0.318
0.265
0.279
0.269
0.277
0.265
0.284
0.288
0.264
0.264
0.292
0.275
0.253
0.254
0.263
0.251
0.288
0.287
0.271
0.246
0.278
0.277
0.266
0.273
0.291
0.269
0.291
0.273
0.254
0.25
0.284
0.274
0.233
0.278
0.285
0.283
0.237
0.249
0.23
0.236
0.276
0.259
0.269
0.269
0.311
0.247
0.272
0.287
0.253
0.277
0.273
0.27
0.312
0.285
0.28
0.279
0.276
0.257
0.272
0.271
0.261
0.307
0.286
0.282
0.266
0.283
0.317
0.306
0.3
0.331
0.305
0.292
0.314
0.31
0.296
0.309
0.327
0.311
0.341
0.31
0.34
0.328
0.329
0.327
0.347
0.356
0.357
0.321
0.359
0.366
0.359
0.364
0.364
0.364
0.353
0.38
0.367
0.387
0.366
0.356
0.375
0.375
0.399
0.386
0.383
0.369
0.384
0.393
0.43
0.394
0.409
0.444
0.422
0.41
0.449
0.434
0.472
0.435
0.434
0.483
0.435
0.466
0.476
0.465
0.518
0.463
0.54
0.476
0.484
0.47
0.512
0.465
0.511
0.492
0.531
0.513
0.528
0.54
0.507
0.503
0.526
0.522
0.559
0.558
0.538
0.544
0.55
0.552
0.578
0.57
0.533
0.537
0.552
0.581
0.577
0.551
0.613
0.591
0.578
0.599
0.582
0.584
0.608
0.603
0.582
0.591
0.566
0.614
0.588
0.566
0.594
0.616
0.601
0.638
0.582
0.579
0.537
0.628
0.539
0.589
0.626
0.577
0.573
0.622
0.603
0.562
0.576
0.558
0.574
0.547
0.552
0.584
0.583
0.575
0.535
0.575
0.519
0.541
0.53
0.506
0.557
0.531
0.549
0.52
0.547
0.583
0.595
0.521
0.569
0.496
0.507
0.545
0.439
0.51
0.519
0.519
0.539
0.5
0.481
0.489
0.495
0.487
0.458
0.471
0.444
0.443
0.461
0.404
0.452
0.455
0.422
0.467
0.471
0.46
0.426
0.427
0.426
0.448
0.413
0.396
0.37
0.417
0.422
0.428
0.415
0.392
0.379
0.37
0.405
0.386
0.397
0.405
0.405
0.38
0.378
0.393
0.374
0.39
0.389
0.383
0.428
0.379
0.38
0.367
0.379
0.385
0.382
0.389
0.377
0.367
0.372
0.366
0.37
0.354
0.379
0.42
0.376
0.363
0.376
0.384
0.422
0.386
0.363
0.408
0.43
0.377
0.408
0.391
0.422
0.401
0.379
0.442
0.389
0.405
0.406
0.422
0.409
0.42
0.378
0.445
0.448
0.41
0.425
0.442
0.438
0.435
0.427
0.417
0.438
0.438
0.433
0.438
0.453
0.413
0.459
0.45
0.453
0.426
0.463
0.458
0.442
0.442
0.415
0.473
0.448
0.466
0.446
0.483
0.481
0.538
0.458
0.491
0.497
0.492
0.499
0.501
0.463
0.489
0.503
0.512
0.448
0.479
0.479
0.454
0.49
0.486
0.485
0.502
0.532
0.459
0.545
0.496
0.516
0.461
0.53
0.502
0.474
0.467
0.505
0.469
0.489
0.489
0.534
0.475
0.509
0.477
0.431
0.487
0.498
0.493
0.455
0.486
0.53
0.459
0.482
0.494
0.504
0.494
0.462
0.476
0.478
0.468
0.496
0.474
0.528
0.474
0.442
0.513
0.449
0.475
0.45
0.449
0.463
0.419
0.447
0.481
0.432
0.408
0.423
0.395
0.439
0.396
0.431
0.464
0.409
0.422
0.444
0.434
0.393
0.426
0.428
0.412
0.39
0.391
0.41
0.373
0.343
0.373
0.374
0.336
0.355
0.393
0.383
0.415
0.358
0.368
0.358
0.377
0.335
0.361
0.382
0.352
0.349
0.323
0.327
0.344
0.341
0.345
0.351
0.323
0.34
0.299
0.306
0.342
0.327
0.286
0.286
0.331
0.309
0.274
0.311
0.333
0.3
0.293
0.306
0.339
0.292
0.32
0.28
0.279
0.288
0.3
0.317
0.307
0.309
0.303
0.3
0.299
0.265
0.284
0.275
0.269
0.296
0.277
0.282
0.261
0.252
0.272
0.265
0.304
0.279
0.26
0.278
0.264
0.255
0.28
0.257
0.267
0.254
0.235
0.285
0.297
0.272
0.298
0.268
0.277
0.264
0.254
0.267
0.276
0.247
0.27
0.251
0.269
0.286
0.272
0.284
0.257
0.254
0.294
0.266
0.291
0.254
0.289
0.276
0.262
0.265
0.274
0.277
0.264
0.297
0.278
0.291
0.295
0.269
0.25
0.266
0.28
0.254
0.285
0.317
0.324
0.265
0.279
0.291
0.314
0.262
0.305
0.343
0.303
0.313
0.282
0.296
0.321
0.323
0.324
0.277
0.337
0.332
0.305
0.341
0.329
0.34
0.341
0.347
0.337
0.321
0.389
0.352
0.36
0.331
0.364
0.381
0.343
0.358
0.347
0.374
0.399
0.357
0.395
0.371
0.393
0.424
0.42
0.403
0.413
0.419
0.407
0.47
0.42
0.409
0.405
0.422
0.457
0.462
0.451
0.445
0.505
0.474
0.461
0.455
0.45
0.467
0.494
0.471
0.486
0.461
0.504
0.498
0.462
0.482
0.485
0.486
0.52
0.545
0.523
0.495
0.535
0.566
0.539
0.543
0.535
0.544
0.551
0.548
0.537
0.507
0.554
0.578
0.561
0.602
0.543
0.617
0.572
0.571
0.574
0.536
0.576
0.583
0.578
0.59
0.658
0.644
0.611
0.625
0.566
0.579
0.627
0.57
0.607
0.589
0.571
0.575
0.643
0.598
0.629
0.603
0.627
0.582
0.59
0.586
0.561
0.585
0.571
0.555
0.568
0.562
0.611
0.609
0.531
0.591
0.572
0.594
0.545
0.635
0.566
0.551
0.531
0.566
0.567
0.527
0.544
0.554
0.55
0.501
0.528
0.511
0.515
0.494
0.525
0.471
0.517
0.459
0.469
0.495
0.491
0.501
0.501
0.458
0.499
0.499
0.445
0.43
0.48
0.471
0.476
0.478
0.466
0.428
0.449
0.456
0.465
0.467
0.433
0.396
0.451
0.397
0.422
0.409
0.39
0.435
0.396
0.41
0.362
0.417
0.389
0.424
0.412
0.39
0.41
0.397
0.419
0.361
0.381
0.402
0.39
0.395
0.372
0.396
0.379
0.375
0.43
0.359
0.369
0.365
0.349
0.375
0.406
0.408
0.438
0.392
0.373
0.385
0.415
0.374
0.36
0.396
0.373
0.4
0.396
0.354
0.38
0.398
0.374
0.376
0.401
0.354
0.395
0.37
0.392
0.43
0.363
0.37
0.424
0.407
0.429
0.391
0.432
0.394
0.402
0.418
0.435
0.4
0.384
0.487
0.421
0.438
0.456
0.436
0.423
0.407
0.467
0.449
0.419
0.476
0.429
0.43
0.47
0.446
0.452
0.457
0.47
0.452
0.452
0.455
0.441
0.471
0.456
0.468
0.506
0.469
0.457
0.507
0.517
0.477
0.508
0.475
0.478
0.469
0.546
0.485
0.524
0.467
0.509
0.469
0.499
0.51
0.483
0.458
0.45
0.483
0.501
0.496
0.45
0.456
0.487
0.48
0.493
0.528
0.488
0.492
0.492
0.502
0.464
0.471
0.506
0.493
0.493
0.468
0.497
0.471
0.467
0.476
0.506
0.501
0.481
0.504
0.457
0.456
0.451
0.449
0.464
0.46
0.425
0.43
0.48
0.465
0.45
0.461
0.445
0.438
0.434
0.419
0.425
0.456
0.397
0.463
0.414
0.398
0.454
0.454
0.394
0.423
0.404
0.383
0.422
0.431
0.415
0.382
0.384
0.431
0.42
0.388
0.394
0.397
0.376
0.392
0.363
0.39
0.347
0.379
0.377
0.356
0.367
0.4
0.361
0.389
0.357
0.346
0.332
0.365
0.324
0.368
0.336
0.373
0.388
0.313
0.333
0.342
0.333
0.32
0.347
0.321
0.297
0.294
0.321
0.33
0.275
0.329
0.292
0.314
0.355
0.314
0.29
0.286
0.305
0.342
0.298
0.273
0.292
0.307
0.268
0.324
0.301
0.305
0.261
0.267
0.286
0.288
0.292
0.292
0.295
0.3
0.276
0.291
0.272
0.278
0.284
0.255
0.278
0.257
0.262
0.275
0.276
0.275
0.291
0.268
0.276
0.295
0.264
0.255
0.264
0.268
0.245
0.266
0.253
0.26
0.272
0.25
0.245
0.259
0.279
0.241
0.272
0.28
0.274
0.27
0.247
0.306
0.28
0.275
0.276
0.276
0.277
0.333
0.289
0.278
0.299
0.254
0.29
0.243
0.262
0.303
0.278
0.288
0.292
0.309
0.276
0.29
0.316
0.314
0.298
0.301
0.275
0.276
0.316
0.295
0.312
0.298
0.332
0.297
0.325
0.319
0.342
0.33
0.299
0.349
0.279
0.326
0.31
0.319
0.354
0.336
0.361
0.342
0.372
0.328
0.351
0.372
0.375
0.384
0.347
0.403
0.401
0.358
0.375
0.378
0.37
0.378
0.421
0.408
0.379
0.403
0.421
0.435
0.376
0.419
0.442
0.421
0.418
0.445
0.437
0.452
0.467
0.447
0.478
0.496
0.451
0.471
0.464
0.452
0.47
0.455
0.513
0.454
0.53
0.522
0.531
0.509
0.541
0.503
0.539
0.564
0.557
0.538
0.548
0.53
0.501
0.542
0.558
0.623
0.578
0.55
0.521
0.547
0.59
0.517
0.562
0.595
0.576
0.6
0.594
0.559
0.596
0.558
0.609
0.641
0.605
0.557
0.615
0.552
0.625
0.578
0.551
0.585
0.564
0.572
0.607
0.601
0.62
0.599
0.607
0.563
0.577
0.594
0.545
0.565
0.627
0.584
0.636
0.588
0.553
0.617
0.613
0.593
0.59
0.592
0.581
0.588
0.558
0.613
0.543
0.514
0.527
0.549
0.531
0.529
0.547
0.508
0.56
0.511
0.561
0.482
0.522
0.56
0.471
0.521
0.52
0.523
0.521
0.481
0.488
0.494
0.464
0.481
0.497
0.517
0.496
0.49
0.443
0.435
0.473
0.431
0.451
0.447
0.459
0.426
0.437
0.43
0.442
0.456
0.472
0.43
0.44
0.381
0.371
0.427
0.409
0.407
0.395
0.383
0.42
0.421
0.411
0.437
0.346
0.38
0.412
0.382
0.399
0.369
0.408
0.38
0.388
0.379
0.408
0.4
0.374
0.373
0.389
0.366
0.392
0.388
0.389
0.375
0.392
0.39
0.406
0.338
0.42
0.395
0.385
0.373
0.362
0.39
0.378
0.391
0.356
0.415
0.37
0.409
0.395
0.395
0.397
0.418
0.429
0.385
0.42
0.411
0.405
0.397
0.407
0.448
0.401
0.365
0.467
0.374
0.367
0.393
0.415
0.426
0.42
0.426
0.415
0.409
0.405
0.423
0.404
0.444
0.469
0.466
0.41
0.4
0.476
0.438
0.476
0.442
0.469
0.459
0.474
0.483
0.441
0.477
0.502
0.456
0.478
0.506
0.504
0.462
0.433
0.501
0.454
0.461
0.476
0.464
0.502
0.493
0.52
0.471
0.44
0.464
0.453
0.491
0.491
0.461
0.489
0.483
0.504
0.503
0.482
0.483
0.467
0.465
0.514
0.472
0.494
0.44
0.484
0.513
0.491
0.474
0.47
0.505
0.474
0.457
0.527
0.486
0.503
0.488
0.479
0.51
0.436
0.48
0.481
0.49
0.461
0.464
0.443
0.46
0.476
0.482
0.484
0.459
0.429
0.461
0.425
0.464
0.498
0.42
0.444
0.444
0.456
0.428
0.402
0.448
0.435
0.456
0.413
0.425
0.438
0.415
0.382
0.418
0.377
0.415
0.404
0.375
0.402
0.392
0.374
0.375
0.406
0.383
0.395
0.386
0.394
0.368
0.374
0.344
0.393
0.351
0.339
0.327
0.335
0.368
0.324
0.32
0.336
0.339
0.33
0.323
0.315
0.32
0.329
0.341
0.347
0.306
0.343
0.324
0.35
0.286
0.328
0.321
0.331
0.302
0.291
0.301
0.334
0.316
0.321
0.291
0.293
0.312
0.274
0.33
0.289
0.284
0.328
0.269
0.287
0.306
0.296
0.277
0.279
0.271
0.294
0.272
0.254
0.307
0.279
0.291
0.281
0.288
0.299
0.248
0.258
0.296
0.264
0.282
0.276
0.272
0.278
0.254
0.271
0.294
0.277
0.263
0.248
0.257
0.25
0.254
0.287
0.264
0.282
0.278
0.292
0.295
0.271
0.279
0.28
0.249
0.251
0.286
0.289
0.273
0.285
0.314
0.244
0.279
0.262
0.283
0.292
0.327
0.252
0.273
0.316
0.303
0.285
0.284
0.288
0.29
0.316
0.266
0.286
0.27
0.29
0.293
0.324
0.308
0.294
0.294
0.303
0.281
0.322
0.283
0.3
0.334
0.353
0.303
0.309
0.326
0.336
0.321
0.302
0.339
0.343
0.339
0.352
0.331
0.329
0.351
0.373
0.343
0.35
0.345
0.353
0.371
0.36
0.383
0.378
0.391
0.364
0.375
0.379
0.398
0.456
0.398
0.438
0.399
0.374
0.416
0.418
0.413
0.399
0.433
0.448
0.48
0.451
0.465
0.439
0.431
0.455
0.468
0.481
0.488
0.467
0.45
0.447
0.536
0.478
0.504
0.492
0.469
0.515
0.477
0.504
0.509
0.571
0.565
0.51
0.547
0.521
0.557
0.559
0.565
0.57
0.504
0.525
0.561
0.563
0.593
0.554
0.536
0.587
0.602
0.554
0.579
0.587
0.599
0.595
0.567
0.601
0.568
0.564
0.596
0.636
0.596
0.627
0.606
0.599
0.582
0.59
0.583
0.526
0.591
0.57
0.601
0.621
0.56
0.612
0.589
0.611
0.574
0.608
0.599
0.634
0.578
0.55
0.602
0.563
0.58
0.576
0.596
0.575
0.575
0.545
0.556
0.567
0.526
0.58
0.577
0.579
0.568
0.543
0.553
0.535
0.512
0.496
0.554
0.519
0.531
0.508
0.507
0.501
0.504
0.537
0.48
0.489
0.524
0.534
0.456
0.433
0.473
0.476
0.478
0.476
0.457
0.441
0.462
0.445
0.442
0.401
0.446
0.453
0.425
0.453
0.433
0.446
0.424
0.374
0.412
0.4
0.417
0.398
0.419
0.402
0.381
0.395
0.445
0.393
0.423
0.383
0.408
0.388
0.416
0.408
0.422
0.401
0.377
0.41
0.347
0.392
0.349
0.37
0.417
0.393
0.408
0.376
0.38
0.366
0.39
0.35
0.345
0.376
0.388
0.377
0.361
0.343
0.392
0.377
0.378
0.386
0.371
0.388
0.348
0.389
0.383
0.386
0.382
0.432
0.377
0.43
0.397
0.393
0.402
0.402
0.414
0.409
0.455
0.421
0.427
0.439
0.434
0.401
0.408
0.449
0.443
0.403
0.419
0.44
0.406
0.438
0.433
0.43
0.442
0.44
0.429
0.435
0.435
0.412
0.442
0.484
0.457
0.443
0.465
0.459
0.434
0.464
0.483
0.456
0.429
0.476
0.446
0.51
0.519
0.485
0.492
0.48
0.479
0.483
0.453
0.476
0.537
0.476
0.473
0.454
0.487
0.498
0.439
0.497
0.52
0.524
0.503
0.495
0.523
0.47
0.505
0.515
0.459
0.51
0.482
0.492
0.473
0.494
0.493
0.475
0.512
0.49
0.49
0.464
0.454
0.487
0.459
0.436
0.437
0.463
0.488
0.484
0.469
0.44
0.483
0.498
0.46
0.497
0.486
0.455
0.499
0.447
0.475
0.433
0.425
0.435
0.463
0.41
0.469
0.436
0.427
0.443
0.442
0.409
0.415
0.45
0.416
0.407
0.376
0.411
0.422
0.403
0.413
0.428
0.404
0.425
0.412
0.412
0.358
0.379
0.336
0.395
0.425
0.369
0.353
0.334
0.349
0.345
0.376
0.367
0.389
0.393
0.348
0.369
0.335
0.357
0.323
0.343
0.349
0.351
0.323
0.341
0.336
0.337
0.33
0.343
0.319
0.311
0.295
0.344
0.314
0.303
0.304
0.332
0.342
0.315
0.369
0.319
0.31
0.307
0.296
0.288
0.294
0.324
0.312
0.291
0.289
0.293
0.302
0.307
0.28
0.275
0.293
0.25
0.272
0.301
0.296
0.291
0.305
0.256
0.302
0.261
0.273
0.292
0.251
0.257
0.27
0.269
0.257
0.243
0.248
0.259
0.281
0.275
0.254
0.252
0.258
0.265
0.271
0.276
0.261
0.288
0.267
0.257
0.27
0.253
0.251
0.271
0.284
0.248
0.26
0.268
0.3
0.27
0.261
0.265
0.269
0.246
0.246
0.288
0.265
0.271
0.294
0.317
0.258
0.288
0.275
0.252
0.299
0.3
0.287
0.274
0.266
0.304
0.304
0.302
0.306
0.293
0.312
0.314
0.266
0.29
0.303
0.32
0.311
0.318
0.335
0.325
0.329
0.318
0.35
0.306
0.323
0.327
0.35
0.329
0.353
0.354
0.367
0.337
0.348
0.358
0.364
0.359
0.375
0.363
0.384
0.414
0.385
0.419
0.395
0.39
0.414
0.391
0.421
0.38
0.411
0.378
0.439
0.439
0.403
0.435
0.425
0.411
0.412
0.442
0.483
0.473
0.455
0.475
0.462
0.459
0.479
0.447
0.495
0.458
0.504
0.481
0.469
0.489
0.505
0.533
0.547
0.51
0.47
0.53
0.501
0.532
0.55
0.518
0.516
0.599
0.51
0.557
0.552
0.55
0.551
0.562
0.593
0.529
0.576
0.511
0.58
0.572
0.555
0.584
0.57
0.614
0.548
0.544
0.607
0.556
0.621
0.612
0.562
0.597
0.602
0.589
0.579
0.592
0.566
0.614
0.619
0.587
0.624
0.626
0.59
0.648
0.607
0.612
0.574
0.576
0.606
0.634
0.587
0.564
0.556
0.624
0.575
0.572
0.55
0.592
0.61
0.591
0.55
0.531
0.568
0.521
0.555
0.561
0.574
0.513
0.54
0.554
0.537
0.524
0.522
0.51
0.508
0.477
0.524
0.532
0.453
0.526
0.474
0.518
0.475
0.522
0.513
0.482
0.491
0.51
0.473
0.467
0.437
0.502
0.451
0.448
0.423
0.446
0.436
0.469
0.445
0.427
0.448
0.426
0.407
0.437
0.412
0.359
0.427
0.417
0.384
0.431
0.405
0.404
0.381
0.398
0.385
0.375
0.39
0.362
0.401
0.394
0.366
0.401
0.353
0.386
0.404
0.371
0.386
0.376
0.377
0.345
0.373
0.389
0.404
0.386
0.388
0.394
0.405
0.396
0.385
0.419
0.373
0.405
0.36
0.402
0.401
0.383
0.366
0.393
0.412
0.384
0.375
0.388
0.419
0.392
0.446
0.411
0.422
0.384
0.425
0.384
0.408
0.42
0.403
0.384
0.434
0.405
0.423
0.421
0.416
0.404
0.442
0.438
0.427
0.433
0.403
0.428
0.423
0.405
0.469
0.45
0.434
0.421
0.438
0.411
0.47
0.447
0.472
0.428
0.449
0.42
0.46
0.484
0.504
0.424
0.461
0.477
0.46
0.448
0.458
0.464
0.434
0.481
0.484
0.469
0.461
0.519
0.444
0.498
0.525
0.502
0.469
0.5
0.482
0.481
0.456
0.501
0.454
0.467
0.524
0.526
0.451
0.51
0.48
0.535
0.507
0.523
0.493
0.498
0.497
0.475
0.501
0.494
0.505
0.514
0.507
0.489
0.466
0.485
0.475
0.466
0.452
0.498
0.476
0.473
0.481
0.496
0.512
0.453
0.455
0.459
0.487
0.45
0.398
0.421
0.447
0.424
0.434
0.442
0.403
0.424
0.471
0.416
0.437
0.421
0.436
0.436
0.42
0.429
0.43
0.38
0.395
0.403
0.442
0.444
0.391
0.42
0.407
0.383
0.412
0.421
0.382
0.361
0.383
0.4
0.366
0.361
0.389
0.349
0.361
0.368
0.375
0.345
0.343
0.372
0.382
0.36
0.332
0.35
0.382
0.314
0.338
0.352
0.318
0.353
0.342
0.311
0.308
0.324
0.307
0.361
0.314
0.32
0.307
0.302
0.299
0.313
0.291
0.284
0.306
0.338
0.301
0.294
0.308
0.287
0.299
0.303
0.271
0.29
0.304
0.292
0.319
0.289
0.292
0.285
0.287
0.286
0.259
0.294
0.297
0.297
0.285
0.289
0.268
0.297
0.284
0.24
0.253
0.258
0.266
0.276
0.266
0.273
0.277
0.266
0.233
0.288
0.273
0.252
0.27
0.262
0.261
0.295
0.277
0.296
0.251
0.256
0.299
0.238
0.268
0.287
0.285
0.279
0.277
0.269
0.283
0.281
0.264
0.275
0.301
0.298
0.306
0.28
0.274
0.28
0.288
0.257
0.271
0.27
0.26
0.262
0.261
0.297
0.274
0.298
0.29
0.312
0.278
0.265
0.291
0.303
0.261
0.319
0.293
0.313
0.302
0.32
0.313
0.294
0.318
0.312
0.344
0.294
0.321
0.344
0.348
0.347
0.326
0.331
0.334
0.358
0.357
0.351
0.337
0.349
0.351
0.377
0.388
0.323
0.36
0.381
0.403
0.387
0.383
0.366
0.427
0.392
0.404
0.413
0.413
0.426
0.414
0.419
0.4
0.398
0.453
0.404
0.434
0.441
0.446
0.407
0.466
0.45
0.514
0.464
0.486
0.473
0.463
0.448
0.479
0.477
0.49
0.562
0.529
0.529
0.495
0.547
0.54
0.485
0.555
0.581
0.543
0.517
0.549
0.577
0.552
0.539
0.545
0.561
0.551
0.538
0.573
0.594
0.588
0.608
0.584
0.595
0.569
0.541
0.592
0.583
0.577
0.573
0.596
0.603
0.561
0.571
0.616
0.558
0.645
0.609
0.604
0.581
0.603
0.61
0.625
0.598
0.586
0.574
0.57
0.573
0.547
0.562
0.61
0.602
0.624
0.616
0.582
0.623
0.581
0.595
0.547
0.561
0.598
0.614
0.556
0.565
0.551
0.544
0.51
0.569
0.592
0.521
0.513
0.561
0.526
0.529
0.541
0.574
0.506
0.533
0.535
0.492
0.512
0.524
0.54
0.505
0.489
0.484
0.465
0.464
0.539
0.499
0.438
0.474
0.451
0.471
0.464
0.499
0.45
0.444
0.451
0.437
0.425
0.512
0.438
0.398
0.408
0.397
0.455
0.415
0.42
0.444
0.407
0.432
0.38
0.42
0.409
0.395
0.438
0.381
0.386
0.374
0.395
0.391
0.385
0.373
0.371
0.383
0.39
0.397
0.352
0.365
0.397
0.417
0.358
0.383
0.4
0.387
0.389
0.368
0.353
0.382
0.341
0.392
0.375
0.383
0.372
0.371
0.37
0.395
0.396
0.417
0.396
0.384
0.373
0.365
0.361
0.371
0.42
0.406
0.368
0.392
0.412
0.373
0.414
0.401
0.401
0.394
0.428
0.419
0.432
0.437
0.412
0.381
0.43
0.374
0.414
0.447
0.386
0.457
0.434
0.401
0.412
0.432
0.434
0.435
0.431
0.418
0.442
0.423
0.432
0.45
0.44
0.469
0.479
0.482
0.468
0.495
0.45
0.475
0.462
0.426
0.533
0.461
0.49
0.444
0.455
0.526
0.457
0.522
0.478
0.528
0.52
0.475
0.505
0.521
0.464
0.503
0.502
0.474
0.515
0.483
0.499
0.515
0.494
0.498
0.484
0.508
0.481
0.463
0.479
0.486
0.512
0.487
0.473
0.483
0.49
0.533
0.449
0.474
0.5
0.496
0.437
0.477
0.438
0.507
0.425
0.44
0.489
0.46
0.467
0.482
0.431
0.468
0.418
0.437
0.477
0.48
0.437
0.476
0.465
0.44
0.461
0.466
0.428
0.414
0.426
0.435
0.436
0.434
0.43
0.42
0.413
0.417
0.422
0.418
0.396
0.41
0.429
0.428
0.458
0.41
0.424
0.419
0.388
0.374
0.361
0.399
0.371
0.39
0.388
0.406
0.392
0.378
0.389
0.37
0.356
0.352
0.366
0.308
0.345
0.334
0.359
0.345
0.324
0.369
0.327
0.348
0.332
0.331
0.33
0.328
0.316
0.304
0.326
0.328
0.321
0.328
0.293
0.318
0.321
0.294
0.337
0.332
0.327
0.34
0.316
0.282
0.279
0.256
0.29
0.299
0.297
0.278
0.297
0.278
0.289
0.273
0.25
0.288
0.255
0.277
0.276
0.283
0.262
0.297
0.294
0.332
0.26
0.292
0.271
0.271
0.25
0.238
0.257
0.265
0.244
0.274
0.274
0.292
0.261
0.275
0.276
0.276
0.304
0.285
0.254
0.266
0.232
0.274
0.274
0.275
0.268
0.25
0.264
0.271
0.292
0.281
0.293
0.283
0.262
0.304
0.287
0.24
0.259
0.273
0.282
0.303
0.274
0.258
0.259
0.285
0.258
0.3
0.298
0.307
0.267
0.272
0.272
0.298
0.262
0.295
0.285
0.289
0.313
0.312
0.291
0.292
0.305
0.291
0.317
0.306
0.316
0.328
0.327
0.303
0.36
0.351
0.333
0.337
0.335
0.34
0.355
0.334
0.341
0.345
0.363
0.327
0.369
0.352
0.362
0.383
0.361
0.372
0.377
0.357
0.393
0.363
0.403
0.413
0.371
0.368
0.388
0.426
0.41
0.405
0.413
0.428
0.429
0.444
0.452
0.425
0.459
0.447
0.441
0.44
0.477
0.474
0.46
0.476
0.462
0.474
0.486
0.514
0.517
0.507
0.463
0.52
0.507
0.526
0.504
0.532
0.501
0.526
0.53
0.547
0.556
0.527
0.552
0.539
0.521
0.53
0.555
0.535
0.563
0.559
0.616
0.536
0.603
0.584
0.562
0.572
0.626
0.597
0.609
0.575
0.55
0.612
0.542
0.569
0.621
0.598
0.587
0.634
0.584
0.609
0.582
0.563
0.557
0.579
0.573
0.593
0.578
0.587
0.613
0.62
0.583
0.623
0.612
0.559
0.622
0.605
0.607
0.564
0.612
0.577
0.587
0.54
0.612
0.583
0.578
0.571
0.547
0.613
0.524
0.599
0.56
0.545
0.522
0.556
0.564
0.572
0.557
0.522
0.544
0.558
0.557
0.509
0.539
0.468
0.501
0.505
0.466
0.456
0.458
0.496
0.485
0.48
0.475
0.467
0.416
0.466
0.483
0.429
0.438
0.436
0.411
0.438
0.489
0.427
0.409
0.472
0.436
0.43
0.4
0.391
0.403
0.428
0.387
0.403
0.451
0.436
0.42
0.414
0.385
0.362
0.402
0.4
0.385
0.411
0.397
0.373
0.374
0.382
0.376
0.342
0.366
0.355
0.369
0.381
0.39
0.372
0.391
0.378
0.407
0.385
0.341
0.375
0.391
0.383
0.343
0.372
0.411
0.381
0.38
0.395
0.395
0.396
0.362
0.379
0.366
0.381
0.394
0.367
0.377
0.412
0.399
0.363
0.381
0.381
0.397
0.378
0.404
0.447
0.42
0.44
0.455
0.369
0.426
0.436
0.429
0.451
0.422
0.453
0.421
0.456
0.44
0.445
0.422
0.432
0.461
0.451
0.445
0.437
0.448
0.464
0.436
0.444
0.474
0.479
0.45
0.441
0.443
0.497
0.48
0.45
0.464
0.468
0.476
0.497
0.459
0.458
0.477
0.48
0.45
0.497
0.476
0.497
0.478
0.48
0.494
0.476
0.495
0.503
0.485
0.476
0.527
0.494
0.464
0.505
0.474
0.493
0.486
0.483
0.497
0.474
0.514
0.542
0.513
0.518
0.455
0.463
0.469
0.493
0.489
0.486
0.469
0.47
0.5
0.469
0.491
0.467
0.501
0.497
0.424
0.467
0.465
0.478
0.448
0.452
0.44
0.409
0.484
0.468
0.464
0.468
0.48
0.446
0.449
0.437
0.442
0.421
0.415
0.425
0.43
0.429
0.426
0.41
0.419
0.385
0.423
0.403
0.428
0.431
0.404
0.372
0.426
0.417
0.4
0.373
0.365
0.373
0.418
0.414
0.388
0.361
0.39
0.348
0.371
0.356
0.4
0.409
0.341
0.392
0.341
0.342
0.347
0.322
0.358
0.33
0.325
0.368
0.337
0.318
0.355
0.333
0.344
0.323
0.303
0.318
0.306
0.333
0.334
0.344
0.296
0.266
0.291
0.31
0.29
0.299
0.292
0.302
0.312
0.293
0.344
0.305
0.287
0.267
0.325
0.324
0.274
0.301
0.309
0.291
0.299
0.33
0.267
0.286
0.274
0.276
0.297
0.283
0.285
0.291
0.297
0.271
0.268
0.292
0.256
0.279
0.272
0.275
0.31
0.262
0.279
0.259
0.293
0.252
0.28
0.261
0.301
0.27
0.288
0.251
0.276
0.236
0.238
0.255
0.264
0.269
0.27
0.249
0.284
0.27
0.255
0.248
0.28
0.3
0.266
0.276
0.279
0.247
0.224
0.276
0.287
0.25
0.294
0.278
0.285
0.297
0.283
0.303
0.254
0.297
0.275
0.31
0.321
0.303
0.312
0.294
0.303
0.334
0.289
0.29
0.336
0.332
0.354
0.312
0.338
0.283
0.323
0.308
0.317
0.35
0.382
0.334
0.318
0.332
0.352
0.36
0.355
0.329
0.353
0.382
0.322
0.371
0.365
0.362
0.359
0.38
0.405
0.384
0.394
0.386
0.38
0.386
0.397
0.402
0.379
0.413
0.415
0.439
0.399
0.378
0.41
0.415
0.437
0.423
0.455
0.472
0.439
0.448
0.466
0.476
0.478
0.473
0.493
0.447
0.469
0.492
0.5
0.484
0.501
0.47
0.537
0.505
0.532
0.514
0.543
0.575
0.513
0.54
0.519
0.551
0.526
0.529
0.508
0.6
0.561
0.541
0.549
0.576
0.591
0.578
0.613
0.593
0.585
0.551
0.589
0.593
0.595
0.586
0.596
0.544
0.561
0.615
0.579
0.547
0.614
0.59
0.603
0.586
0.6
0.61
0.598
0.576
0.645
0.57
0.605
0.592
0.578
0.546
0.574
0.615
0.63
0.616
0.619
0.587
0.598
0.567
0.597
0.581
0.572
0.58
0.591
0.578
0.578
0.541
0.505
0.542
0.53
0.536
0.537
0.56
0.546
0.542
0.529
0.526
0.554
0.541
0.536
0.514
0.492
0.547
0.495
0.51
0.464
0.475
0.48
0.474
0.48
