0
0
0
0
0
0
0
0
0
0
0
0
0
0
0
0
0
0
0
0
0
0
0
0
0
0
0
0
0
0
0
0
0
0
0
0
0
0
0
0
0
0
0
0
0
0
0
0
0
0
0
0
0
0
0
0
0
0
0
0
0
0
0
0
0
0
0
0
0
0
0
0
0
0
0
0
0
0
0
0
0
0
0
0
0
0
0
0
0
0
0
0
0
0
0
0
0
0
0
0
0
0
0
0
0
0
0
0
0
0
0
0
0
0
0
0
0
0
0
0
0
0
0
0
0
0
0
0
0
0
0
0
0
0
0
0
0
0
0
0
0
0
0.001
0
0
0
0
0
0
0
0.001
0.001
0.002
0.001
0.002
0.002
0.001
0.003
0.006
0.005
0.014
0.009
0.012
0.009
0.02
0.013
0.029
0.02
0.023
0.026
0.038
0.038
0.056
0.05
0.069
0.072
0.07
0.085
0.102
0.136
0.094
0.136
0.132
0.163
0.167
0.187
0.203
0.219
0.23
0.243
0.26
0.289
0.294
0.342
0.328
0.349
0.339
0.408
0.423
0.391
0.426
0.461
0.534
0.49
0.579
0.534
0.587
0.587
0.566
0.613
0.687
0.64
0.691
0.694
0.728
0.738
0.712
0.75
0.739
0.797
0.802
0.859
0.894
0.836
0.844
0.858
0.866
0.845
0.866
0.873
0.879
0.947
0.924
0.896
0.868
0.905
0.878
0.903
0.882
0.931
0.971
0.9
1.003
0.92
0.876
0.901
0.93
0.848
0.901
0.884
0.893
0.87
0.915
0.878
0.863
0.852
0.817
0.834
0.897
0.825
0.811
0.849
0.854
0.821
0.838
0.816
0.821
0.764
0.808
0.854
0.772
0.782
0.793
0.759
0.765
0.733
0.684
0.71
0.677
0.729
0.71
0.643
0.636
0.69
0.638
0.656
0.641
0.651
0.597
0.565
0.622
0.546
0.593
0.589
0.545
0.547
0.562
0.529
0.531
0.506
0.56
0.513
0.446
0.435
0.453
0.414
0.424
0.433
0.455
0.418
0.381
0.436
0.372
0.407
0.374
0.419
0.367
0.344
0.328
0.353
0.345
0.32
0.295
0.28
0.285
0.291
0.312
0.269
0.266
0.264
0.278
0.221
0.254
0.216
0.234
0.203
0.212
0.231
0.207
0.177
0.215
0.167
0.18
0.18
0.17
0.15
0.167
0.152
0.133
0.131
0.122
0.147
0.136
0.128
0.143
0.106
0.128
0.101
0.101
0.092
0.103
0.09
0.082
0.084
0.083
0.061
0.101
0.071
0.056
0.066
0.063
0.057
0.054
0.05
0.045
0.052
0.046
0.047
0.044
0.039
0.045
0.038
0.043
0.037
0.035
0.028
0.03
0.027
0.02
0.034
0.022
0.022
0.022
0.022
0.025
0.013
0.017
0.018
0.023
0.015
0.019
0.021
0.018
0.028
0.024
0.018
0.017
0.016
0.028
0.025
0.02
0.015
0.025
0.027
0.031
0.041
0.029
0.031
0.06
0.061
0.06
0.062
0.072
0.075
0.085
0.087
0.075
0.112
0.111
0.112
0.133
0.134
0.135
0.165
0.163
0.18
0.187
0.208
0.229
0.238
0.25
0.242
0.289
0.291
0.323
0.342
0.335
0.366
0.402
0.411
0.405
0.443
0.447
0.486
0.469
0.493
0.532
0.562
0.59
0.612
0.606
0.589
0.615
0.633
0.657
0.66
0.697
0.723
0.791
0.736
0.832
0.708
0.8
0.754
0.749
0.816
0.807
0.814
0.876
0.881
0.886
0.849
0.885
0.869
0.888
0.849
0.895
0.91
0.912
0.926
0.914
0.916
0.967
0.965
0.858
0.918
0.903
0.969
0.953
0.954
0.933
0.954
0.9
0.896
0.885
0.884
0.917
0.894
0.819
0.842
0.81
0.853
0.831
0.882
0.798
0.889
0.797
0.795
0.759
0.785
0.766
0.731
0.746
0.695
0.743
0.659
0.717
0.716
0.687
0.625
0.657
0.636
0.645
0.639
0.617
0.614
0.559
0.597
0.596
0.579
0.586
0.603
0.551
0.509
0.515
0.554
0.476
0.482
0.476
0.49
0.495
0.452
0.451
0.448
0.46
0.442
0.418
0.41
0.391
0.401
0.375
0.357
0.355
0.344
0.366
0.332
0.309
0.321
0.337
0.294
0.298
0.312
0.309
0.282
0.295
0.256
0.275
0.247
0.267
0.24
0.22
0.259
0.232
0.216
0.222
0.227
0.198
0.205
0.185
0.18
0.19
0.172
0.171
0.145
0.187
0.169
0.132
0.163
0.15
0.138
0.156
0.132
0.126
0.126
0.143
0.133
0.143
0.132
0.104
0.109
0.117
0.115
0.115
0.093
0.1
0.112
0.105
0.098
0.098
0.1
0.102
0.084
0.089
0.076
0.084
0.085
0.07
0.082
0.066
0.069
0.081
0.064
0.067
0.062
0.05
0.065
0.061
0.05
0.057
0.049
0.053
0.049
0.049
0.046
0.052
0.056
0.044
0.054
0.069
0.046
0.043
0.046
0.041
0.052
0.041
0.054
0.044
0.042
0.048
0.05
0.048
0.037
0.043
0.044
0.041
0.041
0.045
0.033
0.047
0.047
0.036
0.046
0.062
0.053
0.062
0.06
0.058
0.055
0.044
0.051
0.052
0.045
0.057
0.075
0.062
0.077
0.064
0.057
0.064
0.067
0.07
0.068
0.073
0.071
0.094
0.106
0.095
0.097
0.106
0.09
0.081
0.09
0.111
0.105
0.1
0.111
0.119
0.117
0.118
0.129
0.145
0.129
0.13
0.145
0.162
0.158
0.146
0.159
0.161
0.181
0.189
0.16
0.183
0.209
0.211
0.198
0.202
0.225
0.208
0.217
0.239
0.248
0.216
0.249
0.244
0.28
0.264
0.279
0.282
0.313
0.249
0.319
0.335
0.308
0.351
0.346
0.371
0.357
0.358
0.382
0.386
0.409
0.419
0.433
0.416
0.422
0.447
0.414
0.439
0.478
0.465
0.487
0.521
0.493
0.52
0.513
0.537
0.58
0.531
0.543
0.585
0.562
0.59
0.626
0.612
0.599
0.622
0.634
0.636
0.606
0.619
0.629
0.623
0.682
0.708
0.662
0.689
0.72
0.702
0.739
0.761
0.793
0.756
0.758
0.799
0.766
0.766
0.769
0.791
0.764
0.792
0.749
0.739
0.801
0.775
0.802
0.783
0.769
0.788
0.82
0.83
0.876
0.785
0.8
0.796
0.777
0.745
0.78
0.813
0.795
0.798
0.797
0.773
0.809
0.781
0.775
0.764
0.739
0.723
0.727
0.764
0.712
0.733
0.744
0.715
0.731
0.71
0.717
0.676
0.718
0.637
0.661
0.634
0.622
0.619
0.646
0.593
0.639
0.638
0.581
0.582
0.561
0.508
0.536
0.522
0.5
0.517
0.515
0.479
0.47
0.489
0.448
0.448
0.461
0.414
0.401
0.392
0.404
0.418
0.397
0.374
0.34
0.318
0.336
0.313
0.341
0.326
0.344
0.288
0.313
0.266
0.26
0.251
0.25
0.266
0.236
0.231
0.24
0.247
0.202
0.221
0.22
0.194
0.177
0.187
0.151
0.183
0.163
0.159
0.172
0.161
0.147
0.141
0.151
0.14
0.146
0.148
0.126
0.12
0.132
0.116
0.134
0.096
0.109
0.098
0.112
0.099
0.096
0.099
0.093
0.076
0.1
0.09
0.11
0.105
0.091
0.095
0.076
0.097
0.1
0.087
0.086
0.104
0.104
0.097
0.107
0.121
0.117
0.121
0.117
0.134
0.128
0.099
0.126
0.13
0.124
0.128
0.122
0.142
0.131
0.126
0.161
0.131
0.16
0.152
0.147
0.155
0.192
0.185
0.192
0.177
0.186
0.211
0.216
0.191
0.215
0.196
0.226
0.195
0.226
0.207
0.252
0.266
0.233
0.26
0.25
0.282
0.28
0.293
0.288
0.319
0.29
0.321
0.316
0.304
0.341
0.352
0.315
0.331
0.324
0.368
0.361
0.36
0.392
0.392
0.4
0.415
0.361
0.402
0.396
0.406
0.469
0.428
0.419
0.471
0.422
0.472
0.47
0.478
0.489
0.537
0.533
0.508
0.513
0.511
0.497
0.538
0.555
0.486
0.56
0.526
0.537
0.556
0.563
0.547
0.593
0.506
0.541
0.576
0.562
0.53
0.598
0.56
0.559
0.538
0.566
0.569
0.588
0.568
0.579
0.563
0.556
0.582
0.546
0.578
0.565
0.567
0.616
0.572
0.592
0.562
0.562
0.6
0.559
0.564
0.589
0.543
0.57
0.535
0.581
0.593
0.572
0.55
0.56
0.545
0.543
0.519
0.537
0.545
0.542
0.541
0.536
0.552
0.557
0.509
0.504
0.488
0.506
0.496
0.526
0.51
0.474
0.55
0.497
0.477
0.46
0.504
0.475
0.492
0.522
0.474
0.482
0.44
0.461
0.484
0.439
0.459
0.425
0.423
0.407
0.422
0.426
0.376
0.414
0.395
0.404
0.363
0.416
0.405
0.384
0.375
0.361
0.363
0.349
0.334
0.374
0.356
0.354
0.375
0.314
0.36
0.345
0.333
0.313
0.321
0.351
0.315
0.312
0.329
0.3
0.324
0.305
0.276
0.309
0.294
0.257
0.268
0.269
0.263
0.263
0.272
0.281
0.252
0.227
0.253
0.244
0.267
0.249
0.258
0.241
0.266
0.245
0.222
0.24
0.223
0.229
0.232
0.241
0.194
0.202
0.249
0.213
0.208
0.218
0.204
0.223
0.203
0.187
0.184
0.187
0.191
0.18
0.167
0.182
0.196
0.168
0.175
0.177
0.196
0.167
0.175
0.2
0.172
0.168
0.163
0.178
0.194
0.171
0.149
0.163
0.154
0.169
0.175
0.144
0.159
0.159
0.159
0.156
0.15
0.17
0.161
0.154
0.159
0.144
0.161
0.141
0.156
0.189
0.165
0.17
0.148
0.158
0.164
0.161
0.149
0.134
0.148
0.148
0.166
0.161
0.148
0.17
0.161
0.154
0.161
0.154
0.162
0.16
0.157
0.181
0.171
0.143
0.151
0.175
0.187
0.19
0.166
0.172
0.188
0.185
0.182
0.208
0.182
0.192
0.203
0.193
0.236
0.212
0.209
0.224
0.217
0.222
0.235
0.223
0.218
0.224
0.239
0.232
0.238
0.251
0.288
0.26
0.285
0.289
0.283
0.286
0.295
0.319
0.333
0.282
0.337
0.338
0.36
0.343
0.343
0.359
0.364
0.386
0.376
0.385
0.383
0.396
0.411
0.415
0.409
0.429
0.446
0.437
0.471
0.482
0.474
0.462
0.51
0.526
0.568
0.536
0.558
0.528
0.561
0.528
0.563
0.535
0.561
0.575
0.585
0.609
0.635
0.601
0.632
0.637
0.625
0.64
0.627
0.658
0.701
0.615
0.649
0.655
0.716
0.693
0.693
0.695
0.747
0.734
0.69
0.676
0.655
0.707
0.751
0.675
0.715
0.727
0.742
0.685
0.761
0.739
0.681
0.722
0.713
0.739
0.726
0.703
0.68
0.662
0.705
0.687
0.711
0.674
0.691
0.663
0.676
0.701
0.66
0.7
0.675
0.659
0.628
0.649
0.677
0.597
0.605
0.622
0.598
0.611
0.594
0.637
0.59
0.571
0.567
0.565
0.564
0.534
0.523
0.529
0.565
0.481
0.56
0.533
0.552
0.527
0.504
0.485
0.461
0.485
0.46
0.451
0.448
0.471
0.422
0.456
0.428
0.467
0.379
0.391
0.392
0.427
0.357
0.361
0.394
0.39
0.368
0.364
0.357
0.349
0.343
0.311
0.334
0.328
0.313
0.283
0.317
0.314
0.298
0.293
0.301
0.271
0.276
0.259
0.307
0.243
0.268
0.26
0.272
0.273
0.271
0.246
0.229
0.229
0.223
0.245
0.242
0.223
0.241
0.194
0.235
0.195
0.201
0.196
0.201
0.209
0.195
0.233
0.194
0.207
0.2
0.19
0.202
0.194
0.197
0.183
0.206
0.17
0.2
0.212
0.167
0.19
0.197
0.173
0.192
0.183
0.192
0.205
0.182
0.188
0.19
0.191
0.171
0.181
0.152
0.156
0.198
0.18
0.184
0.158
0.181
0.207
0.156
0.202
0.176
0.197
0.192
0.161
0.178
0.174
0.175
0.188
0.206
0.205
0.193
0.19
0.192
0.186
0.198
0.179
0.189
0.222
0.217
0.208
0.238
0.248
0.227
0.233
0.22
0.225
0.249
0.265
0.239
0.245
0.24
0.243
0.24
0.246
0.221
0.239
0.251
0.24
0.277
0.248
0.3
0.291
0.271
0.273
0.3
0.261
0.301
0.301
0.307
0.27
0.294
0.26
0.294
0.292
0.34
0.321
0.301
0.292
0.311
0.34
0.344
0.311
0.284
0.325
0.322
0.336
0.331
0.344
0.346
0.345
0.334
0.317
0.322
0.325
0.354
0.362
0.359
0.38
0.361
0.362
0.351
0.374
0.36
0.396
0.385
0.363
0.359
0.377
0.368
0.401
0.393
0.413
0.392
0.397
0.388
0.373
0.412
0.367
0.379
0.36
0.409
0.413
0.403
0.332
0.381
0.357
0.393
0.388
0.381
0.376
0.353
0.393
0.419
0.407
0.4
0.417
0.39
0.388
0.399
0.403
0.385
0.381
0.431
0.407
0.364
0.401
0.375
0.398
0.373
0.395
0.402
0.395
0.423
0.435
0.421
0.393
0.384
0.375
0.374
0.383
0.406
0.392
0.392
0.383
0.412
0.438
0.399
0.404
0.403
0.385
0.373
0.45
0.396
0.412
0.401
0.389
0.375
0.412
0.39
0.405
0.421
0.403
0.444
0.377
0.411
0.395
0.377
0.393
0.386
0.4
0.37
0.373
0.397
0.379
0.388
0.406
0.403
0.385
0.421
0.427
0.39
0.391
0.39
0.371
0.394
0.387
0.371
0.388
0.396
0.431
0.341
0.377
0.367
0.348
0.358
0.368
0.362
0.372
0.411
0.393
0.379
0.387
0.362
0.358
0.365
0.354
0.338
0.379
0.403
0.387
0.395
0.364
0.382
0.37
0.393
0.354
0.366
0.344
0.351
0.372
0.361
0.361
0.349
0.37
0.353
0.37
0.363
0.343
0.387
0.353
0.357
0.336
0.339
0.345
0.374
0.321
0.373
0.359
0.365
0.36
0.348
0.338
0.3
0.315
0.336
0.303
0.344
0.348
0.344
0.344
0.323
0.306
0.339
0.333
0.325
0.354
0.311
0.292
0.294
0.29
0.321
0.32
0.317
0.305
0.322
0.319
0.303
0.328
0.353
0.324
0.304
0.295
0.311
0.305
0.326
0.291
0.294
0.274
0.283
0.327
0.296
0.302
0.309
0.318
0.293
0.284
0.286
0.333
0.298
0.324
0.301
0.316
0.309
0.318
0.309
0.291
0.322
0.349
0.359
0.303
0.314
0.334
0.341
0.332
0.368
0.327
0.337
0.353
0.376
0.309
0.377
0.382
0.389
0.393
0.38
0.381
0.39
0.396
0.347
0.362
0.397
0.381
0.372
0.396
0.414
0.398
0.428
0.407
0.409
0.382
0.441
0.434
0.404
0.409
0.423
0.445
0.431
0.434
0.42
0.43
0.424
0.486
0.44
0.452
0.463
0.469
0.474
0.491
0.462
0.485
0.455
0.509
0.532
0.515
0.479
0.492
0.475
0.461
0.485
0.52
0.489
0.497
0.503
0.473
0.477
0.494
0.511
0.526
0.51
0.506
0.522
0.456
0.502
0.461
0.489
0.541
0.506
0.456
0.446
0.57
0.517
0.489
0.496
0.54
0.528
0.508
0.478
0.498
0.508
0.487
0.548
0.497
0.494
0.513
0.49
0.5
0.461
0.504
0.488
0.48
0.518
0.51
0.475
0.527
0.514
0.464
0.513
0.463
0.474
0.506
0.446
0.515
0.477
0.468
0.477
0.466
0.478
0.465
0.469
0.407
0.481
0.431
0.418
0.458
0.424
0.446
0.457
0.438
0.358
0.423
0.427
0.435
0.422
0.419
0.423
0.416
0.409
0.422
0.393
0.38
0.435
0.392
0.406
0.4
0.409
0.418
0.388
0.395
0.379
0.384
0.366
0.363
0.378
0.385
0.349
0.364
0.361
0.338
0.35
0.363
0.367
0.357
0.377
0.343
0.345
0.36
0.354
0.318
0.329
0.34
0.336
0.346
0.34
0.347
0.325
0.321
0.299
0.347
0.343
0.312
0.283
0.336
0.314
0.309
0.296
0.306
0.302
0.308
0.303
0.287
0.333
0.301
0.261
0.288
0.281
0.282
0.298
0.263
0.282
0.305
0.285
0.27
0.261
0.26
0.256
0.244
0.273
0.253
0.276
0.242
0.278
0.269
0.27
0.229
0.289
0.261
0.264
0.263
0.246
0.255
0.243
0.211
0.236
0.271
0.242
0.241
0.237
0.221
0.234
0.248
0.242
0.26
0.246
0.231
0.27
0.259
0.207
0.211
0.232
0.206
0.237
0.251
0.224
0.226
0.238
0.213
0.231
0.221
0.243
0.227
0.206
0.238
0.225
0.209
0.22
0.211
0.248
0.204
0.233
0.233
0.25
0.249
0.22
0.226
0.213
0.212
0.224
0.247
0.228
0.244
0.221
0.224
0.215
0.224
0.247
0.22
0.225
0.234
0.239
0.221
0.223
0.249
0.224
0.208
0.226
0.223
0.255
0.242
0.255
0.23
0.241
0.255
0.24
0.241
0.25
0.232
0.232
0.257
0.266
0.281
0.244
0.261
0.263
0.271
0.283
0.232
0.273
0.246
0.248
0.239
0.295
0.256
0.266
0.255
0.269
0.291
0.271
0.247
0.276
0.279
0.292
0.277
0.295
0.3
0.268
0.281
0.239
0.254
0.324
0.291
0.306
0.313
0.294
0.302
0.321
0.303
0.316
0.3
0.305
0.297
0.305
0.311
0.324
0.303
0.341
0.341
0.341
0.299
0.328
0.352
0.302
0.359
0.338
0.338
0.371
0.375
0.344
0.355
0.327
0.331
0.388
0.341
0.375
0.374
0.375
0.347
0.375
0.389
0.374
0.389
0.384
0.41
0.36
0.38
0.393
0.403
0.42
0.43
0.384
0.409
0.42
0.427
0.464
0.452
0.443
0.437
0.471
0.438
0.439
0.422
0.453
0.437
0.399
0.466
0.422
0.479
0.45
0.493
0.473
0.489
0.489
0.448
0.469
0.448
0.432
0.463
0.487
0.453
0.452
0.484
0.471
0.512
0.486
0.482
0.512
0.472
0.471
0.471
0.474
0.484
0.492
0.513
0.538
0.54
0.466
0.504
0.541
0.5
0.494
0.504
0.49
0.523
0.513
0.498
0.505
0.519
0.476
0.503
0.517
0.472
0.503
0.535
0.508
0.533
0.461
0.492
0.458
0.483
0.527
0.455
0.491
0.511
0.489
0.517
0.496
0.486
0.485
0.527
0.477
0.516
0.438
0.45
0.438
0.448
0.447
0.465
0.453
0.458
0.482
0.473
0.469
0.436
0.45
0.504
0.429
0.422
0.433
0.409
0.455
0.372
0.441
0.425
0.449
0.414
0.42
0.474
0.394
0.453
0.396
0.411
0.4
0.384
0.396
0.403
0.388
0.373
0.391
0.357
0.371
0.378
0.368
0.363
0.384
0.346
0.343
0.361
0.348
0.381
0.362
0.37
0.405
0.395
0.324
0.311
0.365
0.34
0.328
0.338
0.293
0.352
0.339
0.363
0.322
0.312
0.314
0.323
0.307
0.341
0.328
0.327
0.306
0.321
0.331
0.335
0.32
0.316
0.296
0.331
0.328
0.315
0.321
0.315
0.353
0.32
0.361
0.339
0.36
0.339
0.317
0.347
0.317
0.3
0.333
0.324
0.33
0.338
0.337
0.367
0.342
0.326
0.377
0.333
0.288
0.338
0.319
0.337
0.293
0.339
0.347
0.348
0.346
0.3
0.336
0.322
0.339
0.343
0.326
0.361
0.357
0.365
0.337
0.359
0.337
0.369
0.352
0.334
0.348
0.381
0.346
0.394
0.375
0.368
0.355
0.415
0.355
0.35
0.38
0.379
0.386
0.382
0.368
0.365
0.356
0.37
0.388
0.382
0.358
0.415
0.38
0.352
0.383
0.39
0.414
0.413
0.389
0.418
0.388
0.388
0.424
0.396
0.446
0.407
0.408
0.4
0.407
0.42
0.395
0.375
0.359
0.439
0.373
0.407
0.416
0.397
0.419
0.377
0.441
0.394
0.423
0.399
0.4
0.398
0.392
0.4
0.423
0.449
0.393
0.374
0.445
0.423
0.375
0.406
0.4
0.388
0.358
0.4
0.426
0.397
0.438
0.382
0.438
0.387
0.406
0.365
0.413
0.364
0.404
0.386
0.415
0.405
0.379
0.386
0.37
0.39
0.393
0.377
0.365
0.375
0.357
0.389
0.385
0.355
0.346
0.36
0.363
0.408
0.351
0.369
0.346
0.369
0.387
0.34
0.347
0.323
0.327
0.348
0.326
0.327
0.367
0.327
0.343
0.324
0.327
0.351
0.331
0.351
0.344
0.34
0.351
0.326
0.308
0.321
0.332
0.301
0.331
0.329
0.322
0.301
0.3
0.308
0.309
0.304
0.299
0.335
0.32
0.324
0.337
0.272
0.307
0.302
0.303
0.286
0.309
0.283
0.269
0.301
0.285
0.308
0.277
0.264
0.286
0.304
0.285
0.285
0.28
0.267
0.246
0.258
0.299
0.277
0.287
0.273
0.252
0.298
0.284
0.289
0.275
0.286
0.29
0.244
0.255
0.264
0.276
0.268
0.257
0.231
0.245
0.253
0.264
0.249
0.231
0.27
0.285
0.244
0.239
0.252
0.244
0.242
0.251
0.242
0.238
0.233
0.235
0.24
0.253
0.253
0.27
0.244
0.253
0.244
0.255
0.267
0.264
0.234
0.262
0.255
0.256
0.24
0.256
0.266
0.237
0.246
0.238
0.238
0.268
0.279
0.251
0.255
0.245
0.27
0.232
0.267
0.242
0.268
0.248
0.265
0.291
0.275
0.284
0.245
0.248
0.291
0.275
0.268
0.297
0.275
0.284
0.329
0.274
0.288
0.287
0.294
0.277
0.262
0.251
0.255
0.298
0.312
0.331
0.309
0.275
0.284
0.297
0.311
0.3
0.293
0.311
0.32
0.328
0.31
0.307
0.323
0.315
0.297
0.298
0.339
0.312
0.32
0.369
0.34
0.378
0.334
0.352
0.373
0.361
0.357
0.392
0.335
0.376
0.385
0.391
0.372
0.397
0.383
0.381
0.363
0.339
0.4
0.381
0.383
0.352
0.423
0.388
0.442
0.416
0.399
0.438
0.434
0.432
0.412
0.446
0.43
0.436
0.449
0.464
0.402
0.453
0.469
0.424
0.439
0.469
0.474
0.48
0.463
0.478
0.481
0.488
0.48
0.504
0.517
0.5
0.528
0.471
0.514
0.47
0.51
0.518
0.5
0.498
0.504
0.509
0.545
0.553
0.5
0.558
0.497
0.543
0.536
0.515
0.557
0.523
0.547
0.557
0.545
0.506
0.574
0.505
0.55
0.558
0.539
0.515
0.552
0.532
0.547
0.496
0.534
0.528
0.523
0.493
0.515
0.521
0.533
0.529
0.526
0.52
0.526
0.511
0.513
0.542
0.522
0.526
0.531
0.506
0.533
0.482
0.518
0.508
0.483
0.461
0.482
0.495
0.48
0.529
0.501
0.44
0.491
0.464
0.475
0.467
0.544
0.474
0.454
0.458
0.451
0.427
0.45
0.457
0.405
0.486
0.431
0.439
0.433
0.407
0.409
0.42
0.393
0.43
0.408
0.392
0.4
0.392
0.387
0.406
0.406
0.369
0.383
0.382
0.396
0.375
0.37
0.359
0.342
0.352
0.344
0.36
0.364
0.363
0.351
0.349
0.381
0.347
0.321
0.33
0.361
0.37
0.329
0.349
0.344
0.335
0.332
0.33
0.336
0.326
0.331
0.314
0.312
0.303
0.303
0.344
0.323
0.307
0.304
0.301
0.298
0.329
0.284
0.302
0.332
0.302
0.304
0.299
0.321
0.28
0.341
0.3
0.285
0.293
0.307
0.332
0.29
0.331
0.32
0.295
0.26
0.277
0.32
0.304
0.309
0.308
0.296
0.31
0.274
0.279
0.281
0.302
0.301
0.312
0.296
0.296
0.289
0.314
0.298
0.275
0.313
0.286
0.315
0.313
0.321
0.312
0.304
0.286
0.311
0.318
0.304
0.28
0.313
0.31
0.347
0.308
0.334
0.328
0.315
0.309
0.322
0.309
0.307
0.314
0.32
0.343
0.335
0.312
0.32
0.312
0.327
0.324
0.333
0.31
0.316
0.349
0.339
0.314
0.306
0.35
0.347
0.288
0.33
0.326
0.275
0.319
0.343
0.315
0.312
0.375
0.353
0.31
0.366
0.339
0.332
0.339
0.345
0.318
0.334
0.312
0.362
0.362
0.332
0.312
0.332
0.336
0.389
0.335
0.323
0.348
0.347
0.357
0.33
0.331
0.341
0.332
0.335
0.328
0.314
0.341
0.355
0.312
0.379
0.341
0.353
0.33
0.34
0.328
0.354
0.325
0.33
0.327
0.309
0.349
0.353
0.333
0.338
0.333
0.351
0.303
0.336
0.342
0.342
0.339
0.331
0.317
0.324
0.372
0.325
0.344
0.323
0.305
0.338
0.342
0.336
0.325
0.344
0.369
0.33
0.32
0.333
0.295
0.34
0.299
0.311
0.308
0.314
0.306
0.302
0.311
0.317
0.298
0.298
0.312
0.32
0.305
0.307
0.324
0.326
0.331
0.302
0.314
0.34
0.334
0.285
0.319
0.323
0.306
0.334
0.3
0.32
0.294
0.333
0.301
0.279
0.282
0.311
0.326
0.333
0.291
0.312
0.347
0.318
0.309
0.306
0.32
0.308
0.297
0.331
0.309
0.333
0.304
0.312
0.323
0.315
0.298
0.301
0.344
0.311
0.313
0.289
0.292
0.312
0.286
0.322
0.307
0.304
0.277
0.305
0.274
0.303
0.298
0.303
0.345
0.325
0.284
0.315
0.347
0.321
0.308
0.323
0.324
0.34
0.346
0.309
0.322
0.322
0.34
0.323
0.337
0.361
0.33
0.341
0.307
0.294
0.36
0.306
0.349
0.325
0.34
0.317
0.339
0.342
0.322
0.36
0.346
0.339
0.332
0.318
0.358
0.334
0.356
0.3
0.348
0.345
0.343
0.335
0.34
0.368
0.345
0.338
0.393
0.335
0.352
0.369
0.347
0.361
0.346
0.348
0.335
0.373
0.375
0.404
0.367
0.379
0.387
0.372
0.369
0.381
0.334
0.406
0.376
0.376
0.338
0.37
0.363
0.378
0.365
0.387
0.384
0.438
0.377
0.378
0.396
0.396
0.403
0.382
0.385
0.368
0.39
0.369
0.417
0.44
0.398
0.413
0.426
0.444
0.437
0.388
0.416
0.425
0.418
0.404
0.436
0.416
0.407
0.405
0.424
0.419
0.426
0.417
0.434
0.43
0.444
0.401
0.466
0.408
0.431
0.441
0.431
0.434
0.44
0.45
0.464
0.435
0.472
0.446
0.425
0.461
0.425
0.457
0.444
0.451
0.452
0.48
0.452
0.505
0.491
0.468
0.472
0.46
0.478
0.479
0.488
0.441
0.458
0.465
0.455
0.487
0.481
0.464
0.496
0.482
0.464
0.502
0.455
0.447
0.495
0.536
0.458
0.473
0.473
0.437
0.499
0.474
0.484
0.424
0.448
0.422
0.466
0.461
0.457
0.444
0.432
0.464
0.449
0.466
0.47
0.464
0.467
0.443
0.46
0.421
0.477
0.429
0.461
0.433
0.436
0.46
0.441
0.471
0.441
0.457
0.408
0.423
0.443
0.457
0.435
0.477
0.43
0.414
0.434
0.429
0.455
0.473
0.398
0.418
0.4
0.4
0.418
0.44
0.39
0.432
0.399
0.406
0.395
0.412
0.402
0.393
0.409
0.349
0.365
0.39
0.407
0.4
0.39
0.35
0.388
0.384
0.392
0.35
0.415
0.386
0.402
0.368
0.363
0.373
0.335
0.359
0.355
0.376
0.344
0.356
0.372
0.373
0.363
0.337
0.368
0.382
0.371
0.356
0.357
0.369
0.362
0.333
0.389
0.361
0.368
0.364
0.356
0.349
0.314
0.341
0.352
0.338
0.365
0.349
0.348
0.334
0.35
0.35
0.346
0.34
0.338
0.352
0.332
0.295
0.351
0.315
0.352
0.316
0.325
0.316
0.372
0.337
0.323
0.344
0.328
0.342
0.339
0.349
0.299
0.34
0.343
0.335
0.311
0.351
0.34
0.325
0.318
0.35
0.307
0.331
0.317
0.337
0.322
0.303
0.289
0.308
0.304
0.285
0.309
0.32
0.336
0.344
0.325
0.319
0.305
0.341
0.322
0.295
0.307
0.297
0.293
0.307
0.28
0.311
0.343
0.319
0.338
0.325
0.32
0.336
0.311
0.29
0.289
0.314
0.296
0.329
0.284
0.312
0.281
0.281
0.285
0.297
0.293
0.292
0.251
0.311
0.291
0.28
0.302
0.321
0.3
0.29
0.301
0.31
0.286
0.298
0.285
0.308
0.286
0.31
0.286
0.279
0.298
0.306
0.311
0.245
0.267
0.317
0.296
0.306
0.303
0.281
0.297
0.288
0.306
0.31
0.281
0.265
0.301
0.313
0.245
0.259
0.286
0.29
0.259
0.266
0.28
0.27
0.295
0.284
0.299
0.262
0.307
0.293
0.304
0.295
0.316
0.274
0.274
0.29
0.264
0.327
0.273
0.279
0.272
0.273
0.283
0.307
0.305
0.31
0.288
0.279
0.295
0.266
0.299
0.267
0.287
0.264
0.254
0.302
0.245
0.298
0.279
0.282
0.298
0.287
0.3
0.286
0.304
0.316
0.274
0.349
0.3
0.299
0.277
0.293
0.328
0.312
0.301
0.288
0.305
0.292
0.301
0.324
0.28
0.313
0.264
0.285
0.303
0.3
0.287
0.3
0.278
0.29
0.289
0.303
0.297
0.337
0.313
0.294
0.309
0.299
0.324
0.287
0.346
0.346
0.314
0.339
0.334
0.318
0.346
0.33
0.324
0.343
0.309
0.32
0.327
0.342
0.352
0.321
0.346
0.354
0.337
0.37
0.343
0.328
0.322
0.339
0.353
0.352
0.336
0.355
0.349
0.384
0.36
0.354
0.374
0.342
0.36
0.337
0.34
0.359
0.387
0.367
0.362
0.356
0.388
0.393
0.402
0.389
0.384
0.421
0.368
0.383
0.398
0.396
0.425
0.376
0.397
0.393
0.389
0.419
0.432
0.365
0.447
0.441
0.415
0.373
0.412
0.417
0.431
0.436
0.459
0.445
0.445
0.432
0.444
0.394
0.412
0.441
0.404
0.444
0.416
0.435
0.471
0.476
0.398
0.439
0.467
0.458
0.442
0.462
0.435
0.431
0.423
0.487
0.445
0.464
0.414
0.45
0.472
0.432
0.42
0.46
0.428
0.474
0.502
0.459
0.447
0.464
0.449
0.453
0.449
0.471
0.458
0.448
0.41
0.449
0.458
0.493
0.455
0.496
0.481
0.433
0.429
0.474
0.435
0.455
0.444
0.444
0.504
0.455
0.453
0.464
0.458
0.449
0.431
0.433
0.482
0.428
0.395
0.442
0.455
0.466
0.461
0.425
0.44
0.449
0.425
0.464
0.451
0.441
0.399
0.444
0.432
0.425
0.435
0.464
0.427
0.454
0.4
0.447
0.421
0.408
0.442
0.391
0.436
0.373
0.41
0.47
0.435
0.399
0.407
0.398
0.422
0.427
0.406
0.4
0.432
0.37
0.391
0.422
0.395
0.378
0.433
0.394
0.395
0.412
0.384
0.39
0.399
0.406
0.404
0.361
0.362
0.381
0.403
0.364
0.352
0.396
0.417
0.404
0.404
0.402
0.375
0.373
0.381
0.385
0.338
0.394
0.376
0.387
0.409
0.389
0.36
0.388
0.346
0.399
0.385
0.387
0.356
0.367
0.343
0.408
0.336
0.321
0.375
0.399
0.367
0.388
0.338
0.384
0.386
0.358
0.361
0.332
0.345
0.364
0.378
0.359
0.361
0.353
0.354
0.361
0.355
0.376
0.337
0.391
0.364
0.38
0.354
0.374
0.346
0.358
0.368
0.368
0.403
0.341
0.36
0.35
0.358
0.335
0.398
0.353
0.381
0.369
0.327
0.337
0.37
0.352
0.355
0.398
0.353
0.36
0.336
0.369
0.358
0.377
0.407
0.378
0.354
0.387
0.344
0.368
0.384
0.322
0.358
0.341
0.366
0.34
0.331
0.387
0.371
0.382
0.337
0.354
0.361
0.327
0.338
0.379
0.333
0.388
0.37
0.369
0.347
0.318
0.383
0.382
0.334
0.321
0.368
0.356
0.33
0.367
0.349
0.332
0.343
0.372
0.352
0.366
0.378
0.333
0.356
0.388
0.332
0.366
0.364
0.367
0.357
0.355
0.34
0.336
0.333
0.307
0.347
0.331
0.336
0.318
0.332
0.355
0.319
0.329
0.344
0.349
0.359
0.321
0.328
0.348
0.336
0.321
0.291
0.327
0.272
0.321
0.33
0.315
0.311
0.323
0.32
0.304
0.315
0.306
0.322
0.308
0.315
0.301
0.322
0.319
0.289
0.299
0.293
0.311
0.315
0.294
0.295
0.289
0.281
0.279
0.309
0.289
0.304
0.299
0.277
0.313
0.307
0.313
0.305
0.283
0.296
0.318
0.311
0.3
0.334
0.278
0.311
0.298
0.298
0.284
0.255
0.265
0.26
0.249
0.276
0.286
0.301
0.274
0.255
0.274
0.289
0.277
0.276
0.265
0.272
0.264
0.289
0.29
0.258
0.281
0.285
0.26
0.29
0.267
0.277
0.269
0.261
0.266
0.255
0.269
0.293
0.265
0.259
0.272
0.305
0.27
0.286
0.277
0.275
0.282
0.284
0.276
0.296
0.27
0.308
0.278
0.265
0.303
0.277
0.261
0.287
0.273
0.257
0.263
0.277
0.26
0.263
0.299
0.324
0.285
0.275
0.286
0.288
0.315
0.282
0.264
0.309
0.303
0.287
0.278
0.28
0.282
0.313
0.311
0.305
0.331
0.3
0.332
0.314
0.279
0.31
0.282
0.336
0.299
0.278
0.312
0.298
0.282
0.322
0.297
0.315
0.321
0.316
0.332
0.294
0.32
0.304
0.319
0.331
0.357
0.319
0.344
0.34
0.308
0.317
0.342
0.338
0.354
0.313
0.347
0.322
0.35
0.363
0.351
0.343
0.358
0.376
0.332
0.354
0.365
0.393
0.35
0.33
0.363
0.354
0.368
0.385
0.361
0.399
0.374
0.409
0.403
0.382
0.362
0.437
0.388
0.368
0.414
0.439
0.431
0.424
0.421
0.412
0.382
0.446
0.426
0.447
0.446
0.416
0.418
0.414
0.438
0.425
0.486
0.455
0.432
0.435
0.406
0.435
0.473
0.463
0.476
0.458
0.495
0.467
0.47
0.448
0.453
0.504
0.457
0.514
0.469
0.492
0.452
0.452
0.493
0.423
0.468
0.504
0.471
0.483
0.506
0.514
0.512
0.467
0.484
0.464
0.521
0.517
0.515
0.521
0.486
0.477
0.508
0.499
0.506
0.465
0.482
0.529
0.512
0.491
0.483
0.505
0.489
0.462
0.488
0.508
0.482
0.469
0.486
0.499
0.51
0.514
0.496
0.45
0.462
0.484
0.438
0.443
0.48
0.475
0.439
0.473
0.51
0.469
0.471
0.434
0.45
0.472
0.446
0.437
0.437
0.459
0.439
0.452
0.453
0.445
0.434
0.429
0.412
0.451
0.441
0.408
0.469
0.42
0.455
0.443
0.412
0.412
0.43
0.405
0.424
0.398
0.425
0.403
0.379
0.376
0.416
0.377
0.369
0.407
0.379
0.404
0.452
0.406
0.384
0.376
0.359
0.379
0.359
0.384
0.355
0.362
0.386
0.375
0.374
0.371
0.381
0.362
0.355
0.362
0.384
0.302
0.379
0.358
0.337
0.349
0.357
0.378
0.381
0.361
0.345
0.318
0.362
0.325
0.321
0.319
0.347
0.372
0.349
0.371
0.343
0.339
0.341
0.372
0.344
0.362
0.364
0.348
0.348
0.358
0.363
0.357
0.338
0.317
0.344
0.335
0.324
0.299
0.348
0.319
0.291
0.319
0.343
0.358
0.336
0.367
0.341
0.339
0.333
0.354
0.346
0.328
0.353
0.321
0.315
0.319
0.334
0.344
0.309
0.327
0.341
0.319
0.326
0.309
0.319
0.317
0.317
0.347
0.333
0.33
0.355
0.344
0.367
0.327
0.374
0.355
0.352
0.343
0.319
0.342
0.352
0.349
0.333
0.345
0.317
0.348
0.382
0.307
0.335
0.355
0.327
0.308
0.352
0.342
0.346
0.327
0.368
0.346
0.316
0.337
0.377
0.347
0.319
0.316
0.354
0.35
0.338
0.365
0.348
0.336
0.334
0.299
0.321
0.326
0.326
0.329
0.333
0.319
0.325
0.31
0.379
0.322
0.344
0.314
0.384
0.339
0.36
0.302
0.343
0.352
0.343
0.34
0.352
0.337
0.309
0.334
0.302
0.344
0.351
0.337
0.308
0.356
0.327
0.317
0.313
0.331
0.32
0.328
0.328
0.348
0.299
0.35
0.307
0.324
0.329
0.315
0.328
0.332
0.303
0.284
0.31
0.293
0.315
0.305
0.325
0.333
0.304
0.306
0.321
0.337
0.31
0.33
0.301
0.32
0.335
0.323
0.301
0.339
0.312
0.304
0.315
0.307
0.3
0.329
0.32
0.306
0.304
0.296
0.297
0.267
0.298
0.285
0.305
0.323
0.275
0.277
0.301
0.304
0.28
0.307
0.344
0.32
0.281
0.268
0.291
0.313
0.32
0.299
0.303
0.322
0.29
0.267
0.28
0.297
0.287
0.285
0.298
0.338
0.29
0.287
0.288
0.299
0.318
0.27
0.265
0.292
0.283
0.293
0.274
0.301
0.285
0.286
0.267
0.288
0.285
0.284
0.274
0.301
0.292
0.344
0.275
0.323
0.286
0.323
0.29
0.279
0.313
0.294
0.286
0.306
0.279
0.296
0.291
0.333
0.274
0.303
0.31
0.291
0.302
0.306
0.297
0.314
0.302
0.29
0.323
0.27
0.277
0.306
0.335
0.304
0.316
0.317
0.343
0.31
0.296
0.315
0.311
0.334
0.336
0.318
0.325
0.332
0.328
0.313
0.299
0.353
0.344
0.331
0.352
0.336
0.345
0.316
0.359
0.317
0.312
0.348
0.323
0.339
0.303
0.35
0.341
0.357
0.4
0.359
0.377
0.362
0.358
0.405
0.372
0.358
0.388
0.382
0.372
0.381
0.386
0.379
0.38
0.37
0.378
0.376
0.382
0.428
0.411
0.388
0.403
0.362
0.388
0.436
0.379
0.391
0.383
0.41
0.454
0.386
0.382
0.401
0.398
0.422
0.402
0.42
0.427
0.431
0.421
0.416
0.464
0.422
0.42
0.432
0.427
0.422
0.459
0.433
0.477
0.421
0.411
0.434
0.46
0.446
0.439
0.453
0.413
0.478
0.479
0.427
0.459
0.453
0.468
0.469
0.496
0.464
0.444
0.504
0.486
0.464
0.469
0.475
0.46
0.465
0.456
0.438
0.476
0.48
0.473
0.494
0.491
0.497
0.473
0.51
0.488
0.463
0.477
0.439
0.463
0.465
0.477
0.474
0.473
0.511
0.427
0.491
0.541
0.469
0.465
0.474
0.488
0.46
0.482
0.455
0.473
0.477
0.463
0.486
0.478
0.482
0.439
0.467
0.466
0.472
0.496
0.458
0.449
0.453
0.435
0.451
0.423
0.455
0.425
0.482
0.448
0.433
0.419
0.449
0.437
0.443
0.442
0.437
0.429
0.428
0.414
0.441
0.419
0.436
0.391
0.436
0.43
0.43
0.409
0.418
0.43
0.404
0.381
0.405
0.447
0.433
0.385
0.41
0.399
0.443
0.416
0.378
0.35
0.403
0.432
0.419
0.38
0.368
0.379
0.409
0.348
0.408
0.376
0.399
0.381
0.383
0.347
0.344
0.381
0.35
0.379
0.37
0.333
0.339
0.345
0.388
0.367
0.36
0.346
0.351
0.344
0.33
0.374
0.349
0.354
0.316
0.368
0.377
0.345
0.354
0.351
0.32
0.341
0.341
0.347
0.358
0.358
0.353
0.326
0.35
0.313
0.322
0.337
0.31
0.37
0.358
0.317
0.34
0.364
0.353
0.325
0.303
0.365
0.317
0.323
0.312
0.355
0.369
0.348
0.354
0.294
0.312
0.289
0.317
0.332
0.339
0.349
0.336
0.334
0.343
0.323
0.332
0.33
0.333
0.322
0.321
0.346
0.307
0.319
0.332
0.302
0.314
0.34
0.308
0.337
0.317
0.351
0.336
0.327
0.348
0.322
0.344
0.325
0.317
0.334
0.345
0.336
0.33
0.354
0.332
0.309
0.33
0.362
0.329
0.331
0.324
0.361
0.32
0.344
0.349
0.339
0.333
0.321
0.321
0.338
0.291
0.336
0.308
0.323
0.297
0.336
0.333
0.304
0.32
0.298
0.298
0.295
0.302
0.304
0.378
0.296
0.305
0.314
0.322
0.303
0.316
0.302
0.319
0.324
0.3
0.329
0.279
0.288
0.338
0.283
0.323
0.336
0.3
0.276
0.338
0.324
0.323
0.351
0.306
0.312
0.339
0.31
0.312
0.3
0.308
0.278
0.313
0.332
0.33
0.306
0.3
0.293
0.287
0.308
0.313
0.324
0.277
0.292
0.307
0.322
0.285
0.308
0.309
0.285
0.307
0.298
0.271
0.28
0.263
0.297
0.343
0.282
0.292
0.335
0.304
0.299
0.297
0.286
0.278
0.31
0.27
0.285
0.262
0.305
0.321
0.297
0.327
0.28
0.278
0.323
0.279
0.258
0.28
0.283
0.271
0.275
0.286
0.317
0.307
0.294
0.291
0.281
0.298
0.298
0.277
0.262
0.28
0.265
0.291
0.333
0.272
0.287
0.296
0.263
0.287
0.285
0.283
0.307
0.298
0.305
0.341
0.294
0.281
0.3
0.304
0.293
0.282
0.28
0.282
0.301
0.307
0.306
0.305
0.305
0.32
0.328
0.309
0.274
0.34
0.317
0.318
0.304
0.303
0.298
0.347
0.316
0.347
0.334
0.344
0.328
0.34
0.301
0.332
0.312
0.342
0.328
0.336
0.317
0.316
0.335
0.304
0.302
0.367
0.361
0.367
0.33
0.358
0.326
0.315
0.331
0.357
0.371
0.361
0.396
0.386
0.348
0.369
0.346
0.343
0.403
0.359
0.331
0.355
0.401
0.375
0.343
0.345
0.387
0.406
0.381
0.383
0.363
0.384
0.389
0.385
0.375
0.386
0.4
0.415
0.365
0.387
0.427
0.396
0.38
0.399
0.398
0.386
0.401
0.422
0.422
0.407
0.441
0.425
0.388
0.415
0.462
0.436
0.42
0.417
0.425
0.423
0.446
0.44
0.422
0.45
0.412
0.416
0.419
0.435
0.407
0.449
0.442
0.447
0.423
0.446
0.439
0.449
0.47
0.43
0.442
0.457
0.483
0.42
0.432
0.471
0.47
0.411
0.487
0.444
0.475
0.472
0.466
0.472
0.488
0.455
0.445
0.428
0.428
0.472
0.419
0.457
0.453
0.452
0.463
0.483
0.461
0.481
0.474
0.491
0.461
0.451
0.49
0.434
0.457
0.451
0.452
0.46
0.447
0.458
0.435
0.459
0.447
0.478
0.472
0.479
0.491
0.494
0.474
0.445
0.442
0.421
0.453
0.468
0.466
0.413
0.438
0.485
0.465
0.427
0.458
0.444
0.442
0.475
0.456
0.45
0.427
0.43
0.472
0.455
0.448
0.448
0.432
0.424
0.403
0.426
0.407
0.426
0.446
0.426
0.438
0.372
0.405
0.394
0.419
0.433
0.436
0.452
0.395
0.427
0.41
0.39
0.402
0.412
0.365
0.359
0.394
0.378
0.396
0.433
0.38
0.379
0.355
0.377
0.347
0.374
0.383
0.396
0.347
0.374
0.335
0.398
0.358
0.381
0.371
0.375
0.383
0.388
0.384
0.318
0.384
0.371
0.381
0.369
0.357
0.344
0.355
0.346
0.351
0.389
0.38
0.365
0.354
0.35
0.375
0.388
0.36
0.36
0.319
0.329
0.358
0.364
0.356
0.345
0.333
0.353
0.345
0.345
0.38
0.336
0.34
0.355
0.334
0.354
0.363
0.349
0.343
0.359
0.357
0.396
0.36
0.352
0.354
0.36
0.333
0.346
0.361
0.379
0.369
0.359
0.354
0.327
0.364
0.354
0.385
0.329
0.371
0.351
0.324
0.368
0.304
0.331
0.374
0.366
0.332
0.347
0.321
0.369
0.341
0.326
0.341
0.335
0.328
0.375
0.386
0.334
0.335
0.359
0.349
0.36
0.329
0.341
0.331
0.316
0.307
0.32
0.321
0.317
0.334
0.334
0.355
0.381
0.316
0.315
0.337
0.32
0.333
0.307
0.354
0.308
0.324
0.336
0.336
0.31
0.368
0.361
0.334
0.358
0.319
0.34
0.321
0.342
0.304
0.319
0.333
0.319
0.344
0.305
0.337
0.294
0.311
0.329
0.334
0.318
0.332
0.311
0.314
0.31
0.347
0.332
0.282
0.313
0.323
0.292
0.329
0.302
0.291
0.315
0.297
0.297
0.271
0.344
0.32
0.32
0.307
0.311
0.289
0.323
0.295
0.314
0.294
0.283
0.318
0.297
0.285
0.29
0.283
0.29
0.293
0.277
0.322
0.304
0.299
0.303
0.314
0.272
0.303
0.277
0.279
0.276
0.271
0.295
0.295
0.283
0.268
0.278
0.294
0.298
0.312
0.274
0.259
0.291
0.304
0.264
0.296
0.254
0.296
0.288
0.272
0.299
0.295
0.279
0.266
0.306
0.266
0.281
0.293
0.303
0.304
0.291
0.282
0.291
0.3
0.299
0.292
0.346
0.296
0.324
0.293
0.283
0.27
0.277
0.235
0.282
0.266
0.299
0.31
0.272
0.286
0.319
0.258
0.292
0.277
0.271
0.274
0.307
0.284
0.289
0.285
0.3
0.28
0.301
0.322
0.28
0.284
0.309
0.307
0.264
0.314
0.33
0.3
0.308
0.291
0.289
0.293
0.311
0.324
0.292
0.305
0.331
0.264
0.332
0.294
0.3
0.303
0.351
0.295
0.301
0.334
0.328
0.315
0.338
0.305
0.294
0.354
0.323
0.317
0.353
0.306
0.34
0.33
0.332
0.36
0.323
0.349
0.319
0.337
0.334
0.315
0.339
0.382
0.361
0.353
0.327
0.365
0.393
0.378
0.363
0.36
0.358
0.367
0.345
0.398
0.372
0.404
0.364
0.411
0.4
0.376
0.34
0.398
0.427
0.365
0.366
0.385
0.391
0.377
0.433
0.391
0.403
0.427
0.41
0.388
0.386
0.408
0.427
0.436
0.462
0.398
0.44
0.407
0.42
0.416
0.442
0.396
0.415
0.41
0.446
0.431
0.453
0.409
0.433
0.455
0.462
0.451
0.457
0.453
0.405
0.476
0.439
0.479
0.422
0.478
0.458
0.476
0.482
0.446
0.469
0.51
0.489
0.474
0.47
0.44
0.435
0.454
0.464
0.433
0.439
0.496
0.53
0.478
0.502
0.476
0.477
0.49
0.478
0.455
0.472
0.491
0.498
0.46
0.489
0.468
0.466
0.514
0.46
0.471
0.485
0.464
0.51
0.464
0.455
0.458
0.469
0.452
0.454
0.505
0.47
0.45
0.443
0.487
0.519
0.418
0.465
0.47
0.476
0.456
0.454
0.442
0.458
0.444
0.476
0.473
0.442
0.445
0.453
0.411
0.424
0.424
0.426
0.417
0.415
0.431
0.424
0.396
0.434
0.429
0.448
0.392
0.418
0.431
0.435
0.419
0.41
0.384
0.419
0.434
0.424
0.395
0.421
0.44
0.421
0.385
0.408
0.416
0.358
0.392
0.436
0.37
0.383
0.421
0.39
0.393
0.397
0.378
0.399
0.354
0.375
0.393
0.354
0.372
0.381
0.331
0.406
0.359
0.371
0.381
0.382
0.358
0.369
0.351
0.349
0.343
0.399
0.367
0.334
0.386
0.347
0.328
0.343
0.355
0.352
0.344
0.34
0.348
0.359
0.354
0.331
0.375
0.359
0.344
0.325
0.299
0.346
0.325
0.357
0.333
0.34
0.354
0.371
0.343
0.348
0.33
0.386
0.386
0.358
0.348
0.384
0.334
0.348
0.379
0.378
0.388
0.317
0.357
0.348
0.37
0.355
0.347
0.309
0.326
0.342
0.323
0.352
0.364
0.346
0.324
0.349
0.336
0.335
0.316
0.359
0.341
0.344
0.356
0.352
0.369
0.337
0.333
0.368
0.379
0.384
0.321
0.373
0.342
0.29
0.361
0.356
0.343
0.315
0.371
0.317
0.352
0.313
0.346
0.3
0.363
0.337
0.299
0.374
0.35
0.366
0.313
0.358
0.328
0.355
0.318
0.338
0.34
0.356
0.304
0.351
0.361
0.365
0.347
0.303
0.331
0.327
0.343
0.315
0.335
0.356
0.341
0.33
0.33
0.34
0.311
0.336
0.346
0.269
0.326
0.372
0.328
0.31
0.339
0.348
0.316
0.295
0.318
0.301
0.314
0.34
0.32
0.312
0.318
0.323
0.326
0.323
0.275
0.314
0.319
0.318
0.324
0.339
0.311
0.308
0.303
0.344
0.325
0.346
0.318
0.324
0.297
0.308
0.286
0.28
0.314
0.304
0.319
0.32
0.33
0.302
0.282
0.297
0.307
0.304
0.306
0.294
0.273
0.311
0.322
0.268
0.327
0.279
0.274
0.305
0.316
0.311
0.301
0.293
0.279
0.32
0.312
0.311
0.29
0.285
0.268
0.269
0.288
0.276
0.283
0.272
0.315
0.29
0.285
0.28
0.297
0.286
0.298
0.31
0.285
0.271
0.285
0.291
0.266
0.278
0.287
0.277
0.292
0.318
0.28
0.301
0.278
0.287
0.307
0.279
0.262
0.293
0.3
0.297
0.286
0.303
0.293
0.274
0.277
0.296
0.305
0.291
0.28
0.327
0.305
0.271
0.272
0.332
0.27
0.289
0.27
0.273
0.287
0.273
0.291
0.305
0.287
0.276
0.279
0.272
0.277
0.315
0.314
0.28
0.294
0.305
0.275
0.299
0.261
0.316
0.284
0.327
0.305
0.325
0.327
0.302
0.287
0.329
0.329
0.299
0.305
0.308
0.33
0.378
0.323
0.324
0.354
0.323
0.305
0.326
0.346
0.325
0.325
0.309
0.336
0.355
0.36
0.383
0.326
0.383
0.329
0.33
0.377
0.4
0.358
0.357
0.32
0.353
0.34
0.333
0.388
0.358
0.373
0.341
0.36
0.392
0.398
0.391
0.364
0.397
0.381
0.356
0.41
0.402
0.423
0.407
0.403
0.404
0.379
0.379
0.436
0.386
0.366
0.359
0.437
0.41
0.383
0.387
0.416
0.422
0.417
0.449
0.46
0.426
0.425
0.456
0.464
0.4
0.474
0.439
0.45
0.42
0.474
0.475
0.443
0.42
0.439
0.426
0.423
0.44
0.421
0.449
0.495
0.45
0.465
0.421
0.445
0.445
0.463
0.468
0.462
0.493
0.465
0.486
0.451
0.484
0.482
0.486
0.461
0.457
0.459
0.483
0.504
0.441
0.458
0.485
0.492
0.48
0.496
0.472
0.449
0.503
0.526
0.462
0.451
0.483
0.472
0.452
0.454
0.445
0.492
0.454
0.478
0.435
0.469
0.458
0.462
0.505
0.478
0.442
0.502
0.48
0.488
0.507
0.443
0.489
0.459
0.485
0.474
