0
0
0
0
0
0
0
0
0
0
0
0
0
0
0
0
0
0
0
0
0
0
0
0
0
0
0
0
0
0
0
0
0
0
0
0
0
0
0
0
0
0
0
0
0
0
0
0
0
0
0
0
0
0
0
0
0
0
0
0
0
0
0
0
0
0
0
0
0
0
0
0
0
0
0
0
0
0
0
0
0
0
0
0
0
0
0
0
0
0
0
0
0
0
0
0
0
0
0
0
0
0
0
0
0
0
0
0
0
0
0
0
0
0
0
0
0
0
0
0
0
0
0
0
0
0
0
0
0
0
0
0
0
0
0
0
0
0
0
0
0
0
0
0
0
0
0
0
0
0.002
0
0
0
0
0.001
0.003
0.005
0.006
0.008
0.01
0.011
0.01
0.011
0.012
0.014
0.019
0.024
0.023
0.029
0.032
0.029
0.044
0.049
0.045
0.058
0.083
0.082
0.107
0.095
0.106
0.124
0.091
0.141
0.167
0.167
0.174
0.199
0.207
0.218
0.287
0.276
0.271
0.343
0.279
0.328
0.381
0.367
0.392
0.417
0.393
0.474
0.47
0.468
0.471
0.563
0.564
0.602
0.612
0.602
0.598
0.638
0.662
0.722
0.704
0.748
0.724
0.715
0.749
0.784
0.756
0.813
0.821
0.894
0.831
0.856
0.879
0.817
0.853
0.928
0.824
0.856
0.872
0.927
0.862
0.87
0.987
0.911
0.888
0.95
0.9
0.971
0.871
0.905
0.93
0.965
0.874
0.912
0.936
0.943
0.849
0.943
0.914
0.872
0.877
0.86
0.926
0.865
0.81
0.899
0.858
0.855
0.851
0.828
0.809
0.798
0.836
0.834
0.794
0.777
0.772
0.774
0.749
0.761
0.715
0.717
0.773
0.751
0.71
0.722
0.659
0.685
0.64
0.623
0.709
0.64
0.606
0.599
0.622
0.635
0.593
0.594
0.605
0.562
0.558
0.58
0.573
0.548
0.583
0.506
0.512
0.488
0.498
0.439
0.479
0.456
0.471
0.477
0.419
0.394
0.427
0.416
0.409
0.405
0.386
0.378
0.338
0.362
0.341
0.315
0.318
0.326
0.358
0.332
0.314
0.307
0.28
0.275
0.258
0.277
0.266
0.24
0.246
0.241
0.238
0.281
0.22
0.217
0.198
0.186
0.182
0.195
0.172
0.154
0.166
0.167
0.179
0.162
0.173
0.145
0.126
0.121
0.142
0.128
0.123
0.132
0.121
0.11
0.099
0.103
0.094
0.104
0.096
0.085
0.081
0.074
0.074
0.065
0.084
0.065
0.05
0.078
0.067
0.052
0.069
0.085
0.067
0.06
0.053
0.063
0.051
0.066
0.064
0.055
0.059
0.071
0.061
0.051
0.068
0.069
0.07
0.085
0.078
0.083
0.106
0.087
0.096
0.103
0.121
0.105
0.102
0.122
0.132
0.15
0.166
0.174
0.17
0.192
0.193
0.214
0.245
0.261
0.29
0.275
0.284
0.267
0.326
0.314
0.388
0.369
0.415
0.448
0.42
0.424
0.512
0.52
0.476
0.525
0.57
0.592
0.616
0.623
0.631
0.604
0.704
0.667
0.73
0.767
0.74
0.778
0.736
0.863
0.778
0.846
0.839
0.833
0.898
0.873
0.906
0.929
0.917
0.947
0.886
0.971
0.944
0.973
0.942
0.951
0.962
1.059
0.986
0.972
1.008
1.015
0.928
1.012
0.992
0.982
1.004
0.987
1.001
1.018
0.951
0.904
0.967
1
0.943
0.957
0.939
0.908
0.946
0.889
0.895
0.905
0.908
0.887
0.838
0.87
0.861
0.803
0.781
0.865
0.777
0.801
0.823
0.746
0.757
0.742
0.728
0.725
0.709
0.699
0.678
0.663
0.644
0.626
0.65
0.58
0.594
0.582
0.584
0.559
0.565
0.546
0.572
0.561
0.483
0.52
0.527
0.48
0.449
0.457
0.432
0.445
0.436
0.374
0.405
0.383
0.373
0.351
0.378
0.337
0.371
0.349
0.331
0.31
0.331
0.292
0.323
0.291
0.274
0.262
0.267
0.243
0.265
0.283
0.209
0.239
0.255
0.224
0.2
0.19
0.22
0.192
0.18
0.189
0.174
0.167
0.163
0.163
0.139
0.15
0.15
0.135
0.159
0.123
0.142
0.111
0.11
0.117
0.126
0.142
0.127
0.11
0.14
0.098
0.111
0.108
0.112
0.119
0.104
0.103
0.094
0.103
0.102
0.1
0.104
0.104
0.097
0.1
0.114
0.092
0.1
0.098
0.097
0.101
0.119
0.11
0.113
0.102
0.108
0.104
0.108
0.108
0.107
0.092
0.129
0.129
0.133
0.135
0.127
0.133
0.142
0.125
0.157
0.157
0.159
0.151
0.133
0.157
0.155
0.155
0.169
0.159
0.194
0.177
0.17
0.2
0.194
0.184
0.198
0.215
0.23
0.21
0.204
0.234
0.216
0.235
0.259
0.229
0.254
0.239
0.254
0.252
0.263
0.292
0.29
0.299
0.286
0.299
0.305
0.299
0.329
0.33
0.331
0.342
0.321
0.353
0.363
0.328
0.324
0.382
0.35
0.388
0.358
0.365
0.386
0.378
0.381
0.411
0.424
0.393
0.424
0.414
0.418
0.406
0.458
0.38
0.438
0.459
0.403
0.42
0.461
0.404
0.469
0.464
0.426
0.431
0.477
0.466
0.469
0.468
0.436
0.477
0.479
0.476
0.482
0.462
0.526
0.488
0.49
0.515
0.488
0.518
0.495
0.554
0.485
0.536
0.526
0.484
0.53
0.53
0.529
0.528
0.554
0.516
0.542
0.434
0.496
0.548
0.551
0.543
0.583
0.553
0.538
0.515
0.561
0.572
0.545
0.54
0.506
0.51
0.493
0.532
0.514
0.588
0.576
0.569
0.556
0.534
0.543
0.553
0.531
0.557
0.575
0.532
0.572
0.527
0.59
0.533
0.582
0.541
0.575
0.563
0.566
0.54
0.564
0.562
0.496
0.527
0.589
0.552
0.562
0.548
0.562
0.579
0.555
0.541
0.509
0.545
0.58
0.542
0.492
0.501
0.553
0.506
0.469
0.501
0.588
0.513
0.554
0.525
0.54
0.511
0.532
0.491
0.52
0.505
0.511
0.45
0.496
0.447
0.506
0.411
0.51
0.487
0.457
0.461
0.47
0.453
0.44
0.403
0.377
0.433
0.418
0.404
0.414
0.422
0.358
0.401
0.383
0.39
0.377
0.352
0.341
0.355
0.373
0.369
0.304
0.331
0.374
0.334
0.341
0.321
0.346
0.287
0.298
0.313
0.321
0.292
0.316
0.266
0.303
0.283
0.277
0.281
0.287
0.293
0.302
0.258
0.262
0.253
0.272
0.285
0.283
0.239
0.272
0.244
0.268
0.251
0.269
0.264
0.294
0.268
0.304
0.276
0.304
0.283
0.271
0.284
0.293
0.291
0.303
0.29
0.314
0.297
0.301
0.295
0.306
0.331
0.304
0.374
0.337
0.358
0.368
0.416
0.378
0.379
0.398
0.37
0.417
0.383
0.36
0.407
0.399
0.413
0.408
0.446
0.459
0.472
0.433
0.473
0.453
0.466
0.46
0.464
0.469
0.535
0.499
0.531
0.489
0.514
0.58
0.536
0.545
0.569
0.571
0.586
0.53
0.569
0.57
0.599
0.574
0.574
0.59
0.62
0.566
0.61
0.611
0.649
0.6
0.633
0.658
0.656
0.621
0.616
0.663
0.603
0.593
0.629
0.669
0.657
0.68
0.646
0.721
0.622
0.607
0.654
0.614
0.65
0.675
0.664
0.663
0.661
0.692
0.625
0.696
0.642
0.626
0.646
0.641
0.634
0.687
0.643
0.66
0.606
0.603
0.655
0.642
0.664
0.616
0.589
0.615
0.601
0.556
0.624
0.616
0.595
0.596
0.639
0.598
0.615
0.618
0.59
0.601
0.557
0.579
0.569
0.603
0.548
0.543
0.563
0.553
0.577
0.55
0.52
0.491
0.517
0.551
0.497
0.485
0.495
0.563
0.493
0.491
0.452
0.501
0.515
0.481
0.471
0.455
0.481
0.465
0.459
0.424
0.444
0.413
0.429
0.443
0.437
0.41
0.368
0.397
0.342
0.393
0.383
0.382
0.388
0.366
0.365
0.349
0.357
0.352
0.363
0.352
0.359
0.318
0.339
0.339
0.309
0.296
0.348
0.331
0.328
0.315
0.307
0.289
0.293
0.31
0.301
0.304
0.275
0.288
0.277
0.275
0.288
0.284
0.249
0.249
0.244
0.244
0.26
0.266
0.259
0.236
0.242
0.227
0.269
0.26
0.233
0.249
0.227
0.234
0.244
0.241
0.218
0.258
0.256
0.24
0.246
0.244
0.268
0.218
0.233
0.249
0.226
0.233
0.25
0.234
0.234
0.238
0.238
0.246
0.24
0.242
0.273
0.239
0.24
0.245
0.252
0.272
0.239
0.233
0.258
0.242
0.234
0.252
0.287
0.281
0.26
0.243
0.256
0.26
0.269
0.246
0.268
0.271
0.293
0.249
0.264
0.295
0.261
0.294
0.283
0.278
0.282
0.304
0.297
0.263
0.289
0.314
0.29
0.269
0.294
0.274
0.307
0.324
0.305
0.316
0.31
0.272
0.279
0.322
0.329
0.326
0.324
0.313
0.309
0.281
0.32
0.33
0.349
0.288
0.296
0.341
0.35
0.338
0.348
0.332
0.309
0.321
0.4
0.344
0.328
0.355
0.345
0.355
0.359
0.319
0.353
0.332
0.331
0.386
0.389
0.36
0.34
0.367
0.391
0.396
0.337
0.405
0.368
0.388
0.371
0.375
0.372
0.382
0.4
0.396
0.406
0.412
0.367
0.392
0.398
0.364
0.405
0.362
0.417
0.39
0.416
0.409
0.426
0.395
0.442
0.426
0.417
0.462
0.399
0.432
0.409
0.438
0.445
0.447
0.458
0.434
0.47
0.448
0.441
0.445
0.472
0.483
0.396
0.461
0.467
0.475
0.445
0.454
0.464
0.51
0.468
0.543
0.461
0.487
0.494
0.462
0.492
0.499
0.494
0.487
0.46
0.516
0.496
0.491
0.489
0.49
0.488
0.502
0.528
0.512
0.519
0.55
0.548
0.496
0.515
0.523
0.525
0.536
0.522
0.486
0.497
0.509
0.505
0.54
0.512
0.494
0.528
0.513
0.488
0.519
0.537
0.496
0.499
0.491
0.475
0.526
0.5
0.503
0.492
0.513
0.495
0.536
0.482
0.513
0.521
0.484
0.47
0.503
0.473
0.546
0.472
0.481
0.453
0.53
0.541
0.505
0.473
0.465
0.456
0.471
0.464
0.459
0.455
0.503
0.452
0.446
0.475
0.472
0.456
0.43
0.481
0.458
0.424
0.417
0.437
0.429
0.455
0.445
0.432
0.453
0.427
0.4
0.37
0.452
0.443
0.395
0.411
0.381
0.408
0.399
0.434
0.41
0.436
0.39
0.438
0.427
0.395
0.395
0.417
0.378
0.406
0.392
0.389
0.401
0.429
0.409
0.407
0.37
0.427
0.408
0.423
0.414
0.374
0.427
0.433
0.415
0.384
0.395
0.419
0.408
0.428
0.412
0.43
0.443
0.45
0.407
0.432
0.419
0.431
0.401
0.483
0.424
0.414
0.418
0.456
0.464
0.433
0.465
0.502
0.421
0.439
0.452
0.462
0.451
0.496
0.434
0.447
0.45
0.457
0.465
0.486
0.506
0.442
0.485
0.456
0.497
0.48
0.493
0.488
0.497
0.466
0.503
0.487
0.486
0.512
0.526
0.498
0.509
0.486
0.524
0.531
0.466
0.505
0.499
0.495
0.553
0.507
0.51
0.499
0.492
0.528
0.564
0.533
0.546
0.501
0.485
0.563
0.509
0.548
0.502
0.507
0.52
0.543
0.597
0.524
0.538
0.549
0.512
0.522
0.558
0.54
0.55
0.485
0.525
0.507
0.524
0.567
0.535
0.547
0.53
0.554
0.549
0.56
0.539
0.541
0.498
0.538
0.52
0.543
0.507
0.522
0.563
0.524
0.51
0.542
0.533
0.509
0.497
0.529
0.511
0.484
0.462
0.458
0.493
0.521
0.501
0.528
0.525
0.511
0.451
0.562
0.5
0.46
0.475
0.484
0.487
0.472
0.479
0.478
0.464
0.48
0.462
0.429
0.452
0.466
0.453
0.442
0.418
0.414
0.431
0.45
0.448
0.424
0.44
0.427
0.374
0.436
0.396
0.406
0.398
0.421
0.4
0.404
0.379
0.38
0.419
0.424
0.396
0.392
0.358
0.372
0.353
0.395
0.367
0.364
0.383
0.343
0.347
0.306
0.344
0.329
0.342
0.352
0.338
0.362
0.344
0.334
0.338
0.331
0.351
0.34
0.302
0.34
0.335
0.334
0.34
0.309
0.326
0.324
0.305
0.304
0.33
0.309
0.316
0.263
0.308
0.314
0.312
0.302
0.264
0.32
0.326
0.313
0.31
0.301
0.291
0.275
0.32
0.276
0.296
0.274
0.274
0.293
0.282
0.27
0.288
0.282
0.286
0.291
0.291
0.279
0.277
0.263
0.258
0.281
0.284
0.273
0.285
0.285
0.285
0.276
0.266
0.251
0.285
0.263
0.299
0.287
0.301
0.236
0.299
0.296
0.308
0.293
0.278
0.267
0.269
0.284
0.268
0.27
0.3
0.257
0.277
0.299
0.281
0.271
0.288
0.311
0.282
0.256
0.275
0.267
0.303
0.286
0.301
0.301
0.269
0.283
0.307
0.312
0.264
0.326
0.298
0.278
0.271
0.311
0.319
0.323
0.3
0.28
0.268
0.298
0.317
0.308
0.307
0.299
0.299
0.298
0.289
0.336
0.318
0.352
0.307
0.335
0.282
0.339
0.337
0.312
0.351
0.302
0.347
0.356
0.337
0.358
0.341
0.346
0.337
0.329
0.353
0.352
0.379
0.37
0.348
0.389
0.389
0.36
0.326
0.334
0.403
0.372
0.376
0.362
0.372
0.354
0.397
0.379
0.403
0.407
0.385
0.398
0.446
0.435
0.406
0.404
0.417
0.389
0.411
0.454
0.424
0.417
0.447
0.432
0.443
0.443
0.461
0.417
0.471
0.48
0.493
0.479
0.491
0.469
0.509
0.465
0.485
0.466
0.502
0.454
0.493
0.469
0.487
0.471
0.498
0.46
0.505
0.507
0.527
0.478
0.51
0.497
0.532
0.488
0.51
0.511
0.503
0.514
0.514
0.557
0.514
0.521
0.537
0.58
0.564
0.573
0.553
0.531
0.515
0.499
0.543
0.518
0.558
0.518
0.537
0.527
0.524
0.555
0.51
0.567
0.584
0.556
0.51
0.528
0.551
0.528
0.555
0.555
0.513
0.565
0.502
0.526
0.525
0.537
0.555
0.521
0.563
0.525
0.505
0.54
0.519
0.533
0.525
0.541
0.543
0.546
0.505
0.514
0.551
0.522
0.516
0.487
0.512
0.532
0.511
0.486
0.514
0.484
0.52
0.498
0.486
0.49
0.445
0.439
0.471
0.518
0.494
0.46
0.451
0.524
0.445
0.489
0.455
0.445
0.432
0.478
0.454
0.443
0.444
0.441
0.439
0.443
0.476
0.472
0.462
0.441
0.367
0.432
0.443
0.406
0.411
0.428
0.445
0.435
0.402
0.379
0.421
0.449
0.468
0.418
0.479
0.422
0.399
0.407
0.399
0.418
0.393
0.411
0.422
0.405
0.379
0.399
0.404
0.391
0.405
0.408
0.427
0.44
0.371
0.399
0.422
0.436
0.436
0.424
0.406
0.412
0.439
0.39
0.391
0.411
0.421
0.4
0.451
0.438
0.416
0.43
0.399
0.454
0.421
0.407
0.475
0.4
0.436
0.447
0.483
0.496
0.436
0.422
0.489
0.48
0.438
0.44
0.444
0.461
0.486
0.509
0.488
0.466
0.45
0.501
0.479
0.498
0.501
0.48
0.508
0.486
0.491
0.545
0.51
0.455
0.509
0.483
0.546
0.526
0.506
0.491
0.48
0.494
0.447
0.463
0.5
0.504
0.506
0.539
0.474
0.504
0.465
0.477
0.466
0.5
0.478
0.48
0.485
0.493
0.493
0.52
0.507
0.523
0.494
0.467
0.533
0.512
0.528
0.432
0.528
0.512
0.514
0.499
0.467
0.509
0.481
0.509
0.5
0.564
0.503
0.522
0.511
0.493
0.514
0.473
0.493
0.494
0.567
0.488
0.491
0.501
0.471
0.484
0.455
0.446
0.506
0.475
0.489
0.476
0.435
0.494
0.458
0.457
0.441
0.476
0.442
0.448
0.438
0.452
0.437
0.446
0.384
0.443
0.427
0.453
0.387
0.457
0.394
0.395
0.446
0.419
0.41
0.444
0.417
0.349
0.378
0.4
0.401
0.428
0.407
0.406
0.394
0.419
0.394
0.37
0.379
0.372
0.345
0.366
0.34
0.363
0.317
0.361
0.322
0.377
0.348
0.353
0.368
0.326
0.337
0.355
0.316
0.334
0.337
0.315
0.335
0.345
0.327
0.318
0.316
0.333
0.293
0.29
0.315
0.313
0.303
0.295
0.331
0.29
0.311
0.301
0.272
0.325
0.305
0.296
0.287
0.32
0.267
0.295
0.272
0.319
0.279
0.282
0.286
0.312
0.302
0.284
0.261
0.309
0.296
0.29
0.279
0.263
0.289
0.286
0.278
0.246
0.259
0.266
0.264
0.248
0.263
0.285
0.264
0.283
0.27
0.25
0.256
0.266
0.233
0.285
0.262
0.273
0.268
0.28
0.283
0.293
0.256
0.282
0.284
0.265
0.242
0.262
0.285
0.256
0.254
0.288
0.281
0.258
0.301
0.265
0.295
0.253
0.291
0.273
0.271
0.266
0.258
0.284
0.274
0.296
0.271
0.29
0.294
0.276
0.283
0.281
0.335
0.31
0.305
0.292
0.308
0.294
0.293
0.315
0.275
0.31
0.293
0.312
0.296
0.3
0.333
0.347
0.345
0.336
0.301
0.352
0.295
0.333
0.347
0.339
0.357
0.342
0.367
0.382
0.38
0.324
0.389
0.343
0.365
0.375
0.366
0.397
0.359
0.356
0.391
0.416
0.364
0.361
0.423
0.376
0.447
0.395
0.406
0.426
0.412
0.408
0.424
0.464
0.438
0.423
0.429
0.408
0.46
0.447
0.467
0.463
0.413
0.456
0.445
0.46
0.444
0.478
0.437
0.514
0.47
0.524
0.485
0.501
0.477
0.497
0.481
0.514
0.502
0.53
0.527
0.523
0.469
0.511
0.506
0.52
0.546
0.547
0.525
0.549
0.551
0.547
0.532
0.533
0.542
0.522
0.58
0.553
0.602
0.557
0.569
0.539
0.588
0.533
0.57
0.575
0.525
0.574
0.58
0.569
0.581
0.577
0.533
0.612
0.603
0.606
0.588
0.57
0.585
0.564
0.567
0.559
0.573
0.581
0.551
0.573
0.595
0.567
0.55
0.536
0.583
0.586
0.52
0.512
0.545
0.549
0.55
0.545
0.55
0.532
0.582
0.528
0.51
0.527
0.548
0.52
0.542
0.562
0.522
0.544
0.514
0.537
0.476
0.495
0.461
0.477
0.487
0.463
0.458
0.506
0.484
0.502
0.483
0.484
0.462
0.396
0.462
0.481
0.433
0.481
0.437
0.453
0.438
0.42
0.455
0.436
0.456
0.436
0.444
0.447
0.437
0.464
0.404
0.429
0.443
0.412
0.434
0.421
0.431
0.422
0.418
0.386
0.386
0.406
0.387
0.398
0.404
0.419
0.455
0.384
0.393
0.409
0.404
0.422
0.377
0.428
0.38
0.411
0.381
0.415
0.365
0.396
0.413
0.374
0.389
0.372
0.409
0.381
0.402
0.418
0.383
0.388
0.429
0.416
0.371
0.404
0.398
0.407
0.443
0.429
0.425
0.47
0.417
0.395
0.433
0.434
0.427
0.394
0.424
0.418
0.413
0.418
0.451
0.429
0.433
0.435
0.445
0.434
0.43
0.45
0.441
0.465
0.406
0.466
0.443
0.479
0.452
0.452
0.448
0.455
0.473
0.478
0.475
0.468
0.419
0.483
0.491
0.481
0.492
0.513
0.469
0.48
0.537
0.498
0.509
0.478
0.468
0.5
0.497
0.475
0.507
0.556
0.498
0.526
0.527
0.495
0.484
0.514
0.492
0.51
0.487
0.465
0.505
0.517
0.501
0.52
0.506
0.476
0.471
0.476
0.514
0.538
0.53
0.472
0.506
0.529
0.48
0.502
0.516
0.512
0.511
0.486
0.486
0.47
0.472
0.472
0.46
0.463
0.49
0.55
0.461
0.474
0.484
0.477
0.456
0.473
0.504
0.444
0.442
0.424
0.454
0.468
0.491
0.476
0.435
0.455
0.424
0.464
0.408
0.434
0.447
0.464
0.419
0.431
0.417
0.425
0.439
0.411
0.404
0.412
0.4
0.386
0.427
0.396
0.426
0.408
0.389
0.393
0.414
0.381
0.35
0.398
0.339
0.383
0.376
0.365
0.381
0.387
0.325
0.374
0.354
0.324
0.348
0.348
0.385
0.328
0.335
0.337
0.353
0.321
0.332
0.336
0.353
0.31
0.351
0.31
0.34
0.313
0.315
0.303
0.307
0.318
0.307
0.311
0.308
0.333
0.278
0.275
0.29
0.302
0.256
0.317
0.291
0.286
0.281
0.309
0.32
0.3
0.288
0.293
0.292
0.293
0.266
0.257
0.295
0.293
0.271
0.279
0.272
0.312
0.278
0.296
0.273
0.278
0.291
0.285
0.253
0.274
0.257
0.25
0.262
0.269
0.273
0.265
0.276
0.283
0.282
0.264
0.265
0.251
0.269
0.277
0.253
0.307
0.306
0.261
0.256
0.264
0.286
0.285
0.303
0.249
0.27
0.276
0.251
0.263
0.263
0.255
0.276
0.298
0.288
0.286
0.261
0.272
0.294
0.278
0.274
0.262
0.271
0.282
0.304
0.304
0.301
0.277
0.302
0.282
0.319
0.3
0.343
0.297
0.3
0.294
0.316
0.292
0.3
0.322
0.31
0.282
0.303
0.36
0.311
0.347
0.361
0.326
0.323
0.326
0.362
0.319
0.346
0.349
0.362
0.343
0.379
0.37
0.356
0.342
0.34
0.389
0.366
0.364
0.345
0.38
0.405
0.367
0.382
0.383
0.415
0.388
0.387
0.389
0.409
0.433
0.419
0.4
0.392
0.38
0.46
0.403
0.434
0.444
0.462
0.461
0.453
0.465
0.456
0.464
0.483
0.455
0.465
0.437
0.455
0.513
0.519
0.474
0.533
0.492
0.513
0.51
0.548
0.499
0.52
0.524
0.514
0.516
0.542
0.55
0.562
0.509
0.54
0.559
0.525
0.54
0.591
0.581
0.586
0.595
0.566
0.579
0.537
0.561
0.541
0.601
0.583
0.563
0.582
0.61
0.575
0.616
0.631
0.58
0.56
0.589
0.581
0.592
0.582
0.572
0.579
0.636
0.618
0.579
0.567
0.621
0.605
0.547
0.566
0.603
0.544
0.611
0.562
0.606
0.627
0.565
0.585
0.587
0.55
0.583
0.544
0.554
0.56
0.524
0.538
0.546
0.473
0.527
0.549
0.509
0.544
0.509
0.532
0.497
0.533
0.55
0.526
0.484
0.521
0.532
0.502
0.509
0.511
0.478
0.534
0.51
0.48
0.496
0.517
0.469
0.461
0.459
0.493
0.426
0.469
0.475
0.461
0.441
0.427
0.429
0.419
0.391
0.399
0.433
0.433
0.423
0.449
0.396
0.392
0.433
0.393
0.398
0.35
0.407
0.429
0.365
0.4
0.435
0.37
0.407
0.412
0.385
0.396
0.415
0.386
0.418
0.405
0.389
0.396
0.409
0.397
0.386
0.382
0.36
0.426
0.369
0.375
0.383
0.382
0.379
0.364
0.399
0.412
0.398
0.361
0.422
0.366
0.413
0.329
0.412
0.428
0.364
0.429
0.417
0.407
0.412
0.4
0.397
0.381
0.407
0.431
0.403
0.425
0.42
0.417
0.444
0.45
0.414
0.446
0.372
0.439
0.446
0.419
0.428
0.453
0.43
0.437
0.477
0.443
0.441
0.431
0.439
0.485
0.445
0.454
0.477
0.447
0.484
0.469
0.473
0.466
0.487
0.462
0.474
0.477
0.476
0.447
0.464
0.474
0.479
0.512
0.468
0.486
0.499
0.447
0.476
0.477
0.525
0.506
0.495
0.466
0.488
0.53
0.52
0.5
0.527
0.495
0.501
0.493
0.502
0.514
0.535
0.517
0.477
0.519
0.471
0.504
0.498
0.508
0.49
0.476
0.459
0.506
0.536
0.483
0.491
0.491
0.493
0.499
0.49
0.485
0.497
0.518
0.492
0.524
0.479
0.461
0.492
0.459
0.498
0.471
0.483
0.513
0.475
0.418
0.461
0.413
0.469
0.428
0.433
0.456
0.437
0.462
0.453
0.457
0.435
0.41
0.396
0.445
0.429
0.422
0.422
0.424
0.397
0.421
0.38
0.43
0.371
0.389
0.414
0.413
0.362
0.409
0.399
0.379
0.429
0.362
0.373
0.375
0.379
0.397
0.381
0.351
0.363
0.353
0.354
0.365
0.361
0.329
0.341
0.341
0.379
0.342
0.369
0.304
0.326
0.301
0.315
0.335
0.312
0.325
0.297
0.324
0.32
0.313
0.298
0.298
0.3
0.31
0.309
0.294
0.318
0.295
0.277
0.286
0.305
0.284
0.303
0.294
0.293
0.299
0.259
0.285
0.265
0.299
0.302
0.343
0.25
0.282
0.297
0.268
0.263
0.278
0.287
0.262
0.262
0.309
0.287
0.239
0.276
0.249
0.276
0.278
0.261
0.298
0.27
0.235
0.275
0.248
0.268
0.273
0.277
0.281
0.269
0.266
0.278
0.265
0.25
0.245
0.264
0.279
0.255
0.266
0.264
0.278
0.274
0.259
0.267
0.312
0.276
0.248
0.262
0.274
0.302
0.268
0.29
0.28
0.292
0.261
0.284
0.291
0.28
0.308
0.295
0.278
0.281
0.292
0.277
0.276
0.275
0.334
0.26
0.298
0.295
0.312
0.278
0.278
0.294
0.303
0.322
0.303
0.332
0.323
0.306
0.3
0.307
0.331
0.316
0.307
0.321
0.334
0.326
0.344
0.335
0.383
0.344
0.405
0.365
0.349
0.316
0.38
0.371
0.399
0.383
0.38
0.377
0.418
0.407
0.414
0.403
0.38
0.445
0.418
0.397
0.429
0.421
0.424
0.408
0.438
0.446
0.47
0.441
0.466
0.469
0.473
0.462
0.456
0.47
0.471
0.438
0.469
0.487
0.497
0.495
0.484
0.482
0.505
0.545
0.498
0.521
0.529
0.515
0.551
0.524
0.532
0.524
0.547
0.551
0.561
0.528
0.539
0.587
0.549
0.56
0.589
0.564
0.579
0.553
0.608
0.572
0.583
0.59
0.577
0.596
0.606
0.602
0.56
0.611
0.596
0.564
0.603
0.604
0.593
0.621
0.603
0.569
0.573
0.574
0.612
0.626
0.594
0.59
0.636
0.605
0.599
0.58
0.615
0.576
0.553
0.623
0.626
0.642
0.548
0.575
0.581
0.593
0.567
0.554
0.607
0.565
0.53
0.559
0.561
0.53
0.582
0.504
0.592
0.562
0.515
0.502
0.57
0.564
0.511
0.514
0.518
0.484
0.504
0.487
0.49
0.576
0.519
0.463
0.461
0.47
0.489
0.481
0.48
0.478
0.498
0.455
0.459
0.433
0.455
0.443
0.47
0.41
0.424
0.41
0.46
0.407
0.427
0.416
0.423
0.445
0.411
0.425
0.39
0.396
0.426
0.417
0.376
0.375
0.411
0.399
0.381
0.386
0.394
0.412
0.364
0.403
0.376
0.403
0.386
0.38
0.396
0.395
0.37
0.376
0.373
0.385
0.356
0.383
0.429
0.408
0.385
0.39
0.379
0.363
0.368
0.393
0.362
0.384
0.419
0.402
0.405
0.407
0.353
0.391
0.392
0.376
0.373
0.397
0.39
0.399
0.406
0.375
0.422
0.367
0.415
0.409
0.416
0.411
0.406
0.413
0.429
0.404
0.468
0.389
0.424
0.41
0.414
0.45
0.444
0.469
0.449
0.411
0.464
0.461
0.478
0.446
0.476
0.468
0.453
0.461
0.488
0.465
0.472
0.457
0.448
0.473
0.489
0.489
0.505
0.457
0.456
0.471
0.468
0.488
0.493
0.513
0.481
0.47
0.528
0.491
0.497
0.505
0.459
0.502
0.508
0.455
0.498
0.524
0.516
0.492
0.516
0.45
0.462
0.485
0.451
0.513
0.496
0.525
0.532
0.486
0.484
0.496
0.535
0.515
0.511
0.504
0.502
0.548
0.486
0.519
0.483
0.47
0.465
0.498
0.474
0.465
0.463
0.464
0.491
0.475
0.519
0.5
0.491
0.451
0.468
0.432
0.483
0.464
0.48
0.454
0.415
0.428
0.462
0.418
0.414
0.466
0.461
0.448
0.475
0.44
0.435
0.42
0.397
0.433
0.418
0.436
0.42
0.413
0.401
0.406
0.409
0.353
0.383
0.381
0.374
0.374
0.379
0.4
0.384
0.389
0.389
0.36
0.375
0.413
0.388
0.354
0.381
0.365
0.347
0.361
0.332
0.375
0.339
0.33
0.322
0.347
0.336
0.351
0.328
0.345
0.344
0.327
0.335
0.299
0.301
0.341
0.303
0.335
0.322
0.341
0.322
0.305
0.318
0.299
0.273
0.279
0.289
0.309
0.319
0.319
0.3
0.294
0.312
0.27
0.289
0.303
0.29
0.273
0.292
0.288
0.276
0.293
0.251
0.291
0.277
0.264
0.258
0.285
0.274
0.274
0.258
0.293
0.254
0.267
0.297
0.258
0.241
0.254
0.272
0.272
0.282
0.293
0.266
0.27
0.257
0.256
0.251
0.258
0.242
0.27
0.276
0.244
0.256
0.25
0.247
0.261
0.266
0.264
0.278
0.268
0.268
0.284
0.269
0.275
0.278
0.26
0.293
0.256
0.276
0.272
0.292
0.276
0.259
0.292
0.264
0.3
0.273
0.299
0.297
0.273
0.288
0.296
0.304
0.297
0.315
0.298
0.275
0.322
0.305
0.299
0.306
0.293
0.316
0.256
0.309
0.321
0.29
0.308
0.319
0.356
0.328
0.336
0.341
0.329
0.342
0.391
0.363
0.364
0.327
0.398
0.359
0.391
0.349
0.346
0.392
0.369
0.368
0.403
0.412
0.392
0.394
0.386
0.363
0.397
0.407
0.422
0.465
0.409
0.418
0.42
0.456
0.4
0.435
0.428
0.442
0.481
0.506
0.492
0.496
0.464
0.486
0.502
0.493
0.48
0.482
0.482
0.489
0.491
0.519
0.538
0.503
0.519
0.54
0.528
0.56
0.542
0.522
0.558
0.52
0.515
0.53
0.559
0.565
0.575
0.561
0.562
0.555
0.553
0.573
0.482
0.6
0.552
0.589
0.598
0.534
0.582
0.63
0.619
0.651
0.6
0.617
0.598
0.629
0.593
0.592
0.6
0.596
0.608
0.629
0.563
0.588
0.6
0.597
0.583
0.59
0.629
0.598
0.602
0.579
0.612
0.555
0.554
0.608
0.573
0.57
0.593
0.521
0.599
0.601
0.611
0.556
0.586
0.573
0.531
0.542
0.551
0.565
0.566
0.549
0.547
0.581
0.535
0.49
0.526
0.527
0.535
0.502
0.497
0.512
0.489
0.544
0.506
0.509
0.523
0.491
0.442
0.451
0.438
0.485
0.463
0.493
0.456
0.447
0.438
0.455
0.416
0.416
0.452
0.449
0.445
0.444
0.431
0.414
0.446
0.45
0.405
0.419
0.42
0.365
0.443
0.427
0.372
0.433
0.418
0.437
0.416
0.397
0.377
0.424
0.424
0.374
0.376
0.371
0.384
0.389
0.39
0.406
0.388
0.379
0.371
0.328
0.373
0.384
0.387
0.384
0.352
0.385
0.415
0.392
0.371
0.395
0.354
0.38
0.411
0.393
0.399
0.382
0.358
0.398
0.341
0.383
0.376
0.394
0.38
0.409
0.395
0.406
0.396
0.41
0.387
0.435
0.398
0.433
0.4
0.445
0.411
0.431
0.429
0.421
0.427
0.439
0.45
0.394
0.43
0.455
0.41
0.388
0.418
0.43
0.442
0.432
0.474
0.427
0.454
0.464
0.451
0.491
0.452
0.47
0.461
0.419
0.49
0.456
0.504
0.492
0.462
0.456
0.455
0.486
0.499
0.482
0.501
0.527
0.475
0.516
0.471
0.523
0.506
0.5
0.457
0.493
0.486
0.495
0.47
0.503
0.487
0.534
0.517
0.526
0.514
0.513
0.49
0.496
0.512
0.499
0.489
0.511
0.483
0.508
0.494
0.476
0.511
0.508
0.514
0.518
0.495
0.49
0.47
0.432
0.5
0.533
0.469
0.455
0.502
0.486
0.485
0.486
0.477
0.508
0.488
0.421
0.48
0.498
0.497
0.469
0.452
0.445
0.479
0.424
0.482
0.419
0.427
0.44
0.442
0.408
0.419
0.373
0.438
0.429
0.42
0.424
0.4
0.405
0.416
0.368
0.394
0.431
0.406
0.415
0.384
0.425
0.385
0.357
0.415
0.368
0.356
0.378
0.367
0.35
0.406
0.375
0.341
0.372
0.375
0.34
0.346
0.342
0.354
0.326
0.332
0.379
0.327
0.356
0.346
0.355
0.317
0.321
0.323
0.37
0.282
0.308
0.297
0.304
0.344
0.298
0.285
0.341
0.305
0.321
0.305
0.322
0.311
0.295
0.315
0.288
0.294
0.317
0.264
0.264
0.301
0.279
0.29
0.293
0.277
0.291
0.281
0.279
0.28
0.278
0.267
0.294
0.292
0.291
0.287
0.287
0.235
0.27
0.291
0.245
0.297
0.278
0.274
0.287
0.275
0.271
0.275
0.252
0.25
0.264
0.252
0.264
0.267
0.272
0.228
0.259
0.249
0.295
0.242
0.263
0.27
0.295
0.236
0.243
0.27
0.276
0.282
0.254
0.271
0.29
0.256
0.288
0.257
0.255
0.281
0.29
0.287
0.3
0.284
0.286
0.299
0.263
0.262
0.28
0.314
0.294
0.31
0.269
0.296
0.285
0.315
0.326
0.311
0.307
0.327
0.276
0.281
0.338
0.315
0.338
0.313
0.344
0.311
0.364
0.328
0.311
0.324
0.325
0.355
0.359
0.325
0.343
0.334
0.35
0.337
0.341
0.348
0.351
0.352
0.384
0.365
0.358
0.368
0.381
0.419
0.378
0.411
0.4
0.388
0.386
0.41
0.423
0.418
0.451
0.418
0.472
0.453
0.425
0.418
0.465
0.465
0.427
0.501
0.459
0.48
0.466
0.481
0.461
0.474
0.448
0.508
0.535
0.49
0.499
0.48
0.522
0.504
0.493
0.495
0.506
0.53
0.56
0.502
0.531
0.489
0.544
0.553
0.546
0.579
0.577
0.572
0.583
0.584
0.57
0.52
0.595
0.553
0.536
0.596
0.551
0.615
0.52
0.608
0.597
0.603
0.613
0.585
0.62
0.631
0.59
0.587
0.577
0.58
0.642
0.578
0.605
0.606
0.618
0.583
0.61
0.59
0.6
0.583
0.584
0.572
0.584
0.608
0.625
0.587
0.609
0.558
0.561
0.569
0.605
0.593
0.549
0.557
0.604
0.562
0.53
0.614
0.575
0.568
0.557
0.545
0.561
0.523
0.512
0.497
0.513
0.522
0.503
0.523
0.523
0.494
0.51
0.535
0.512
0.476
0.48
0.505
0.473
0.493
0.468
0.452
0.457
0.47
0.463
0.459
0.468
0.458
0.457
0.464
0.437
0.451
0.467
0.453
0.457
0.471
0.416
0.45
0.4
0.375
0.421
0.402
0.424
0.397
0.408
0.375
0.369
0.391
0.396
0.406
0.386
0.421
0.354
0.402
0.375
0.396
0.42
0.404
0.378
0.385
0.383
0.386
0.381
0.359
0.382
0.383
0.401
0.374
0.34
0.38
0.341
0.391
0.412
0.35
0.379
0.37
0.385
0.359
0.393
0.382
0.395
0.416
0.389
0.363
0.395
0.393
0.417
0.391
0.389
0.38
0.377
0.427
0.372
0.468
0.38
0.439
0.401
0.452
0.446
0.43
0.392
0.416
0.445
0.421
0.39
0.428
0.435
0.448
0.447
0.447
0.467
0.449
0.463
0.433
0.447
0.448
0.457
0.442
0.459
0.465
0.476
0.464
0.449
0.489
0.448
0.463
0.446
0.472
0.495
0.476
0.471
0.468
0.499
0.477
0.469
0.509
0.494
0.486
0.492
0.496
0.497
0.514
0.482
0.537
0.527
0.508
0.5
0.457
0.471
0.512
0.474
0.493
0.519
0.461
0.492
0.493
0.473
0.507
0.508
0.518
0.52
0.512
0.48
0.472
0.478
0.458
0.525
0.464
0.448
0.471
0.493
0.485
0.495
0.514
0.527
0.537
0.441
0.48
0.442
0.478
0.479
0.499
0.475
0.45
0.493
0.48
0.477
0.418
0.491
0.412
0.476
0.448
0.414
0.435
0.474
0.433
0.456
0.409
0.448
0.42
0.453
0.39
0.409
0.443
0.432
0.428
0.416
0.445
0.4
0.389
0.401
0.371
0.429
0.422
0.367
0.401
0.4
0.406
0.337
0.371
0.378
0.381
0.363
0.35
0.413
0.382
0.362
0.348
0.36
0.335
0.33
0.368
0.355
0.339
0.337
0.347
0.338
0.359
0.33
0.345
0.309
0.321
0.307
0.281
0.32
0.335
0.289
0.344
0.291
0.357
0.304
0.329
0.289
0.306
0.307
0.325
0.315
0.29
0.297
0.293
0.301
0.29
0.299
0.281
0.286
0.299
0.256
0.264
0.254
0.282
0.251
0.237
0.271
0.28
0.29
0.245
0.257
0.274
0.261
0.271
0.28
0.279
0.287
0.253
0.278
0.281
0.296
0.263
0.266
0.282
0.259
0.257
0.282
0.245
0.259
0.294
0.262
0.275
0.272
0.268
0.286
0.243
0.262
0.255
0.266
0.264
0.306
0.265
0.257
0.254
0.273
0.297
0.24
0.266
0.273
0.3
0.284
0.258
0.267
0.278
0.314
0.262
0.31
0.263
0.241
0.287
0.281
0.262
0.271
0.296
0.283
0.308
0.29
0.297
0.309
0.288
0.313
0.318
0.315
0.324
0.322
0.308
0.327
0.296
0.276
0.324
0.318
0.341
0.367
0.336
0.311
0.331
0.352
0.331
0.369
0.366
0.348
0.322
0.346
0.382
0.344
0.392
0.36
0.374
0.383
0.36
0.4
0.401
0.405
0.415
0.387
0.403
0.438
0.424
0.456
0.412
0.419
0.407
0.411
0.448
0.446
0.425
0.471
0.453
0.432
0.456
0.437
0.461
0.483
0.476
0.486
0.462
0.493
0.498
0.527
0.455
0.501
0.504
0.484
0.497
0.502
0.521
0.543
0.534
0.527
0.529
0.558
0.519
0.499
0.525
0.526
0.555
0.548
0.522
0.591
0.576
0.571
0.499
0.561
0.576
0.566
0.578
0.593
0.598
0.597
0.601
0.586
0.606
0.591
0.581
0.613
0.603
0.592
0.664
0.575
0.582
0.653
0.651
0.611
0.553
0.608
0.634
0.603
0.631
0.616
0.592
0.662
0.575
0.584
0.608
0.632
0.617
0.575
0.602
0.569
0.634
0.573
0.561
0.572
0.566
0.559
0.532
0.58
0.505
0.526
0.544
0.535
0.556
0.539
0.553
0.537
0.541
0.53
0.545
0.516
0.518
0.52
0.506
0.507
0.493
0.49
0.519
0.489
0.512
0.45
0.512
0.471
0.499
0.46
0.481
0.463
0.461
0.453
0.461
0.474
0.45
0.449
0.455
0.442
0.414
0.418
0.419
0.439
0.441
0.412
0.377
0.43
0.395
0.402
0.438
0.359
0.388
0.363
0.396
0.396
0.409
0.363
0.404
0.4
0.433
0.375
0.401
0.403
0.387
0.362
0.373
0.396
0.381
0.384
0.345
0.382
0.401
0.357
0.401
0.36
0.378
0.359
0.394
0.348
0.382
0.411
0.42
0.35
0.391
0.38
0.355
0.385
0.384
0.374
0.396
0.404
0.371
0.404
0.381
0.434
0.383
0.414
0.378
0.4
0.401
0.39
0.456
0.389
0.425
0.444
0.404
0.399
0.434
0.414
0.437
0.411
0.419
0.428
0.48
0.405
0.441
0.439
0.454
0.477
0.485
0.445
0.492
0.434
0.466
0.467
0.478
0.467
0.461
0.458
0.45
0.442
0.451
0.48
0.457
0.468
0.473
0.489
0.452
0.469
0.495
0.47
0.484
0.461
0.486
0.483
0.484
0.461
0.474
0.504
0.53
0.511
0.484
0.498
0.523
0.5
0.486
0.497
0.5
0.467
0.5
0.508
0.5
0.52
0.492
0.511
0.466
0.501
0.475
0.505
0.461
0.494
0.494
0.493
0.52
0.495
0.49
0.484
0.514
0.497
0.481
0.494
0.456
0.468
0.485
0.466
0.445
0.487
0.522
0.442
0.462
0.489
0.443
0.472
0.465
0.435
0.448
0.456
0.433
0.455
0.438
0.471
0.446
0.46
0.399
0.406
0.419
0.441
0.369
0.433
0.42
0.399
0.404
0.454
0.4
0.402
0.393
0.424
0.425
0.406
0.384
0.414
0.404
0.383
0.394
0.4
0.372
0.387
0.343
0.39
0.365
0.348
0.364
0.357
0.344
0.346
0.37
0.317
0.321
0.291
0.354
0.346
0.335
0.321
0.34
0.36
0.345
0.329
0.318
0.342
0.322
0.337
0.319
0.31
0.328
0.338
0.333
0.306
0.344
0.315
0.31
0.308
0.301
0.319
0.307
0.273
0.278
0.287
0.3
0.306
0.271
0.295
0.292
0.292
0.262
0.273
0.234
0.282
0.274
0.28
0.244
0.309
0.31
0.264
0.255
0.259
0.282
0.283
0.282
0.276
0.261
0.282
0.278
0.266
0.268
0.283
0.265
0.272
0.262
0.243
0.255
0.269
0.257
0.275
0.272
0.276
0.256
0.24
0.285
0.27
0.244
0.301
0.265
0.269
0.238
0.243
0.27
0.312
0.262
0.249
0.261
0.249
0.258
0.279
0.274
0.249
0.303
0.267
0.286
0.263
0.3
0.278
0.292
0.306
0.271
0.296
0.237
0.277
0.304
0.291
0.295
0.284
0.311
0.29
0.317
0.319
0.31
0.322
0.324
0.299
0.303
0.354
0.33
0.351
0.324
0.35
0.345
0.313
0.363
0.344
0.319
0.369
0.354
0.375
0.358
0.372
0.369
0.336
0.369
0.366
0.363
0.378
0.423
0.381
0.351
0.403
0.396
0.416
0.404
0.404
0.398
0.419
0.413
0.422
0.444
0.443
0.461
0.431
0.421
0.428
0.448
0.49
0.452
0.45
0.457
0.468
0.497
0.485
0.506
0.489
0.502
0.503
0.528
0.477
0.484
0.509
0.501
0.508
0.537
0.499
0.595
0.54
0.563
0.563
0.522
0.553
0.542
0.528
0.581
0.524
0.542
0.575
0.559
0.526
0.566
0.572
0.556
0.603
0.592
0.611
0.564
0.606
0.619
0.593
0.611
0.592
0.586
0.598
0.62
0.621
0.661
0.534
0.597
0.649
0.586
0.578
0.633
0.612
0.592
0.579
0.641
0.625
0.628
0.59
0.582
0.59
0.602
0.576
0.607
0.595
0.588
0.542
0.606
0.581
0.579
0.539
0.547
0.584
0.527
0.562
0.588
0.548
0.52
0.537
0.544
0.543
0.545
0.517
0.516
0.507
0.488
0.547
0.536
0.489
0.511
0.492
0.481
0.491
0.518
0.509
0.548
0.498
0.471
0.464
0.516
0.483
0.472
0.492
0.464
0.454
0.429
0.419
0.447
0.442
0.453
0.426
0.443
0.409
0.414
0.424
0.411
0.389
0.426
0.417
0.426
0.418
0.413
0.437
0.411
0.413
0.408
0.419
0.356
0.369
0.396
0.387
0.398
0.391
0.35
0.367
0.351
0.377
0.414
0.37
0.382
0.384
0.37
0.383
0.365
0.375
0.342
0.408
0.39
0.352
0.384
0.42
0.382
0.385
0.384
0.379
0.377
0.418
0.424
0.414
0.363
0.402
0.357
0.427
0.384
0.393
0.39
0.401
0.39
0.384
0.41
0.434
0.378
0.398
0.406
0.413
0.407
0.458
0.424
0.388
0.393
0.439
0.377
0.423
0.41
0.411
0.45
0.412
0.437
0.433
0.413
0.437
0.449
0.454
0.452
0.459
0.463
0.493
0.463
0.477
0.447
0.498
0.477
0.487
0.479
0.443
0.465
0.463
0.481
0.457
0.468
0.487
0.501
0.484
0.465
0.478
0.49
0.467
0.484
0.512
0.502
0.538
0.508
0.464
0.542
0.488
0.513
0.513
0.511
0.508
0.503
0.481
0.479
0.494
0.524
0.486
0.492
0.493
0.515
0.489
0.508
0.519
0.484
0.489
0.498
0.488
0.527
0.46
0.459
0.518
0.454
0.475
0.488
0.441
0.473
0.479
0.423
0.482
0.459
0.481
0.436
0.455
0.499
0.453
0.495
0.477
0.435
0.47
0.423
0.466
0.451
0.454
0.448
0.476
0.443
0.404
0.412
0.407
0.411
0.416
0.441
0.404
0.452
0.414
0.432
0.451
0.423
0.379
0.372
0.416
0.392
0.393
0.373
0.384
0.359
0.413
0.374
0.411
0.372
0.391
0.372
0.375
0.378
0.403
0.352
0.368
0.355
0.361
0.351
0.34
0.317
0.365
0.363
0.349
0.342
0.4
0.355
0.325
0.311
0.338
0.309
0.317
0.314
0.319
0.349
0.305
0.337
0.292
0.304
0.283
0.293
0.263
0.276
0.306
0.273
0.312
0.298
0.3
0.322
0.263
0.296
0.295
0.293
0.289
0.288
0.288
0.318
0.295
0.279
0.289
0.286
0.286
0.262
0.26
0.29
0.241
0.275
0.277
0.259
0.276
0.273
0.303
0.245
0.288
0.263
0.264
0.268
0.275
0.276
0.267
0.261
0.257
0.281
0.225
0.293
0.262
0.268
0.278
0.275
0.27
0.252
0.253
0.255
0.277
0.267
0.299
0.252
0.278
0.286
0.269
0.273
0.27
0.283
0.277
0.278
0.294
0.317
0.268
0.311
0.293
0.261
0.303
0.277
0.299
0.294
0.279
0.288
0.298
0.272
0.275
0.259
0.287
0.282
0.307
0.313
0.301
0.329
0.319
0.289
0.284
0.336
0.3
0.301
0.318
0.326
0.316
0.305
0.311
0.326
0.347
0.356
0.338
0.349
0.337
0.352
0.342
0.349
0.365
0.357
0.342
0.375
0.383
0.372
0.394
0.381
0.375
0.409
0.39
0.397
0.441
0.425
0.43
0.427
0.427
0.407
0.427
0.429
0.437
0.454
0.44
0.43
0.443
0.48
0.465
0.469
0.514
0.459
0.487
0.445
0.492
0.452
0.483
0.508
0.487
0.516
0.532
0.51
0.504
0.508
0.565
0.514
0.533
0.535
0.557
0.548
0.566
0.542
0.558
0.56
0.572
0.576
0.544
0.561
0.54
0.542
0.548
0.571
0.592
0.576
0.57
0.589
0.575
0.606
0.573
0.619
0.597
0.584
0.632
0.58
0.617
0.61
0.592
0.593
0.559
0.633
0.599
0.562
0.604
0.608
0.623
0.594
0.61
0.607
0.561
0.605
0.593
0.639
0.574
0.557
0.566
0.598
0.583
0.598
0.554
0.589
0.576
0.564
0.579
0.575
0.587
0.58
0.579
0.562
0.519
0.537
0.523
0.53
0.562
0.518
0.534
0.518
0.541
0.514
0.483
0.535
0.529
0.501
0.513
0.476
0.531
0.498
0.48
0.449
0.456
0.484
0.467
0.48
0.483
0.474
0.419
0.481
0.433
0.433
0.448
0.439
0.441
0.468
0.412
0.42
0.443
0.429
0.42
0.416
0.4
0.413
0.396
0.41
0.37
0.406
0.412
0.432
0.394
0.451
0.392
0.379
0.409
0.4
0.406
0.414
0.394
0.429
0.402
0.358
0.379
0.411
0.373
0.39
0.386
0.394
0.375
0.386
0.353
0.372
0.345
0.357
0.388
0.38
0.404
0.39
0.362
0.38
0.382
0.365
0.388
0.38
0.413
0.374
0.396
0.392
0.388
0.409
0.395
0.379
0.45
0.4
0.413
0.421
0.424
0.353
0.45
0.418
0.397
0.408
0.401
0.4
0.45
0.435
0.451
0.455
0.413
0.402
0.447
0.432
0.422
0.423
0.419
0.456
0.455
0.444
0.437
0.454
0.437
0.466
0.484
0.44
0.508
0.444
0.433
0.443
0.493
0.471
0.466
0.463
0.488
0.451
0.474
0.463
0.493
0.47
0.548
0.493
0.465
0.494
0.491
0.481
0.501
0.502
0.526
0.456
0.477
0.524
0.503
0.52
0.501
0.5
0.483
0.515
0.516
0.489
0.512
0.525
0.521
0.485
0.504
0.481
0.472
0.5
0.494
0.505
0.522
0.484
0.487
0.441
0.504
0.476
0.478
0.444
0.529
0.482
0.519
0.457
0.482
0.507
0.45
0.469
0.504
0.485
0.442
0.47
0.449
0.462
0.447
0.462
0.474
0.434
0.457
0.423
0.414
0.441
0.408
0.456
0.445
0.424
0.411
0.399
0.434
0.436
0.403
0.388
0.432
0.402
0.407
0.423
0.412
0.421
0.408
0.374
0.391
0.415
0.372
0.376
0.372
0.351
0.349
0.391
0.396
0.381
0.364
0.359
0.345
0.382
0.343
0.351
0.342
0.335
0.32
0.371
0.314
0.314
0.33
0.295
0.327
0.351
0.325
0.318
0.305
0.346
0.349
0.306
0.325
0.334
0.291
0.296
0.311
0.325
0.299
0.313
0.293
0.297
0.321
0.299
0.325
0.28
0.296
0.277
0.274
0.303
0.295
0.269
0.307
0.277
0.31
0.28
0.302
0.287
0.256
0.292
0.274
0.291
0.267
0.303
0.278
0.253
0.309
0.269
0.25
0.26
0.297
0.272
0.22
0.278
0.271
0.263
0.304
0.294
0.294
0.272
0.246
0.297
0.263
0.251
0.289
0.283
0.255
0.245
0.254
0.235
0.259
0.299
0.265
0.278
0.273
0.289
0.285
0.263
0.277
0.292
0.281
0.252
0.261
0.256
0.27
0.261
0.275
0.284
0.248
0.291
0.275
0.3
0.304
0.291
0.265
0.283
0.314
0.306
0.312
0.317
0.305
0.293
0.311
0.304
0.281
0.326
0.327
0.318
0.304
0.334
0.345
0.305
0.317
0.327
0.36
0.347
0.354
0.331
0.302
0.357
0.322
0.366
0.361
0.36
0.368
0.337
0.365
0.367
0.38
0.417
0.397
0.397
0.362
0.408
0.362
0.38
0.411
0.408
0.41
0.439
0.399
0.395
0.437
0.423
0.439
0.436
0.459
0.46
0.472
0.411
0.451
0.445
0.491
0.454
0.458
0.493
0.439
0.444
0.458
0.494
0.54
0.499
0.493
0.522
0.494
0.524
0.502
0.507
0.519
0.568
0.545
0.54
0.528
0.53
0.562
0.562
0.521
0.55
0.543
0.534
0.569
0.601
0.54
0.582
0.561
0.561
0.609
0.56
0.576
0.567
0.563
0.578
0.631
0.579
0.602
0.612
0.575
0.626
0.588
0.597
0.635
0.593
0.583
0.618
0.628
0.615
0.619
0.593
0.566
0.556
0.585
0.563
0.616
0.621
0.633
0.561
0.608
0.582
0.566
0.617
0.562
0.615
0.563
0.569
0.566
0.568
0.554
0.622
0.583
0.537
0.543
0.553
0.539
0.529
0.549
0.501
0.571
0.532
0.465
0.57
0.549
0.477
0.536
0.501
0.513
0.49
0.515
0.452
0.496
0.487
0.465
0.516
0.484
0.499
0.476
0.471
0.458
0.421
0.435
0.473
0.435
0.465
0.459
0.461
0.445
0.455
0.455
0.435
0.441
0.406
0.414
0.419
0.45
0.409
0.375
0.41
0.398
0.408
0.414
0.41
0.417
0.388
0.403
0.369
0.394
0.369
0.364
0.374
0.355
0.402
0.384
0.383
0.381
0.396
0.368
0.368
0.352
0.405
0.388
0.391
0.373
0.382
0.401
0.364
0.372
0.397
0.365
0.369
0.414
0.375
0.373
0.353
0.389
0.374
0.404
0.395
0.361
0.445
0.386
0.37
0.419
0.406
0.392
0.411
0.405
0.455
0.382
0.391
0.425
0.414
0.419
0.407
0.436
0.413
0.419
0.404
0.425
0.443
0.424
0.375
0.411
0.479
0.446
0.452
0.47
0.461
0.437
0.446
0.473
0.478
0.477
0.478
0.456
0.454
0.495
0.506
0.459
0.481
0.438
0.481
0.495
0.507
0.48
0.506
0.442
0.453
0.482
0.515
0.486
0.433
0.497
0.488
0.468
0.487
0.514
0.504
0.521
0.503
0.533
0.492
0.472
0.49
0.456
0.494
0.477
0.466
0.471
0.522
0.509
0.473
0.489
0.476
0.5
0.52
0.498
0.534
0.542
0.482
0.507
0.453
0.497
0.519
0.474
0.509
0.489
0.489
0.465
0.441
0.5
0.463
0.477
0.449
0.444
0.464
0.448
0.48
0.436
0.45
0.483
0.489
0.433
0.45
0.444
0.483
0.48
0.426
0.428
0.423
0.46
0.383
0.454
0.397
0.389
0.418
0.456
0.435
0.432
0.426
0.404
0.423
0.363
0.402
0.419
0.357
0.424
0.364
0.394
0.381
0.362
0.378
0.418
0.368
0.389
0.339
0.373
0.406
0.366
0.387
0.348
0.373
0.359
0.331
0.341
0.332
0.362
0.334
0.346
0.319
0.339
0.341
0.359
0.354
0.325
0.336
0.302
0.333
0.323
0.336
0.322
0.324
0.302
0.287
0.3
0.31
0.315
0.321
0.304
0.281
0.29
0.283
0.295
0.281
0.292
0.278
0.292
0.307
0.305
0.31
0.281
0.269
0.284
0.251
0.273
0.274
0.284
0.297
0.271
0.298
0.291
0.276
0.276
0.293
0.291
0.285
0.32
0.261
0.262
0.286
0.276
0.268
0.285
0.272
0.307
0.304
0.273
0.271
0.273
0.274
0.256
0.264
0.251
0.279
0.244
0.274
0.27
0.251
0.235
0.273
0.312
0.281
0.237
0.232
0.282
0.263
0.276
0.263
0.309
0.29
0.284
0.276
0.289
0.267
0.255
0.304
0.277
0.264
0.276
0.288
0.287
0.308
0.308
0.243
0.309
0.278
0.274
0.301
0.286
0.305
0.31
0.3
0.31
0.273
0.294
0.356
0.298
0.316
0.326
0.341
0.335
0.309
0.319
0.319
0.307
0.333
0.338
0.35
0.327
0.342
0.347
0.327
0.35
0.349
0.393
0.362
0.355
0.41
0.357
0.379
0.366
0.386
0.36
0.411
0.377
0.403
0.402
0.413
0.416
0.428
0.448
0.402
0.472
0.409
0.455
0.424
0.459
0.469
0.473
0.439
0.494
0.459
0.485
0.462
0.493
0.455
0.484
0.48
0.49
0.465
0.517
0.483
0.554
0.509
0.515
0.525
0.508
0.549
0.545
0.503
0.576
0.548
0.557
0.558
0.557
0.59
0.534
0.557
0.57
0.595
0.579
0.604
0.583
0.57
0.618
0.577
0.576
0.564
0.612
0.614
0.604
0.578
0.578
0.637
0.588
0.549
0.586
0.588
0.626
0.623
0.585
0.628
0.601
0.617
0.605
0.625
0.603
0.592
0.561
0.608
0.653
0.637
0.587
0.553
0.587
0.593
0.55
0.599
0.567
0.617
0.55
0.549
0.574
0.545
0.548
0.575
0.561
0.545
0.555
0.557
0.552
0.567
0.581
0.57
0.551
0.491
0.527
0.545
0.504
0.514
0.565
0.55
0.464
0.53
0.491
0.499
0.472
0.49
0.493
0.472
0.485
0.48
0.489
0.469
0.456
0.446
0.442
0.446
0.426
0.426
0.416
0.458
0.434
0.44
0.428
0.39
0.4
0.43
0.446
0.411
0.391
0.411
0.434
0.424
0.371
0.425
0.365
0.376
0.408
0.409
0.41
0.395
0.342
0.395
0.403
0.378
0.406
0.425
0.406
0.374
0.426
0.413
0.407
0.402
0.367
0.38
0.383
0.38
0.411
0.399
0.382
0.359
0.367
0.374
0.372
0.366
0.421
0.369
0.358
0.376
0.347
0.409
0.359
0.388
0.377
0.411
0.341
0.412
0.397
0.403
0.411
0.389
0.42
0.417
0.402
0.409
0.398
0.414
0.427
0.441
0.428
0.402
0.397
0.434
0.42
0.426
0.412
0.466
0.389
0.431
0.453
0.444
0.419
0.437
0.449
0.438
0.428
0.436
0.459
0.46
0.466
0.486
0.471
0.454
0.457
0.436
0.536
0.476
0.492
0.488
0.49
0.429
0.495
0.485
0.451
0.49
0.486
0.442
0.497
0.524
0.481
0.503
0.491
0.491
0.497
0.455
0.469
0.512
0.5
0.461
0.505
0.457
0.488
0.5
0.532
0.487
0.501
0.52
0.487
0.529
0.484
0.496
0.489
0.458
0.494
0.472
0.504
0.467
0.494
0.501
0.495
0.475
0.478
0.491
0.492
0.483
0.499
0.463
0.479
0.5
0.494
0.509
0.49
0.487
0.446
0.41
0.449
0.45
0.425
0.474
0.462
0.417
0.476
0.422
0.444
0.429
0.404
0.424
0.464
0.462
0.444
0.428
0.419
0.408
0.391
0.391
0.398
0.377
0.43
0.381
0.387
0.384
0.402
0.415
0.399
0.371
0.412
0.444
0.361
0.375
0.381
0.349
0.365
0.393
0.348
0.328
0.356
0.322
0.355
0.345
0.325
0.334
0.338
0.308
0.328
0.343
0.329
0.354
0.365
0.306
0.355
0.339
0.317
0.326
0.284
0.323
0.327
0.278
0.328
0.305
0.316
0.307
0.324
0.301
0.303
0.31
0.257
0.317
0.302
0.29
0.32
0.282
0.276
0.282
0.298
0.301
0.268
0.274
0.312
0.293
0.284
0.288
0.291
0.277
0.274
0.271
0.282
0.289
0.259
0.282
0.285
0.284
0.275
0.265
0.278
0.266
0.273
0.242
0.271
0.268
0.247
0.259
0.243
0.27
0.266
0.282
0.276
0.298
0.268
0.252
0.259
0.266
0.26
0.286
0.299
0.3
0.262
0.281
0.291
0.279
0.285
0.251
0.264
0.259
0.255
0.307
0.299
0.265
0.248
0.284
0.283
0.27
0.274
0.287
0.286
0.263
0.303
0.31
0.288
0.306
0.327
0.303
0.283
0.315
0.289
0.323
0.283
0.293
0.311
0.315
0.341
0.313
0.305
0.342
0.327
0.324
0.324
0.334
0.358
0.319
0.365
0.313
0.351
0.32
0.341
0.394
0.368
0.347
0.382
0.355
0.37
0.344
0.404
0.387
0.356
0.389
0.407
0.377
0.407
0.401
0.396
0.387
0.458
0.409
0.424
0.465
0.454
0.439
0.409
0.441
0.442
0.426
0.44
0.442
0.481
0.442
0.491
0.465
0.459
0.488
0.47
0.477
0.438
0.544
0.509
0.486
0.489
0.524
0.509
0.515
0.517
0.499
0.548
0.544
0.537
0.557
0.551
0.54
0.553
0.558
0.559
0.576
0.56
0.592
0.557
0.56
0.636
0.58
0.574
0.619
0.554
0.617
0.589
0.56
0.57
0.597
0.6
0.54
0.576
0.627
0.588
0.649
0.588
0.568
0.564
0.582
0.567
0.617
0.577
0.605
0.603
0.595
0.585
0.629
0.629
0.615
0.56
0.604
0.6
0.55
0.571
0.598
0.602
0.592
0.626
0.549
0.581
0.557
0.545
0.564
0.591
0.55
0.557
0.58
0.525
0.535
0.515
0.566
0.512
0.554
0.533
0.517
0.56
0.529
0.501
0.486
0.545
0.502
0.477
0.495
0.519
0.485
0.464
0.477
0.495
0.463
0.502
0.457
0.465
0.436
0.428
0.449
0.488
0.452
0.432
0.431
0.415
0.47
0.43
0.439
0.445
0.431
0.428
0.421
0.393
0.417
0.411
0.428
0.435
0.388
0.402
0.381
0.356
0.422
0.394
0.406
0.422
0.391
0.404
0.352
0.393
0.36
0.395
0.377
0.401
0.413
0.376
0.4
0.393
0.393
0.41
0.368
0.427
0.367
0.337
0.418
0.396
0.351
0.407
0.37
0.375
0.361
0.416
0.354
0.394
0.369
0.406
0.382
0.431
0.382
0.394
0.401
0.434
0.41
0.366
0.379
0.43
0.393
0.377
0.398
0.451
0.426
0.406
0.424
0.409
0.368
0.395
0.448
0.432
0.441
0.433
0.432
0.458
0.42
0.463
0.456
0.455
0.439
0.434
0.421
0.416
0.469
0.465
0.479
0.425
0.469
0.446
0.481
0.466
0.509
0.438
0.527
0.472
0.476
0.471
0.488
0.502
0.492
0.498
0.474
0.507
0.471
0.48
0.514
0.506
0.517
0.495
0.49
0.501
0.493
0.455
0.46
0.469
0.477
0.484
0.504
0.471
0.481
0.508
0.479
0.509
0.533
0.503
0.51
0.491
0.46
0.484
0.486
0.49
0.464
0.493
0.52
0.462
0.487
0.479
0.489
0.493
0.505
0.49
0.506
0.465
0.511
0.458
0.457
0.509
0.449
0.49
0.441
0.421
0.445
0.454
0.457
0.455
0.477
0.444
0.402
0.434
0.46
0.413
0.42
0.41
0.439
0.436
0.441
0.404
0.396
0.453
0.434
0.399
0.431
0.423
0.383
0.417
0.391
0.417
0.402
0.391
0.373
0.398
0.392
0.379
0.365
0.367
0.387
0.366
0.376
0.38
0.385
0.369
0.379
0.377
0.397
0.335
0.326
0.326
0.32
0.367
0.348
0.341
0.359
0.353
0.34
0.349
0.318
0.323
0.337
0.329
0.336
0.327
0.312
0.338
0.311
0.324
0.321
0.316
0.319
0.303
0.315
0.288
0.276
0.266
0.307
0.285
0.293
0.298
0.308
0.282
0.3
0.309
0.297
0.293
0.245
0.274
0.311
0.306
0.284
0.288
0.282
0.277
0.269
0.287
0.275
0.221
0.271
0.26
0.279
0.3
0.257
0.263
0.265
0.264
0.251
0.25
0.27
0.262
0.29
0.259
0.28
0.26
0.281
0.265
0.265
0.261
0.292
0.28
0.293
0.269
0.255
0.241
0.267
0.281
0.242
0.254
0.277
0.29
0.284
0.293
0.251
0.279
0.27
0.265
0.261
0.309
0.243
0.288
0.272
0.268
0.269
0.297
0.256
0.296
0.28
0.307
0.293
0.33
0.288
0.312
0.301
0.278
0.332
0.302
0.307
0.321
0.324
0.302
0.314
0.318
0.323
0.339
0.319
0.347
0.304
0.356
0.331
0.342
0.351
0.335
0.386
0.358
0.348
0.342
0.357
0.372
0.373
0.359
0.376
0.37
0.371
0.367
0.407
0.388
0.389
0.4
0.435
0.398
0.397
0.4
0.442
0.404
0.446
0.459
0.387
0.377
0.44
0.428
0.457
0.471
0.465
0.457
0.452
0.447
0.457
0.489
0.453
0.46
0.45
0.482
0.49
0.467
0.491
0.503
0.502
0.48
0.537
0.551
0.534
0.525
0.521
0.536
0.514
0.512
0.548
0.584
0.535
0.569
0.573
0.578
0.57
0.573
0.567
0.555
0.546
0.528
0.555
0.572
0.558
0.587
0.57
0.586
0.582
0.62
0.609
0.613
0.581
0.64
0.587
0.628
0.618
0.578
0.619
0.604
0.568
0.582
0.625
0.586
0.609
0.62
0.586
0.572
0.578
0.59
0.62
0.628
0.607
0.582
0.588
0.572
0.618
0.601
0.567
0.562
0.576
0.579
0.564
0.608
0.527
0.592
0.591
0.525
0.562
0.555
0.56
0.553
0.561
0.545
0.514
0.528
0.521
0.502
0.503
0.531
0.477
0.54
0.511
0.495
0.495
0.5
0.496
0.474
0.456
0.464
0.446
0.478
0.478
0.449
0.415
0.462
0.435
0.446
0.437
0.426
0.44
0.432
0.451
0.446
0.426
0.436
0.441
0.418
0.407
0.408
0.395
0.369
0.395
0.367
0.396
0.418
0.39
0.407
0.371
0.387
0.387
0.431
0.353
0.394
0.402
0.394
0.395
0.402
0.372
0.378
0.409
0.377
0.376
0.417
0.352
0.396
0.353
0.362
0.332
0.393
0.408
0.387
0.385
0.403
0.367
0.391
0.399
0.409
0.375
0.361
0.419
0.402
0.388
0.38
0.358
0.397
0.392
0.386
0.429
0.411
0.462
0.379
0.448
0.372
0.438
0.418
0.402
0.44
0.409
0.39
0.451
0.421
0.457
0.416
0.432
0.42
0.433
0.462
0.443
0.454
0.474
0.443
0.459
0.436
0.459
0.438
0.443
0.44
0.435
0.476
0.482
0.49
0.45
0.464
0.502
0.483
0.47
0.489
0.463
0.446
0.461
0.484
0.485
0.492
0.499
0.49
0.46
0.487
0.468
0.496
0.483
0.487
0.482
0.496
0.507
0.508
0.503
0.506
0.505
0.468
0.492
0.498
0.49
0.495
0.485
0.531
0.482
0.51
0.513
0.46
0.48
0.516
0.477
0.466
0.519
0.495
0.433
0.514
0.515
0.453
0.489
0.473
0.475
0.496
0.491
0.493
0.457
0.466
0.504
0.459
0.477
0.462
0.448
0.442
0.452
0.441
0.448
0.5
0.456
0.444
0.468
0.442
0.456
0.417
0.406
0.429
0.443
0.432
0.415
0.457
0.414
0.388
0.379
0.435
0.43
0.418
0.437
0.448
0.404
0.386
0.388
0.435
0.396
0.38
0.398
0.38
0.376
0.37
0.388
0.354
0.384
0.345
0.371
0.34
0.341
0.332
0.357
0.355
0.352
0.345
0.356
0.357
0.319
0.37
0.352
0.352
0.355
0.341
0.345
0.347
0.308
0.318
0.327
0.315
0.332
0.302
0.303
0.3
0.298
0.318
0.327
0.278
0.336
0.295
0.308
0.301
0.302
0.276
0.28
0.286
0.274
0.277
0.289
0.292
0.249
0.309
0.282
0.291
0.235
0.267
0.246
0.289
0.251
0.272
0.281
0.295
0.243
0.292
0.288
0.246
0.279
0.262
0.24
0.242
0.259
0.249
0.285
0.273
0.275
0.27
0.277
0.265
0.29
0.259
0.23
0.267
0.257
0.258
0.284
0.295
0.269
0.287
0.265
0.25
0.268
0.29
0.285
0.256
0.319
0.277
0.273
0.276
0.278
0.287
0.294
0.3
0.28
0.259
0.304
0.279
0.277
0.274
0.303
0.261
0.256
0.296
0.304
0.297
0.261
0.321
0.289
0.298
0.28
0.297
0.296
0.304
0.309
0.313
0.311
0.311
0.305
0.324
0.322
0.333
0.331
0.357
0.337
0.354
0.352
0.381
0.339
0.357
0.355
0.376
0.337
0.337
0.345
0.353
0.393
0.344
0.377
0.393
0.377
0.394
0.383
0.377
0.397
0.396
0.407
0.415
0.403
0.375
0.41
0.397
0.438
0.439
0.441
0.448
0.46
0.47
0.453
0.451
0.431
0.458
0.49
0.453
0.494
0.485
0.511
0.471
0.474
0.485
0.482
0.492
0.504
0.49
0.465
0.519
0.523
0.544
0.517
0.543
0.528
0.482
0.544
0.58
0.522
0.541
0.58
0.573
0.54
0.576
0.538
0.568
0.561
0.556
0.528
0.573
0.603
0.589
0.582
0.577
0.619
0.618
0.611
0.578
0.631
0.608
0.625
0.552
0.598
0.627
0.584
0.545
0.634
0.586
0.565
0.586
0.576
0.614
0.632
0.579
0.59
0.561
0.553
0.565
0.647
0.568
0.56
0.621
0.608
0.584
0.615
0.606
0.585
0.595
0.553
0.535
0.58
0.579
0.579
0.563
0.538
0.578
0.503
0.532
0.556
0.55
0.581
0.522
0.559
0.527
0.508
0.519
0.494
0.542
0.477
0.45
0.49
0.479
0.493
0.476
0.515
0.465
0.457
0.487
0.481
0.461
0.481
0.451
0.486
0.444
0.411
0.45
0.439
0.416
0.464
0.44
0.447
0.421
0.406
0.414
0.403
0.432
0.392
0.43
0.377
0.409
0.399
0.382
0.397
0.423
0.419
0.4
0.394
0.361
0.384
0.413
0.379
0.372
0.411
0.393
0.384
0.447
0.389
0.385
0.4
0.396
0.37
0.385
0.358
0.406
0.392
0.397
0.346
0.372
0.383
0.376
0.392
0.369
0.396
0.408
0.366
0.378
0.391
0.401
0.421
0.423
0.372
0.358
0.404
0.389
0.421
0.388
0.421
0.425
0.369
0.415
0.46
0.415
0.413
0.431
0.432
0.412
0.419
0.386
0.384
0.402
0.449
0.453
0.432
0.418
0.424
0.452
0.465
0.465
0.441
0.437
0.489
0.457
0.431
0.427
0.469
0.475
0.453
0.442
0.469
0.442
0.489
0.49
0.478
0.481
0.491
0.498
0.458
0.47
0.443
0.458
0.494
0.5
0.481
0.489
0.473
0.46
0.526
0.489
0.482
0.463
0.487
0.526
0.492
0.498
0.511
0.524
0.494
0.499
0.465
0.471
0.493
0.467
0.481
0.487
0.509
0.476
