0 0 10.7296
0.00163974 -0.00119255 10.7261
0.00327948 -0.00237738 10.7226
0.00491922 -0.0035545 10.7191
0.00655896 -0.00472394 10.7156
0.0081987 -0.00588571 10.7121
0.00983844 -0.00703982 10.7085
0.0114782 -0.00818628 10.705
0.0131179 -0.00932511 10.7015
0.0147577 -0.0104563 10.698
0.0163974 -0.0115799 10.6945
0.0180371 -0.012696 10.691
0.0196769 -0.0138044 10.6875
0.0213166 -0.0149053 10.684
0.0229564 -0.0159987 10.6805
0.0245961 -0.0170845 10.677
0.0262358 -0.0181628 10.6735
0.0278756 -0.0192336 10.67
0.0295153 -0.0202969 10.6665
0.0311551 -0.0213528 10.663
0.0327948 -0.0224011 10.6595
0.0344345 -0.0234421 10.656
0.0360743 -0.0244756 10.6525
0.037714 -0.0255017 10.649
0.0393537 -0.0265204 10.6455
0.0409935 -0.0275317 10.642
0.0426332 -0.0285356 10.6385
0.044273 -0.0295322 10.635
0.0459127 -0.0305214 10.6316
0.0475524 -0.0315033 10.6281
0.0491922 -0.0324778 10.6246
0.0508319 -0.0334451 10.6211
0.0524717 -0.034405 10.6176
0.0541114 -0.0353577 10.6141
0.0557511 -0.0363032 10.6107
0.0573909 -0.0372413 10.6072
0.0590306 -0.0381723 10.6037
0.0606704 -0.039096 10.6002
0.0623101 -0.0400125 10.5968
0.0639498 -0.0409218 10.5933
0.0655896 -0.0418239 10.5898
0.0672293 -0.0427189 10.5863
0.0688691 -0.0436067 10.5829
0.0705088 -0.0444874 10.5794
0.0721485 -0.0453609 10.5759
0.0737883 -0.0462273 10.5725
0.075428 -0.0470867 10.569
0.0770678 -0.0479389 10.5655
0.0787075 -0.0487841 10.5621
0.0803472 -0.0496222 10.5586
0.081987 -0.0504532 10.5551
0.0836267 -0.0512773 10.5517
0.0852665 -0.0520943 10.5482
0.0869062 -0.0529043 10.5448
0.0885459 -0.0537073 10.5413
0.0901857 -0.0545033 10.5378
0.0918254 -0.0552924 10.5344
0.0934652 -0.0560745 10.5309
0.0951049 -0.0568496 10.5275
0.0967446 -0.0576179 10.524
0.0983844 -0.0583792 10.5206
0.100024 -0.0591336 10.5171
0.101664 -0.0598812 10.5137
0.103304 -0.0606218 10.5102
0.104943 -0.0613556 10.5068
0.106583 -0.0620826 10.5033
0.108223 -0.0628027 10.4999
0.109863 -0.063516 10.4964
0.111502 -0.0642225 10.493
0.113142 -0.0649222 10.4896
0.114782 -0.0656151 10.4861
0.116422 -0.0663013 10.4827
0.118061 -0.0669807 10.4793
0.119701 -0.0676533 10.4758
0.121341 -0.0683192 10.4724
0.12298 -0.0689784 10.4689
0.12462 -0.0696309 10.4655
0.12626 -0.0702767 10.4621
0.1279 -0.0709159 10.4587
0.129539 -0.0715483 10.4552
0.131179 -0.0721741 10.4518
0.132819 -0.0727933 10.4484
0.134459 -0.0734058 10.4449
0.136098 -0.0740117 10.4415
0.137738 -0.074611 10.4381
0.139378 -0.0752038 10.4347
0.141018 -0.0757899 10.4312
0.142657 -0.0763695 10.4278
0.144297 -0.0769425 10.4244
0.145937 -0.077509 10.421
0.147577 -0.078069 10.4176
0.149216 -0.0786224 10.4142
0.150856 -0.0791693 10.4107
0.152496 -0.0797098 10.4073
0.154136 -0.0802438 10.4039
0.155775 -0.0807713 10.4005
0.157415 -0.0812923 10.3971
0.159055 -0.0818069 10.3937
0.160694 -0.0823151 10.3903
0.162334 -0.0828169 10.3869
0.163974 -0.0833123 10.3835
0.165614 -0.0838013 10.3801
0.167253 -0.0842839 10.3767
0.168893 -0.0847601 10.3733
0.170533 -0.08523 10.3699
0.172173 -0.0856935 10.3665
0.173812 -0.0861507 10.3631
0.175452 -0.0866016 10.3597
0.177092 -0.0870462 10.3563
0.178732 -0.0874845 10.3529
0.180371 -0.0879165 10.3495
0.182011 -0.0883423 10.3461
0.183651 -0.0887618 10.3427
0.185291 -0.089175 10.3393
0.18693 -0.089582 10.3359
0.18857 -0.0899828 10.3325
0.19021 -0.0903774 10.3291
0.19185 -0.0907658 10.3257
0.193489 -0.091148 10.3224
0.195129 -0.091524 10.319
0.196769 -0.0918939 10.3156
0.198408 -0.0922576 10.3122
0.200048 -0.0926152 10.3088
0.201688 -0.0929666 10.3054
0.203328 -0.093312 10.3021
0.204967 -0.0936512 10.2987
0.206607 -0.0939844 10.2953
0.208247 -0.0943115 10.2919
0.209887 -0.0946325 10.2886
0.211526 -0.0949474 10.2852
0.213166 -0.0952564 10.2818
0.214806 -0.0955592 10.2784
0.216446 -0.0958561 10.2751
0.218085 -0.096147 10.2717
0.219725 -0.0964318 10.2683
0.221365 -0.0967107 10.265
0.223005 -0.0969836 10.2616
0.224644 -0.0972506 10.2582
0.226284 -0.0975116 10.2549
0.227924 -0.0977666 10.2515
0.229564 -0.0980157 10.2481
0.231203 -0.098259 10.2448
0.232843 -0.0984963 10.2414
0.234483 -0.0987277 10.2381
0.236122 -0.0989533 10.2347
0.237762 -0.0991729 10.2314
0.239402 -0.0993867 10.228
0.241042 -0.0995947 10.2246
0.242681 -0.0997969 10.2213
0.244321 -0.0999932 10.2179
0.245961 -0.100184 10.2146
0.247601 -0.100368 10.2112
0.24924 -0.100547 10.2079
0.25088 -0.10072 10.2045
0.25252 -0.100888 10.2012
0.25416 -0.101049 10.1979
0.255799 -0.101205 10.1945
0.257439 -0.101355 10.1912
0.259079 -0.1015 10.1878
0.260719 -0.101639 10.1845
0.262358 -0.101772 10.1811
0.263998 -0.101899 10.1778
0.265638 -0.10202 10.1745
0.267278 -0.102136 10.1711
0.268917 -0.102247 10.1678
0.270557 -0.102351 10.1645
0.272197 -0.10245 10.1611
0.273837 -0.102544 10.1578
0.275476 -0.102632 10.1545
0.277116 -0.102714 10.1511
0.278756 -0.102791 10.1478
0.280395 -0.102862 10.1445
0.282035 -0.102927 10.1412
0.283675 -0.102987 10.1378
0.285315 -0.103041 10.1345
0.286954 -0.10309 10.1312
0.288594 -0.103133 10.1279
0.290234 -0.103171 10.1245
0.291874 -0.103204 10.1212
0.293513 -0.10323 10.1179
0.295153 -0.103252 10.1146
0.296793 -0.103268 10.1113
0.298433 -0.103278 10.108
0.300072 -0.103283 10.1046
0.301712 -0.103282 10.1013
0.303352 -0.103277 10.098
0.304992 -0.103265 10.0947
0.306631 -0.103248 10.0914
0.308271 -0.103226 10.0881
0.309911 -0.103199 10.0848
0.311551 -0.103166 10.0815
0.31319 -0.103128 10.0782
0.31483 -0.103084 10.0749
0.31647 -0.103035 10.0716
0.318109 -0.102981 10.0683
0.319749 -0.102921 10.065
0.321389 -0.102856 10.0617
0.323029 -0.102786 10.0584
0.324668 -0.102711 10.0551
0.326308 -0.10263 10.0518
0.327948 -0.102544 10.0485
0.329588 -0.102453 10.0452
0.331227 -0.102356 10.0419
0.332867 -0.102254 10.0386
0.334507 -0.102147 10.0353
0.336147 -0.102035 10.032
0.337786 -0.101918 10.0287
0.339426 -0.101795 10.0254
0.341066 -0.101667 10.0221
0.342706 -0.101534 10.0189
0.344345 -0.101396 10.0156
0.345985 -0.101253 10.0123
0.347625 -0.101104 10.009
0.349265 -0.100951 10.0057
0.350904 -0.100792 10.0024
0.352544 -0.100628 9.99916
0.354184 -0.100459 9.99588
0.355823 -0.100285 9.9926
0.357463 -0.100106 9.98932
0.359103 -0.0999217 9.98605
0.360743 -0.0997324 9.98277
0.362382 -0.0995381 9.9795
0.364022 -0.0993388 9.97623
0.365662 -0.0991344 9.97296
0.367302 -0.098925 9.96969
0.368941 -0.0987106 9.96642
0.370581 -0.0984911 9.96315
0.372221 -0.0982667 9.95988
0.373861 -0.0980373 9.95662
0.3755 -0.0978029 9.95335
0.37714 -0.0975636 9.95009
0.37878 -0.0973193 9.94683
0.38042 -0.0970701 9.94356
0.382059 -0.0968159 9.9403
0.383699 -0.0965568 9.93704
0.385339 -0.0962928 9.93379
0.386979 -0.0960239 9.93053
0.388618 -0.09575 9.92727
0.390258 -0.0954713 9.92402
0.391898 -0.0951878 9.92076
0.393537 -0.0948993 9.91751
0.395177 -0.094606 9.91426
0.396817 -0.0943079 9.91101
0.398457 -0.0940049 9.90776
0.400096 -0.0936971 9.90451
0.401736 -0.0933845 9.90126
0.403376 -0.093067 9.89802
0.405016 -0.0927448 9.89477
0.406655 -0.0924178 9.89153
0.408295 -0.092086 9.88828
0.409935 -0.0917494 9.88504
0.411575 -0.0914081 9.8818
0.413214 -0.091062 9.87856
0.414854 -0.0907112 9.87532
0.416494 -0.0903557 9.87208
0.418134 -0.0899954 9.86884
0.419773 -0.0896304 9.86561
0.421413 -0.0892607 9.86237
0.423053 -0.0888863 9.85914
0.424693 -0.0885073 9.85591
0.426332 -0.0881235 9.85268
0.427972 -0.0877351 9.84944
0.429612 -0.0873421 9.84622
0.431252 -0.0869443 9.84299
0.432891 -0.086542 9.83976
0.434531 -0.086135 9.83653
0.436171 -0.0857234 9.83331
0.43781 -0.0853072 9.83008
0.43945 -0.0848864 9.82686
0.44109 -0.0844611 9.82364
0.44273 -0.0840311 9.82042
0.444369 -0.0835965 9.8172
0.446009 -0.0831574 9.81398
0.447649 -0.0827138 9.81076
0.449289 -0.0822656 9.80754
0.450928 -0.0818128 9.80433
0.452568 -0.0813556 9.80111
0.454208 -0.0808938 9.7979
0.455848 -0.0804275 9.79469
0.457487 -0.0799567 9.79147
0.459127 -0.0794814 9.78826
0.460767 -0.0790017 9.78505
0.462407 -0.0785174 9.78185
0.464046 -0.0780287 9.77864
0.465686 -0.0775356 9.77543
0.467326 -0.077038 9.77223
0.468966 -0.076536 9.76902
0.470605 -0.0760295 9.76582
0.472245 -0.0755186 9.76262
0.473885 -0.0750034 9.75942
0.475524 -0.0744837 9.75622
0.477164 -0.0739596 9.75302
0.478804 -0.0734312 9.74982
0.480444 -0.0728983 9.74662
0.482083 -0.0723611 9.74343
0.483723 -0.0718196 9.74023
0.485363 -0.0712737 9.73704
0.487003 -0.0707235 9.73384
0.488642 -0.0701689 9.73065
0.490282 -0.06961 9.72746
0.491922 -0.0690469 9.72427
0.493562 -0.0684794 9.72108
0.495201 -0.0679076 9.7179
0.496841 -0.0673315 9.71471
0.498481 -0.0667512 9.71153
0.500121 -0.0661666 9.70834
0.50176 -0.0655777 9.70516
0.5034 -0.0649846 9.70198
0.50504 -0.0643872 9.69879
0.50668 -0.0637856 9.69561
0.508319 -0.0631798 9.69243
0.509959 -0.0625698 9.68926
0.511599 -0.0619555 9.68608
0.513238 -0.0613371 9.6829
0.514878 -0.0607145 9.67973
0.516518 -0.0600877 9.67655
0.518158 -0.0594567 9.67338
0.519797 -0.0588215 9.67021
0.521437 -0.0581823 9.66704
0.523077 -0.0575388 9.66387
0.524717 -0.0568912 9.6607
0.526356 -0.0562395 9.65753
0.527996 -0.0555837 9.65437
0.529636 -0.0549237 9.6512
0.531276 -0.0542597 9.64804
0.532915 -0.0535915 9.64487
0.534555 -0.0529193 9.64171
0.536195 -0.052243 9.63855
0.537835 -0.0515626 9.63539
0.539474 -0.0508781 9.63223
0.541114 -0.0501896 9.62907
0.542754 -0.0494971 9.62591
0.544394 -0.0488005 9.62276
0.546033 -0.0480999 9.6196
0.547673 -0.0473953 9.61645
0.549313 -0.0466866 9.61329
0.550952 -0.045974 9.61014
0.552592 -0.0452573 9.60699
0.554232 -0.0445367 9.60384
0.555872 -0.0438121 9.60069
0.557511 -0.0430835 9.59754
0.559151 -0.0423509 9.5944
0.560791 -0.0416144 9.59125
0.562431 -0.040874 9.58811
0.56407 -0.0401296 9.58496
0.56571 -0.0393813 9.58182
0.56735 -0.038629 9.57868
0.56899 -0.0378729 9.57554
0.570629 -0.0371128 9.5724
0.572269 -0.0363488 9.56926
0.573909 -0.035581 9.56612
0.575549 -0.0348093 9.56298
0.577188 -0.0340337 9.55985
0.578828 -0.0332542 9.55671
0.580468 -0.0324708 9.55358
0.582108 -0.0316837 9.55045
0.583747 -0.0308926 9.54732
0.585387 -0.0300978 9.54419
0.587027 -0.0292991 9.54106
0.588667 -0.0284966 9.53793
0.590306 -0.0276903 9.5348
0.591946 -0.0268802 9.53167
0.593586 -0.0260663 9.52855
0.595225 -0.0252486 9.52542
0.596865 -0.0244271 9.5223
0.598505 -0.0236019 9.51918
0.600145 -0.0227729 9.51606
0.601784 -0.0219401 9.51294
0.603424 -0.0211036 9.50982
0.605064 -0.0202634 9.5067
0.606704 -0.0194194 9.50358
0.608343 -0.0185717 9.50047
0.609983 -0.0177203 9.49735
0.611623 -0.0168651 9.49424
0.613263 -0.0160063 9.49112
0.614902 -0.0151438 9.48801
0.616542 -0.0142776 9.4849
0.618182 -0.0134077 9.48179
0.619822 -0.0125342 9.47868
0.621461 -0.011657 9.47557
0.623101 -0.0107761 9.47247
0.624741 -0.0098916 9.46936
0.626381 -0.00900345 9.46626
0.62802 -0.00811167 9.46315
0.62966 -0.00721626 9.46005
0.6313 -0.00631724 9.45695
0.632939 -0.00541462 9.45385
0.634579 -0.00450839 9.45075
0.636219 -0.00359857 9.44765
0.637859 -0.00268516 9.44455
0.639498 -0.00176817 9.44145
0.641138 -0.000847617 9.43836
0.642778 7.65028e-05 9.43526
0.644418 0.00100418 9.43217
0.646057 0.0019354 9.42908
0.647697 0.00287016 9.42598
0.649337 0.00380846 9.42289
0.650977 0.00475028 9.4198
0.652616 0.00569562 9.41671
0.654256 0.00664448 9.41363
0.655896 0.00759683 9.41054
0.657536 0.00855268 9.40745
0.659175 0.00951202 9.40437
0.660815 0.0104748 9.40129
0.662455 0.0114411 9.3982
0.664095 0.0124109 9.39512
0.665734 0.0133841 9.39204
0.667374 0.0143608 9.38896
0.669014 0.0153409 9.38588
0.670653 0.0163245 9.38281
0.672293 0.0173114 9.37973
0.673933 0.0183019 9.37665
0.675573 0.0192957 9.37358
0.677212 0.0202929 9.37051
0.678852 0.0212935 9.36743
0.680492 0.0222976 9.36436
0.682132 0.023305 9.36129
0.683771 0.0243158 9.35822
0.685411 0.0253299 9.35515
0.687051 0.0263475 9.35209
0.688691 0.0273683 9.34902
0.69033 0.0283926 9.34595
0.69197 0.0294202 9.34289
0.69361 0.0304511 9.33983
0.69525 0.0314853 9.33676
0.696889 0.0325229 9.3337
0.698529 0.0335638 9.33064
0.700169 0.034608 9.32758
0.701809 0.0356555 9.32452
0.703448 0.0367063 9.32147
0.705088 0.0377603 9.31841
0.706728 0.0388177 9.31535
0.708367 0.0398783 9.3123
0.710007 0.0409422 9.30925
0.711647 0.0420094 9.30619
0.713287 0.0430798 9.30314
0.714926 0.0441534 9.30009
0.716566 0.0452303 9.29704
0.718206 0.0463104 9.29399
0.719846 0.0473937 9.29095
0.721485 0.0484803 9.2879
0.723125 0.0495701 9.28485
0.724765 0.050663 9.28181
0.726405 0.0517592 9.27877
0.728044 0.0528586 9.27572
0.729684 0.0539611 9.27268
0.731324 0.0550668 9.26964
0.732964 0.0561757 9.2666
0.734603 0.0572878 9.26356
0.736243 0.058403 9.26053
0.737883 0.0595213 9.25749
0.739523 0.0606428 9.25445
0.741162 0.0617674 9.25142
0.742802 0.0628952 9.24839
0.744442 0.0640261 9.24535
0.746082 0.0651601 9.24232
0.747721 0.0662972 9.23929
0.749361 0.0674374 9.23626
0.751001 0.0685807 9.23323
0.75264 0.0697271 9.23021
0.75428 0.0708765 9.22718
0.75592 0.0720291 9.22415
0.75756 0.0731847 9.22113
0.759199 0.0743433 9.21811
0.760839 0.0755051 9.21508
0.762479 0.0766698 9.21206
0.764119 0.0778377 9.20904
0.765758 0.0790085 9.20602
0.767398 0.0801824 9.203
0.769038 0.0813593 9.19999
0.770678 0.0825392 9.19697
0.772317 0.0837221 9.19395
0.773957 0.084908 9.19094
0.775597 0.086097 9.18793
0.777237 0.0872889 9.18491
0.778876 0.0884838 9.1819
0.780516 0.0896816 9.17889
0.782156 0.0908825 9.17588
0.783796 0.0920863 9.17287
0.785435 0.093293 9.16986
0.787075 0.0945027 9.16686
0.788715 0.0957154 9.16385
0.790354 0.096931 9.16085
0.791994 0.0981495 9.15784
0.793634 0.0993709 9.15484
0.795274 0.100595 9.15184
0.796913 0.101823 9.14884
0.798553 0.103053 9.14584
0.800193 0.104286 9.14284
0.801833 0.105522 9.13984
0.803472 0.106761 9.13684
0.805112 0.108002 9.13385
0.806752 0.109247 9.13085
0.808392 0.110494 9.12786
0.810031 0.111745 9.12487
0.811671 0.112998 9.12187
0.813311 0.114254 9.11888
0.814951 0.115513 9.11589
0.81659 0.116775 9.1129
0.81823 0.118039 9.10992
0.81987 0.119306 9.10693
0.82151 0.120577 9.10394
0.823149 0.12185 9.10096
0.824789 0.123125 9.09797
0.826429 0.124404 9.09499
0.828068 0.125685 9.09201
0.829708 0.12697 9.08903
0.831348 0.128257 9.08605
0.832988 0.129546 9.08307
0.834627 0.130839 9.08009
0.836267 0.132134 9.07711
0.837907 0.133432 9.07414
0.839547 0.134733 9.07116
0.841186 0.136036 9.06819
0.842826 0.137342 9.06521
0.844466 0.138651 9.06224
0.846106 0.139963 9.05927
0.847745 0.141278 9.0563
0.849385 0.142595 9.05333
0.851025 0.143914 9.05036
0.852665 0.145237 9.04739
0.854304 0.146562 9.04443
0.855944 0.14789 9.04146
0.857584 0.149221 9.0385
0.859224 0.150554 9.03553
0.860863 0.15189 9.03257
0.862503 0.153229 9.02961
0.864143 0.15457 9.02665
0.865782 0.155914 9.02369
0.867422 0.15726 9.02073
0.869062 0.15861 9.01777
0.870702 0.159961 9.01481
0.872341 0.161316 9.01186
0.873981 0.162673 9.0089
0.875621 0.164033 9.00595
0.877261 0.165395 9.003
0.8789 0.16676 9.00004
0.88054 0.168127 8.99709
0.88218 0.169498 8.99414
0.88382 0.17087 8.99119
0.885459 0.172246 8.98825
0.887099 0.173623 8.9853
0.888739 0.175004 8.98235
0.890379 0.176387 8.97941
0.892018 0.177772 8.97646
0.893658 0.17916 8.97352
0.895298 0.180551 8.97058
0.896938 0.181944 8.96763
0.898577 0.18334 8.96469
0.900217 0.184738 8.96176
0.901857 0.186139 8.95882
0.903497 0.187542 8.95588
0.905136 0.188948 8.95294
0.906776 0.190357 8.95001
0.908416 0.191767 8.94707
0.910055 0.193181 8.94414
0.911695 0.194597 8.94121
0.913335 0.196015 8.93827
0.914975 0.197436 8.93534
0.916614 0.198859 8.93241
0.918254 0.200285 8.92948
0.919894 0.201713 8.92656
0.921534 0.203143 8.92363
0.923173 0.204577 8.9207
0.924813 0.206012 8.91778
0.926453 0.20745 8.91485
0.928093 0.20889 8.91193
0.929732 0.210333 8.90901
0.931372 0.211779 8.90609
0.933012 0.213226 8.90317
0.934652 0.214676 8.90025
0.936291 0.216129 8.89733
0.937931 0.217584 8.89441
0.939571 0.219041 8.8915
0.941211 0.220501 8.88858
0.94285 0.221963 8.88567
0.94449 0.223427 8.88275
0.94613 0.224894 8.87984
0.947769 0.226363 8.87693
0.949409 0.227835 8.87402
0.951049 0.229309 8.87111
0.952689 0.230785 8.8682
0.954328 0.232263 8.86529
0.955968 0.233744 8.86238
0.957608 0.235228 8.85948
0.959248 0.236713 8.85657
0.960887 0.238201 8.85367
0.962527 0.239692 8.85077
0.964167 0.241184 8.84786
0.965807 0.242679 8.84496
0.967446 0.244176 8.84206
0.969086 0.245676 8.83916
0.970726 0.247177 8.83627
0.972366 0.248681 8.83337
0.974005 0.250188 8.83047
0.975645 0.251696 8.82758
0.977285 0.253207 8.82468
0.978925 0.25472 8.82179
0.980564 0.256236 8.8189
0.982204 0.257754 8.816
0.983844 0.259273 8.81311
0.985483 0.260796 8.81022
0.987123 0.26232 8.80733
0.988763 0.263847 8.80445
0.990403 0.265376 8.80156
0.992042 0.266907 8.79867
0.993682 0.26844 8.79579
0.995322 0.269975 8.7929
0.996962 0.271513 8.79002
0.998601 0.273053 8.78714
1.00024 0.274595 8.78426
1.00188 0.27614 8.78138
1.00352 0.277686 8.7785
1.00516 0.279235 8.77562
1.0068 0.280786 8.77274
1.00844 0.282339 8.76987
1.01008 0.283894 8.76699
1.01172 0.285451 8.76412
1.01336 0.287011 8.76124
1.015 0.288573 8.75837
1.01664 0.290136 8.7555
1.01828 0.291702 8.75263
1.01992 0.293271 8.74976
1.02156 0.294841 8.74689
1.0232 0.296413 8.74402
1.02484 0.297988 8.74115
1.02648 0.299564 8.73829
1.02812 0.301143 8.73542
1.02976 0.302724 8.73256
1.0314 0.304307 8.72969
1.03304 0.305892 8.72683
1.03468 0.307479 8.72397
1.03632 0.309068 8.72111
1.03796 0.310659 8.71825
1.03959 0.312253 8.71539
1.04123 0.313848 8.71253
1.04287 0.315446 8.70968
1.04451 0.317045 8.70682
1.04615 0.318647 8.70397
1.04779 0.320251 8.70111
1.04943 0.321856 8.69826
1.05107 0.323464 8.69541
1.05271 0.325074 8.69256
1.05435 0.326686 8.6897
1.05599 0.3283 8.68686
1.05763 0.329916 8.68401
1.05927 0.331534 8.68116
1.06091 0.333154 8.67831
1.06255 0.334775 8.67547
1.06419 0.336399 8.67262
1.06583 0.338025 8.66978
1.06747 0.339653 8.66694
1.06911 0.341283 8.66409
1.07075 0.342915 8.66125
1.07239 0.344549 8.65841
1.07403 0.346185 8.65557
1.07567 0.347823 8.65274
1.07731 0.349463 8.6499
1.07895 0.351104 8.64706
1.08059 0.352748 8.64423
1.08223 0.354394 8.64139
1.08387 0.356041 8.63856
1.08551 0.357691 8.63573
1.08715 0.359342 8.6329
1.08879 0.360996 8.63007
1.09043 0.362651 8.62724
1.09207 0.364308 8.62441
1.09371 0.365968 8.62158
1.09535 0.367629 8.61875
1.09699 0.369292 8.61593
1.09863 0.370957 8.6131
1.10027 0.372624 8.61028
1.1019 0.374292 8.60745
1.10354 0.375963 8.60463
1.10518 0.377635 8.60181
1.10682 0.37931 8.59899
1.10846 0.380986 8.59617
1.1101 0.382664 8.59335
1.11174 0.384344 8.59053
1.11338 0.386026 8.58772
1.11502 0.38771 8.5849
1.11666 0.389395 8.58209
1.1183 0.391083 8.57927
1.11994 0.392772 8.57646
1.12158 0.394463 8.57365
1.12322 0.396156 8.57084
1.12486 0.397851 8.56802
1.1265 0.399547 8.56522
1.12814 0.401246 8.56241
1.12978 0.402946 8.5596
1.13142 0.404648 8.55679
1.13306 0.406352 8.55399
1.1347 0.408058 8.55118
1.13634 0.409765 8.54838
1.13798 0.411475 8.54558
1.13962 0.413186 8.54277
1.14126 0.414898 8.53997
1.1429 0.416613 8.53717
1.14454 0.418329 8.53437
1.14618 0.420048 8.53157
1.14782 0.421768 8.52878
1.14946 0.423489 8.52598
1.1511 0.425213 8.52318
1.15274 0.426938 8.52039
1.15438 0.428665 8.5176
1.15602 0.430394 8.5148
1.15766 0.432124 8.51201
1.1593 0.433856 8.50922
1.16094 0.43559 8.50643
1.16258 0.437326 8.50364
1.16422 0.439063 8.50085
1.16585 0.440803 8.49807
1.16749 0.442543 8.49528
1.16913 0.444286 8.49249
1.17077 0.44603 8.48971
1.17241 0.447776 8.48692
1.17405 0.449524 8.48414
1.17569 0.451273 8.48136
1.17733 0.453024 8.47858
1.17897 0.454777 8.4758
1.18061 0.456531 8.47302
1.18225 0.458287 8.47024
1.18389 0.460045 8.46746
1.18553 0.461805 8.46469
1.18717 0.463566 8.46191
1.18881 0.465329 8.45914
1.19045 0.467093 8.45636
1.19209 0.468859 8.45359
1.19373 0.470627 8.45082
1.19537 0.472396 8.44805
1.19701 0.474167 8.44528
1.19865 0.47594 8.44251
1.20029 0.477714 8.43974
1.20193 0.47949 8.43697
1.20357 0.481268 8.43421
1.20521 0.483047 8.43144
1.20685 0.484827 8.42868
1.20849 0.48661 8.42591
1.21013 0.488394 8.42315
1.21177 0.490179 8.42039
1.21341 0.491967 8.41763
1.21505 0.493755 8.41487
1.21669 0.495546 8.41211
1.21833 0.497338 8.40935
1.21997 0.499131 8.40659
1.22161 0.500926 8.40384
1.22325 0.502723 8.40108
1.22489 0.504521 8.39833
1.22653 0.506321 8.39557
1.22816 0.508122 8.39282
1.2298 0.509925 8.39007
1.23144 0.51173 8.38732
1.23308 0.513536 8.38457
1.23472 0.515344 8.38182
1.23636 0.517153 8.37907
1.238 0.518963 8.37632
1.23964 0.520776 8.37357
1.24128 0.522589 8.37083
1.24292 0.524405 8.36808
1.24456 0.526221 8.36534
1.2462 0.52804 8.3626
1.24784 0.52986 8.35986
1.24948 0.531681 8.35711
1.25112 0.533504 8.35437
1.25276 0.535328 8.35163
1.2544 0.537154 8.3489
1.25604 0.538981 8.34616
1.25768 0.54081 8.34342
1.25932 0.54264 8.34069
1.26096 0.544472 8.33795
1.2626 0.546305 8.33522
1.26424 0.54814 8.33248
1.26588 0.549976 8.32975
1.26752 0.551814 8.32702
1.26916 0.553653 8.32429
1.2708 0.555494 8.32156
1.27244 0.557336 8.31883
1.27408 0.559179 8.3161
1.27572 0.561024 8.31338
1.27736 0.562871 8.31065
1.279 0.564719 8.30793
1.28064 0.566568 8.3052
1.28228 0.568419 8.30248
1.28392 0.570271 8.29976
1.28556 0.572124 8.29704
1.2872 0.573979 8.29432
1.28884 0.575836 8.2916
1.29048 0.577694 8.28888
1.29211 0.579553 8.28616
1.29375 0.581413 8.28344
1.29539 0.583276 8.28073
1.29703 0.585139 8.27801
1.29867 0.587004 8.2753
1.30031 0.58887 8.27258
1.30195 0.590738 8.26987
1.30359 0.592607 8.26716
1.30523 0.594477 8.26445
1.30687 0.596349 8.26174
1.30851 0.598222 8.25903
1.31015 0.600096 8.25632
1.31179 0.601972 8.25361
1.31343 0.603849 8.25091
1.31507 0.605728 8.2482
1.31671 0.607608 8.2455
1.31835 0.609489 8.24279
1.31999 0.611372 8.24009
1.32163 0.613256 8.23739
1.32327 0.615141 8.23469
1.32491 0.617028 8.23199
1.32655 0.618916 8.22929
1.32819 0.620805 8.22659
1.32983 0.622696 8.22389
1.33147 0.624588 8.2212
1.33311 0.626481 8.2185
1.33475 0.628376 8.21581
1.33639 0.630271 8.21311
1.33803 0.632169 8.21042
1.33967 0.634067 8.20773
1.34131 0.635967 8.20504
1.34295 0.637868 8.20235
1.34459 0.63977 8.19966
1.34623 0.641674 8.19697
1.34787 0.643579 8.19428
1.34951 0.645485 8.19159
1.35115 0.647393 8.18891
1.35279 0.649302 8.18622
1.35442 0.651212 8.18354
1.35606 0.653123 8.18085
1.3577 0.655036 8.17817
1.35934 0.65695 8.17549
1.36098 0.658865 8.17281
1.36262 0.660781 8.17013
1.36426 0.662699 8.16745
1.3659 0.664618 8.16477
1.36754 0.666538 8.1621
1.36918 0.668459 8.15942
1.37082 0.670382 8.15674
1.37246 0.672305 8.15407
1.3741 0.67423 8.1514
1.37574 0.676157 8.14872
1.37738 0.678084 8.14605
1.37902 0.680013 8.14338
1.38066 0.681943 8.14071
1.3823 0.683874 8.13804
1.38394 0.685806 8.13537
1.38558 0.68774 8.1327
1.38722 0.689675 8.13004
1.38886 0.691611 8.12737
1.3905 0.693548 8.12471
1.39214 0.695486 8.12204
1.39378 0.697426 8.11938
1.39542 0.699366 8.11672
1.39706 0.701308 8.11406
1.3987 0.703251 8.1114
1.40034 0.705196 8.10874
1.40198 0.707141 8.10608
1.40362 0.709088 8.10342
1.40526 0.711036 8.10076
1.4069 0.712984 8.09811
1.40854 0.714935 8.09545
1.41018 0.716886 8.0928
1.41182 0.718838 8.09014
1.41346 0.720792 8.08749
1.4151 0.722746 8.08484
1.41673 0.724702 8.08219
1.41837 0.726659 8.07954
1.42001 0.728617 8.07689
1.42165 0.730576 8.07424
1.42329 0.732537 8.07159
1.42493 0.734498 8.06895
1.42657 0.736461 8.0663
1.42821 0.738425 8.06365
1.42985 0.740389 8.06101
1.43149 0.742355 8.05837
1.43313 0.744322 8.05572
1.43477 0.746291 8.05308
1.43641 0.74826 8.05044
1.43805 0.75023 8.0478
1.43969 0.752202 8.04516
1.44133 0.754174 8.04253
1.44297 0.756148 8.03989
1.44461 0.758123 8.03725
1.44625 0.760098 8.03462
1.44789 0.762075 8.03198
1.44953 0.764053 8.02935
1.45117 0.766032 8.02672
1.45281 0.768012 8.02408
1.45445 0.769994 8.02145
1.45609 0.771976 8.01882
1.45773 0.773959 8.01619
1.45937 0.775944 8.01357
1.46101 0.777929 8.01094
1.46265 0.779915 8.00831
1.46429 0.781903 8.00569
1.46593 0.783892 8.00306
1.46757 0.785881 8.00044
1.46921 0.787872 7.99781
1.47085 0.789863 7.99519
1.47249 0.791856 7.99257
1.47413 0.79385 7.98995
1.47577 0.795845 7.98733
1.47741 0.79784 7.98471
1.47905 0.799837 7.98209
1.48068 0.801835 7.97947
1.48232 0.803834 7.97686
1.48396 0.805834 7.97424
1.4856 0.807835 7.97163
1.48724 0.809836 7.96901
1.48888 0.811839 7.9664
1.49052 0.813843 7.96379
1.49216 0.815848 7.96118
1.4938 0.817854 7.95857
1.49544 0.819861 7.95596
1.49708 0.821869 7.95335
1.49872 0.823877 7.95074
1.50036 0.825887 7.94813
1.502 0.827898 7.94553
1.50364 0.82991 7.94292
1.50528 0.831922 7.94032
1.50692 0.833936 7.93771
1.50856 0.835951 7.93511
1.5102 0.837966 7.93251
1.51184 0.839983 7.92991
1.51348 0.842001 7.92731
1.51512 0.844019 7.92471
1.51676 0.846038 7.92211
1.5184 0.848059 7.91951
1.52004 0.85008 7.91692
1.52168 0.852102 7.91432
1.52332 0.854126 7.91173
1.52496 0.85615 7.90913
1.5266 0.858175 7.90654
1.52824 0.860201 7.90395
1.52988 0.862228 7.90135
1.53152 0.864256 7.89876
1.53316 0.866285 7.89617
1.5348 0.868314 7.89358
1.53644 0.870345 7.891
1.53808 0.872376 7.88841
1.53972 0.874409 7.88582
1.54136 0.876442 7.88324
1.54299 0.878476 7.88065
1.54463 0.880512 7.87807
1.54627 0.882548 7.87548
1.54791 0.884585 7.8729
1.54955 0.886622 7.87032
1.55119 0.888661 7.86774
1.55283 0.890701 7.86516
1.55447 0.892741 7.86258
1.55611 0.894783 7.86
1.55775 0.896825 7.85743
1.55939 0.898868 7.85485
1.56103 0.900912 7.85227
1.56267 0.902957 7.8497
1.56431 0.905003 7.84712
1.56595 0.907049 7.84455
1.56759 0.909097 7.84198
1.56923 0.911145 7.83941
1.57087 0.913194 7.83684
1.57251 0.915244 7.83427
1.57415 0.917295 7.8317
1.57579 0.919347 7.82913
1.57743 0.9214 7.82656
1.57907 0.923453 7.824
1.58071 0.925507 7.82143
1.58235 0.927563 7.81887
1.58399 0.929618 7.8163
1.58563 0.931675 7.81374
1.58727 0.933733 7.81118
1.58891 0.935791 7.80862
1.59055 0.937851 7.80606
1.59219 0.939911 7.8035
1.59383 0.941971 7.80094
1.59547 0.944033 7.79838
1.59711 0.946096 7.79582
1.59875 0.948159 7.79327
1.60039 0.950223 7.79071
1.60203 0.952288 7.78816
1.60367 0.954354 7.7856
1.60531 0.95642 7.78305
1.60694 0.958488 7.7805
1.60858 0.960556 7.77795
1.61022 0.962625 7.7754
1.61186 0.964694 7.77285
1.6135 0.966765 7.7703
1.61514 0.968836 7.76775
1.61678 0.970908 7.7652
1.61842 0.972981 7.76266
1.62006 0.975055 7.76011
1.6217 0.977129 7.75757
1.62334 0.979204 7.75503
1.62498 0.98128 7.75248
1.62662 0.983357 7.74994
1.62826 0.985434 7.7474
1.6299 0.987513 7.74486
1.63154 0.989591 7.74232
1.63318 0.991671 7.73978
1.63482 0.993752 7.73724
1.63646 0.995833 7.73471
1.6381 0.997915 7.73217
1.63974 0.999998 7.72963
