0 0 46.6928
0.000775 -0.00517994 46.6748
0.00155 -0.0103459 46.6567
0.002325 -0.0154978 46.6386
0.0031 -0.0206357 46.6205
0.003875 -0.0257596 46.6025
0.00465 -0.0308695 46.5844
0.005425 -0.0359654 46.5664
0.0062 -0.0410474 46.5483
0.006975 -0.0461153 46.5303
0.00775 -0.0511693 46.5123
0.008525 -0.0562093 46.4942
0.0093 -0.0612354 46.4762
0.010075 -0.0662475 46.4582
0.01085 -0.0712456 46.4402
0.011625 -0.0762298 46.4222
0.0124 -0.0812001 46.4042
0.013175 -0.0861564 46.3863
0.01395 -0.0910988 46.3683
0.014725 -0.0960273 46.3503
0.0155 -0.100942 46.3324
0.016275 -0.105842 46.3144
0.01705 -0.110729 46.2965
0.017825 -0.115602 46.2785
0.0186 -0.120461 46.2606
0.019375 -0.125306 46.2427
0.02015 -0.130137 46.2248
0.020925 -0.134954 46.2069
0.0217 -0.139758 46.189
0.022475 -0.144547 46.1711
0.02325 -0.149323 46.1532
0.024025 -0.154085 46.1353
0.0248 -0.158833 46.1174
0.025575 -0.163567 46.0996
0.02635 -0.168287 46.0817
0.027125 -0.172993 46.0638
0.0279 -0.177686 46.046
0.028675 -0.182365 46.0282
0.02945 -0.18703 46.0103
0.030225 -0.191681 45.9925
0.031 -0.196318 45.9747
0.031775 -0.200941 45.9569
0.03255 -0.205551 45.9391
0.033325 -0.210147 45.9213
0.0341 -0.214729 45.9035
0.034875 -0.219297 45.8857
0.03565 -0.223852 45.8679
0.036425 -0.228393 45.8501
0.0372 -0.23292 45.8324
0.037975 -0.237433 45.8146
0.03875 -0.241932 45.7969
0.039525 -0.246418 45.7791
0.0403 -0.25089 45.7614
0.041075 -0.255348 45.7437
0.04185 -0.259793 45.7259
0.042625 -0.264223 45.7082
0.0434 -0.26864 45.6905
0.044175 -0.273044 45.6728
0.04495 -0.277433 45.6551
0.045725 -0.281809 45.6374
0.0465 -0.286171 45.6198
0.047275 -0.29052 45.6021
0.04805 -0.294855 45.5844
0.048825 -0.299176 45.5668
0.0496 -0.303483 45.5491
0.050375 -0.307777 45.5315
0.05115 -0.312057 45.5138
0.051925 -0.316323 45.4962
0.0527 -0.320576 45.4786
0.053475 -0.324815 45.4609
0.05425 -0.32904 45.4433
0.055025 -0.333252 45.4257
0.0558 -0.33745 45.4081
0.056575 -0.341635 45.3905
0.05735 -0.345806 45.3729
0.058125 -0.349963 45.3554
0.0589 -0.354106 45.3378
0.059675 -0.358236 45.3202
0.06045 -0.362353 45.3027
0.061225 -0.366455 45.2851
0.062 -0.370545 45.2676
0.062775 -0.37462 45.25
0.06355 -0.378682 45.2325
0.064325 -0.382731 45.215
0.0651 -0.386765 45.1975
0.065875 -0.390787 45.18
0.06665 -0.394794 45.1624
0.067425 -0.398788 45.145
0.0682 -0.402769 45.1275
0.068975 -0.406736 45.11
0.06975 -0.410689 45.0925
0.070525 -0.414629 45.075
0.0713 -0.418556 45.0576
0.072075 -0.422469 45.0401
0.07285 -0.426368 45.0227
0.073625 -0.430254 45.0052
0.0744 -0.434126 44.9878
0.075175 -0.437985 44.9704
0.07595 -0.44183 44.9529
0.076725 -0.445662 44.9355
0.0775 -0.44948 44.9181
0.078275 -0.453285 44.9007
0.07905 -0.457076 44.8833
0.079825 -0.460854 44.8659
0.0806 -0.464618 44.8485
0.081375 -0.468369 44.8312
0.08215 -0.472107 44.8138
0.082925 -0.475831 44.7964
0.0837 -0.479541 44.7791
0.084475 -0.483238 44.7617
0.08525 -0.486922 44.7444
0.086025 -0.490592 44.727
0.0868 -0.494249 44.7097
0.087575 -0.497892 44.6924
0.08835 -0.501522 44.6751
0.089125 -0.505138 44.6578
0.0899 -0.508742 44.6405
0.090675 -0.512331 44.6232
0.09145 -0.515907 44.6059
0.092225 -0.51947 44.5886
0.093 -0.52302 44.5713
0.093775 -0.526556 44.5541
0.09455 -0.530079 44.5368
0.095325 -0.533588 44.5196
0.0961 -0.537084 44.5023
0.096875 -0.540567 44.4851
0.09765 -0.544036 44.4678
0.098425 -0.547492 44.4506
0.0992 -0.550934 44.4334
0.099975 -0.554363 44.4162
0.10075 -0.557779 44.399
0.101525 -0.561182 44.3818
0.1023 -0.564571 44.3646
0.103075 -0.567947 44.3474
0.10385 -0.571309 44.3302
0.104625 -0.574659 44.313
0.1054 -0.577995 44.2958
0.106175 -0.581317 44.2787
0.10695 -0.584627 44.2615
0.107725 -0.587923 44.2444
0.1085 -0.591205 44.2272
0.109275 -0.594475 44.2101
0.11005 -0.597731 44.193
0.110825 -0.600974 44.1759
0.1116 -0.604204 44.1587
0.112375 -0.60742 44.1416
0.11315 -0.610623 44.1245
0.113925 -0.613813 44.1074
0.1147 -0.61699 44.0903
0.115475 -0.620153 44.0733
0.11625 -0.623303 44.0562
0.117025 -0.62644 44.0391
0.1178 -0.629564 44.0221
0.118575 -0.632674 44.005
0.11935 -0.635772 43.988
0.120125 -0.638856 43.9709
0.1209 -0.641927 43.9539
0.121675 -0.644984 43.9369
0.12245 -0.648029 43.9198
0.123225 -0.65106 43.9028
0.124 -0.654078 43.8858
0.124775 -0.657083 43.8688
0.12555 -0.660075 43.8518
0.126325 -0.663053 43.8348
0.1271 -0.666019 43.8178
0.127875 -0.668971 43.8009
0.12865 -0.67191 43.7839
0.129425 -0.674836 43.7669
0.1302 -0.677749 43.75
0.130975 -0.680648 43.733
0.13175 -0.683535 43.7161
0.132525 -0.686408 43.6991
0.1333 -0.689269 43.6822
0.134075 -0.692116 43.6653
0.13485 -0.69495 43.6484
0.135625 -0.697771 43.6315
0.1364 -0.700579 43.6146
0.137175 -0.703373 43.5977
0.13795 -0.706155 43.5808
0.138725 -0.708923 43.5639
0.1395 -0.711679 43.547
0.140275 -0.714421 43.5301
0.14105 -0.717151 43.5133
0.141825 -0.719867 43.4964
0.1426 -0.72257 43.4796
0.143375 -0.72526 43.4627
0.14415 -0.727937 43.4459
0.144925 -0.730601 43.429
0.1457 -0.733252 43.4122
0.146475 -0.73589 43.3954
0.14725 -0.738515 43.3786
0.148025 -0.741127 43.3618
0.1488 -0.743726 43.345
0.149575 -0.746312 43.3282
0.15035 -0.748885 43.3114
0.151125 -0.751444 43.2946
0.1519 -0.753991 43.2778
0.152675 -0.756525 43.2611
0.15345 -0.759046 43.2443
0.154225 -0.761554 43.2276
0.155 -0.764049 43.2108
0.155775 -0.766531 43.1941
0.15655 -0.769 43.1773
0.157325 -0.771455 43.1606
0.1581 -0.773898 43.1439
0.158875 -0.776329 43.1272
0.15965 -0.778746 43.1105
0.160425 -0.78115 43.0938
0.1612 -0.783541 43.0771
0.161975 -0.785919 43.0604
0.16275 -0.788285 43.0437
0.163525 -0.790637 43.027
0.1643 -0.792976 43.0104
0.165075 -0.795303 42.9937
0.16585 -0.797617 42.977
0.166625 -0.799917 42.9604
0.1674 -0.802205 42.9437
0.168175 -0.80448 42.9271
0.16895 -0.806742 42.9105
0.169725 -0.808991 42.8938
0.1705 -0.811228 42.8772
0.171275 -0.813451 42.8606
0.17205 -0.815662 42.844
0.172825 -0.817859 42.8274
0.1736 -0.820044 42.8108
0.174375 -0.822216 42.7942
0.17515 -0.824375 42.7777
0.175925 -0.826522 42.7611
0.1767 -0.828655 42.7445
0.177475 -0.830776 42.728
0.17825 -0.832883 42.7114
0.179025 -0.834978 42.6949
0.1798 -0.83706 42.6783
0.180575 -0.83913 42.6618
0.18135 -0.841186 42.6453
0.182125 -0.84323 42.6287
0.1829 -0.845261 42.6122
0.183675 -0.847279 42.5957
0.18445 -0.849284 42.5792
0.185225 -0.851276 42.5627
0.186 -0.853256 42.5462
0.186775 -0.855223 42.5297
0.18755 -0.857177 42.5133
0.188325 -0.859119 42.4968
0.1891 -0.861047 42.4803
0.189875 -0.862963 42.4639
0.19065 -0.864866 42.4474
0.191425 -0.866757 42.431
0.1922 -0.868634 42.4145
0.192975 -0.870499 42.3981
0.19375 -0.872351 42.3817
0.194525 -0.874191 42.3652
0.1953 -0.876017 42.3488
0.196075 -0.877831 42.3324
0.19685 -0.879633 42.316
0.197625 -0.881421 42.2996
0.1984 -0.883197 42.2832
0.199175 -0.88496 42.2669
0.19995 -0.886711 42.2505
0.200725 -0.888449 42.2341
0.2015 -0.890174 42.2178
0.202275 -0.891886 42.2014
0.20305 -0.893586 42.1851
0.203825 -0.895273 42.1687
0.2046 -0.896947 42.1524
0.205375 -0.898609 42.136
0.20615 -0.900258 42.1197
0.206925 -0.901895 42.1034
0.2077 -0.903518 42.0871
0.208475 -0.90513 42.0708
0.20925 -0.906728 42.0545
0.210025 -0.908314 42.0382
0.2108 -0.909887 42.0219
0.211575 -0.911448 42.0056
0.21235 -0.912996 41.9893
0.213125 -0.914532 41.9731
0.2139 -0.916054 41.9568
0.214675 -0.917565 41.9406
0.21545 -0.919062 41.9243
0.216225 -0.920547 41.9081
0.217 -0.92202 41.8918
0.217775 -0.92348 41.8756
0.21855 -0.924927 41.8594
0.219325 -0.926362 41.8432
0.2201 -0.927784 41.827
0.220875 -0.929193 41.8107
0.22165 -0.930591 41.7945
0.222425 -0.931975 41.7784
0.2232 -0.933347 41.7622
0.223975 -0.934706 41.746
0.22475 -0.936053 41.7298
0.225525 -0.937388 41.7137
0.2263 -0.938709 41.6975
0.227075 -0.940019 41.6813
0.22785 -0.941315 41.6652
0.228625 -0.9426 41.649
0.2294 -0.943872 41.6329
0.230175 -0.945131 41.6168
0.23095 -0.946378 41.6007
0.231725 -0.947612 41.5845
0.2325 -0.948834 41.5684
0.233275 -0.950043 41.5523
0.23405 -0.95124 41.5362
0.234825 -0.952424 41.5201
0.2356 -0.953596 41.504
0.236375 -0.954755 41.488
0.23715 -0.955902 41.4719
0.237925 -0.957037 41.4558
0.2387 -0.958159 41.4398
0.239475 -0.959268 41.4237
0.24025 -0.960366 41.4077
0.241025 -0.96145 41.3916
0.2418 -0.962523 41.3756
0.242575 -0.963582 41.3596
0.24335 -0.96463 41.3435
0.244125 -0.965665 41.3275
0.2449 -0.966687 41.3115
0.245675 -0.967698 41.2955
0.24645 -0.968695 41.2795
0.247225 -0.969681 41.2635
0.248 -0.970654 41.2475
0.248775 -0.971615 41.2315
0.24955 -0.972563 41.2156
0.250325 -0.973499 41.1996
0.2511 -0.974422 41.1836
0.251875 -0.975333 41.1677
0.25265 -0.976232 41.1517
0.253425 -0.977118 41.1358
0.2542 -0.977993 41.1198
0.254975 -0.978854 41.1039
0.25575 -0.979704 41.088
0.256525 -0.980541 41.0721
0.2573 -0.981365 41.0562
0.258075 -0.982178 41.0403
0.25885 -0.982978 41.0244
0.259625 -0.983765 41.0085
0.2604 -0.984541 40.9926
0.261175 -0.985304 40.9767
0.26195 -0.986055 40.9608
0.262725 -0.986793 40.9449
0.2635 -0.987519 40.9291
0.264275 -0.988233 40.9132
0.26505 -0.988935 40.8974
0.265825 -0.989624 40.8815
0.2666 -0.990301 40.8657
0.267375 -0.990966 40.8499
0.26815 -0.991619 40.834
0.268925 -0.992259 40.8182
0.2697 -0.992887 40.8024
0.270475 -0.993503 40.7866
0.27125 -0.994106 40.7708
0.272025 -0.994697 40.755
0.2728 -0.995276 40.7392
0.273575 -0.995843 40.7234
0.27435 -0.996398 40.7076
0.275125 -0.99694 40.6919
0.2759 -0.99747 40.6761
0.276675 -0.997988 40.6604
0.27745 -0.998494 40.6446
0.278225 -0.998987 40.6289
0.279 -0.999468 40.6131
0.279775 -0.999937 40.5974
0.28055 -1.00039 40.5816
0.281325 -1.00084 40.5659
0.2821 -1.00127 40.5502
0.282875 -1.00169 40.5345
0.28365 -1.0021 40.5188
0.284425 -1.0025 40.5031
0.2852 -1.00288 40.4874
0.285975 -1.00325 40.4717
0.28675 -1.00361 40.456
0.287525 -1.00396 40.4404
0.2883 -1.00429 40.4247
0.289075 -1.00462 40.409
0.28985 -1.00493 40.3934
0.290625 -1.00523 40.3777
0.2914 -1.00551 40.3621
0.292175 -1.00579 40.3465
0.29295 -1.00605 40.3308
0.293725 -1.0063 40.3152
0.2945 -1.00654 40.2996
0.295275 -1.00676 40.284
0.29605 -1.00698 40.2684
0.296825 -1.00718 40.2528
0.2976 -1.00737 40.2372
0.298375 -1.00755 40.2216
0.29915 -1.00771 40.206
0.299925 -1.00787 40.1904
0.3007 -1.00801 40.1748
0.301475 -1.00814 40.1593
0.30225 -1.00826 40.1437
0.303025 -1.00836 40.1282
0.3038 -1.00845 40.1126
0.304575 -1.00854 40.0971
0.30535 -1.0086 40.0815
0.306125 -1.00866 40.066
0.3069 -1.00871 40.0505
0.307675 -1.00874 40.035
0.30845 -1.00876 40.0195
0.309225 -1.00877 40.004
0.31 -1.00877 39.9885
0.310775 -1.00875 39.973
0.31155 -1.00873 39.9575
0.312325 -1.00869 39.942
0.3131 -1.00864 39.9265
0.313875 -1.00857 39.9111
0.31465 -1.0085 39.8956
0.315425 -1.00841 39.8801
0.3162 -1.00831 39.8647
0.316975 -1.0082 39.8492
0.31775 -1.00808 39.8338
0.318525 -1.00794 39.8184
0.3193 -1.0078 39.8029
0.320075 -1.00764 39.7875
0.32085 -1.00747 39.7721
0.321625 -1.00729 39.7567
0.3224 -1.00709 39.7413
0.323175 -1.00688 39.7259
0.32395 -1.00667 39.7105
0.324725 -1.00644 39.6951
0.3255 -1.00619 39.6797
0.326275 -1.00594 39.6644
0.32705 -1.00567 39.649
0.327825 -1.00539 39.6336
0.3286 -1.00511 39.6183
0.329375 -1.0048 39.6029
0.33015 -1.00449 39.5876
0.330925 -1.00416 39.5723
0.3317 -1.00383 39.5569
0.332475 -1.00348 39.5416
0.33325 -1.00312 39.5263
0.334025 -1.00274 39.511
0.3348 -1.00236 39.4957
0.335575 -1.00196 39.4804
0.33635 -1.00155 39.4651
0.337125 -1.00113 39.4498
0.3379 -1.0007 39.4345
0.338675 -1.00026 39.4192
0.33945 -0.9998 39.4039
0.340225 -0.999332 39.3887
0.341 -0.998852 39.3734
0.341775 -0.998361 39.3582
0.34255 -0.997857 39.3429
0.343325 -0.997342 39.3277
0.3441 -0.996815 39.3124
0.344875 -0.996276 39.2972
0.34565 -0.995726 39.282
0.346425 -0.995163 39.2668
0.3472 -0.994589 39.2515
0.347975 -0.994003 39.2363
0.34875 -0.993406 39.2211
0.349525 -0.992796 39.2059
0.3503 -0.992175 39.1908
0.351075 -0.991542 39.1756
0.35185 -0.990897 39.1604
0.352625 -0.99024 39.1452
0.3534 -0.989572 39.1301
0.354175 -0.988892 39.1149
0.35495 -0.9882 39.0997
0.355725 -0.987497 39.0846
0.3565 -0.986781 39.0695
0.357275 -0.986054 39.0543
0.35805 -0.985316 39.0392
0.358825 -0.984565 39.0241
0.3596 -0.983803 39.0089
0.360375 -0.983029 38.9938
0.36115 -0.982243 38.9787
0.361925 -0.981446 38.9636
0.3627 -0.980637 38.9485
0.363475 -0.979816 38.9334
0.36425 -0.978984 38.9184
0.365025 -0.97814 38.9033
0.3658 -0.977284 38.8882
0.366575 -0.976416 38.8731
0.36735 -0.975537 38.8581
0.368125 -0.974646 38.843
0.3689 -0.973744 38.828
0.369675 -0.97283 38.8129
0.37045 -0.971904 38.7979
0.371225 -0.970966 38.7829
0.372 -0.970017 38.7678
0.372775 -0.969057 38.7528
0.37355 -0.968084 38.7378
0.374325 -0.9671 38.7228
0.3751 -0.966104 38.7078
0.375875 -0.965097 38.6928
0.37665 -0.964078 38.6778
0.377425 -0.963048 38.6628
0.3782 -0.962006 38.6478
0.378975 -0.960952 38.6329
0.37975 -0.959887 38.6179
0.380525 -0.95881 38.6029
0.3813 -0.957721 38.588
0.382075 -0.956621 38.573
0.38285 -0.955509 38.5581
0.383625 -0.954386 38.5432
0.3844 -0.953251 38.5282
0.385175 -0.952105 38.5133
0.38595 -0.950947 38.4984
0.386725 -0.949777 38.4835
0.3875 -0.948596 38.4685
0.388275 -0.947404 38.4536
0.38905 -0.946199 38.4387
0.389825 -0.944984 38.4239
0.3906 -0.943756 38.409
0.391375 -0.942518 38.3941
0.39215 -0.941267 38.3792
0.392925 -0.940005 38.3643
0.3937 -0.938732 38.3495
0.394475 -0.937447 38.3346
0.39525 -0.936151 38.3198
0.396025 -0.934843 38.3049
0.3968 -0.933523 38.2901
0.397575 -0.932192 38.2752
0.39835 -0.93085 38.2604
0.399125 -0.929496 38.2456
0.3999 -0.928131 38.2308
0.400675 -0.926754 38.216
0.40145 -0.925365 38.2012
0.402225 -0.923965 38.1864
0.403 -0.922554 38.1716
0.403775 -0.921131 38.1568
0.40455 -0.919697 38.142
0.405325 -0.918251 38.1272
0.4061 -0.916794 38.1124
0.406875 -0.915326 38.0977
0.40765 -0.913846 38.0829
0.408425 -0.912354 38.0682
0.4092 -0.910851 38.0534
0.409975 -0.909337 38.0387
0.41075 -0.907811 38.0239
0.411525 -0.906274 38.0092
0.4123 -0.904726 37.9945
0.413075 -0.903166 37.9798
0.41385 -0.901594 37.965
0.414625 -0.900011 37.9503
0.4154 -0.898417 37.9356
0.416175 -0.896812 37.9209
0.41695 -0.895195 37.9062
0.417725 -0.893566 37.8916
0.4185 -0.891927 37.8769
0.419275 -0.890276 37.8622
0.42005 -0.888613 37.8475
0.420825 -0.886939 37.8329
0.4216 -0.885254 37.8182
0.422375 -0.883558 37.8036
0.42315 -0.88185 37.7889
0.423925 -0.88013 37.7743
0.4247 -0.8784 37.7596
0.425475 -0.876658 37.745
0.42625 -0.874905 37.7304
0.427025 -0.87314 37.7158
0.4278 -0.871364 37.7012
0.428575 -0.869577 37.6866
0.42935 -0.867778 37.672
0.430125 -0.865968 37.6574
0.4309 -0.864147 37.6428
0.431675 -0.862315 37.6282
0.43245 -0.860471 37.6136
0.433225 -0.858616 37.599
0.434 -0.856749 37.5845
0.434775 -0.854872 37.5699
0.43555 -0.852983 37.5554
0.436325 -0.851082 37.5408
0.4371 -0.849171 37.5263
0.437875 -0.847248 37.5117
0.43865 -0.845314 37.4972
0.439425 -0.843369 37.4827
0.4402 -0.841412 37.4681
0.440975 -0.839444 37.4536
0.44175 -0.837465 37.4391
0.442525 -0.835475 37.4246
0.4433 -0.833473 37.4101
0.444075 -0.831461 37.3956
0.44485 -0.829437 37.3811
0.445625 -0.827401 37.3666
0.4464 -0.825355 37.3522
0.447175 -0.823297 37.3377
0.44795 -0.821228 37.3232
0.448725 -0.819148 37.3088
0.4495 -0.817057 37.2943
0.450275 -0.814954 37.2799
0.45105 -0.812841 37.2654
0.451825 -0.810716 37.251
0.4526 -0.80858 37.2366
0.453375 -0.806432 37.2221
0.45415 -0.804274 37.2077
0.454925 -0.802104 37.1933
0.4557 -0.799924 37.1789
0.456475 -0.797732 37.1645
0.45725 -0.795529 37.1501
0.458025 -0.793314 37.1357
0.4588 -0.791089 37.1213
0.459575 -0.788852 37.1069
0.46035 -0.786605 37.0925
0.461125 -0.784346 37.0782
0.4619 -0.782076 37.0638
0.462675 -0.779795 37.0494
0.46345 -0.777502 37.0351
0.464225 -0.775199 37.0207
0.465 -0.772885 37.0064
0.465775 -0.770559 36.9921
0.46655 -0.768222 36.9777
0.467325 -0.765875 36.9634
0.4681 -0.763516 36.9491
0.468875 -0.761146 36.9348
0.46965 -0.758764 36.9205
0.470425 -0.756372 36.9062
0.4712 -0.753969 36.8919
0.471975 -0.751555 36.8776
0.47275 -0.749129 36.8633
0.473525 -0.746693 36.849
0.4743 -0.744245 36.8347
0.475075 -0.741787 36.8205
0.47585 -0.739317 36.8062
0.476625 -0.736836 36.7919
0.4774 -0.734344 36.7777
0.478175 -0.731842 36.7634
0.47895 -0.729328 36.7492
0.479725 -0.726803 36.7349
0.4805 -0.724267 36.7207
0.481275 -0.72172 36.7065
0.48205 -0.719162 36.6923
0.482825 -0.716593 36.678
0.4836 -0.714013 36.6638
0.484375 -0.711422 36.6496
0.48515 -0.70882 36.6354
0.485925 -0.706207 36.6212
0.4867 -0.703583 36.6071
0.487475 -0.700948 36.5929
0.48825 -0.698302 36.5787
0.489025 -0.695645 36.5645
0.4898 -0.692977 36.5504
0.490575 -0.690298 36.5362
0.49135 -0.687608 36.522
0.492125 -0.684907 36.5079
0.4929 -0.682195 36.4937
0.493675 -0.679472 36.4796
0.49445 -0.676738 36.4655
0.495225 -0.673994 36.4513
0.496 -0.671238 36.4372
0.496775 -0.668471 36.4231
0.49755 -0.665694 36.409
0.498325 -0.662905 36.3949
0.4991 -0.660106 36.3808
0.499875 -0.657296 36.3667
0.50065 -0.654474 36.3526
0.501425 -0.651642 36.3385
0.5022 -0.648799 36.3244
0.502975 -0.645945 36.3104
0.50375 -0.64308 36.2963
0.504525 -0.640204 36.2822
0.5053 -0.637318 36.2682
0.506075 -0.63442 36.2541
0.50685 -0.631512 36.2401
0.507625 -0.628592 36.226
0.5084 -0.625662 36.212
0.509175 -0.622721 36.198
0.50995 -0.619769 36.184
0.510725 -0.616806 36.1699
0.5115 -0.613832 36.1559
0.512275 -0.610848 36.1419
0.51305 -0.607852 36.1279
0.513825 -0.604846 36.1139
0.5146 -0.601829 36.0999
0.515375 -0.598801 36.0859
0.51615 -0.595762 36.072
0.516925 -0.592712 36.058
0.5177 -0.589652 36.044
0.518475 -0.586581 36.0301
0.51925 -0.583498 36.0161
0.520025 -0.580405 36.0021
0.5208 -0.577302 35.9882
0.521575 -0.574187 35.9743
0.52235 -0.571062 35.9603
0.523125 -0.567926 35.9464
0.5239 -0.564779 35.9325
0.524675 -0.561621 35.9185
0.52545 -0.558452 35.9046
0.526225 -0.555273 35.8907
0.527 -0.552083 35.8768
0.527775 -0.548882 35.8629
0.52855 -0.545671 35.849
0.529325 -0.542448 35.8351
0.5301 -0.539215 35.8212
0.530875 -0.535971 35.8074
0.53165 -0.532716 35.7935
0.532425 -0.529451 35.7796
0.5332 -0.526175 35.7658
0.533975 -0.522888 35.7519
0.53475 -0.51959 35.738
0.535525 -0.516282 35.7242
0.5363 -0.512963 35.7104
0.537075 -0.509633 35.6965
0.53785 -0.506292 35.6827
0.538625 -0.502941 35.6689
0.5394 -0.499579 35.6551
0.540175 -0.496206 35.6412
0.54095 -0.492823 35.6274
0.541725 -0.489429 35.6136
0.5425 -0.486024 35.5998
0.543275 -0.482609 35.586
0.54405 -0.479183 35.5723
0.544825 -0.475746 35.5585
0.5456 -0.472298 35.5447
0.546375 -0.46884 35.5309
0.54715 -0.465371 35.5172
0.547925 -0.461892 35.5034
0.5487 -0.458401 35.4896
0.549475 -0.454901 35.4759
0.55025 -0.451389 35.4622
0.551025 -0.447867 35.4484
0.5518 -0.444334 35.4347
0.552575 -0.440791 35.4209
0.55335 -0.437237 35.4072
0.554125 -0.433672 35.3935
0.5549 -0.430096 35.3798
0.555675 -0.426511 35.3661
0.55645 -0.422914 35.3524
0.557225 -0.419307 35.3387
0.558 -0.415689 35.325
0.558775 -0.41206 35.3113
0.55955 -0.408421 35.2976
0.560325 -0.404772 35.284
0.5611 -0.401112 35.2703
0.561875 -0.397441 35.2566
0.56265 -0.393759 35.243
0.563425 -0.390067 35.2293
0.5642 -0.386365 35.2157
0.564975 -0.382652 35.202
0.56575 -0.378928 35.1884
0.566525 -0.375194 35.1747
0.5673 -0.371449 35.1611
0.568075 -0.367693 35.1475
0.56885 -0.363927 35.1339
0.569625 -0.360151 35.1203
0.5704 -0.356364 35.1067
0.571175 -0.352566 35.0931
0.57195 -0.348758 35.0795
0.572725 -0.344939 35.0659
0.5735 -0.34111 35.0523
0.574275 -0.33727 35.0387
0.57505 -0.33342 35.0251
0.575825 -0.329559 35.0116
0.5766 -0.325688 34.998
0.577375 -0.321806 34.9844
0.57815 -0.317914 34.9709
0.578925 -0.314011 34.9573
0.5797 -0.310098 34.9438
0.580475 -0.306174 34.9303
0.58125 -0.30224 34.9167
0.582025 -0.298295 34.9032
0.5828 -0.29434 34.8897
0.583575 -0.290374 34.8762
0.58435 -0.286398 34.8626
0.585125 -0.282411 34.8491
0.5859 -0.278414 34.8356
0.586675 -0.274406 34.8221
0.58745 -0.270388 34.8087
0.588225 -0.26636 34.7952
0.589 -0.262321 34.7817
0.589775 -0.258271 34.7682
0.59055 -0.254211 34.7547
0.591325 -0.250141 34.7413
0.5921 -0.24606 34.7278
0.592875 -0.241969 34.7144
0.59365 -0.237868 34.7009
0.594425 -0.233756 34.6875
0.5952 -0.229633 34.674
0.595975 -0.2255 34.6606
0.59675 -0.221357 34.6472
0.597525 -0.217204 34.6337
0.5983 -0.21304 34.6203
0.599075 -0.208865 34.6069
0.59985 -0.20468 34.5935
0.600625 -0.200485 34.5801
0.6014 -0.196279 34.5667
0.602175 -0.192063 34.5533
0.60295 -0.187837 34.5399
0.603725 -0.1836 34.5265
0.6045 -0.179353 34.5132
0.605275 -0.175096 34.4998
0.60605 -0.170828 34.4864
0.606825 -0.16655 34.4731
0.6076 -0.162261 34.4597
0.608375 -0.157962 34.4464
0.60915 -0.153653 34.433
0.609925 -0.149333 34.4197
0.6107 -0.145003 34.4063
0.611475 -0.140663 34.393
0.61225 -0.136313 34.3797
0.613025 -0.131952 34.3664
0.6138 -0.127581 34.3531
0.614575 -0.123199 34.3397
0.61535 -0.118807 34.3264
0.616125 -0.114405 34.3131
0.6169 -0.109993 34.2998
0.617675 -0.10557 34.2866
0.61845 -0.101137 34.2733
0.619225 -0.0966933 34.26
0.62 -0.0922397 34.2467
0.620775 -0.0877757 34.2335
0.62155 -0.0833015 34.2202
0.622325 -0.078817 34.2069
0.6231 -0.0743223 34.1937
0.623875 -0.0698173 34.1804
0.62465 -0.065302 34.1672
0.625425 -0.0607764 34.154
0.6262 -0.0562406 34.1407
0.626975 -0.0516945 34.1275
0.62775 -0.0471382 34.1143
0.628525 -0.0425717 34.1011
0.6293 -0.0379949 34.0878
0.630075 -0.0334078 34.0746
0.63085 -0.0288105 34.0614
0.631625 -0.0242031 34.0482
0.6324 -0.0195853 34.0351
0.633175 -0.0149574 34.0219
0.63395 -0.0103192 34.0087
0.634725 -0.00567085 33.9955
0.6355 -0.00101226 33.9823
0.636275 0.00365653 33.9692
0.63705 0.00833552 33.956
0.637825 0.0130247 33.9429
0.6386 0.0177241 33.9297
0.639375 0.0224337 33.9166
0.64015 0.0271534 33.9034
0.640925 0.0318834 33.8903
0.6417 0.0366235 33.8772
0.642475 0.0413738 33.864
0.64325 0.0461342 33.8509
0.644025 0.0509048 33.8378
0.6448 0.0556856 33.8247
0.645575 0.0604766 33.8116
0.64635 0.0652777 33.7985
0.647125 0.0700889 33.7854
0.6479 0.0749103 33.7723
0.648675 0.0797419 33.7592
0.64945 0.0845835 33.7461
0.650225 0.0894354 33.7331
0.651 0.0942973 33.72
0.651775 0.0991694 33.7069
0.65255 0.104052 33.6939
0.653325 0.108944 33.6808
0.6541 0.113846 33.6678
0.654875 0.118759 33.6547
0.65565 0.123681 33.6417
0.656425 0.128614 33.6287
0.6572 0.133557 33.6156
0.657975 0.13851 33.6026
0.65875 0.143473 33.5896
0.659525 0.148446 33.5766
0.6603 0.153429 33.5636
0.661075 0.158423 33.5506
0.66185 0.163426 33.5376
0.662625 0.168439 33.5246
0.6634 0.173463 33.5116
0.664175 0.178496 33.4986
0.66495 0.18354 33.4856
0.665725 0.188594 33.4726
0.6665 0.193657 33.4597
0.667275 0.198731 33.4467
0.66805 0.203815 33.4338
0.668825 0.208909 33.4208
0.6696 0.214013 33.4079
0.670375 0.219127 33.3949
0.67115 0.224251 33.382
0.671925 0.229385 33.369
0.6727 0.234529 33.3561
0.673475 0.239683 33.3432
0.67425 0.244847 33.3303
0.675025 0.250021 33.3174
0.6758 0.255205 33.3044
0.676575 0.260399 33.2915
0.67735 0.265603 33.2786
0.678125 0.270817 33.2658
0.6789 0.276041 33.2529
0.679675 0.281275 33.24
0.68045 0.286519 33.2271
0.681225 0.291773 33.2142
0.682 0.297037 33.2014
0.682775 0.302311 33.1885
0.68355 0.307595 33.1756
0.684325 0.312889 33.1628
0.6851 0.318193 33.1499
0.685875 0.323506 33.1371
0.68665 0.32883 33.1243
0.687425 0.334164 33.1114
0.6882 0.339507 33.0986
0.688975 0.344861 33.0858
0.68975 0.350224 33.073
0.690525 0.355598 33.0601
0.6913 0.360981 33.0473
0.692075 0.366374 33.0345
0.69285 0.371778 33.0217
0.693625 0.377191 33.0089
0.6944 0.382614 32.9962
0.695175 0.388047 32.9834
0.69595 0.39349 32.9706
0.696725 0.398942 32.9578
0.6975 0.404405 32.945
0.698275 0.409877 32.9323
0.69905 0.41536 32.9195
0.699825 0.420852 32.9068
0.7006 0.426354 32.894
0.701375 0.431866 32.8813
0.70215 0.437388 32.8685
0.702925 0.44292 32.8558
0.7037 0.448462 32.8431
0.704475 0.454013 32.8304
0.70525 0.459575 32.8176
0.706025 0.465146 32.8049
0.7068 0.470727 32.7922
0.707575 0.476318 32.7795
0.70835 0.481919 32.7668
0.709125 0.48753 32.7541
0.7099 0.49315 32.7414
0.710675 0.49878 32.7287
0.71145 0.504421 32.7161
0.712225 0.510071 32.7034
0.713 0.51573 32.6907
0.713775 0.5214 32.678
0.71455 0.527079 32.6654
0.715325 0.532769 32.6527
0.7161 0.538468 32.6401
0.716875 0.544176 32.6274
0.71765 0.549895 32.6148
0.718425 0.555624 32.6022
0.7192 0.561362 32.5895
0.719975 0.56711 32.5769
0.72075 0.572868 32.5643
0.721525 0.578635 32.5517
0.7223 0.584413 32.5391
0.723075 0.5902 32.5264
0.72385 0.595997 32.5138
0.724625 0.601803 32.5012
0.7254 0.60762 32.4887
0.726175 0.613446 32.4761
0.72695 0.619282 32.4635
0.727725 0.625127 32.4509
0.7285 0.630983 32.4383
0.729275 0.636848 32.4258
0.73005 0.642723 32.4132
0.730825 0.648607 32.4006
0.7316 0.654502 32.3881
0.732375 0.660406 32.3755
0.73315 0.66632 32.363
0.733925 0.672243 32.3505
0.7347 0.678177 32.3379
0.735475 0.684119 32.3254
0.73625 0.690072 32.3129
0.737025 0.696035 32.3004
0.7378 0.702007 32.2878
0.738575 0.707988 32.2753
0.73935 0.71398 32.2628
0.740125 0.719981 32.2503
0.7409 0.725992 32.2378
0.741675 0.732012 32.2254
0.74245 0.738042 32.2129
0.743225 0.744082 32.2004
0.744 0.750132 32.1879
0.744775 0.756191 32.1754
0.74555 0.76226 32.163
0.746325 0.768338 32.1505
0.7471 0.774427 32.1381
0.747875 0.780524 32.1256
0.74865 0.786632 32.1132
0.749425 0.792749 32.1007
0.7502 0.798876 32.0883
0.750975 0.805012 32.0759
0.75175 0.811158 32.0634
0.752525 0.817314 32.051
0.7533 0.823479 32.0386
0.754075 0.829654 32.0262
0.75485 0.835839 32.0138
0.755625 0.842033 32.0014
0.7564 0.848237 31.989
0.757175 0.85445 31.9766
0.75795 0.860673 31.9642
0.758725 0.866905 31.9518
0.7595 0.873148 31.9394
0.760275 0.879399 31.927
0.76105 0.885661 31.9147
0.761825 0.891932 31.9023
0.7626 0.898212 31.89
0.763375 0.904502 31.8776
0.76415 0.910802 31.8652
0.764925 0.917111 31.8529
0.7657 0.92343 31.8406
0.766475 0.929758 31.8282
0.76725 0.936096 31.8159
0.768025 0.942444 31.8036
0.7688 0.948801 31.7912
0.769575 0.955167 31.7789
0.77035 0.961543 31.7666
0.771125 0.967929 31.7543
0.7719 0.974324 31.742
0.772675 0.980729 31.7297
0.77345 0.987143 31.7174
0.774225 0.993567 31.7051
0.775 1 31.6928
