
0.113 0.209 4.568 5.242 7.617 8.03 8.225 8.346 8.613 8.769 9.299 
0.414 2.792 3.484 4.384 4.594 5.571 6.219 6.633 6.768 6.949 7.344 7.404 7.844 9.782 
0.76 1.651 2.207 2.281 2.923 8.165 8.36 9.158 
0.142 2.613 2.764 3.411 5.465 8.361 8.488 8.599 9.357 9.549 
0.307 0.363 4.693 5.408 5.692 6.142 6.219 9.692 9.872 
4.294 4.489 4.617 5.227 9.622 9.824 
0.203 0.497 1.483 1.575 2.424 3.332 4.26 4.947 5.17 5.609 6.342 6.399 6.749 7.312 7.705 
0.059 0.677 0.811 1.135 1.274 1.456 1.845 2.767 4.605 4.758 4.837 4.928 5.219 5.455 5.568 5.765 7.801 8.389 
0.147 2.347 2.445 2.629 3.199 3.412 5.381 5.552 7.037 7.208 7.606 8.547 8.752 8.894 
0.074 0.262 0.333 0.462 0.659 0.808 1.183 1.463 2.709 2.743 2.848 2.954 4.386 4.857 4.927 6.987 7.204 7.301 7.384 7.927 8.023 9.71 9.936 
0.449 0.709 7.552 7.596 8.521 
0.242 0.543 0.623 0.752 7.218 7.86 
0.108 1.329 1.477 2.518 2.717 
0.075 0.639 1.487 2.799 5.988 6.281 6.382 6.567 6.812 6.893 7.197 8.393 8.661 8.791 
1.077 1.162 1.743 3.966 4.055 7.05 8.852 9.293 9.488 9.667 9.779 
1.105 1.311 1.912 5.934 8.851 
0.082 2.24 2.31 2.576 3.088 3.158 3.918 4.349 4.696 5.257 6.994 7.108 7.443 7.645 7.722 7.815 8.089 8.324 8.431 9.636 
0.065 0.359 0.7 1.482 1.597 1.935 3.304 4.514 5.841 5.956 6.744 9.329 9.607 
5.284 5.451 5.735 6.287 6.42 6.926 7.008 7.185 8.132 8.311 
0.115 0.272 
0.083 2.499 3.34 4.389 4.548 4.674 4.738 5.078 5.677 9.014 
0.086 0.252 0.361 0.528 0.703 3.233 3.375 3.596 3.756 3.876 4.267 5.139 5.21 5.261 6.549 6.748 6.906 8.655 9.624 9.84 9.891 9.958 
1.023 1.147 1.256 1.702 1.755 2.066 2.293 2.656 2.736 3.226 3.391 3.533 7.941 9.095 9.15 9.321 9.533 

0.943 1.617 2.4 4.286 9.251 9.503 
1.198 1.318 1.447 1.931 2.188 2.243 2.735 3.585 3.771 5.729 6.347 6.509 8.04 
0.265 0.534 1.176 1.403 1.942 1.968 3.56 3.69 3.812 3.952 4.057 9.308 9.626 
0.43 0.52 0.688 1.413 1.715 5.014 5.256 5.442 7.888 8.079 8.355 8.844 
0.109 1.316 1.607 1.674 2.54 9.636 
0.076 1.059 1.322 8.322 8.652 8.922 9.227 
0.222 0.933 1.646 4.316 4.546 4.736 4.897 5.354 7.134 8.062 8.316 9.07 9.253 
3.576 3.796 4.358 5.255 5.375 5.556 6.844 7.697 7.923 8.058 
5.225 5.447 5.907 6.641 6.701 6.748 7.61 8.048 9.156 9.286 9.612 9.785 
0.085 0.731 1.963 2.084 2.213 2.343 3.932 5.251 5.818 7.297 8.138 8.718 
0.192 0.517 0.565 0.771 1.158 1.835 1.948 3.309 3.609 4.472 4.788 4.913 5.159 5.336 5.377 5.714 6.001 6.289 
0.467 0.724 3.008 3.381 8.009 8.074 8.561 8.634 9.211 9.783 9.851 
0.501 0.791 0.955 1.104 1.154 6.119 6.308 6.481 6.581 6.613 6.673 7.024 7.078 9.41 9.725 
0.136 0.409 0.428 0.835 0.967 1.28 1.361 
0.426 4.187 4.4 5.73 7.719 8.742 8.974 9.433 
0.118 1.675 2.095 2.178 3.273 3.496 5.209 5.256 6.059 6.3 6.399 6.468 6.755 9.626 

3.742 3.825 6.01 6.108 6.236 6.401 6.829 7.505 8.173 8.596 9.064 9.803 
0.121 0.926 1.229 1.369 1.674 5.689 6.297 7.327 7.392 7.853 8.239 8.364 8.46 8.826 9.033 9.183 9.347 
0.118 0.173 1.947 2.208 4.207 4.283 5.908 6.035 6.159 6.73 7.403 7.55 7.622 7.696 8.585 9.031 
0.618 0.836 0.958 1.043 4.77 5.763 5.849 6.274 
0.252 0.483 0.565 0.653 1.327 1.451 1.779 
0.094 1.131 4.37 4.607 6.812 6.997 8.057 8.261 8.393 8.696 
0.147 1.588 1.689 3.299 3.719 9.425 9.982 
0.105 2.158 3.008 3.23 3.341 3.494 4.238 4.383 5.783 5.851 
0.406 0.59 1.049 1.16 2.224 2.87 8.457 8.925 9.505 
0.129 0.276 1.395 1.486 1.555 1.947 2.297 3.008 3.133 3.338 4.757 6.494 7.528 8.123 8.67 8.786 8.917 9.065 9.264 
0.362 0.566 1.317 1.456 2.962 3.009 3.098 4.561 4.752 5.43 5.499 6.24 6.354 6.614 6.997 7.2 7.462 8.477 8.658 
0.486 0.637 0.722 0.895 2.273 3.403 5.1 5.65 5.996 6.361 6.429 6.494 6.751 6.937 8.297 9.206 9.489 9.562 
0.067 0.165 0.31 0.406 0.472 1.568 3.035 3.135 4.347 4.704 5.203 5.234 5.565 5.923 6.165 8.047 8.23 8.397 8.557 8.73 8.876 9.243 9.347 9.377 
0.471 4.928 5.075 7.169 7.835 7.867 8.078 9.407 9.464 9.524 9.612 
0.214 0.749 0.843 1.006 1.072 1.187 1.372 1.616 2.253 2.768 3.08 4.057 4.122 4.499 4.808 5.556 6.196 6.841 8.926 9.445 
0.062 0.142 0.333 0.409 2.713 
3.696 3.742 5.103 5.271 5.409 6.948 7.247 8.674 8.707 8.832 
1.272 3.782 4.014 4.637 4.876 5.173 5.437 5.538 6.177 7.082 7.251 9.177 9.223 9.486 9.883 
0.161 0.251 1.402 1.545 1.605 2.48 6.723 6.865 7.551 9.15 9.307 
0.539 1.256 1.434 2.087 2.984 3.9 3.958 4.191 4.429 5.928 6.079 6.337 6.464 6.742 6.991 7.529 7.627 8.838 9.981 
0.436 0.525 0.631 0.716 1.118 2.917 5.856 6.663 7.591 7.66 
0.159 0.264 0.382 0.518 0.777 1.064 3.156 3.609 3.727 4.879 5.052 5.182 5.513 5.986 6.065 6.753 6.837 7.204 7.336 7.49 7.879 8.009 8.106 8.441 8.764 9.126 9.175 9.686 
0.778 1.375 1.439 2.082 6.82 9.079 
0.574 1.438 3.773 3.933 4.374 4.518 4.586 4.998 
3.195 3.693 3.83 5.203 6.189 7.766 8.192 8.335 8.442 
2.856 3.121 3.366 3.734 4.602 5.25 5.901 6.058 6.594 6.851 6.973 7.134 7.283 8.774 9.101 9.303 
0.12 0.944 7.488 7.62 8.09 9.515 
3.126 3.322 3.39 4.256 4.553 6.392 6.571 6.828 7.06 7.505 7.694 7.977 
0.222 0.442 1.015 1.469 2.274 2.745 2.971 3.211 3.325 3.707 4.085 8.59 8.642 8.861 9.855 
0.954 1.201 1.237 5.159 6.246 8.569 8.72 9.652 9.714 
0.228 0.282 1.102 2.407 2.476 2.651 2.896 3.559 3.652 3.776 4.273 4.426 4.65 5.661 5.892 6.391 
0.042 
2.903 6.687 6.883 7.177 9.366 9.992 
0.328 2.342 3.354 3.482 3.613 3.902 4.308 8.575 8.674 
0.318 8.08 8.229 8.505 8.716 8.839 9.44 9.753 
1.175 1.315 1.468 1.714 2.148 2.755 2.989 5.505 5.619 6.064 6.171 6.632 6.724 6.939 7.467 7.516 8.174 8.271 8.562 8.693 
3.118 3.65 5.79 5.926 6.013 6.096 6.259 6.454 
2.742 2.956 6.801 8.467 8.828 8.901 
0.34 1.175 1.603 1.792 1.916 2.938 5.297 5.637 6.337 6.887 7.608 8.488 9.528 
0.206 0.412 0.836 1.101 9.278 
0.061 0.24 0.963 1.204 5.214 5.264 
0.39 0.665 0.811 1.291 1.439 1.588 2.396 2.961 3.268 3.291 3.44 3.543 3.597 4.497 4.619 5.235 5.472 5.527 5.63 6.352 6.461 6.54 7.005 7.45 7.687 
1.385 2.503 2.746 3.37 3.767 7.5 7.906 8.35 8.449 8.664 9.401 
0.581 0.862 1.072 1.893 3.636 6.337 6.773 7.771 7.918 8.885 8.965 9.067 9.305 9.456 9.523 
0.175 1.5 1.639 2.568 3.912 4.047 5.436 6.632 
3.236 4.048 5.147 7.238 7.339 7.752 8.001 8.162 8.293 
0.707 
1.165 1.254 3.32 3.409 4.874 8.11 8.824 9.024 9.793 
0.315 2.009 2.554 3.818 3.914 5.539 8.631 8.859 8.981 9.077 9.375 9.458 
1.572 1.606 1.804 2.032 2.16 3.001 3.584 4.704 5.294 5.418 5.608 5.722 8.116 8.232 9.028 9.393 9.521 
0.94 1.291 1.689 1.866 2.146 2.815 3.689 4.143 7.9 8.278 8.893 9.413 9.565 
1.62 2.789 3.91 4.181 4.962 6.781 6.876 
0.96 1.01 1.258 1.342 2.055 2.781 2.96 3.649 3.758 4.371 4.604 4.793 5.021 6.353 6.564 7.497 8.976 9.715 
1.065 1.497 1.694 1.793 1.979 2.063 5.935 8.268 8.455 8.75 8.995 
0.723 1.784 2.275 2.384 2.632 3.231 3.831 3.939 4.195 4.361 6.477 7.352 7.488 9.4 9.561 
0.536 0.849 2.973 4.34 4.437 4.694 
0.177 0.512 0.708 3.69 4.107 4.262 4.421 5.096 6.606 8.115 9.384 9.918 
0.336 1 1.099 1.484 1.953 2.258 2.418 3.053 6.966 7.139 7.496 7.733 7.798 8.095 8.646 8.713 8.871 9.758 9.903 
0.453 0.49 0.881 9.222 9.411 
0.388 2.106 2.335 3.175 3.629 3.862 3.968 5.633 5.982 6.35 6.679 6.79 
1.273 5.146 7.884 7.977 8.3 8.834 8.894 8.961 
0.802 1.156 1.458 2.73 3.359 3.687 5.982 6.319 
0.123 0.298 0.651 1.394 1.736 2.146 2.305 2.512 2.904 3.03 3.116 3.666 6.591 
0.269 0.707 0.889 1.321 1.371 1.407 1.564 4.142 4.521 5.827 6.072 6.457 7.258 7.982 8.931 8.977 
0.133 0.631 0.673 0.819 1.477 1.667 1.901 2.111 2.561 6.036 6.291 6.836 6.953 
1.592 6.559 8.218 8.67 9.067 9.24 
0.197 0.588 0.798 2.774 3.12 3.66 4.312 4.878 5.174 5.449 7.125 7.28 8.443 8.473 9.115 9.165 9.695 
0.24 4.001 5.345 6.291 6.808 7.272 8.092 
0.129 2.056 2.278 2.339 2.478 2.708 2.775 3.212 3.3 4.038 4.685 5.864 7.886 8.014 
0.063 4.338 4.665 6.66 6.909 7.117 7.336 7.665 
0.065 2.024 2.636 4.613 4.75 4.886 4.987 5.172 5.322 5.515 6.809 6.995 7.058 7.42 7.703 7.877 7.986 
1.011 1.078 2.605 2.978 3.58 5.14 8.377 9.304 
0.129 1.821 2.279 3.302 3.655 3.987 4.155 4.803 4.934 5.789 6.078 6.317 
0.7 1.054 1.259 4.261 
0.554 0.734 0.856 1.217 1.606 2.592 4.704 5.103 5.861 6.319 7.8 7.991 
0.894 1.019 5.144 6.077 6.198 6.492 7.253 7.657 8.105 
0.486 0.601 0.637 1.356 2.184 2.278 2.875 3.354 3.457 3.892 4.337 4.544 4.793 4.941 5.3 
0.212 0.636 1.079 1.146 2.143 2.229 3.772 7.76 8.623 8.841 8.976 
1.404 2.52 
0.247 0.49 0.677 0.878 3.628 4.411 4.941 5.156 5.425 5.509 6.512 6.554 7.083 7.968 9.774 9.895 
0.193 0.478 2.433 3.531 3.752 4.284 4.444 4.572 6.853 8.102 8.205 8.829 
2.434 4.163 4.81 
0.069 0.48 0.676 0.752 1.494 2.138 2.729 2.895 5.573 5.986 9.177 
3.746 5.337 5.705 5.896 6.333 6.402 6.777 8.021 8.122 
1.662 2.152 2.53 2.954 4.898 5.097 6.727 6.811 
0.517 0.594 0.963 1.789 3.721 3.842 4.189 5.154 5.247 6.077 6.198 6.332 7.228 7.529 7.679 8.344 8.77 8.951 
0.157 0.254 3.443 3.673 3.788 4.05 4.315 4.363 8.548 
0.384 6.372 6.427 8.047 
0.611 2.187 7.996 9.284 9.782 
0.965 1.046 1.155 1.761 2.62 3.104 4.492 4.917 8.669 8.822 8.92 9.485 
1.953 2.879 3.029 4.505 5.066 5.735 6.524 8.312 8.383 8.725 8.995 9.081 9.751 
0.957 8.069 8.193 8.29 8.389 8.496 9.028 9.205 9.39 9.547 9.651 9.819 
2.233 2.306 
0.557 0.861 1.224 3.516 3.68 3.991 4.212 4.349 5.271 5.445 5.47 5.912 7.29 8.721 
1.733 1.814 2.032 2.193 2.274 4.849 5.079 5.191 5.959 6.053 6.272 6.537 7.039 7.157 8.272 8.926 9.947 
7.902 9.489 
0.429 1.002 1.775 1.966 3.27 3.718 3.915 4.865 6.448 6.88 7.203 8.354 8.464 8.576 
0.671 0.946 1.749 1.84 1.896 2.042 2.201 3.733 7.639 8.028 8.401 8.53 8.648 8.957 
2.087 2.341 3.804 3.988 9.538 
1.983 2.499 2.624 2.856 3.092 3.161 4.394 4.491 4.548 7.826 8.144 
7.508 8.259 9.293 9.501 
7.075 7.506 8.229 8.767 9.31 
0.509 1.925 2.371 2.422 2.67 2.769 3.142 3.306 3.777 4.828 5.666 5.789 5.946 6.225 6.613 8.642 8.938 
1.593 7.941 9.133 9.504 
1.195 1.243 2.59 2.644 3.568 3.871 4.836 5.277 5.971 6.093 6.133 6.199 7.078 7.257 7.922 9.535 
0.519 0.653 2.989 3.606 3.657 4.163 4.367 4.778 4.825 4.944 5.086 5.248 6.71 6.966 8.246 8.404 8.488 
0.086 0.696 2.512 2.771 2.853 6.444 6.514 6.798 6.993 7.193 8.247 8.327 9.204 9.372 
3.069 4.218 8.589 8.99 9.557 
0.067 1.283 1.306 1.435 3.985 4.105 6.12 7.435 7.502 7.653 8.454 9.02 9.071 9.389 
1.353 5.004 5.319 6.384 6.882 7.058 8.698 8.867 9.033 9.191 9.352 
0.138 0.519 1.145 2.055 2.367 2.886 3.167 3.253 3.919 5.337 5.447 5.641 5.808 6.731 8.317 8.508 9.381 9.792 

0.087 2.576 2.956 6.051 7.295 7.419 7.611 7.792 7.856 7.961 8.362 8.989 
3.028 3.113 3.224 3.535 3.657 4.237 4.753 5.037 5.109 5.239 5.395 5.694 6.656 7.017 7.483 9.634 
0.627 1.1 1.984 2.147 2.209 2.436 2.617 2.658 2.978 3.189 4.451 4.821 4.946 5.253 5.332 5.43 6.156 6.332 6.436 6.552 7.128 7.215 7.428 7.521 8.4 8.672 
0.178 0.458 1.179 1.541 1.709 2.02 2.377 3.475 3.678 3.717 3.906 4.172 4.294 4.765 4.93 9.316 9.381 9.461 9.556 
0.569 0.634 3.554 3.628 3.805 5.507 8.51 
0.038 1.989 2.159 2.246 2.886 7.574 7.714 8.06 8.678 8.772 9.082 9.621 9.838 
3.308 4.996 7.351 7.572 8.655 8.785 
0.417 0.842 0.926 7.607 7.991 8.259 8.363 8.667 9.015 9.165 9.629 9.943 
0.237 0.414 0.536 0.703 0.784 0.947 1.213 3.562 3.677 4.297 7.309 8.935 9.134 9.441 
4.857 
0.259 2.432 2.585 5.857 6.112 6.189 7.438 7.516 9.54 
8.875 9.352 9.545 
0.044 0.108 0.377 0.697 1.398 1.461 1.599 2.082 2.171 2.508 2.667 2.743 2.837 3.104 3.314 3.823 3.868 4.07 4.159 4.291 4.418 6.92 7.049 7.699 8.008 
2.285 2.424 2.714 3.061 3.34 3.436 3.668 4.4 5.763 6.499 6.622 6.712 8.764 9.092 9.39 
0.55 4.047 4.419 4.742 5.211 5.329 7.365 7.449 8.035 9.143 9.397 9.491 
1.133 1.37 1.972 7.723 8.983 
0.796 0.879 1.053 1.165 1.966 2.343 2.398 2.541 2.781 2.826 6.735 6.964 7.141 7.221 8.078 8.139 9.477 9.581 9.943 
0.198 0.705 1.003 1.58 1.831 4.765 4.941 9.996 
1.763 2.814 2.883 3.045 3.107 3.755 
0.064 0.944 1.305 2.182 2.735 3.588 3.619 3.747 5.113 5.569 5.88 7.077 7.522 
0.213 2.77 5.76 
0.782 1.303 1.687 1.914 2.33 2.469 6.87 6.896 7.291 7.921 8.376 
0.089 0.173 0.272 0.834 1.59 1.835 3.569 3.842 4.211 4.383 4.671 5.357 5.494 5.85 5.899 7.697 
0.288 0.825 2.808 2.952 3.708 4.535 5.143 5.254 5.33 5.716 5.783 
2.337 2.544 2.758 3.019 3.172 
0.134 1.688 1.956 2.877 

0.052 0.228 1.808 2.583 2.719 4.004 4.864 5.023 6.104 7.319 7.373 7.848 7.945 
6.729 6.863 6.973 7.407 7.818 
5.632 5.819 6.536 6.695 6.761 6.902 7.621 7.931 8.048 
0.366 9.698 9.955 
0.583 0.778 3.406 3.923 4.206 8.124 8.362 8.884 
1.178 1.536 1.746 2.003 2.967 3.11 4.39 4.551 5.057 5.633 6.027 9.975 
3.575 5.934 6.159 6.741 7.009 7.128 7.717 9.068 9.496 
0.247 0.518 6.354 6.467 8.104 8.222 8.477 8.766 8.94 9.105 9.969 
1.377 1.887 2.306 2.41 2.621 2.908 2.956 6.405 6.491 6.678 7.693 7.931 8.107 8.461 8.534 9.412 9.791 
0.55 0.66 1.459 1.596 4.332 4.598 5.39 5.59 7.564 7.796 8.343 8.549 8.661 
5.13 6.836 7.221 8.959 
1.789 2.171 2.286 3.02 8.749 
1.318 
0.333 0.497 3.804 7.24 7.79 8.698 8.826 8.97 9.309 
0.59 0.993 1.027 2.033 2.306 4.016 4.184 4.639 6.133 6.34 6.636 
1.657 2.018 2.643 2.72 4.687 5.005 5.193 5.755 5.839 
0.082 2.166 2.443 2.56 2.843 3.403 3.504 6.568 7.374 7.529 7.831 8.093 8.657 
0.18 8.55 8.672 8.91 9.488 9.755 
0.192 0.246 
0.11 1.572 1.692 2.548 2.582 2.786 2.837 3.562 3.728 4.695 5.455 5.751 6.597 6.69 7.66 8.591 8.687 8.801 9.937 
4.134 4.486 4.576 5.102 5.197 7 7.166 9.69 9.792 9.965 
0.152 0.391 1.497 1.931 3.835 5.005 
0.696 0.906 1.207 1.947 2.284 2.522 2.632 3.888 4.665 
2.801 3.695 5.505 6.265 6.499 6.835 7.137 7.235 7.533 7.641 8.091 8.217 
0.104 1.05 1.296 1.547 2.259 3.048 4.266 4.364 4.5 5.45 5.552 7.82 8.165 9.187 
0.307 0.527 0.666 0.816 2.396 2.483 2.741 3.14 5.322 5.407 
1.858 1.999 2.088 6.641 6.853 7.197 7.477 7.615 8.768 
0.064 1.302 1.531 1.654 1.752 2.705 2.924 3.722 4.133 4.272 9.077 
3.85 4.302 4.957 5.155 6.197 6.463 6.822 6.922 7.729 7.857 8.419 
1.325 1.373 1.499 2.477 3.628 3.729 3.884 4.02 4.155 4.793 6.075 
0.127 0.208 5.399 6.167 6.269 
0.717 2.915 5.404 5.85 5.947 6.538 6.678 8.763 9.18 
0.248 0.358 0.601 0.702 0.84 3.679 3.956 4.308 4.36 4.447 4.587 5.453 5.638 6.157 6.302 6.409 6.465 7.11 8.536 8.86 

0.405 4.179 4.307 4.491 4.75 4.965 5.437 8.846 9.031 
0.813 0.972 2.78 3.624 3.863 3.952 4.729 5.258 5.406 5.526 5.696 7.786 8.033 8.258 8.327 8.471 8.5 9.035 9.098 9.156 9.919 
0.055 0.147 0.702 0.911 0.985 1.395 1.595 5.889 6.014 6.4 6.434 7.686 9.422 
0.417 0.515 0.787 1.285 1.314 2.161 2.598 3.317 3.48 3.76 5.654 5.799 6.177 7.549 7.689 8.045 
6.154 6.716 7.382 7.499 7.708 8.454 8.634 8.712 8.989 9.737 
0.217 2.665 2.845 3.256 3.793 4.321 4.549 6.016 6.292 7.321 7.578 8.196 8.458 8.66 8.998 9.175 9.287 9.658 9.735 9.965 
0.764 1.015 1.298 1.388 1.566 1.687 1.795 2.38 2.525 3.902 4.014 5.834 5.996 6.101 7.766 7.894 8.074 8.278 8.534 8.574 8.811 9.555 
0.062 0.175 0.317 1.385 2.313 5.618 6.761 7.113 7.723 7.85 8.115 9.849 
0.057 0.346 0.513 0.919 1.222 1.494 1.695 1.783 2.105 2.163 2.408 3.707 4.072 4.32 4.517 4.954 8.438 8.948 9.22 9.592 9.72 9.834 
0.974 1.431 1.587 2.06 2.329 9.252 9.409 9.577 
0.196 1.194 4.907 7.045 9.278 9.34 
0.15 0.307 2.449 5.207 5.417 5.566 5.649 6.005 7.216 7.483 7.701 7.954 
0.144 0.938 1.503 2.129 2.725 3.299 3.735 4.165 5.419 5.484 5.66 6.46 6.6 8.177 8.664 8.76 8.858 9.895 
0.867 1.087 2.11 2.561 4.537 4.911 5.389 5.813 5.99 6.044 6.49 7.227 7.295 
0.307 1.799 2.838 2.924 6.647 8.242 9.233 9.485 9.834 10.001 
1.253 1.474 1.682 1.766 2.166 3.098 3.284 3.598 3.929 5.278 6.068 6.71 6.902 7.068 7.264 7.468 
0.141 0.599 1.076 
0.226 0.372 0.547 0.696 1.259 1.405 1.486 1.541 2.902 3.748 3.935 4.1 4.606 4.685 6.11 6.974 7.611 9.345 9.765 9.855 
1.422 1.995 2.545 3.166 3.279 4.158 4.662 4.861 6.925 7.315 7.794 
0.111 0.153 0.5 0.635 0.66 0.696 0.895 1.723 1.804 2.002 8.83 8.885 
1.383 1.469 1.846 1.934 4.211 4.567 4.999 5.245 5.765 6.149 7.189 
0.03 0.164 4.14 4.226 4.392 5.575 5.914 6.293 6.417 6.543 8.811 9.125 
0.325 0.413 0.754 0.913 1.754 1.999 2.111 2.848 3.448 3.603 4.107 7.38 9.271 9.411 9.493 
0.468 0.606 0.813 1.083 1.187 1.611 1.859 2.324 2.484 3.931 4.037 4.189 4.589 4.71 5.267 7.763 8.231 
0.084 
0.374 0.413 0.782 3.489 3.731 4.623 5.043 5.443 7.095 8.109 
0.78 1.242 1.439 3.834 3.925 5.209 5.991 6.24 6.72 6.834 
0.692 0.766 5.613 5.659 5.761 6.174 6.234 6.664 6.721 6.827 7.1 
1.335 1.465 1.904 3.289 4.633 5.097 5.729 5.967 6.106 6.662 6.8 7.079 7.419 7.84 8.065 8.855 9.034 
0.574 0.955 1.516 1.921 2.087 2.374 2.833 3.916 9.387 9.468 9.536 9.962 
0.275 0.653 1.517 1.601 2.332 2.425 3.128 6.988 8.007 8.931 9.698 
0.335 0.562 0.696 1.785 2.369 2.468 3.712 4.04 5.518 5.891 6.026 9.101 9.445 9.587 
0.698 1.567 1.9 2.088 3.278 3.406 3.614 4.717 6.386 6.476 6.628 7.038 7.121 
0.064 0.412 0.962 1.12 1.533 2.288 2.786 3.032 3.395 3.666 
0.119 0.407 0.933 3.019 3.725 3.776 5.061 5.23 5.973 
0.543 3.78 3.859 5.191 5.355 5.611 5.891 6.382 6.929 7.126 8.784 
0.135 0.61 0.647 1.117 1.258 2.477 3.87 5.721 6.391 7.322 7.924 9.355 9.44 9.932 
0.138 0.333 0.624 0.876 2.092 2.325 2.47 3.352 4.649 4.771 4.938 6.933 7.06 8.786 9.551 9.81 
0.349 0.835 2.197 2.362 3.211 4.865 5.033 5.331 5.371 5.468 6.14 6.27 9.944 
0.247 0.435 6.989 7.096 7.153 
0.111 0.528 0.59 0.822 1.007 3.721 4.011 5.065 7.373 7.467 7.583 7.821 7.952 7.993 8.588 8.799 9.164 
0.598 0.69 0.807 1.852 1.893 2.467 2.793 2.885 3.914 4.218 4.473 6.433 6.505 6.856 6.979 7.883 
0.038 2.905 4.021 5.546 6.931 7.62 7.772 8.103 8.316 9.318 9.696 
0.18 1.121 1.945 2.128 2.381 2.458 6.457 6.487 7.101 7.277 
0.135 0.591 1.073 1.29 1.725 1.787 1.876 2.367 2.552 3.085 3.289 3.96 4.232 4.346 4.596 4.734 5.446 5.778 5.975 8.103 8.199 8.613 8.735 8.935 9.286 9.69 9.816 
0.059 0.16 0.254 0.284 0.372 0.983 1.714 3.23 3.346 3.956 7.421 7.953 8.61 8.662 8.717 9.139 9.229 9.598 
2.261 6.653 8.068 8.214 9.077 9.237 9.346 
2.419 2.574 2.719 2.789 3.419 6.55 6.581 6.737 6.881 7.292 7.726 8.352 8.966 9.077 
2.833 2.923 3.398 3.509 4.162 6.288 6.435 6.505 7.235 7.363 8.116 8.178 8.259 9.056 9.207 9.258 9.428 9.701 
0.326 1.757 1.82 2.206 2.72 2.77 3.305 3.626 
4.423 4.883 4.959 5.061 5.144 5.227 5.825 
0.089 0.311 0.426 2.232 2.535 3.128 3.181 3.355 3.444 3.91 3.987 7.35 7.871 8.052 8.259 
0.771 0.872 2.508 2.701 2.829 2.906 4.115 4.236 4.316 4.468 4.9 4.936 5.095 5.474 5.59 5.766 5.994 6.45 7.453 7.545 8.024 8.195 8.531 9.431 9.688 
0.495 0.783 0.879 2.546 5.282 5.722 
0.202 0.718 2.836 2.889 3.008 3.544 3.901 4.6 4.799 4.904 7.949 8.684 8.946 9.203 9.42 9.788 9.888 9.977 
0.035 0.114 1.659 2.126 2.717 3.53 9.879 
0.179 5.05 9.06 9.234 
0.797 1.841 2.001 2.113 2.832 3.305 3.603 3.932 3.999 4.339 9.306 
0.354 0.494 0.86 1.12 1.228 1.385 1.771 2.155 2.719 2.981 4.728 4.796 5.161 5.257 5.992 6.205 8.281 8.316 8.582 8.642 
1.117 1.373 1.507 1.861 2.001 3.103 3.185 3.33 3.565 3.706 3.842 4.034 5.639 5.949 6.386 
0.353 0.468 0.883 1.202 1.276 1.371 1.474 1.756 2.028 2.304 2.513 2.588 3.27 3.592 5.882 
0.129 4.605 4.921 
0.218 0.483 0.617 0.987 1.176 3.137 3.538 3.69 4.292 5.194 5.463 
0.046 0.177 0.36 0.892 0.923 1.306 1.477 1.536 2.532 5.296 6.444 7.047 7.451 8.713 8.774 
0.032 6.946 7.906 8.22 9.652 9.871 
3.023 3.266 3.614 3.821 
0.104 0.239 1.057 1.212 1.693 9.888 
0.425 1.244 1.385 1.491 1.709 2.025 2.352 2.455 2.554 7.095 7.165 8.836 8.929 9.696 
0.661 1.422 3.765 4.654 5.059 
0.769 0.885 0.965 1.88 4.954 4.976 5.186 6.168 6.377 
0.141 0.23 0.917 3.391 3.629 3.939 4.2 4.415 4.563 5.161 7.918 8.38 9.066 
0.063 3.615 4.27 5.456 5.708 6.056 6.208 6.626 6.829 7.74 7.85 8.221 8.302 8.884 8.922 9.26 9.521 9.724 
0.42 2.97 4.754 8.012 8.761 9.322 9.54 9.696 9.845 
0.174 0.226 1.114 1.563 1.75 4.729 5.068 6.299 6.871 7.877 8.025 8.288 8.719 9.337 
0.039 0.145 0.539 1.33 1.789 2.351 2.595 3.908 4.423 4.496 7.161 7.23 7.99 8.926 9.38 9.566 9.677 9.751 
0.078 0.566 0.905 2.544 
0.068 0.549 0.694 1.217 1.273 2.393 2.985 3.155 3.341 5.392 5.472 
0.883 1.203 1.453 1.532 2.185 2.367 2.452 3.524 3.626 3.746 3.782 3.957 4.085 4.236 5.01 5.084 5.263 8.4 8.603 
4.037 4.125 4.518 4.662 4.787 5.145 5.23 5.428 5.683 5.915 6.148 8.05 8.272 8.407 8.516 9.054 
0.2 0.287 
0.098 0.306 0.434 0.502 1.454 1.585 2.945 3.069 3.192 3.38 3.609 3.716 3.765 5.796 5.927 6.07 6.436 6.497 7.285 7.704 7.895 8.984 
0.225 2.152 2.41 2.707 3.491 3.788 4.535 4.942 5.053 5.447 6.525 6.853 
0.207 0.357 0.835 3.193 3.471 6.753 6.938 7.02 7.47 7.727 7.792 8.034 8.212 
0.247 0.436 2.664 4.403 5.269 5.85 6.043 7.426 7.525 7.951 8.197 8.752 9.054 9.205 9.294 9.56 9.749 
2.623 3.182 4.229 4.549 4.862 5.643 5.681 5.872 5.924 6.048 6.12 7.314 7.509 7.779 7.912 8.602 9.289 9.418 
0.096 1.033 1.12 3.767 3.844 5.259 5.314 6.893 7.281 7.472 7.764 7.829 8.114 9.299 
1.149 1.909 2.345 2.426 4.439 
1.495 1.705 2.912 3.025 3.602 3.636 3.846 4.019 4.488 4.684 5.207 5.332 6.281 
0.14 0.372 0.467 0.625 0.777 1.35 1.482 1.757 1.951 2.616 2.697 2.784 3.686 4.149 4.41 6.181 7.3 8.373 8.585 8.716 8.814 8.914 9.263 
0.331 0.553 1.97 2.033 2.272 3.992 
3.46 3.819 4.215 4.671 4.768 4.972 9.73 9.93 9.974 
0.326 2.331 3.993 4.381 6.881 8.654 8.883 9.05 9.202 
0.169 0.594 0.812 1.453 1.6 4.661 
0.582 1.627 6.639 6.808 7.066 7.214 7.354 7.376 8.562 8.67 9.981 
0.479 0.626 3.451 4.289 5.194 5.583 
0.472 0.888 2.014 2.112 2.296 2.664 3.077 3.583 4.076 4.245 6.296 6.987 7.214 8.75 
0.444 0.719 3.31 3.426 3.475 4.402 5.094 6.078 6.667 7.04 7.237 7.598 7.734 9.86 
1.021 1.122 1.194 1.668 1.937 2.392 3.682 4.248 5.745 6.296 7.246 9.102 9.183 9.244 9.372 9.609 
5.707 6.031 6.229 6.895 7.234 7.545 9.237 
0.169 0.519 0.584 1.198 1.339 1.694 4.082 4.408 5.561 7.874 
0.065 0.272 6.048 6.264 
0.824 1.46 1.594 1.78 2.082 4.152 4.595 4.976 5.029 5.187 6.919 6.983 7.725 
0.379 0.487 0.819 1.171 2.78 3.184 3.292 3.464 3.721 4.248 5.356 7.139 7.249 7.511 
2.811 3.014 3.634 3.714 3.811 3.848 3.929 4.101 4.139 5.206 6.002 7.321 9.32 9.943 
0.165 0.415 1.623 1.813 2.501 2.613 2.854 9.545 9.857 
0.392 0.659 0.886 1.727 6.256 6.868 7.878 
0.533 0.98 1.092 3.811 4.228 6.711 6.916 9.6 9.708 
0.092 0.245 0.494 0.728 0.928 1.525 1.835 2.021 2.075 2.112 3.109 3.803 3.949 5.388 6.272 6.523 7.058 7.856 8.105 
0.336 0.365 0.515 0.837 1.403 3.127 5.499 
1.143 2.612 2.737 3.965 4.031 4.197 4.829 4.957 5.333 5.416 6.357 
0.079 0.59 4.967 6.181 
0.816 0.958 4.207 4.256 4.521 4.638 4.722 5.595 8.038 
0.059 0.137 0.501 0.68 0.937 1.306 4.969 5.507 6.458 8.387 9.212 9.552 9.631 
0.148 1.642 1.771 2.373 2.629 2.734 2.959 3.003 4.175 5.728 6.558 6.712 7.17 7.333 7.486 
0.151 0.281 1.044 1.121 1.216 2.433 
0.781 0.849 1.049 1.295 1.544 1.761 2.705 2.759 3.553 6.392 7.191 9.863 9.921 
0.165 1.371 1.566 3.035 3.148 4.216 4.422 4.514 5.254 5.419 5.462 5.648 6.429 7.286 8.658 9.265 
0.043 0.58 1.033 1.092 4.569 4.958 5.3 5.427 5.644 5.858 6.788 7.001 7.125 7.209 
3.792 5.697 6.115 
0.31 0.633 1.526 1.722 2.542 2.776 3.15 3.354 3.485 3.743 3.825 3.969 4.34 4.598 
0.284 0.607 1.886 2.353 2.551 3.667 3.933 4.612 4.759 4.847 5.883 9.65 9.786 
0.288 0.346 0.484 1.759 3.119 3.415 3.542 5.353 8.895 
0.541 1.553 2.407 3.757 5.042 5.613 8.016 8.127 8.475 8.775 9.959 
0.291 0.545 4.703 4.811 5.756 5.978 6.147 7.325 
0.293 0.838 0.964 1.21 1.494 1.754 2.762 3.254 6.683 7.137 7.28 9.643 9.972 
0.05 0.236 0.276 0.965 1.109 1.165 2.573 2.731 4.646 5.245 6.237 
0.069 0.517 0.75 1.625 1.88 4.32 4.487 4.642 5.575 7.474 8.812 9.827 
0.457 0.645 0.765 1.399 1.546 4.475 4.61 4.665 5.272 5.59 5.95 6.919 7.193 7.264 8.167 8.502 8.644 8.933 9.363 9.6 9.684 9.798 
0.222 0.246 0.31 0.769 0.985 1.256 1.436 1.562 1.695 2.262 2.317 2.39 2.667 4.62 4.834 4.9 5.683 6.334 7.088 7.134 7.887 8.415 9.592 9.662 
0.14 0.877 1.99 2.77 2.837 2.922 3.923 5.392 6.513 8.053 8.154 8.752 
0.069 0.771 1.126 1.208 1.317 1.79 1.874 3.201 3.474 5.872 6.264 6.32 6.94 7.448 7.594 7.876 9.845 
3.975 4.024 4.539 4.647 5.301 5.862 6.81 7.638 7.718 8.89 
0.134 0.515 1.029 1.126 1.452 1.493 2.167 2.428 4.297 4.375 7.043 7.394 8.094 9.43 9.978 
0.104 0.501 0.539 0.637 0.786 0.905 1.56 1.77 1.921 3.747 3.86 3.903 4.243 4.342 4.534 7.632 8.985 9.226 
4.136 4.308 
0.319 6.483 7.156 7.33 
0.04 0.177 0.28 1.181 1.26 2.021 2.192 2.291 2.75 2.957 3.252 3.821 3.994 4.144 4.293 8.173 8.225 8.431 8.824 9.772 
0.108 0.316 0.513 0.804 1.679 1.811 3.337 
0.823 1.001 8.964 
1.216 1.288 1.804 3.113 3.958 4.143 5.711 7.581 7.727 9.007 9.186 9.593 
2.373 3.037 8.184 8.271 8.354 
0.824 3.292 3.545 3.682 3.99 4.215 4.325 4.667 4.781 8.14 8.4 
0.393 3.951 4.09 
0.205 2.081 4.237 4.359 5.405 8.19 9.881 9.924 
0.222 5.661 7.201 7.548 
0.223 0.484 1.414 1.61 2.447 2.991 3.269 5.909 6.167 7.193 7.327 8.352 9.643 
1.121 3.599 3.75 3.819 5.231 5.844 7.553 7.812 7.92 
0.695 1.358 1.423 1.849 2.043 6.5 7.072 7.128 
0.087 0.415 1.91 2.185 2.331 2.687 6.45 6.929 7.103 7.17 7.276 
0.043 0.17 1.687 2.009 2.118 2.214 3.138 
0.198 0.647 0.741 1.062 1.294 3.361 3.498 5.249 5.289 7.037 7.11 7.902 9.501 
1.356 1.487 1.563 
3.192 3.894 4.037 4.318 6.844 8.886 9.047 
0.068 0.588 0.82 2.347 2.456 3.101 3.737 7.748 8.724 8.822 8.94 
0.433 0.575 0.822 1.594 1.9 2.302 2.389 5.872 5.979 6.168 8.983 9.166 9.889 
0.129 1.016 1.462 1.685 1.783 1.875 3.106 7.679 
0.807 1.353 1.743 2.212 2.645 3.197 3.459 8.372 8.435 9.855 9.918 
0.987 1.594 4.011 4.094 4.264 5.106 5.852 6.225 6.805 8.088 
1.796 1.882 2.115 2.485 2.672 3.376 3.891 4.394 
4.426 4.669 6.581 8.364 8.688 

7.441 7.742 
0.523 0.823 2.33 2.864 4 4.106 4.721 5.055 5.206 5.234 5.349 5.688 5.806 6.273 6.973 7.24 9.02 9.506 9.85 
0.135 
0.2 0.56 0.667 2.155 3.685 6.806 
0.31 0.864 1.883 2.235 2.305 2.594 4.155 4.279 4.444 5.57 5.607 5.753 7.257 7.31 7.511 9.031 9.263 9.474 
0.139 0.41 0.53 0.978 3.255 3.736 4.232 4.316 4.497 4.63 5.099 5.238 6.686 7.376 7.758 9.176 9.759 9.909 
0.094 1.293 1.962 2.1 2.34 2.487 2.629 3.932 4.034 5.621 5.701 7.077 9.661 
0.075 1.969 2.022 2.146 2.273 
0.11 0.199 1.081 1.269 1.346 1.595 2.218 2.455 2.496 3.259 3.698 4.248 4.94 5.022 7.405 7.735 8.099 
0.165 0.387 0.432 0.56 0.666 1.002 1.349 1.418 1.532 1.71 1.829 
0.105 0.156 0.219 2.507 2.66 3.091 3.158 4.769 
0.535 0.644 1.473 1.526 1.772 2.445 3.394 3.71 8.872 9.211 9.332 
0.149 7.336 7.441 9.832 9.99 
0.635 1.166 1.295 2.255 2.836 3.18 3.25 6.854 7.377 7.614 8.522 9.163 9.296 9.36 9.8 
0.123 0.285 0.354 0.381 0.589 1.508 1.769 2.44 3.224 3.48 3.879 4.315 4.46 4.513 5.332 6.738 6.798 7.536 7.856 8.354 8.438 8.6 8.732 
0.122 0.418 0.642 0.746 0.92 1.153 5.336 5.6 5.833 
2.744 3.45 4.445 
0.806 1.247 2.267 2.428 3.008 3.446 3.812 5.38 5.941 8.188 
0.284 6.955 
0.157 0.353 0.491 0.561 0.982 3.115 5.597 5.782 6.003 6.052 6.758 6.946 
0.041 0.604 1.712 2.255 2.402 2.507 4.289 4.452 4.669 4.801 5.041 5.09 5.77 5.949 6.042 7.052 7.592 7.697 7.896 8.306 8.878 9.34 
0.425 0.859 1.114 1.418 1.651 2.296 2.329 2.529 2.892 3.037 3.915 3.965 4.045 4.274 4.763 4.794 5.23 5.249 5.826 7.356 7.471 7.714 
0.259 0.47 0.635 2.981 3.015 3.273 3.763 3.94 4.535 4.621 4.855 5.582 5.771 6.304 6.574 7.049 7.591 7.766 
1.797 4.641 4.811 4.995 5.261 5.517 5.793 7.584 7.814 7.961 8.253 9.99 
3.074 3.17 4.206 5.325 5.659 6.315 
0.3 1.01 1.959 2.025 3.411 3.868 8.522 8.844 
0.128 0.506 0.709 0.955 1.356 9.742 
3.954 4.433 4.629 
0.44 2.071 3.581 4.215 5.157 5.596 6.451 6.649 6.683 6.768 6.894 
0.096 1.355 1.487 1.677 1.912 8.595 9.564 
0.283 0.379 0.504 0.611 1.512 3.005 4.596 5.505 5.586 5.764 5.871 5.993 9.457 
0.282 0.448 0.602 0.701 1.47 1.517 1.669 1.797 2.12 2.459 6.067 
0.325 0.957 1.364 1.465 1.725 2.863 2.991 3.333 3.628 
0.767 0.827 0.993 1.14 3.159 3.324 3.742 3.818 4.874 5.305 5.42 7.114 9.804 9.851 9.982 
1.28 1.459 1.974 2.259 6.24 
0.353 4.345 4.452 4.665 4.921 5.004 7.35 7.632 
1.139 1.467 1.973 2.468 2.888 4.456 5.259 5.809 5.959 6.111 6.331 6.564 7.166 8.062 8.179 9.392 9.496 9.59 9.942 
0.185 2.191 2.24 2.413 4.73 7.471 8.322 8.849 
0.242 0.398 0.653 0.936 2.239 2.303 2.374 2.51 3.103 5.347 6.071 7.45 9.05 
2.512 9.712 9.953 
0.063 0.336 1.217 1.745 1.961 2.364 2.443 2.76 3.127 3.265 3.498 3.941 4.111 4.489 5.859 6.295 7.157 9.475 9.843 
0.531 0.652 0.73 0.982 1.808 5.14 5.226 5.729 5.859 6.374 7.598 
1.524 2.484 2.924 3.271 3.336 4.382 4.47 5.009 5.177 6.815 6.963 7.152 8.088 8.854 9.362 
0.229 1.667 8.858 9.016 9.995 
0.033 0.361 0.64 4.501 4.546 4.951 5.196 5.491 6.462 
0.104 0.992 1.226 1.8 2.274 7.322 7.869 8.313 8.527 8.727 9.094 
0.024 0.521 0.824 0.967 1.197 2.645 2.772 3.401 3.508 5.186 7.377 7.523 7.688 7.825 8.079 
1.364 1.583 2.395 2.761 3.767 3.968 4.267 4.52 4.805 4.88 6.265 7.642 7.794 8.328 8.824 9.304 9.428 9.706 
2.786 3.299 4.884 9.162 
0.336 0.884 1.035 2.516 3.626 3.685 3.911 4.632 4.841 7.025 8.858 9.747 9.794 9.995 
0.483 1.22 4.056 4.543 5.052 6.051 6.13 6.391 6.729 7.999 8.116 8.307 
0.622 1.378 1.463 1.918 1.967 2.064 2.14 2.82 2.977 3.17 4.003 4.272 4.314 4.627 5.681 5.851 6.007 7.513 8.12 8.281 8.414 
1.502 2.245 2.722 3.924 4.1 5.925 5.973 6.645 6.792 7.907 9.126 9.444 
0.342 0.72 0.889 1.287 1.487 1.575 2.373 2.878 4.729 6.934 7.253 7.361 7.471 7.736 7.787 7.874 8.178 8.29 8.417 8.508 8.589 8.659 8.866 8.929 9.043 9.164 9.494 9.814 
0.051 2.478 2.873 3.336 3.556 5.24 5.411 5.902 6.363 6.896 6.951 7.421 7.766 
1.26 1.472 1.739 1.876 2.065 2.893 3.88 5.77 6.073 6.619 8.295 
0.647 1.177 1.566 1.996 3.514 4.271 5.563 5.647 
0.1 1.84 2.42 3.084 4.722 5.097 5.227 5.324 5.391 5.568 
0.672 2.456 2.523 2.971 4.76 5.041 5.477 5.605 6.135 6.388 6.735 6.821 7 8.663 9 
0.066 0.337 0.573 1.342 1.736 2.297 2.526 5.089 5.215 6.143 6.463 6.585 6.65 7.345 
1.067 1.299 2.042 2.79 3.076 3.284 3.387 3.563 4.363 6.728 6.895 6.939 7.014 8.375 8.453 8.951 9.75 9.841 
0.095 0.134 0.382 1.804 1.86 1.938 6.166 6.302 6.542 6.655 6.927 7.006 7.391 8.613 9.7 
0.373 0.779 7.078 7.413 9.067 9.326 9.524 9.76 9.901 
1.388 4.885 7.373 7.521 8.017 8.144 
0.171 0.289 0.484 0.631 2.725 3.306 3.349 3.495 4.856 5.907 
0.298 2.954 7.899 7.968 8.129 8.331 8.494 9.256 
0.588 4.418 4.471 5.035 5.91 6.795 6.928 7.085 7.627 
0.206 2.699 4.041 5.919 6.04 6.163 8.491 8.592 9.39 9.682 9.829 
0.056 2.051 2.159 5.816 6.681 
0.249 0.444 0.887 1.05 1.184 1.48 2.294 4.117 4.459 4.57 4.789 5.401 5.911 6.689 6.793 6.873 7.052 7.278 7.449 7.933 9.166 9.408 9.567 9.975 
0.983 3.138 3.31 3.401 3.512 3.658 5.174 5.231 8.515 8.842 9.969 
0.435 0.51 0.714 2.643 3.08 7.197 
0.114 2.686 2.991 3.133 3.609 3.833 4.254 4.361 4.433 4.705 4.987 5.034 5.652 9.139 9.264 9.617 9.878 9.974 
0.172 7.511 9.431 9.487 
5.812 6.246 6.913 7.127 7.559 7.681 8.757 9.148 
0.296 0.548 1.041 1.241 1.466 1.813 1.84 2.219 2.471 3.318 3.862 4.18 4.68 6.291 6.612 7.603 7.849 8.117 8.212 8.345 8.632 
0.151 0.516 0.647 1.483 1.658 6.888 7.652 7.73 8.065 
2.026 2.388 2.535 2.876 3.157 3.295 3.568 3.666 5.688 5.753 6.533 6.674 7.073 7.295 9.724 
0.188 
0.27 1.301 1.813 5.7 5.825 6.058 8.099 8.16 
0.183 2.05 2.296 2.459 2.491 2.987 4.259 4.87 5.363 5.55 7.15 9.344 
0.879 1.548 4.441 5.573 5.774 5.869 6.607 8.421 9.758 
0.451 0.548 0.735 1.813 1.963 2.14 6.752 
0.548 0.656 3.589 5.381 5.872 6.294 8.346 
1.608 2.202 2.324 2.469 2.585 2.899 6.879 
0.093 0.158 0.666 0.697 0.852 1.215 
0.225 2.628 2.91 3.725 3.79 4.519 4.889 6.007 6.906 7.136 7.426 7.874 8.576 8.694 8.824 9.427 
0.208 2.118 2.38 2.644 2.892 3.011 3.111 3.369 3.403 3.467 3.925 4.195 5.856 5.987 7.139 8.126 8.471 8.546 
0.357 0.588 0.716 
0.25 0.633 2.557 2.93 3.181 3.552 3.722 3.869 5.547 5.883 8.653 9.583 9.699 9.752 9.795 
0.092 0.306 0.427 2.962 3.185 3.28 4.131 4.255 4.59 5.563 6.548 6.656 7.756 8.76 9.21 9.354 9.481 9.712 
0.234 0.403 0.965 1.062 1.221 1.301 1.45 1.566 2.215 3.075 3.152 3.465 5.217 5.526 5.609 6.286 6.423 6.725 6.851 6.943 7.225 7.385 7.441 7.735 7.967 
4.84 5.105 
0.808 0.949 1.38 1.511 4.784 7.189 8.576 8.78 9.066 9.761 9.985 
0.068 0.453 5.6 5.776 6.021 9.207 9.274 9.768 9.981 
2.739 3.762 3.864 4.189 6.104 7.153 7.325 9.695 
1.949 3.467 3.619 4.287 4.416 4.856 8.432 9.24 9.416 9.667 
0.378 0.719 0.958 1.401 2.174 6.289 6.475 6.89 7.132 
0.547 0.618 3.176 3.958 4.293 4.447 4.553 4.725 4.992 5.969 7.291 7.499 7.747 8.013 8.11 9.433 9.61 
0.687 1.279 1.682 2.031 3.545 3.659 3.873 4.007 6.482 7.443 8.515 
0.054 0.255 0.568 0.74 1.827 2.024 3.624 3.745 4.049 4.461 4.779 4.908 4.972 5.911 6.228 7.104 7.21 7.297 7.552 8.409 8.516 
0.134 2.461 4.298 4.704 4.912 5.598 5.9 6.488 7.975 
0.373 0.588 3.529 4.11 5.29 6.424 7.032 8.198 8.768 9.078 9.596 
0.153 1.011 1.3 1.737 1.839 5.023 5.433 5.494 5.644 6.323 6.753 7.126 8.237 9.378 9.427 9.501 9.633 
2.463 2.6 3.545 4.46 4.537 4.884 5.067 5.229 5.982 6.479 6.952 7.137 7.429 7.862 8.034 8.298 8.889 9.43 
0.16 0.267 4.485 4.553 4.697 4.855 5.313 5.65 5.71 6.587 7.036 7.947 8.023 8.327 8.544 8.7 8.941 
2.455 2.989 3.971 4.767 4.813 5.281 6.051 6.145 6.282 7.498 8.222 9.79 
0.069 2.123 3.149 3.313 3.5 4.166 4.385 4.497 6.527 6.568 7.431 7.492 
0.1 0.616 1.013 1.655 1.856 2.086 2.544 3.194 3.48 4.85 5.072 5.319 5.673 6.132 8.114 9.547 
0.719 1.354 1.421 4.636 4.808 4.836 4.958 7.444 7.576 8.119 8.444 
0.095 0.191 0.503 0.857 0.972 1.077 1.234 3.363 3.541 6.293 6.319 6.392 6.623 6.75 7.961 9.385 9.461 
0.201 0.774 0.985 1.287 1.394 2.16 2.347 3.077 3.333 4.125 4.913 6.161 
0.121 0.382 3.424 3.531 3.639 3.936 3.996 4.198 4.273 6.507 6.582 8.382 8.642 8.897 8.971 9.306 
0.931 1.079 6.266 6.453 6.754 8.398 8.7 9.616 9.709 
0.067 0.187 0.492 2.085 2.196 2.385 2.812 3.014 5.053 5.125 5.384 7.933 8.066 
0.834 2.71 4.809 5.039 7.255 8.859 9.131 9.19 9.383 
2.789 3.184 6.926 7.716 8.117 8.177 8.555 9.939 
0.077 0.981 1.307 2.474 2.525 4.204 4.383 4.784 4.973 5.758 6.426 6.801 7.594 9.972 
0.112 0.359 0.481 0.825 7.476 7.658 7.717 8.15 8.29 9.318 9.358 
0.252 2.869 3.944 4.163 7.516 8.536 9.071 9.336 
0.086 0.792 0.93 2.1 2.221 2.289 2.492 2.643 3.356 3.405 3.501 3.829 4.355 4.663 
0.103 0.447 0.568 0.987 1.009 1.451 2.183 2.984 6.357 6.617 6.834 6.963 7.27 7.814 7.968 9.345 9.698 
2.514 2.888 3.569 6.867 8.155 8.693 9.216 
0.152 0.357 0.419 1.278 1.668 1.833 6.246 9.154 9.217 9.321 
6.013 6.14 9.517 
0.157 0.195 0.521 0.602 4.16 4.266 5.793 5.839 6.003 6.459 6.594 6.803 6.859 7.224 7.287 7.84 8.66 8.792 
1.612 1.724 3.423 3.537 6.57 7.508 7.602 
0.368 0.803 1.007 
2.554 5.239 6.125 6.585 6.649 7.605 7.716 9.063 9.694 9.893 
0.147 0.32 9.745 
0.227 0.416 1.803 1.875 2.3 6.069 8.182 
0.123 0.189 0.534 1.896 2.026 2.444 8.343 9.038 9.087 9.208 
0.211 0.258 1.855 2.278 2.36 2.599 2.7 3.037 3.254 3.513 3.74 3.914 4.458 5.408 
1.616 1.935 2.485 4.179 
0.68 1.658 1.819 1.972 3.2 3.683 3.842 4.028 4.11 4.373 4.461 5.082 5.561 7.687 8.764 
0.733 0.76 1.249 9.353 9.877 
0.192 0.397 1.144 1.303 1.536 2.298 2.382 3.534 3.775 4.44 5.184 5.371 5.555 5.616 7.445 7.649 8.569 8.671 8.91 
7.548 8.212 
1.422 1.57 1.938 6.168 6.461 7.81 7.88 8.129 8.431 8.466 9.062 9.879 9.951 
0.126 0.495 0.656 0.823 0.874 1.167 1.927 3.324 3.796 4.14 5.321 6.065 6.852 8.129 8.287 8.542 8.64 9.763 
1.497 3.413 3.785 4.531 5.023 6.304 6.39 6.441 6.738 8.085 8.57 
0.086 1.846 2.353 2.536 4.546 4.652 4.742 
0.017 0.056 1.017 1.663 1.984 2.342 3.35 3.688 5.802 5.892 6.057 6.743 6.916 
7.472 9.696 
0.215 0.308 0.779 5.547 6.523 6.711 6.768 6.909 6.964 7.515 9.14 9.35 9.441 
0.175 1.018 1.539 1.662 7.775 8.438 8.78 9.105 9.218 9.409 
0.104 1.941 2.021 3.307 3.503 3.598 3.974 4.062 4.298 4.849 4.961 5.098 5.502 
0.13 0.353 1.932 
0.493 0.84 0.906 1.848 2.562 2.711 2.808 4.116 4.945 8.369 9.089 9.421 
0.562 0.617 0.732 1.285 2.024 2.326 2.926 4.722 5.871 6.51 6.664 7.204 7.32 
0.18 0.215 0.994 1.25 2.038 2.113 5.191 6.585 7.433 7.529 7.836 7.966 8.305 8.923 9.313 9.741 9.831 
0.226 0.321 0.464 0.802 1.135 1.347 1.551 1.599 6.898 7.116 7.657 7.869 8.745 
0.307 
0.083 0.991 1.438 1.782 2.092 2.365 2.52 
1.762 3.19 3.722 6.359 6.448 6.733 7.299 7.444 7.794 8.982 9.13 
1.164 1.59 2.497 5.858 6.498 8.307 9.968 
0.15 0.355 0.629 0.797 1.023 1.404 1.995 2.461 4.955 6.647 6.839 7.183 9.017 9.088 
0.187 0.405 0.559 1.819 3.182 3.303 3.476 3.55 3.941 4.684 6.297 6.384 6.818 6.916 7.283 7.351 7.487 7.519 7.671 8.153 9.162 9.561 9.692 
0.22 0.444 0.885 1.614 2.832 5.788 6.5 
0.3 0.384 
0.474 0.617 2.68 3.536 3.61 4.398 4.653 4.705 5.585 5.965 
1.711 3.162 3.226 
0.164 0.227 0.66 2.318 3.031 3.299 3.441 3.696 4.793 4.903 5.231 6.963 7.326 8.507 9.135 
0.091 0.222 0.309 0.38 0.524 0.733 2.43 5.024 5.078 5.417 6.074 6.612 7.924 8.9 9.114 9.343 9.797 9.962 
0.088 0.27 2.502 2.573 5.347 5.524 
0.841 4.707 5.423 5.546 5.616 
0.131 1.157 1.841 2.483 3.026 3.582 3.968 4.639 
0.794 6.122 7.713 8.005 8.698 
0.223 0.571 0.658 0.789 6.889 7.722 8.852 8.969 9.373 9.577 9.754 9.892 
0.563 1.438 2.091 4.901 5.608 5.785 6.398 9.016 9.936 
0.292 0.428 0.511 2.1 2.267 3.41 4.476 6.509 7.584 7.871 8.087 8.586 8.742 8.814 8.895 
0.459 0.986 2.273 2.618 3.105 7.865 8.391 8.648 8.703 8.863 
4.011 4.383 4.736 4.839 4.99 5.392 8.62 8.949 9.036 9.767 
1.324 1.384 1.773 2.509 2.766 2.905 3.956 4.265 5.143 5.488 5.542 
0.245 0.306 0.567 0.79 0.882 1.404 2.907 3.067 3.122 4.731 4.907 5.823 6.175 6.313 6.366 6.756 6.821 7.159 7.265 
0.273 2.1 2.492 2.76 3.142 3.376 3.773 5.626 6.322 6.567 6.718 7.468 7.591 7.82 8.142 
0.432 0.546 2.323 3.666 3.898 4.201 
0.179 0.491 1.953 2.038 2.143 2.694 3.445 4.246 6.754 7.593 8.782 8.873 
0.123 0.252 0.746 0.857 1.202 1.258 1.337 1.412 2.033 2.84 3.239 4.261 4.327 4.533 4.635 5.533 5.712 6.074 7.032 7.118 7.149 7.697 7.86 8.066 8.108 8.324 8.672 8.918 
0.801 3.854 4.03 6.555 
4.035 4.126 4.29 4.616 4.93 
3.662 7.692 8.319 8.639 8.817 8.91 9.011 9.452 

0.23 1.091 1.208 1.388 1.897 2.227 2.438 3.293 3.379 3.64 4.148 5.093 6.592 6.619 7.306 7.456 
0.109 5.318 7.337 7.49 9.387 
0.266 1.135 1.869 1.93 2.045 2.118 5.727 6.111 7.931 9.308 9.391 9.945 
0.074 0.325 0.486 1.142 1.789 1.871 2.173 2.276 
0.149 0.528 2.822 3.182 3.732 3.926 4.721 4.797 9.008 9.286 9.334 9.411 
0.45 1.171 1.506 6.739 7.462 8.732 
0.403 2.355 3.101 3.157 
0.409 1.619 3.084 3.156 5.169 5.7 5.764 5.917 6.059 6.151 6.201 6.28 6.494 7.091 7.712 9.571 
0.089 0.886 2.427 2.576 3.2 3.964 5.17 8.98 9.153 9.503 9.6 
0.098 1.516 3.663 3.883 4.04 4.133 5.648 
0.369 2.578 3.26 3.909 4.748 4.891 4.978 5.29 
0.893 1.224 1.408 1.535 1.773 1.868 2.202 2.958 3.507 3.94 4.066 4.259 4.732 4.998 5.037 5.449 6.452 7.31 8.162 8.487 8.527 8.559 8.724 8.798 9.043 9.178 9.808 9.997 
0.76 0.865 3.387 3.619 5.128 5.519 6.278 6.752 
0.302 0.746 2.686 3.016 3.225 8.631 9.417 
5.066 5.181 5.6 5.7 5.771 8.772 9.074 
0.373 2.535 3.24 3.463 4.793 5.025 5.3 5.482 6.551 9.509 
0.146 0.437 0.836 2.507 2.767 3.13 3.309 4.604 4.799 5.145 6.252 7.281 7.445 8.112 8.176 8.419 9.165 9.765 9.862 9.942 
0.4 0.912 1.38 1.534 2.074 2.181 2.316 2.477 2.558 3.411 3.865 5.049 5.281 5.486 6.217 6.546 6.959 7.164 8.345 8.439 9.078 9.25 
0.166 2.214 2.317 8.5 8.723 9.015 
0.125 0.403 2.151 2.512 4.633 4.71 5.164 5.229 6.48 7.247 7.695 7.848 8.397 8.538 9.108 9.248 9.487 9.689 9.878 
0.12 0.168 0.802 1.956 2.049 2.095 2.184 2.537 2.647 3.464 3.653 4.44 4.767 5.552 5.687 6.666 
2.943 3.402 4.323 5.956 6.249 6.733 6.954 9.33 9.411 9.676 9.941 
1.799 
0.859 0.96 1.344 1.534 1.809 2.536 2.561 2.785 8.955 9.086 9.361 9.736 
0.395 0.609 1.215 1.988 3.515 3.87 4.913 5.003 6.296 6.54 6.684 6.955 9.254 9.415 9.597 
0.106 
0.33 0.451 3.562 3.819 4.037 4.672 6.13 6.564 6.813 7.978 8.953 9.193 
0.858 1.047 1.204 4.115 7.85 8.007 8.198 9.526 9.836 
0.603 0.929 
1.912 1.978 2.636 2.836 2.97 4.951 5.193 5.575 5.827 6.047 6.951 7.341 7.982 8.726 8.997 9.302 9.911 9.969 
0.942 2.423 2.703 3.3 3.569 
1.28 1.476 1.635 2.654 8.108 8.628 8.763 8.86 
0.33 2.307 4.649 4.937 5.721 5.875 7.045 7.417 7.802 
0.351 0.57 2.53 4.468 4.58 4.66 4.879 5.541 
1.058 1.296 1.399 3.177 3.355 3.659 4.331 4.495 4.551 4.688 4.778 4.903 7.648 9.69 9.888 

4.616 4.871 
0.081 0.145 0.24 0.72 1.334 1.493 3.165 3.847 6.493 7.33 8.118 8.193 8.397 8.533 8.892 9.076 
0.497 4.395 5.821 5.958 7.042 7.38 7.453 
1.722 1.865 2.074 3.502 4.688 4.806 4.882 5.077 5.399 8.291 8.745 
0.072 0.586 2.205 2.305 2.494 2.605 2.925 3.182 3.411 5.419 6.825 6.869 7.12 
1.113 1.832 2.044 2.23 2.553 3.589 3.658 5.862 6.103 7.661 9.638 9.865 
0.12 0.493 0.928 1.322 1.828 3.299 3.826 3.926 
0.061 0.304 2.274 2.343 3.492 7.177 7.777 7.847 8.567 8.953 9.076 
4.895 5.064 5.686 6.169 6.525 6.864 8.519 8.824 
0.536 1.36 1.589 1.636 1.848 2.594 3.001 4.064 4.169 4.461 4.497 5.012 5.257 5.378 5.415 5.612 8.109 8.242 8.461 8.585 8.922 9.35 9.493 9.639 
2.548 2.762 4.933 5.611 5.799 6.158 6.198 6.441 6.762 7.576 7.757 8.275 8.746 
1.422 2.571 2.775 2.889 3.447 4.066 4.182 8.877 9.438 9.602 9.984 
0.391 0.814 0.997 2.816 2.924 3.335 3.458 3.93 5.827 7.027 8.209 8.42 
1.43 1.623 1.751 2.172 2.254 3.916 5.304 5.535 5.763 5.955 6.425 6.662 7.218 9.029 
0.698 0.852 2.038 2.221 2.351 2.62 2.825 2.927 4.798 5.758 5.834 6.171 6.51 7.424 
4.488 4.549 4.657 7.296 7.882 9.663 9.949 
0.233 0.285 0.497 2.958 3.05 3.776 7.569 
0.274 0.915 3.207 3.435 3.83 3.973 4.388 4.534 4.784 4.881 4.963 5.048 5.098 6.064 8.291 9.417 
0.384 2.52 2.715 4.372 5.144 5.352 5.439 6.211 7.084 7.132 7.315 7.521 7.56 7.817 9.161 9.387 9.62 9.744 
0.106 1.238 1.378 1.479 1.653 1.835 1.901 2.472 3.253 3.334 8.397 9.42 9.628 9.826 
0.292 0.422 0.701 
1.256 2.832 3.196 4.292 4.851 5.817 9.278 9.41 9.428 9.59 9.639 9.743 9.977 
5.247 5.545 8.006 8.042 
0.382 1.292 1.855 1.964 2.014 2.485 2.636 2.729 3.976 4.43 4.687 5.524 5.683 5.92 6.445 8.055 8.127 8.538 8.613 8.946 9.476 9.708 
0.531 0.662 3.536 3.774 3.928 4.148 4.219 9.41 9.45 
0.118 0.613 0.674 0.778 0.866 1.156 1.842 2.447 2.495 2.728 2.921 3.074 3.257 4.11 4.283 4.806 5.198 9.046 9.595 9.832 9.873 9.923 
0.312 1.518 1.781 9.285 9.399 
0.192 0.57 0.645 0.708 1.092 1.147 1.678 2.293 5.095 5.641 6.763 6.907 7.002 7.47 7.607 7.672 7.95 8.156 8.213 8.722 8.929 9.002 
0.113 0.452 0.541 1.126 1.529 1.65 1.89 1.957 2.293 3.292 3.56 3.633 4.171 5.776 5.828 6.238 
0.572 0.984 1.228 1.405 2.62 2.875 3.086 5.463 5.517 8.953 9.097 9.415 9.673 9.991 
0.167 0.743 4.14 4.856 5.015 5.085 5.139 8.213 8.468 8.551 9.602 
0.073 0.646 0.777 0.82 0.907 3.783 3.986 4.195 4.445 4.821 5.207 5.447 
0.421 0.521 0.76 0.947 1.459 7.369 8.821 
0.086 2.226 5.181 5.732 7.932 8.234 9.047 
4.299 4.483 6.534 6.738 7.228 7.428 
0.353 1.101 1.312 3.306 3.449 3.498 4.242 4.353 5.554 6.027 6.122 6.741 7.646 7.694 7.971 8.271 8.963 9.163 
0.143 2.99 3.645 3.86 4.047 4.096 5.143 6.012 6.075 6.16 6.304 6.466 8.937 9.092 9.245 9.414 
0.137 0.175 0.686 1.411 
0.501 1.949 2.674 2.829 2.961 9.887 
0.052 1.535 4.653 4.975 6.314 7.491 7.942 8.222 8.386 8.439 8.57 9.818 
2.459 2.888 3.273 3.619 
6.042 6.368 9.186 9.65 
0.468 3.514 4.593 5.355 5.69 6.74 7.045 7.113 7.723 7.773 7.935 8.804 9.51 9.737 9.807 9.972 
0.041 0.817 2.321 2.602 4 4.311 4.618 4.849 4.963 8.411 
0.865 3.19 4.953 5.551 5.729 5.807 5.943 8.647 9.201 9.221 9.404 
5.916 7.208 7.618 
0.211 2.609 3.193 5.512 5.615 5.914 6.227 6.424 6.467 6.852 6.899 7.25 9.634 
0.301 0.395 0.533 5.594 6.25 6.49 6.577 6.636 7.348 9.884 9.958 
0.44 0.671 0.732 3.78 4.294 6.058 6.276 
2.274 2.938 3.895 4.829 7.662 7.713 7.914 8.541 9.017 9.064 
0.088 0.282 0.341 0.672 0.819 1.467 2.686 2.884 2.939 7.039 8.114 8.245 
0.543 1.076 5.43 7.437 
0.065 3.051 4.092 6.099 7.127 9.084 9.301 9.473 
0.15 6.889 7.648 7.863 7.91 8.186 
0.182 0.277 1.107 1.438 2.206 3.341 5.665 5.789 
0.665 2.041 2.802 3.161 3.884 4.335 4.527 4.744 6.037 6.128 8.871 
0.151 0.559 0.8 1.003 1.23 
0.124 0.354 0.542 2.539 3.953 4.501 4.604 5.371 6.751 6.997 9.219 
2.393 2.437 3.11 3.877 4.338 5.541 6.083 9.415 9.596 9.782 9.861 
0.571 0.609 0.818 4.501 4.584 4.737 5.624 6.262 7.931 
0.331 2.027 4.376 4.525 4.605 5.414 5.948 6.27 6.338 6.534 8.383 9.918 
2.455 2.818 3.3 5.431 5.676 5.785 6.012 6.064 6.416 6.479 6.87 6.905 8.055 8.487 10.001 
0.048 1.624 1.931 2.185 2.686 3.639 4.705 6.467 6.57 6.928 8.645 9.005 
0.337 0.449 0.767 
0.366 2.936 9.846 9.943 
0.771 0.85 1.051 1.488 4.25 4.416 5.513 7.036 
0.2 0.284 0.495 3.039 3.272 5.261 5.425 5.543 5.595 6.434 
0.352 0.425 1.602 1.916 2.022 3.762 5.128 7.233 7.289 7.409 7.493 7.632 7.75 8.157 8.44 8.887 9.094 
6.616 6.85 7.238 8.959 
0.082 0.43 1.292 1.366 4.74 6.067 6.176 6.254 7.795 7.919 8.189 8.761 9.627 
1.541 2.113 2.553 2.734 3.082 3.367 3.912 3.998 4.073 4.269 4.389 4.726 5.125 5.327 7.965 8.742 8.8 9.542 
1.857 1.903 2.03 2.068 2.382 3.215 3.339 5.037 5.388 5.435 
0.38 0.55 0.858 1.758 3.143 3.824 3.977 5.404 5.512 5.806 5.909 5.958 6.19 9.396 9.656 
2.663 3.139 3.273 3.661 3.845 7.179 7.625 8.291 8.813 9.084 9.158 9.204 9.773 9.865 
0.054 0.161 0.212 6.703 7.101 7.186 7.723 7.983 8.048 8.263 
0.323 0.702 2.019 3.357 5.668 5.851 5.903 8.492 8.889 8.986 9.343 9.884 
1.986 2.054 2.319 2.646 4.007 4.161 4.321 4.78 5.558 6.188 7.571 7.782 8.292 
0.049 0.121 0.931 1.158 1.219 3.38 4.478 4.726 5.277 5.634 5.707 6.398 6.592 7.173 8.178 8.702 9.029 9.07 
1.231 1.74 1.875 1.94 2.019 3.083 4.258 4.567 9.416 
0.265 0.915 1.128 2.981 3.682 4.195 4.34 4.497 4.578 5.795 8.413 8.527 8.659 8.835 9.345 9.59 
0.217 4.68 6.009 8.655 9.188 9.352 9.506 9.658 
0.148 0.292 0.573 1.358 1.571 4.86 5.184 8.276 9.051 9.551 9.79 
1.731 4.957 5.028 5.106 5.857 5.929 7.039 7.662 8.262 8.375 8.915 9.423 
0.235 0.45 1.111 8.695 
0.488 3.933 4.005 4.163 4.877 5.001 5.127 5.839 5.991 6.849 6.966 7.073 
0.862 1.268 5.467 6.894 7.132 7.634 
0.11 0.559 0.639 0.692 0.782 0.97 1.835 2.494 2.869 2.988 3.895 
0.681 1.957 2.038 3.62 3.733 3.856 4.175 4.334 4.421 4.654 6.069 6.138 6.307 8.108 8.388 8.63 9.037 9.113 9.276 9.881 
0.248 0.397 0.526 1.512 2.968 3.215 3.3 3.425 4.353 4.514 9.748 
0.403 1.299 1.545 1.8 2.205 2.494 3.101 3.811 3.917 4.942 5.426 5.732 9.451 
0.135 3.646 4.989 5.194 5.273 9.062 9.093 
2.059 7.312 7.601 7.646 8.644 
4.773 5.133 5.473 6.01 6.203 6.302 6.513 6.608 6.912 7.309 9.868 
1.946 2.185 2.34 2.4 3.134 3.451 3.573 4.128 4.679 6.426 6.579 6.744 9.301 9.385 
0.112 0.235 0.72 0.923 1.607 1.692 1.945 5.457 5.537 6.271 6.532 6.597 6.936 
0.546 0.962 1.976 2.423 2.788 2.991 3.096 3.55 4.151 4.234 4.323 4.404 5.678 8.408 8.711 9.724 9.878 
0.144 0.401 0.755 0.928 1.56 1.711 1.818 2.63 2.962 3.05 3.322 4.376 4.515 5.589 6.393 7.714 7.862 8.16 8.932 9.188 9.333 
1.596 3.231 3.729 3.909 4.212 6.428 6.951 8.067 8.134 8.296 
0.149 0.559 1.272 2.516 2.997 3.044 3.247 5.166 5.575 6.121 6.801 6.975 7.096 7.589 7.669 8.072 8.351 8.763 8.998 9.136 9.245 9.859 
0.155 3.539 3.911 5.281 5.508 6.443 6.506 6.788 7.875 8.08 
0.379 0.692 0.913 0.981 1.14 3.22 4.081 4.784 4.844 
0.842 1.522 1.994 2.968 3.923 4.053 4.291 4.621 4.762 7.435 7.677 
0.21 1.545 1.841 1.944 2.366 2.44 3.135 7.274 
0.067 0.323 0.406 1.136 4.254 6.54 
0.265 2.119 3.028 3.612 3.85 7.797 8.149 
1.656 3.375 3.45 3.809 3.872 4.819 5.745 5.953 6.143 6.326 9.513 
0.078 0.199 0.715 0.836 3.894 5.578 5.739 6.006 7.212 7.932 8.498 9.018 
0.865 
0.068 0.626 0.835 1.052 1.451 1.583 1.841 2.048 2.459 3.169 3.641 3.669 5.515 6.562 7.145 7.701 7.853 
0.201 0.735 0.808 2.853 4.569 5.267 5.388 5.442 5.8 5.884 6.26 6.419 8.693 8.823 9.05 9.193 
0.86 2.706 2.77 3.057 4.303 6.602 7.438 7.674 
5.082 5.453 7.225 7.928 8.187 8.588 8.761 8.82 8.869 9.105 9.909 
0.24 0.928 1.59 1.697 1.828 2.146 
0.038 0.269 1.22 2.532 2.749 4.694 9.169 9.427 
1.747 3.519 5.641 6.044 6.566 9.418 
0.094 0.318 0.651 0.736 0.955 1.174 1.362 1.814 2.259 3.755 4.413 4.908 4.929 5.143 5.514 
1.635 1.689 1.776 1.839 2.358 2.509 2.822 
0.089 0.192 0.262 1.634 3.085 3.292 4.347 4.556 4.875 5.088 9.193 9.847 9.963 
0.197 0.269 0.447 0.669 3.954 4.088 7.966 8.989 
0.182 0.397 0.941 1.128 1.212 2.959 3.646 3.904 4.953 5.289 5.526 5.888 5.987 6.52 7.507 7.798 
5.881 6.448 6.692 8.153 8.212 8.634 8.7 9.551 
7.123 7.482 7.952 8.161 9.231 9.406 
0.153 0.377 1.895 2.55 2.702 3.009 3.213 3.479 5.232 5.383 5.609 
0.276 2.32 2.534 3.361 3.904 4.321 6.814 7.851 8.119 9.107 
2.942 7.364 7.569 
0.431 0.538 0.599 1.758 2.061 2.412 3.542 4.508 4.942 5.291 5.817 8.749 9.395 9.483 9.586 9.83 
0.617 0.902 1.01 1.455 1.595 2.067 3.057 3.092 
1.492 1.569 1.674 2.426 2.847 2.934 3.298 3.417 6.325 6.494 7.001 7.305 7.561 7.612 7.686 
0.14 4.933 6.971 7.09 7.503 7.623 
0.388 0.513 0.564 
0.162 4.049 4.373 9.367 9.976 
0.11 0.562 0.967 1.09 1.184 1.762 2.391 2.597 4.796 4.866 5.441 5.765 6.117 8.713 
0.878 2.882 3.525 
0.215 0.366 1.555 2.154 2.402 2.591 3.819 4.965 5.632 5.858 5.99 6.048 6.237 6.603 7.688 
2.416 2.885 3.044 6.668 8.179 8.472 8.531 
0.08 0.302 0.485 0.644 1.287 2.208 2.365 4.822 5.264 5.706 5.856 6.174 6.341 6.475 6.9 7.141 7.192 
0.249 0.482 2.062 2.217 2.517 4.46 
0.054 0.218 2.798 2.881 3.193 3.274 9.347 9.552 9.812 9.91 
0.235 2.137 4.366 5.186 6.648 6.743 6.955 7.716 7.852 
0.715 0.755 1.128 1.217 1.495 3.917 7.008 7.344 7.403 7.445 7.59 7.769 7.805 8.763 8.885 9.155 9.248 9.373 9.609 
0.119 1.113 1.34 1.578 2.54 2.933 4.12 5.493 6.096 7.159 7.694 7.872 7.966 8.106 9.234 
0.132 0.189 0.66 0.751 0.986 1.21 2.011 2.31 2.697 4.799 4.967 7.376 
1.345 1.539 2.086 
2.123 2.419 3.637 4.82 5.031 5.191 5.614 5.73 5.874 6.054 6.903 7.167 7.278 7.363 7.915 8.116 8.624 8.858 8.918 9.407 9.523 9.646 9.932 
0.529 1.019 1.593 1.881 1.954 3.013 3.105 3.245 3.413 4.168 4.246 7.64 
2.78 3.134 3.293 4.604 8.27 8.467 9.072 9.883 9.999 
0.276 7.672 7.721 7.92 8.024 9.862 
0.088 1.37 2.215 2.454 2.843 3.413 4.041 4.254 4.803 5.153 5.483 5.579 6.635 6.743 8.905 9.085 
0.074 1.458 1.8 1.906 2.67 2.967 3.399 4.532 4.847 5.468 5.598 5.787 6.169 6.929 7.15 7.18 7.372 7.658 7.707 8.847 9.629 9.767 
0.132 1.984 2.581 2.732 2.825 5.475 6.341 
0.129 0.432 0.602 0.698 0.901 1.017 1.25 2.287 2.455 3.298 5.044 5.256 5.371 6.064 6.544 6.682 7.512 7.571 
0.111 1.388 1.68 1.961 2.02 5.991 7.324 7.487 9.171 9.568 9.942 
0.214 0.396 0.494 0.695 1.225 1.571 2.115 2.666 2.749 2.872 3.045 3.413 3.548 6.023 6.268 7.408 7.754 7.823 8.837 8.936 9.069 9.728 9.854 9.897 
0.043 0.857 5.494 5.791 6.025 6.171 7.022 7.276 7.907 7.976 8.216 
0.688 0.91 1.938 2.009 3.707 4.512 4.819 5.098 6.418 6.983 8.8 9.063 
0.127 0.291 0.486 1.146 1.477 1.528 2.677 2.794 3.211 3.507 3.535 3.832 4.153 
0.493 0.844 0.99 1.31 1.522 5.133 5.989 6.122 6.258 7.763 7.833 8.767 9.918 
3.42 6.24 
9.344 9.508 9.559 9.687 
0.455 0.814 3.901 4.351 4.497 5.878 7.299 7.419 9.744 
1.653 1.784 5.802 6.001 6.273 6.606 6.759 7.027 7.094 7.986 8.153 8.351 
0.734 0.83 0.883 1.749 2.335 2.798 3.746 4.15 4.292 4.796 5.333 9.342 
0.968 1.211 1.312 1.378 2.879 4.37 4.576 9.57 
0.339 0.662 0.91 1.07 1.598 2.423 2.562 2.837 3.269 3.394 4.046 5.914 6.616 8.542 8.585 9.693 
1.94 
0.744 2.195 2.881 3.221 3.472 3.902 4.742 8.073 8.41 8.712 
0.304 0.709 1.041 1.43 1.717 1.827 1.993 3.595 3.974 4.357 5.086 5.265 6.303 6.512 6.917 9.31 9.966 
0.065 0.39 1.027 1.889 2.622 2.727 2.878 3.534 4.067 4.199 4.409 4.602 4.756 5.13 9.229 9.408 
0.065 1.159 1.284 3.581 3.89 4.136 4.326 4.718 6.937 7.244 8.4 8.593 8.679 9.87 
2.273 2.483 3.63 4.089 4.845 5.275 5.395 8.782 8.864 9.014 9.318 9.504 9.811 
0.12 0.37 0.434 0.566 1.161 1.465 2.84 3.079 4.94 5.178 8.237 8.583 
0.24 0.408 0.787 1.485 4.111 4.542 4.609 5.005 6.863 6.982 
0.462 1.977 2.739 3.063 3.422 3.645 3.746 4.15 4.195 4.567 4.934 5.971 8.333 
0.053 0.266 0.437 0.502 0.811 0.865 1.026 1.387 3.23 3.36 3.746 3.836 3.917 4.066 7.163 7.448 
0.071 0.286 0.628 0.671 1.575 5.559 6.284 6.713 7.137 8.53 8.695 8.827 9.966 
6.788 7.115 7.51 7.806 8.054 8.208 
0.155 0.285 2.63 3.535 4.198 7.508 8.197 8.787 8.919 9.927 
0.407 3.775 3.919 4.182 4.382 4.501 4.692 4.911 5.258 5.596 5.67 6.611 8.118 9.358 9.73 
4.752 4.875 6.056 6.142 6.451 6.752 
0.405 6.383 7.089 
2.63 3.226 3.91 4.19 6.897 6.95 7.385 7.483 7.564 8.776 9.815 
0.125 2.115 
2.837 8.517 8.817 8.923 
1.708 1.886 2.788 3.085 3.269 3.465 3.638 3.712 5.459 5.841 
0.272 
3.06 4.88 5.013 5.12 5.649 6.117 6.295 6.774 8.113 8.858 
0.093 0.176 0.386 0.849 1.379 1.427 
2.825 5.503 5.658 7.928 8.017 9.569 
0.68 1.419 1.642 4.08 4.199 4.339 4.479 5.721 7.581 7.97 8.218 8.363 9.635 
0.861 1.286 6.992 7.219 9.036 9.534 9.629 
0.43 0.653 1.348 1.612 1.796 2.049 3.413 3.527 3.807 6.231 6.33 6.471 6.674 6.74 
1.433 1.708 2.92 3.54 3.758 8.703 
0.822 2.856 3.144 3.351 8.798 8.944 9.083 
0.44 5.291 5.393 6.434 6.701 7.54 8.118 8.225 8.85 9.578 
0.063 0.232 2.352 5.787 5.981 7.097 7.978 8.081 8.33 9.03 9.705 9.849 
0.34 2.864 3.592 4.927 5.033 5.537 5.598 6.206 6.27 6.353 6.537 
6.74 8.825 9.648 9.733 9.85 9.951 
0.462 0.713 0.86 1.011 1.164 1.518 2.679 5.368 6.224 6.546 6.677 6.829 7.127 
0.329 0.925 1.192 1.807 3.383 3.462 4.34 4.394 4.475 5.872 7.678 8.32 8.554 9.81 
1.281 1.446 2.293 5.883 5.977 6.17 6.401 6.848 7.87 8.527 8.778 8.945 
0.494 1.251 1.958 5.651 5.895 6.37 6.424 6.888 7.018 8.046 8.442 8.557 8.732 8.953 
3.309 3.431 4.705 4.902 5.994 6.358 7.921 8.051 8.109 
0.331 0.446 0.514 1.588 3.196 3.424 3.938 3.995 8.015 8.987 
4.377 4.422 4.574 4.909 6.213 6.263 6.513 7.254 7.345 7.435 7.537 7.729 7.754 8.652 8.884 8.939 
1.321 1.568 8.386 8.45 
0.183 0.309 0.467 1.046 1.145 1.505 2.129 2.639 2.815 2.926 3.119 5.172 5.601 
0.435 0.76 1.619 1.717 2.78 3.06 7.804 9.001 9.216 9.517 9.666 
2.114 3.352 3.918 4.097 4.271 4.952 5.095 5.237 5.34 6.096 6.294 
0.709 1.152 1.241 1.812 1.943 5.732 6.191 6.254 8.018 8.24 8.518 8.861 9.722 9.767 
2.342 2.427 2.861 3.104 4.111 4.514 5.066 6.549 6.676 8.938 9.88 9.986 
6.527 6.582 6.666 6.974 7.027 
0.145 0.356 0.473 7.825 8.454 9.263 9.42 9.491 
0.884 4.928 5.095 5.344 5.687 9.158 9.2 
6.593 6.646 6.81 7.108 7.268 
3.851 5.665 7.314 
0.511 2.04 2.109 2.395 2.866 4.164 4.386 5.561 5.621 5.76 6.752 6.972 7.085 7.574 7.885 8.179 8.633 9.478 9.53 9.91 
1.126 2.088 2.168 2.56 3.421 4.502 4.573 4.759 5.286 6.604 9.524 
2.8 3.67 
0.07 0.475 0.665 2.962 3.091 3.153 6.369 6.861 7.269 9.28 9.584 9.705 9.745 
0.085 0.181 0.262 0.773 0.96 4.578 
1.983 2.941 3.123 3.374 3.577 3.69 4.913 5.467 5.524 
0.093 0.47 
0.231 0.431 1.248 2.136 2.273 2.613 2.676 3.189 
0.216 0.499 0.687 0.871 1.436 1.818 1.91 2.171 2.315 2.395 2.646 2.993 3.253 3.563 3.686 4.417 4.513 7.96 
0.087 0.297 0.584 0.767 2.132 2.767 3.284 3.648 4.523 4.669 6.631 6.74 6.953 7.24 7.372 7.601 7.706 7.763 7.871 8.04 8.574 9.181 9.308 9.433 
0.649 0.852 2.29 2.373 3.528 5.844 6.066 6.403 7.02 7.074 7.538 7.74 8.942 
1.173 2.454 2.661 3.003 4.051 4.89 5.09 5.403 5.496 8.586 8.754 
0.065 3.201 3.597 5.239 5.706 5.795 6.205 7.412 7.859 8.297 
0.643 0.794 0.873 0.951 1.297 1.973 3.513 3.667 4.236 4.299 4.374 5.309 6.518 6.61 6.864 6.982 7.468 9.899 
0.352 1.148 1.329 2.154 2.236 2.425 2.749 5.65 5.782 5.939 6.019 6.411 7.108 7.576 9.053 9.412 
0.163 1.046 2.87 3.091 4.391 5.75 6.188 7.131 7.66 8.1 8.419 8.493 8.751 9.138 9.349 
0.213 0.588 0.85 0.987 1.08 1.233 1.361 1.939 2.439 4.308 6.334 7.725 8.976 9.233 9.75 9.891 
0.215 0.468 0.535 0.834 1.134 1.556 1.829 1.913 2.452 3.775 4.445 6.524 6.622 6.73 6.799 7.498 9.37 
0.997 1.227 2.019 2.287 5.27 5.483 
0.11 1.767 1.916 2.098 4.356 5.047 5.131 5.391 5.521 5.873 6.177 8.418 
2.586 2.692 3.292 4.911 6.057 8.615 8.705 
0.158 2.63 
0.153 0.224 0.357 0.536 0.742 0.873 1.826 2.027 2.151 2.244 2.696 3.272 6.39 6.508 6.618 9.088 
0.806 0.918 1.826 6.493 6.609 6.724 6.87 8.539 8.949 9.066 9.523 
9.186 9.729 
0.332 0.952 8.691 9.817 
1.462 1.628 7.841 7.92 8.604 8.649 8.773 
0.666 2.919 6.238 6.846 
0.088 4.817 5.013 5.12 8.847 8.898 9.02 
0.186 0.608 5.651 6.607 7.333 7.418 7.762 8.014 9.147 9.416 
0.445 0.549 0.946 1.685 2.411 3.391 3.496 3.529 4.455 4.905 5.862 7.166 7.364 
0.566 0.792 1.389 2.685 7.649 7.708 8.497 
0.595 2.124 2.526 4.543 5.011 5.072 5.125 5.952 6.063 6.655 7.2 7.692 7.819 8.174 8.298 8.659 8.859 9.475 9.848 
0.32 0.636 1.826 2.058 2.336 2.499 2.895 3.037 3.063 3.619 5.801 6.679 7.766 
0.284 0.457 3.233 3.341 3.732 6.877 
0.168 0.872 1.23 2.714 2.786 3.271 3.965 4.086 4.11 4.406 4.751 5.13 9.363 9.934 
0.266 0.894 1.316 1.402 1.468 2.8 4.312 4.53 
0.192 0.273 1.796 1.901 6.928 
0.221 2.943 3.889 4.359 4.77 5.173 6.11 6.245 6.331 7.367 7.514 8.67 9.045 
0.098 0.42 0.731 1.722 2.45 2.554 2.607 2.788 2.87 3.013 3.111 3.169 3.331 5.015 7.267 7.524 7.638 7.807 7.975 8.504 8.605 9.209 
0.074 0.435 2.794 7.457 7.676 8.562 
0.231 2.95 3.356 4.248 4.748 4.815 5.377 5.771 8.595 8.705 
0.089 0.225 0.46 0.615 0.677 0.968 1.043 3.141 6.012 6.17 6.36 9.288 9.34 
0.046 0.386 0.849 1.142 1.438 1.946 3.785 4.194 4.297 4.428 4.519 4.627 4.825 5.034 5.284 5.634 5.87 7.193 8.839 8.889 9.456 9.585 9.889 
1.112 1.859 2.014 3.28 6.787 7.711 
0.154 
1.335 1.99 2.153 2.25 2.415 6.905 7.893 8.171 8.414 8.48 8.689 9.058 9.449 9.593 9.691 
0.481 
0.09 3.543 3.656 3.925 
0.097 0.788 0.894 1.247 1.704 1.793 1.956 2.059 2.215 2.638 
0.127 0.776 1.51 1.665 1.854 4.251 9.673 
0.141 2.131 2.189 2.542 3.145 3.579 3.685 3.849 4.209 4.353 
1.735 2.372 4.085 4.494 4.597 4.736 4.99 5.248 5.765 5.936 6.262 7.612 
5.016 5.154 5.356 7.406 8.469 9.384 9.49 9.578 9.65 
0.946 1.811 1.91 2.102 2.743 2.856 5.485 5.711 
0.394 0.652 0.779 2.484 4.339 4.542 6.204 6.3 6.617 6.684 8.553 9.521 9.66 9.868 
0.121 0.735 0.915 4.925 5.771 5.975 6.105 
0.775 1.077 1.264 2.089 2.885 3.362 3.524 4.514 4.84 5.671 6.182 6.98 9.514 
0.721 1.015 1.33 2.607 3.258 3.616 3.761 3.798 7.755 7.881 
0.128 0.717 1.541 1.678 6.269 7.092 9.482 9.6 

3.73 4.731 4.91 4.982 5.661 5.753 5.816 8.359 8.441 
0.333 1.396 1.729 2.23 2.78 3.097 4.428 4.815 4.865 5.616 6.217 7.093 7.941 8.495 8.648 9.207 9.788 
0.15 
1.03 1.731 1.845 1.949 2.278 2.594 5.424 6.517 7.671 7.706 8.313 8.804 8.853 8.94 9.432 9.523 
0.122 0.692 1.175 6.023 6.384 6.749 
2.171 2.602 3.174 3.371 3.647 3.85 7.436 8.971 9.071 9.432 9.541 
0.037 0.161 0.676 1.207 1.288 1.332 3.444 3.655 3.985 4.126 6.335 6.737 6.879 7.125 7.617 7.682 7.798 7.934 8.644 8.859 8.902 8.976 9.521 9.921 9.96 
2.963 3.082 4.382 4.842 4.897 5.714 6.29 6.398 6.479 6.957 7.344 7.432 8.909 9.577 
1.11 1.481 1.723 1.857 2.068 2.196 2.975 3.771 3.905 4.616 5.366 5.886 6.04 6.173 6.355 7.276 7.727 8.124 8.404 9.71 9.921 9.978 
0.257 0.63 0.918 1.062 1.222 1.464 1.569 1.983 2.262 6.102 6.259 6.51 6.938 7.185 8.886 
0.939 1.465 1.859 
0.121 0.535 1.114 1.19 5.095 5.155 5.304 5.664 5.743 6.175 6.315 7.293 7.677 8.385 
0.498 1.041 1.383 1.528 1.66 1.839 2.042 2.115 2.232 2.312 8.094 9.379 9.579 9.839 9.954 
0.159 1.555 5.832 6.114 
0.271 0.364 2.05 2.581 2.732 3.031 3.356 3.444 3.87 4.081 7.842 7.901 8.986 9.242 
1.414 3.523 5.477 5.702 5.799 5.882 5.945 7.956 8.374 
0.57 0.848 0.999 1.685 1.778 2.705 3.191 3.432 4.218 4.358 4.464 4.517 4.637 5.186 5.873 6.184 7.578 
0.839 1.672 2.552 2.628 3.274 6.897 7.01 7.557 7.65 
0.282 0.509 0.672 4.643 5.094 5.669 6.676 6.782 6.824 7.573 7.784 8.029 8.126 8.19 8.402 8.585 8.772 9.157 9.559 9.866 9.994 
0.253 0.336 0.747 1.583 1.683 2.088 2.209 2.272 3.156 3.466 3.653 3.773 5.205 5.443 7.974 8.177 8.277 8.374 8.644 8.804 8.854 9.233 9.594 
0.065 5.375 5.619 5.784 5.876 9.817 
0.155 1.304 1.825 2.432 3.174 3.396 3.697 4.386 5.384 5.855 6.821 7.685 7.76 8.122 9.063 9.221 9.847 9.897 9.943 
0.634 4.78 4.893 5.295 5.7 5.747 5.97 8.563 8.86 9.132 9.314 
0.086 3.837 4.091 4.214 
0.393 0.545 0.628 
0.24 0.706 1.027 4.243 4.428 4.705 
6.264 
0.217 0.653 0.738 0.944 1.356 1.888 1.939 2.457 4.274 4.867 7.865 7.981 8.201 9.338 
0.185 0.485 0.527 0.598 1.747 2.172 5.552 5.796 5.878 6.119 6.163 6.49 7.178 7.326 8.075 8.138 8.499 8.643 8.733 
0.331 2.627 2.803 2.886 3.134 3.325 3.705 3.799 3.965 5.529 6.392 6.478 8.313 
0.458 1.758 4.335 6.227 6.308 6.463 6.528 7.743 7.891 8.062 9.127 
6.266 6.335 6.473 6.575 6.606 
0.877 1.948 2.896 3.311 3.773 3.944 7.615 7.847 
0.216 0.448 0.547 0.814 0.872 1.363 1.626 1.897 2.809 8.709 9.113 
0.153 0.561 0.906 2.164 2.469 2.795 
0.39 0.709 1.465 1.805 2.767 2.888 8.398 9.542 9.823 
0.825 0.933 1.56 1.813 1.91 3.772 4.128 5.229 5.393 5.585 5.665 5.871 6.167 6.397 6.703 7.329 7.428 7.909 8.424 
2.002 2.187 2.38 2.727 4.034 4.993 5.418 6.405 6.765 7.111 7.635 7.75 8.074 8.199 8.41 8.589 9.194 9.25 
0.107 0.279 0.461 0.695 1.035 8.834 8.948 
0.372 0.445 4.914 5.394 5.568 7.094 7.197 7.509 7.819 9.46 
0.753 0.891 0.938 1.215 1.532 1.652 2.466 2.762 3.813 4.713 5.914 7.151 8.37 9.256 
3.128 7.131 7.351 
0.937 1.232 1.404 2.465 2.939 4.346 4.619 5.29 6.928 
0.374 0.669 0.733 1.313 2.451 2.555 2.96 4.39 5.023 5.449 5.721 8.663 8.764 
1.437 1.49 1.739 2.38 3.002 4.552 5.372 5.47 
1.997 2.226 2.388 2.792 4.217 4.368 6.309 8.457 9.068 9.624 9.84 
0.369 0.635 0.695 1.797 2.083 5.457 5.585 5.855 7.348 7.83 
0.551 0.829 1.183 3.345 6.26 6.442 6.475 7 7.186 7.303 7.42 7.542 7.588 7.984 8.197 9.201 9.591 9.736 
0.431 3.23 3.281 3.881 4.098 4.246 4.46 5.219 6.295 6.329 7.136 7.272 7.324 7.374 7.521 8.384 8.466 8.891 
2.684 3.379 4.864 5.307 5.514 5.643 8.858 
0.86 1.092 1.462 4.862 4.923 5.356 5.577 6.038 6.332 6.754 7.263 7.439 7.918 8.407 8.838 9 9.08 9.231 9.426 9.567 
0.19 2.509 6.605 6.631 6.937 7.252 8.268 8.397 8.632 9.113 
0.661 3.98 4.908 4.952 5.129 
1.948 2.095 3.42 3.914 4.048 4.126 4.229 4.629 8.007 8.343 8.422 8.888 
0.046 0.244 1.159 1.264 1.647 
0.075 0.443 1.12 1.274 1.71 3.416 3.799 3.842 4.127 4.422 4.844 6.061 6.224 
0.241 0.978 1.281 1.349 2.175 5.501 5.755 5.932 7.775 
0.613 0.761 0.971 1.005 1.836 2.429 2.697 2.782 3.281 3.832 3.99 4.791 5.098 5.189 6.44 6.807 
0.045 0.356 0.645 0.74 8.043 8.079 8.826 
3.651 4.586 4.757 6.232 6.332 6.721 
0.118 0.779 1.491 2.339 4.577 
0.108 0.212 2.314 4.245 5.904 6.616 6.758 6.95 7.417 7.682 7.735 8.115 8.165 8.402 8.608 9.571 9.935 
0.125 0.471 0.533 1.532 1.807 5.108 5.407 7.548 
0.137 1.936 8.014 8.287 8.401 9.317 
0.302 1.171 1.636 1.919 5.758 6.604 7.413 7.538 9.263 9.48 
0.943 1.145 1.433 1.834 2.216 2.446 2.527 2.955 3.537 4.359 5.128 8.151 8.449 8.599 8.851 9.547 9.622 
0.095 0.591 0.762 1.445 1.604 1.803 1.973 2.167 2.259 2.381 2.47 2.714 2.814 3.448 3.616 3.984 7.084 7.143 8.089 8.248 
0.268 1.643 1.805 2.273 2.949 3.056 3.225 3.75 3.884 4.452 6.281 6.777 7.898 7.934 
0.524 0.949 1.096 1.836 1.987 3.615 3.754 9.172 
0.739 1.147 1.223 2.412 4.153 5.542 5.675 6.61 6.772 8.295 8.483 8.741 9.573 
1.096 1.233 1.406 1.944 2.259 2.309 3.519 3.789 4.359 6.454 6.845 6.994 7.222 7.421 7.681 7.866 7.933 8.169 
0.047 0.219 0.428 1.12 1.435 3.464 4.046 4.146 4.892 7.091 9.08 
0.207 0.339 2.065 3.137 3.21 3.427 3.495 3.554 3.923 5.873 6.189 6.564 7.265 7.806 8.08 9.843 
1.154 1.511 7.45 7.808 8.162 8.319 8.61 
2.669 3.064 3.836 4.367 
0.101 1.708 2.691 3.027 3.918 4.622 4.732 4.979 5.581 6.145 6.32 6.394 7.39 7.647 8.197 8.802 8.906 9.03 9.426 
0.48 3.593 3.718 3.76 3.948 4.854 
0.316 1.202 1.384 2.031 2.481 9.681 
1.717 2.068 4.097 5.599 6.893 7.162 7.38 7.415 8.116 8.353 9.34 9.401 
0.298 0.676 0.988 1.033 1.802 3.079 9.963 
0.784 1.009 1.184 1.239 2.32 2.728 8.364 8.625 8.904 9.223 9.273 9.7 
0.131 2.754 3.13 4.341 4.662 5.319 6.372 6.469 7.073 7.385 7.488 8.851 9.16 9.434 
0.588 0.745 7.328 8.94 9.12 9.414 9.48 
0.201 0.406 0.925 1.452 1.94 2.112 2.195 2.38 3.558 3.605 3.735 4.049 4.119 4.278 6.147 6.236 8.826 9.484 
0.266 1.145 2.746 6.234 7.289 7.771 8.272 8.449 
0.171 0.38 0.45 1.115 1.333 3.93 4.677 4.801 5.425 
0.127 0.444 0.707 1.385 1.497 1.771 4.512 4.867 5.464 5.856 6.363 8.132 
0.899 2.764 3.078 4.399 7.306 7.63 8.897 9.38 
0.101 0.397 1.24 1.27 2.098 2.188 2.25 2.454 3.455 3.578 3.74 4.286 4.863 5.615 5.704 6.518 9.043 9.289 9.383 9.516 9.723 
0.924 2.185 2.61 2.676 2.8 3.44 3.593 6.433 6.592 6.653 6.756 7.42 
0.843 1.822 1.914 1.996 2.109 2.746 3.202 3.353 4.831 4.926 6.429 6.736 7.228 7.544 7.812 9.705 9.899 
0.218 0.545 0.856 1.243 1.355 1.491 2.344 2.861 3.039 3.502 3.736 4.165 4.851 7.406 7.543 7.841 9.731 
0.263 0.741 2.462 2.531 2.937 3.162 3.189 4.251 4.27 4.331 4.868 5.692 6.085 6.18 6.304 6.775 6.923 7.138 7.603 7.788 7.889 8.561 9.229 
0.049 0.794 0.847 0.951 1.205 1.72 2.077 4.598 4.773 4.808 6.48 7.498 7.816 8.324 8.675 
4.935 5.053 5.649 5.932 6.018 6.074 
0.502 1.189 5.389 8.297 9.748 9.955 
2.718 4.35 7.527 7.644 
0.811 0.876 1.711 2.007 3.686 8.103 8.919 9.043 9.098 9.249 9.335 9.956 
1.139 1.358 1.783 1.873 1.963 2.973 4.352 4.574 4.942 5.548 5.782 5.819 5.898 8.247 8.287 
0.366 0.419 0.625 0.815 0.931 1.012 1.255 1.843 2.032 2.096 4.065 5.348 5.434 5.607 7.338 7.585 8.712 9.2 
3.27 3.437 5.448 5.814 7.123 7.205 
2.512 2.703 3.277 4.252 4.422 5.208 
0.947 2.48 3.42 3.554 3.671 4.498 4.749 
0.385 0.625 0.703 1.905 2.561 2.605 4.17 4.64 4.746 4.877 5.846 6.995 7.313 7.765 9.061 9.369 9.493 
0.271 1.747 1.999 2.054 2.203 2.24 2.773 3.874 3.992 5.201 5.428 6.25 6.571 6.637 6.869 7.34 8.264 
0.17 4.749 5.295 5.564 5.629 6.811 7.033 7.226 7.364 8.528 8.672 
0.105 1.67 1.767 2.163 5.259 5.768 6.009 6.715 6.77 8.996 9.165 9.294 9.432 
0.497 0.566 0.931 6.119 6.255 6.684 7.181 
3.484 4.141 4.418 4.598 4.693 5.838 5.912 5.96 6.172 6.588 6.695 6.744 7.553 7.778 7.881 9.15 9.942 
0.075 3.246 3.296 3.685 
1.083 2.297 3.269 5.531 
0.378 0.758 8.732 
3.608 3.76 4.074 4.253 4.725 6.946 7.08 7.869 7.961 
0.351 0.414 0.576 0.821 0.883 0.948 1.456 1.847 4.874 
1.594 1.827 3.143 3.283 3.936 4.14 4.697 5.221 5.575 5.995 6.394 6.5 6.683 7.452 7.551 7.626 8.092 8.192 8.313 8.394 8.606 8.905 9.506 9.595 9.867 
0.223 3.137 3.387 3.583 3.62 6.967 7.389 7.5 7.66 
0.27 0.566 0.921 1.446 1.773 3.791 5.057 6.852 7.02 7.451 8.167 9.043 9.349 9.438 
0.072 0.141 0.382 0.654 0.7 0.876 1.002 1.137 1.815 2.198 2.443 2.818 2.911 3.877 4.447 4.643 5.217 5.632 5.732 5.797 8.803 
0.27 0.641 1.338 1.381 1.763 2.003 2.394 3.312 3.624 
0.83 1.364 2.413 3.716 3.92 4.598 5.433 5.872 6.601 6.642 6.723 7.45 8.205 8.614 8.703 
0.182 0.281 0.616 1.55 1.681 1.861 2.128 2.286 2.382 2.496 6.575 7.02 8.627 8.927 8.985 9.01 9.239 9.53 
0.712 1.247 1.848 2.367 2.585 2.738 6.792 7.098 7.31 8.195 8.863 
0.148 0.444 2.899 3.201 3.414 5.402 5.689 6.456 6.824 6.916 6.978 7.097 7.49 7.58 8.228 8.581 9.751 9.816 
0.072 0.161 0.469 1.19 5.194 5.265 5.33 5.525 5.652 5.852 6.042 6.238 6.618 
0.416 0.659 0.886 1.08 1.627 2.469 2.793 4.875 5.334 5.482 6.401 7.956 
0.123 4.846 4.895 5.035 5.248 5.597 6.126 6.527 6.633 6.79 7.336 7.606 7.804 8.004 8.716 8.906 9.192 9.27 9.469 9.685 
0.488 0.722 0.892 3.945 4.608 4.823 4.972 5.273 5.491 6.119 7.812 8.12 8.382 8.836 9.918 
0.24 0.291 0.413 1.803 1.971 2.765 3.289 3.48 
0.145 0.42 0.607 1.72 1.853 2.245 4.463 4.516 4.667 5.457 5.849 8.92 8.969 9.255 
