0.02 0.465116
0.04 0.395349
0.06 0.395349
0.08 0.27907
0.1 0.55814
0.12 0.627907
0.14 0.186047
0.16 0.255814
0.18 0.604651
0.2 0.325581
0.22 0.418605
0.24 0.55814
0.26 0.418605
0.28 0.44186
0.3 0.348837
0.32 0.44186
0.34 0.232558
0.36 0.581395
0.38 0.488372
0.4 0.465116
0.42 0.488372
0.44 0.395349
0.46 0.395349
0.48 0.581395
0.5 0.418605
0.52 0.418605
0.54 0.372093
0.56 0.465116
0.58 0.534884
0.6 0.255814
0.62 0.488372
0.64 0.55814
0.66 0.488372
0.68 0.372093
0.7 0.395349
0.72 0.418605
0.74 0.348837
0.76 0.55814
0.78 0.209302
0.8 0.55814
0.82 0.372093
0.84 0.372093
0.86 0.511628
0.88 0.627907
0.9 0.581395
0.92 0.627907
0.94 0.465116
0.96 0.488372
0.98 0.534884
1 0.511628
1.02 0.651163
1.04 0.465116
1.06 0.55814
1.08 0.511628
1.1 0.534884
1.12 0.488372
1.14 0.395349
1.16 0.651163
1.18 0.348837
1.2 0.325581
1.22 0.232558
1.24 0.488372
1.26 0.511628
1.28 0.651163
1.3 0.465116
1.32 0.511628
1.34 0.348837
1.36 0.372093
1.38 0.511628
1.4 0.55814
1.42 0.604651
1.44 0.813953
1.46 0.651163
1.48 0.348837
1.5 0.511628
1.52 0.418605
1.54 0.325581
1.56 0.418605
1.58 0.372093
1.6 0.511628
1.62 0.302326
1.64 0.395349
1.66 0.488372
1.68 0.232558
1.7 0.372093
1.72 0.511628
1.74 0.418605
1.76 0.488372
1.78 0.534884
1.8 0.465116
1.82 0.348837
1.84 0.302326
1.86 0.302326
1.88 0.395349
1.9 0.534884
1.92 0.534884
1.94 0.534884
1.96 0.325581
1.98 0.511628
2 0.348837
2.02 0.44186
2.04 0.395349
2.06 0.395349
2.08 0.488372
2.1 0.372093
2.12 0.418605
2.14 0.55814
2.16 0.418605
2.18 0.488372
2.2 0.534884
2.22 0.511628
2.24 0.27907
2.26 0.418605
2.28 0.27907
2.3 0.302326
2.32 0.651163
2.34 0.348837
2.36 0.44186
2.38 0.209302
2.4 0.465116
2.42 0.348837
2.44 0.55814
2.46 0.325581
2.48 0.534884
2.5 0.348837
2.52 0.232558
2.54 0.348837
2.56 0.395349
2.58 0.302326
2.6 0.232558
2.62 0.302326
2.64 0.395349
2.66 0.348837
2.68 0.488372
2.7 0.44186
2.72 0.488372
2.74 0.511628
2.76 0.255814
2.78 0.395349
2.8 0.232558
2.82 0.302326
2.84 0.372093
2.86 0.372093
2.88 0.27907
2.9 0.418605
2.92 0.27907
2.94 0.232558
2.96 0.209302
2.98 0.418605
3 0.27907
3.02 0.488372
3.04 0.162791
3.06 0.44186
3.08 0.325581
3.1 0.395349
3.12 0.302326
3.14 0.44186
3.16 0.27907
3.18 0.372093
3.2 0.488372
3.22 0.488372
3.24 0.325581
3.26 0.325581
3.28 0.418605
3.3 0.186047
3.32 0.511628
3.34 0.44186
3.36 0.27907
3.38 0.348837
3.4 0.581395
3.42 0.627907
3.44 0.255814
3.46 0.302326
3.48 0.372093
3.5 0.511628
3.52 0.348837
3.54 0.372093
3.56 0.395349
3.58 0.465116
3.6 0.302326
3.62 0.418605
3.64 0.348837
3.66 0.72093
3.68 0.27907
3.7 0.418605
3.72 0.348837
3.74 0.325581
3.76 0.372093
3.78 0.44186
3.8 0.27907
3.82 0.348837
3.84 0.465116
3.86 0.302326
3.88 0.302326
3.9 0.44186
3.92 0.302326
3.94 0.488372
3.96 0.209302
3.98 0.372093
4 0.418605
4.02 0.255814
4.04 0.465116
4.06 0.348837
4.08 0.302326
4.1 0.511628
4.12 0.418605
4.14 0.325581
4.16 0.465116
4.18 0.418605
4.2 0.395349
4.22 0.395349
4.24 0.395349
4.26 0.488372
4.28 0.511628
4.3 0.488372
4.32 0.325581
4.34 0.395349
4.36 0.395349
4.38 0.465116
4.4 0.395349
4.42 0.44186
4.44 0.604651
4.46 0.488372
4.48 0.395349
4.5 0.418605
4.52 0.627907
4.54 0.697674
4.56 0.44186
4.58 0.511628
4.6 0.395349
4.62 0.488372
4.64 0.395349
