0.5 0 0 0 0 0
0.505 0 0 0 0 0
0.51 0 0 0 0 0
0.515 0 0 0 0 0
0.52 0 0 0 0 0
0.525 0 0 0 0 0
0.53 0 0 0 0 0
0.535 0 0 0 0 0
0.54 0 0 0 0 0
0.545 0 0 0 0 0
0.55 0 0 0 0 0
0.555 0 0 0 0 0
0.56 0 0 0 0 0
0.565 0 0 0 0 0
0.57 0 0 0 0 0
0.575 0 0 0 0 0
0.58 0 0 0 0 0
0.585 0 0 0 0 0
0.59 0 0 0 0 0
0.595 0 0 0 0 0
0.6 0 0 0 0 0
0.605 0 0 0 0 0
0.61 0 0 0 0 0
0.615 0 0 0 0 0
0.62 0 0 0 0 0
0.625 0 0 0 0 0
0.63 0 0 0 0 0
0.635 0 0 0 0 0
0.64 0 0 0 0 0
0.645 0 0 0 0 0
0.65 0 0 0 0 0
0.655 0 0 0 0 0
0.66 0 0 0 0 0
0.665 0 0 0 0 0
0.67 0 0 0 0 0
0.675 0 0 0 0 0
0.68 0 0 0 0 0
0.685 0 0 0 0 0
0.69 0 0 0 0 0
0.695 0 0 0 0 0
0.7 0 0 0 0 0
0.705 0 0 0 0 0
0.71 0 0 0 0 0
0.715 0 0 0 0 0
0.72 0 0 0 0 0
0.725 0 0 0 0 0
0.73 0 0 0 0 0
0.735 0 0 0 0 0
0.74 0 0 0 0 0
0.745 0 0 0 0 0
0.75 0 0 0 0 0
0.755 0 0 0 0 0
0.76 0 0 0 0 0
0.765 0 0 0 0 0
0.77 0 0 0 0 0
0.775 0 0 0 0 0
0.78 0 0 0 0 0
0.785 0 0 0 0 0
0.79 0 0 0 0 0
0.795 0 0 0 0 0
0.8 0 0 0 0 0
0.805 0 0 0 0 0
0.81 0 0 0 0 0
0.815 0 0 0 0 0
0.82 0 0 0 0 0
0.825 0 0 0 0 0
0.83 0 0 0 0 0
0.835 0 0 0 0 0
0.84 0 0 0 0 0
0.845 0 0 0 0 0
0.85 0 0 0 0 0
0.855 0.0001 0 0 0 0
0.86 0 0.0002 0 0 0.0002
0.865 0.0001 0.0004 0.0002 0.0001 0
0.87 0.0002 0.0003 0.0001 0 0.0005
0.875 0.0008 0.0006 0.0008 0.0001 0.0005
0.88 0.001 0.0009 0.001 0.0005 0.0007
0.885 0.0012 0.0013 0.0017 0.0014 0.0011
0.89 0.0025 0.0028 0.0023 0.0017 0.0022
0.895 0.0047 0.0032 0.0028 0.0034 0.0029
0.9 0.0053 0.0067 0.0056 0.0063 0.005
0.905 0.0104 0.0101 0.0089 0.0094 0.0084
0.91 0.013 0.0121 0.0121 0.0124 0.012
0.915 0.0185 0.0185 0.0177 0.0188 0.0138
0.92 0.0284 0.0274 0.0259 0.0257 0.0197
0.925 0.0367 0.0368 0.0328 0.032 0.0239
0.93 0.0465 0.0454 0.044 0.0391 0.0283
0.935 0.0592 0.0561 0.0543 0.0482 0.0327
0.94 0.0681 0.072 0.0639 0.0566 0.0365
0.945 0.0884 0.0806 0.0791 0.0684 0.0397
0.95 0.1006 0.0977 0.0866 0.0769 0.0432
0.955 0.1167 0.1095 0.1025 0.0865 0.0468
0.96 0.1333 0.1257 0.1105 0.0901 0.0494
0.965 0.1441 0.1407 0.1237 0.0995 0.0519
0.97 0.1596 0.1513 0.1321 0.1077 0.0541
0.975 0.1734 0.1655 0.14 0.1148 0.0563
0.98 0.1891 0.1802 0.1484 0.1205 0.0586
0.985 0.2012 0.1917 0.1567 0.1223 0.0604
0.99 0.2142 0.203 0.1669 0.1309 0.0637
0.995 0.2258 0.2132 0.1726 0.135 0.0648
1 0.2378 0.2236 0.1808 0.1393 0.0662
1.005 0.2513 0.2337 0.1868 0.1446 0.068
1.01 0.2633 0.2456 0.1929 0.1476 0.069
1.015 0.2752 0.2522 0.1985 0.1524 0.071
1.02 0.2833 0.2627 0.2047 0.1552 0.0724
1.025 0.2954 0.2718 0.2102 0.1584 0.0728
1.03 0.3043 0.2795 0.2156 0.1623 0.0748
1.035 0.313 0.2876 0.2209 0.1652 0.0761
1.04 0.3232 0.2973 0.2266 0.1683 0.0775
1.045 0.3317 0.305 0.2292 0.1716 0.0782
1.05 0.3422 0.3125 0.2358 0.1736 0.08
1.055 0.349 0.3194 0.2386 0.1768 0.0809
1.06 0.3578 0.3256 0.243 0.1791 0.0816
1.065 0.3654 0.3342 0.2474 0.1821 0.0833
1.07 0.374 0.3392 0.251 0.1836 0.084
1.075 0.383 0.3476 0.2551 0.187 0.0853
1.08 0.3907 0.3552 0.2597 0.1896 0.0861
1.085 0.3992 0.3611 0.2632 0.1913 0.0873
1.09 0.4071 0.3675 0.2667 0.1939 0.0881
1.095 0.4144 0.3735 0.2707 0.1954 0.0888
1.1 0.4218 0.3792 0.2729 0.1984 0.0903
1.105 0.4299 0.3865 0.277 0.2007 0.0909
1.11 0.4375 0.3919 0.2803 0.2024 0.0921
1.115 0.4438 0.3979 0.2831 0.2049 0.093
1.12 0.4527 0.404 0.2869 0.2066 0.0939
1.125 0.4603 0.4102 0.2901 0.2086 0.0947
1.13 0.4663 0.4161 0.2929 0.2102 0.0954
1.135 0.4731 0.4214 0.296 0.2125 0.0964
1.14 0.4789 0.4263 0.2989 0.2143 0.0973
1.145 0.4871 0.4328 0.3027 0.2162 0.0982
1.15 0.4928 0.438 0.3052 0.2182 0.0989
1.155 0.5009 0.4435 0.3081 0.22 0.0999
1.16 0.5071 0.4509 0.3108 0.2226 0.1007
1.165 0.5142 0.4555 0.3136 0.2239 0.1013
1.17 0.5202 0.4603 0.317 0.2256 0.1024
1.175 0.5285 0.4664 0.3195 0.2275 0.1031
1.18 0.5324 0.4718 0.3225 0.2288 0.1039
1.185 0.541 0.4753 0.3256 0.2308 0.1047
1.19 0.5471 0.4819 0.3282 0.2325 0.1054
1.195 0.5535 0.4861 0.3301 0.2346 0.1063
1.2 0.56 0.4924 0.3336 0.2357 0.107
1.205 0.5662 0.498 0.336 0.2377 0.1077
1.21 0.574 0.5032 0.3389 0.239 0.1086
1.215 0.5791 0.508 0.3416 0.2408 0.1093
1.22 0.5856 0.5134 0.3446 0.2425 0.1099
1.225 0.592 0.5177 0.3467 0.2441 0.1109
1.23 0.5973 0.5235 0.3493 0.246 0.1117
1.235 0.6038 0.5278 0.3511 0.2474 0.1124
1.24 0.6097 0.5332 0.3545 0.2491 0.1131
1.245 0.6171 0.5382 0.3568 0.25 0.1134
1.25 0.623 0.5426 0.3595 0.252 0.1145
1.255 0.6286 0.5474 0.3617 0.2534 0.115
1.26 0.6345 0.552 0.364 0.2556 0.1156
1.265 0.6401 0.5572 0.3666 0.2565 0.1164
1.27 0.6454 0.5622 0.3693 0.2579 0.1171
1.275 0.6526 0.5672 0.3715 0.2601 0.1176
1.28 0.6582 0.5723 0.374 0.2613 0.1187
1.285 0.6644 0.5766 0.3761 0.2628 0.1192
1.29 0.671 0.5814 0.379 0.2641 0.12
1.295 0.6765 0.5867 0.3809 0.2654 0.1206
1.3 0.6818 0.5911 0.3835 0.267 0.1212
1.305 0.6887 0.5953 0.386 0.2686 0.1219
1.31 0.6948 0.6002 0.3884 0.2701 0.1226
1.315 0.6995 0.6051 0.3904 0.2714 0.1232
1.32 0.7056 0.6096 0.3933 0.2726 0.1239
1.325 0.7121 0.6141 0.3959 0.2746 0.1245
1.33 0.7183 0.6194 0.3975 0.2756 0.125
1.335 0.7237 0.6239 0.3999 0.277 0.1257
1.34 0.7296 0.628 0.4025 0.2787 0.1264
1.345 0.7349 0.6335 0.4042 0.2799 0.1269
1.35 0.7416 0.6373 0.4067 0.2814 0.1277
1.355 0.7477 0.6422 0.409 0.2826 0.1282
1.36 0.7521 0.6464 0.4111 0.2839 0.129
1.365 0.7583 0.651 0.4133 0.2855 0.1295
1.37 0.7651 0.6557 0.4156 0.2868 0.1302
1.375 0.7696 0.6601 0.4177 0.2881 0.1306
1.38 0.7747 0.6647 0.4199 0.2897 0.1314
1.385 0.781 0.6692 0.4221 0.2909 0.1321
1.39 0.7863 0.6729 0.4244 0.2923 0.1326
1.395 0.7928 0.6775 0.4266 0.2939 0.1334
1.4 0.7985 0.6822 0.4292 0.2953 0.1335
1.405 0.8028 0.687 0.4312 0.2965 0.1345
1.41 0.8093 0.6914 0.4333 0.2979 0.1353
1.415 0.8142 0.6954 0.4355 0.299 0.1357
1.42 0.8204 0.7003 0.4376 0.3006 0.1362
1.425 0.8265 0.7041 0.4396 0.3018 0.1369
1.43 0.8318 0.7079 0.442 0.303 0.1374
1.435 0.8381 0.7131 0.4439 0.3044 0.1382
1.44 0.8434 0.7173 0.4467 0.306 0.1387
1.445 0.8485 0.7221 0.4483 0.307 0.1392
1.45 0.8547 0.7276 0.4506 0.3085 0.1397
1.455 0.86 0.7317 0.4529 0.3098 0.1405
1.46 0.8653 0.735 0.4545 0.3111 0.1411
1.465 0.8706 0.7392 0.4567 0.3125 0.1417
1.47 0.8768 0.744 0.459 0.3139 0.1421
1.475 0.8816 0.7478 0.4607 0.3149 0.1428
1.48 0.8873 0.7521 0.4633 0.3163 0.1431
1.485 0.8941 0.7579 0.4655 0.3175 0.144
1.49 0.898 0.7614 0.4672 0.3187 0.1447
1.495 0.9049 0.7647 0.4698 0.3201 0.1452
1.5 0.9099 0.7692 0.4719 0.3214 0.1458
1.505 0.9148 0.7734 0.4736 0.3227 0.1462
1.51 0.9203 0.7784 0.4758 0.3237 0.1467
1.515 0.9256 0.7832 0.4779 0.3252 0.1473
1.52 0.9321 0.7866 0.4805 0.3265 0.1481
1.525 0.9364 0.7907 0.482 0.3277 0.1484
1.53 0.944 0.7956 0.484 0.3291 0.1492
1.535 0.9488 0.7988 0.4866 0.3306 0.1497
1.54 0.9535 0.8035 0.4882 0.3315 0.1502
1.545 0.9583 0.8085 0.4904 0.333 0.1509
1.55 0.9648 0.8125 0.4924 0.3342 0.1513
1.555 0.9691 0.8175 0.4946 0.3355 0.1517
1.56 0.9758 0.8206 0.4963 0.3366 0.1523
1.565 0.9806 0.8252 0.4987 0.3382 0.153
1.57 0.9852 0.8291 0.5005 0.339 0.1534
1.575 0.9916 0.8335 0.5025 0.3406 0.1539
1.58 0.996 0.8376 0.505 0.3416 0.1546
1.585 1.0016 0.8415 0.5063 0.3431 0.1552
1.59 1.0066 0.8454 0.5086 0.3444 0.1556
1.595 1.0121 0.8499 0.5105 0.3453 0.1562
1.6 1.0182 0.8545 0.5125 0.3469 0.1567
1.605 1.0244 0.8582 0.5149 0.3479 0.1573
1.61 1.0293 0.8624 0.5169 0.3493 0.158
1.615 1.0356 0.8669 0.5183 0.3504 0.1585
1.62 1.04 0.8705 0.5205 0.3516 0.1589
1.625 1.045 0.8752 0.5231 0.3527 0.1596
1.63 1.0496 0.8793 0.5249 0.3541 0.1602
1.635 1.0557 0.8841 0.5267 0.3552 0.1606
1.64 1.061 0.8883 0.5293 0.3567 0.161
1.645 1.0662 0.8914 0.5306 0.3577 0.1617
1.65 1.0721 0.8956 0.533 0.3592 0.1622
1.655 1.0773 0.9007 0.5348 0.3606 0.1626
1.66 1.0828 0.9045 0.5371 0.3617 0.1633
1.665 1.0878 0.9075 0.5392 0.363 0.1638
1.67 1.0936 0.9122 0.5407 0.3641 0.1643
1.675 1.0979 0.9166 0.5428 0.3652 0.1649
1.68 1.1045 0.9205 0.5447 0.3663 0.1651
1.685 1.1084 0.925 0.547 0.3679 0.1659
1.69 1.1135 0.9286 0.549 0.369 0.1664
1.695 1.1196 0.9328 0.5511 0.3703 0.1668
1.7 1.1256 0.9371 0.5529 0.3711 0.1674
1.705 1.1299 0.9418 0.5549 0.3725 0.1681
1.71 1.1354 0.9451 0.5571 0.3737 0.1684
1.715 1.1405 0.95 0.5589 0.3751 0.1691
1.72 1.1459 0.9541 0.5608 0.3762 0.1696
1.725 1.1515 0.9574 0.5627 0.3775 0.17
1.73 1.157 0.9614 0.5644 0.3787 0.1705
1.735 1.1617 0.9657 0.5671 0.3799 0.1711
1.74 1.1669 0.9695 0.5687 0.3811 0.1716
1.745 1.1733 0.9746 0.5707 0.3824 0.1722
1.75 1.178 0.9776 0.5725 0.3835 0.1727
1.755 1.1833 0.9822 0.5741 0.3848 0.1731
1.76 1.189 0.987 0.5763 0.3859 0.1738
1.765 1.194 0.9899 0.5789 0.3871 0.1742
1.77 1.1992 0.9946 0.5805 0.3882 0.1748
1.775 1.204 0.9983 0.5821 0.3896 0.1753
1.78 1.2097 1.0021 0.5843 0.3909 0.1758
1.785 1.2161 1.0062 0.5862 0.392 0.1763
1.79 1.2194 1.0105 0.5883 0.393 0.1767
1.795 1.2257 1.0145 0.5905 0.3944 0.1772
1.8 1.2312 1.0184 0.5925 0.3954 0.1777
1.805 1.2358 1.0223 0.5946 0.3967 0.1785
1.81 1.2409 1.0265 0.5965 0.3979 0.1788
1.815 1.2462 1.0306 0.5981 0.3992 0.1793
1.82 1.2518 1.0343 0.5998 0.4002 0.1798
1.825 1.257 1.0384 0.6022 0.4017 0.1805
1.83 1.2611 1.0422 0.6042 0.4026 0.1809
1.835 1.2666 1.0474 0.6057 0.404 0.1814
1.84 1.2723 1.0509 0.608 0.4052 0.1818
1.845 1.2772 1.0553 0.61 0.4063 0.1825
1.85 1.2825 1.0582 0.6119 0.4072 0.1828
1.855 1.2879 1.0629 0.6139 0.4088 0.1833
1.86 1.2927 1.0666 0.6156 0.4098 0.184
1.865 1.2993 1.0704 0.6181 0.4113 0.1844
1.87 1.3032 1.0745 0.6197 0.4122 0.1849
1.875 1.3086 1.0785 0.6213 0.4134 0.1854
1.88 1.3134 1.0827 0.6239 0.4146 0.1859
1.885 1.3192 1.0869 0.625 0.416 0.1864
1.89 1.3248 1.0912 0.6275 0.417 0.187
1.895 1.3302 1.0953 0.6295 0.418 0.1875
1.9 1.3351 1.0996 0.6311 0.4194 0.188
1.905 1.341 1.1028 0.6329 0.4204 0.1886
1.91 1.345 1.1069 0.635 0.4218 0.1888
1.915 1.3499 1.1111 0.6371 0.4232 0.1895
1.92 1.3554 1.115 0.6391 0.4241 0.1898
1.925 1.3603 1.1184 0.641 0.4256 0.1904
1.93 1.3653 1.1231 0.6427 0.4263 0.191
1.935 1.3705 1.1263 0.6447 0.4278 0.1914
1.94 1.376 1.1308 0.6471 0.4288 0.1919
1.945 1.381 1.1347 0.6484 0.4303 0.1924
1.95 1.3863 1.1385 0.6509 0.4313 0.1929
1.955 1.3917 1.1424 0.6528 0.4323 0.1933
1.96 1.3972 1.1462 0.6542 0.4337 0.194
1.965 1.4032 1.1512 0.6565 0.435 0.1944
1.97 1.4072 1.1539 0.6583 0.436 0.1949
1.975 1.4124 1.1588 0.6602 0.4372 0.1954
1.98 1.4176 1.1626 0.6622 0.4384 0.1959
1.985 1.4221 1.1667 0.6647 0.4397 0.1965
1.99 1.4279 1.1708 0.6663 0.4409 0.1968
1.995 1.4329 1.1743 0.6682 0.4421 0.1973
2 1.4384 1.1783 0.6697 0.4431 0.1979
2.005 1.4429 1.1829 0.6718 0.4444 0.1982
2.01 1.4484 1.187 0.6738 0.4454 0.199
2.015 1.4542 1.1903 0.6757 0.4467 0.1994
2.02 1.4595 1.1942 0.6775 0.4478 0.1998
2.025 1.4645 1.1982 0.6797 0.4491 0.2004
2.03 1.4686 1.2016 0.6815 0.4501 0.2008
2.035 1.4742 1.2061 0.6833 0.4513 0.2014
2.04 1.4783 1.21 0.6856 0.4523 0.2019
2.045 1.4852 1.2141 0.6873 0.4535 0.2024
2.05 1.4897 1.2174 0.6894 0.4549 0.2027
2.055 1.4946 1.2218 0.6913 0.4561 0.2033
2.06 1.4998 1.2256 0.6932 0.4571 0.2037
2.065 1.5045 1.2295 0.6949 0.4586 0.2043
2.07 1.5107 1.2337 0.6967 0.4597 0.2047
2.075 1.515 1.2377 0.6991 0.4608 0.2053
2.08 1.5201 1.2417 0.7008 0.4622 0.2057
2.085 1.5254 1.2457 0.7029 0.4631 0.2062
2.09 1.5319 1.2493 0.7045 0.4643 0.2067
2.095 1.5355 1.2535 0.7067 0.4654 0.2072
2.1 1.541 1.2571 0.7083 0.4666 0.2078
2.105 1.5467 1.2616 0.7104 0.4678 0.2082
2.11 1.5513 1.2646 0.7122 0.4687 0.2086
2.115 1.556 1.2689 0.714 0.47 0.2091
2.12 1.5614 1.2733 0.7164 0.4712 0.2097
2.125 1.5662 1.2774 0.7183 0.4727 0.2101
2.13 1.5723 1.2814 0.7198 0.4737 0.2106
2.135 1.5769 1.2849 0.7219 0.4748 0.211
2.14 1.5824 1.2888 0.7236 0.4761 0.2114
2.145 1.5871 1.2927 0.7258 0.4772 0.212
2.15 1.5927 1.2966 0.7276 0.4787 0.2125
2.155 1.5978 1.3008 0.7295 0.4795 0.213
2.16 1.6026 1.3035 0.7317 0.4808 0.2135
2.165 1.6075 1.3078 0.7334 0.482 0.2139
2.17 1.6129 1.3125 0.7352 0.4831 0.2144
2.175 1.6173 1.3156 0.7371 0.4843 0.2149
2.18 1.6229 1.3196 0.7391 0.4854 0.2154
2.185 1.6284 1.3242 0.7411 0.4866 0.216
2.19 1.6328 1.3277 0.743 0.4877 0.2165
2.195 1.6379 1.3314 0.7447 0.489 0.2169
2.2 1.6433 1.3355 0.7467 0.4902 0.2174
2.205 1.6477 1.3389 0.7485 0.4912 0.2177
2.21 1.6536 1.3437 0.7506 0.4924 0.2183
2.215 1.6581 1.3478 0.7521 0.4937 0.2188
2.22 1.6632 1.3505 0.7544 0.495 0.2192
2.225 1.6691 1.3547 0.7563 0.4957 0.2198
2.23 1.6742 1.3585 0.7583 0.4971 0.2202
2.235 1.6785 1.363 0.7603 0.4985 0.2208
2.24 1.6836 1.3666 0.7622 0.4994 0.2212
2.245 1.6886 1.3702 0.7638 0.5005 0.2216
2.25 1.6949 1.3743 0.7659 0.502 0.2221
2.255 1.6985 1.3779 0.7675 0.5031 0.2226
2.26 1.7047 1.3822 0.7699 0.5044 0.2232
2.265 1.71 1.3863 0.7717 0.5052 0.2237
2.27 1.7143 1.3898 0.7739 0.5067 0.224
2.275 1.7197 1.3942 0.7755 0.5078 0.2245
2.28 1.7243 1.3967 0.7775 0.5089 0.2251
2.285 1.7294 1.4018 0.7794 0.51 0.2255
2.29 1.7344 1.4052 0.7814 0.5113 0.2259
2.295 1.7398 1.4093 0.7831 0.5123 0.2264
2.3 1.7447 1.4129 0.7852 0.5136 0.2269
2.305 1.75 1.4177 0.7868 0.5149 0.2275
2.31 1.7554 1.4206 0.7888 0.5158 0.2278
2.315 1.7602 1.4253 0.7909 0.5172 0.2283
2.32 1.7655 1.4286 0.7928 0.5183 0.2287
2.325 1.7707 1.4324 0.7948 0.5195 0.2292
2.33 1.7755 1.4367 0.7964 0.5208 0.2297
2.335 1.7808 1.4401 0.7981 0.5217 0.2302
2.34 1.7855 1.4443 0.8004 0.523 0.2309
2.345 1.791 1.4478 0.8021 0.524 0.2312
2.35 1.7963 1.4519 0.8043 0.5251 0.2317
2.355 1.801 1.4561 0.8061 0.5263 0.232
2.36 1.8057 1.4601 0.808 0.5276 0.2327
2.365 1.811 1.4634 0.8099 0.5287 0.2332
2.37 1.8152 1.4663 0.8115 0.53 0.2336
2.375 1.8204 1.4715 0.8136 0.531 0.2341
2.38 1.8265 1.4751 0.8158 0.5323 0.2344
2.385 1.8317 1.4788 0.817 0.5334 0.235
2.39 1.8357 1.4832 0.819 0.5348 0.2355
2.395 1.8415 1.4869 0.8215 0.5358 0.2358
2.4 1.8463 1.4901 0.8235 0.5369 0.2364
2.405 1.8507 1.4946 0.8251 0.538 0.2368
2.41 1.857 1.4983 0.827 0.5394 0.2374
2.415 1.8609 1.5022 0.8287 0.5406 0.2379
2.42 1.8663 1.5062 0.8307 0.5417 0.2383
2.425 1.8715 1.5103 0.8331 0.5429 0.2388
2.43 1.8769 1.5139 0.8349 0.544 0.2393
2.435 1.882 1.5163 0.8367 0.5451 0.2397
2.44 1.8864 1.5216 0.8385 0.5465 0.2403
2.445 1.8912 1.5246 0.8405 0.5477 0.2407
2.45 1.8967 1.5289 0.8422 0.5487 0.2412
2.455 1.9013 1.5327 0.8443 0.5498 0.2416
2.46 1.9066 1.5363 0.8464 0.5512 0.2421
2.465 1.9117 1.541 0.8482 0.5522 0.2425
2.47 1.9165 1.5441 0.85 0.5533 0.243
2.475 1.9213 1.5484 0.852 0.5546 0.2435
2.48 1.928 1.5519 0.8535 0.5557 0.2441
2.485 1.932 1.5556 0.8556 0.5568 0.2445
2.49 1.9362 1.5598 0.8578 0.5581 0.2449
2.495 1.9426 1.5637 0.8596 0.5591 0.2454
2.5 1.9464 1.5677 0.8614 0.5603 0.246
2.505 1.9526 1.571 0.8636 0.5617 0.2464
2.51 1.9576 1.575 0.8651 0.5628 0.2469
2.515 1.9626 1.5792 0.8674 0.564 0.2473
2.52 1.9671 1.5824 0.8689 0.5653 0.2478
2.525 1.9731 1.5865 0.8711 0.5663 0.2482
2.53 1.9773 1.5909 0.873 0.5676 0.2487
2.535 1.982 1.5948 0.8745 0.5687 0.2492
2.54 1.9873 1.5981 0.8769 0.5698 0.2495
2.545 1.9923 1.6023 0.8788 0.5709 0.2501
2.55 1.9961 1.6064 0.8806 0.572 0.2506
2.555 2.0021 1.6096 0.8823 0.5734 0.2511
2.56 2.0067 1.6129 0.8845 0.5744 0.2515
2.565 2.0116 1.6176 0.8864 0.5756 0.252
2.57 2.0173 1.6211 0.8881 0.577 0.2525
2.575 2.0223 1.6249 0.8901 0.578 0.253
2.58 2.0275 1.6287 0.8921 0.579 0.2535
2.585 2.0325 1.6323 0.8937 0.5802 0.2539
2.59 2.0377 1.6365 0.8957 0.5814 0.2543
2.595 2.0428 1.6409 0.8979 0.5826 0.2549
2.6 2.0472 1.6439 0.9 0.584 0.2553
2.605 2.0524 1.6478 0.9015 0.585 0.2559
2.61 2.0574 1.6512 0.9035 0.5861 0.2562
2.615 2.062 1.6548 0.9055 0.5875 0.2568
2.62 2.0673 1.6593 0.9072 0.5887 0.2571
2.625 2.0722 1.6634 0.9092 0.5897 0.2576
2.63 2.0786 1.6666 0.9115 0.5908 0.2582
2.635 2.083 1.6705 0.913 0.5919 0.2585
2.64 2.0881 1.6752 0.9152 0.5932 0.259
2.645 2.0939 1.6789 0.9168 0.5944 0.2596
2.65 2.0981 1.6824 0.9188 0.5959 0.2601
2.655 2.1028 1.6858 0.9207 0.597 0.2605
2.66 2.1079 1.6899 0.9225 0.5978 0.2609
2.665 2.113 1.6945 0.9246 0.5991 0.2614
2.67 2.1182 1.6978 0.9264 0.6003 0.2619
2.675 2.1223 1.7014 0.9281 0.6013 0.2623
2.68 2.1277 1.7054 0.9305 0.6026 0.2627
2.685 2.1332 1.709 0.9321 0.6036 0.2633
2.69 2.138 1.713 0.9343 0.6051 0.2638
2.695 2.1426 1.7166 0.9356 0.606 0.2642
2.7 2.1475 1.7208 0.9379 0.6072 0.2647
2.705 2.1532 1.7237 0.9398 0.6085 0.2651
2.71 2.1579 1.7277 0.9419 0.6097 0.2657
2.715 2.163 1.7322 0.9435 0.6108 0.2661
2.72 2.1686 1.7357 0.9454 0.612 0.2666
2.725 2.1725 1.74 0.9476 0.6132 0.267
2.73 2.1781 1.7433 0.9492 0.6144 0.2674
2.735 2.1829 1.7476 0.9514 0.6155 0.2679
2.74 2.1878 1.751 0.953 0.6165 0.2684
2.745 2.1931 1.7547 0.9553 0.6181 0.269
2.75 2.1978 1.7589 0.957 0.619 0.2693
2.755 2.2031 1.7626 0.9589 0.6202 0.2699
2.76 2.2088 1.7664 0.9608 0.6215 0.2703
2.765 2.214 1.7706 0.9628 0.6226 0.2708
2.77 2.2186 1.7742 0.9647 0.6237 0.2712
2.775 2.2235 1.7783 0.9666 0.6251 0.2717
2.78 2.228 1.7815 0.9687 0.6262 0.2722
2.785 2.2325 1.7854 0.9707 0.6273 0.2726
2.79 2.238 1.7899 0.9724 0.6283 0.2732
2.795 2.2425 1.793 0.9742 0.6299 0.2735
2.8 2.2477 1.7968 0.9763 0.6307 0.2739
2.805 2.2528 1.8006 0.9782 0.6322 0.2745
2.81 2.2577 1.8053 0.98 0.6331 0.2749
2.815 2.2627 1.8087 0.9818 0.6342 0.2756
2.82 2.2677 1.8124 0.9835 0.6357 0.2759
2.825 2.2731 1.8162 0.9854 0.6368 0.2764
2.83 2.2782 1.8199 0.9877 0.6379 0.277
2.835 2.2828 1.8234 0.9899 0.6388 0.2774
2.84 2.2875 1.8279 0.9915 0.6401 0.2778
2.845 2.2936 1.8313 0.9934 0.6413 0.2783
2.85 2.2983 1.8355 0.9952 0.6426 0.2788
2.855 2.3037 1.8393 0.9974 0.6438 0.2794
2.86 2.308 1.8428 0.9988 0.6449 0.2797
2.865 2.3134 1.8465 1.001 0.646 0.2802
2.87 2.3171 1.8503 1.003 0.6473 0.2806
2.875 2.3226 1.8544 1.0048 0.6485 0.2812
2.88 2.3268 1.8589 1.0067 0.6499 0.2816
2.885 2.3319 1.8617 1.0087 0.6508 0.282
2.89 2.3382 1.8656 1.0104 0.6521 0.2825
2.895 2.3425 1.8696 1.0124 0.6532 0.2829
2.9 2.3478 1.8731 1.0144 0.6541 0.2834
2.905 2.3532 1.8759 1.0165 0.6553 0.2838
2.91 2.3584 1.8804 1.0179 0.6568 0.2844
2.915 2.3631 1.8843 1.0201 0.6579 0.2848
2.92 2.3671 1.8885 1.0222 0.6592 0.2853
2.925 2.3721 1.8915 1.024 0.6603 0.2857
2.93 2.3768 1.8954 1.0255 0.6615 0.2862
2.935 2.3823 1.8995 1.0282 0.6626 0.2867
2.94 2.388 1.9031 1.0299 0.6639 0.2871
2.945 2.393 1.9073 1.0319 0.6648 0.2875
2.95 2.3969 1.9114 1.0338 0.6661 0.2882
2.955 2.4031 1.9152 1.0354 0.6672 0.2886
2.96 2.4075 1.9182 1.0377 0.6684 0.289
2.965 2.4127 1.9223 1.0394 0.6697 0.2895
2.97 2.4176 1.9267 1.0412 0.671 0.29
2.975 2.4224 1.9304 1.0432 0.6719 0.2905
2.98 2.4278 1.9342 1.0445 0.6733 0.2909
2.985 2.4324 1.9378 1.0472 0.6744 0.2913
2.99 2.4366 1.9414 1.0487 0.6757 0.2919
2.995 2.4422 1.945 1.0506 0.6769 0.2923
3 2.4479 1.9491 1.0529 0.6778 0.2927
3.005 2.4519 1.9527 1.0549 0.6791 0.2932
3.01 2.4566 1.9563 1.0564 0.6804 0.2936
3.015 2.4619 1.9601 1.0588 0.6813 0.2942
3.02 2.467 1.9639 1.0608 0.6827 0.2947
3.025 2.4718 1.9679 1.0623 0.6837 0.2951
3.03 2.4772 1.9716 1.064 0.6851 0.2956
3.035 2.4823 1.9745 1.0662 0.6862 0.296
3.04 2.4867 1.9786 1.0684 0.6876 0.2965
3.045 2.4915 1.9826 1.0702 0.6888 0.297
3.05 2.4964 1.987 1.0722 0.6898 0.2975
3.055 2.5023 1.9912 1.0739 0.6908 0.2979
3.06 2.5077 1.9948 1.076 0.6922 0.2984
3.065 2.5112 1.9981 1.0779 0.6933 0.2988
3.07 2.517 2.0016 1.0795 0.6944 0.2993
3.075 2.5224 2.0049 1.0814 0.6957 0.2998
3.08 2.526 2.0098 1.0832 0.6967 0.3002
3.085 2.5316 2.0135 1.0856 0.6978 0.3007
3.09 2.536 2.0171 1.0876 0.6993 0.3012
3.095 2.5427 2.0207 1.0893 0.7003 0.3016
3.1 2.5468 2.0244 1.0914 0.7015 0.3021
3.105 2.5515 2.0289 1.0931 0.7026 0.3026
3.11 2.5563 2.0319 1.0951 0.7038 0.303
3.115 2.5613 2.0355 1.0971 0.7052 0.3036
3.12 2.5668 2.0403 1.0987 0.7063 0.304
3.125 2.5713 2.0435 1.1006 0.7072 0.3045
3.13 2.5767 2.0469 1.1025 0.7086 0.3049
3.135 2.5817 2.0513 1.1047 0.7097 0.3054
3.14 2.5865 2.0549 1.1066 0.7108 0.3059
3.145 2.5915 2.0586 1.1087 0.7122 0.3063
3.15 2.5964 2.0619 1.1102 0.7131 0.3068
3.155 2.6011 2.0662 1.112 0.7145 0.3073
3.16 2.6063 2.0701 1.114 0.7158 0.3078
3.165 2.6118 2.0741 1.1162 0.717 0.3081
3.17 2.6163 2.0779 1.1181 0.7181 0.3086
3.175 2.6214 2.0816 1.1202 0.7192 0.3091
3.18 2.6262 2.0851 1.122 0.7205 0.3096
3.185 2.6307 2.0891 1.1235 0.7215 0.31
3.19 2.6364 2.0926 1.1259 0.723 0.3106
3.195 2.6406 2.0964 1.1277 0.7242 0.311
3.2 2.6464 2.1002 1.13 0.7253 0.3114
3.205 2.6505 2.1033 1.1319 0.7262 0.3119
3.21 2.6552 2.1079 1.1331 0.7275 0.3124
3.215 2.66 2.1112 1.1353 0.7286 0.3128
3.22 2.6651 2.1152 1.137 0.73 0.3133
3.225 2.6711 2.1187 1.1396 0.7313 0.3138
3.23 2.6751 2.1223 1.1411 0.7322 0.3142
3.235 2.6806 2.1266 1.143 0.7334 0.3147
3.24 2.6849 2.1308 1.1451 0.7346 0.3152
3.245 2.6909 2.1337 1.1468 0.7357 0.3157
3.25 2.696 2.1378 1.1489 0.737 0.316
3.255 2.7004 2.1424 1.1506 0.7383 0.3166
3.26 2.7043 2.1457 1.1525 0.7394 0.3171
3.265 2.7098 2.1494 1.1546 0.7403 0.3175
3.27 2.7143 2.1531 1.1564 0.7418 0.318
3.275 2.7197 2.1564 1.1587 0.7428 0.3185
3.28 2.7248 2.1603 1.1602 0.7441 0.3189
3.285 2.7296 2.1643 1.1624 0.7455 0.3194
3.29 2.7355 2.1683 1.1641 0.7463 0.3198
3.295 2.7403 2.1719 1.1663 0.7476 0.3203
3.3 2.7447 2.1759 1.1679 0.7489 0.3208
3.305 2.7495 2.1798 1.17 0.7501 0.3213
3.31 2.7548 2.1836 1.1718 0.7514 0.3218
3.315 2.7598 2.1872 1.1737 0.7525 0.322
3.32 2.7646 2.1901 1.1755 0.7535 0.3227
3.325 2.7693 2.1955 1.1778 0.7548 0.3231
3.33 2.7741 2.198 1.1796 0.756 0.3235
3.335 2.7791 2.2017 1.1814 0.7571 0.3242
3.34 2.7843 2.2063 1.1835 0.7584 0.3244
3.345 2.7893 2.2095 1.1851 0.7595 0.3249
3.35 2.7939 2.2135 1.1871 0.7604 0.3255
3.355 2.799 2.2182 1.1891 0.7617 0.3259
3.36 2.804 2.2211 1.1911 0.7633 0.3263
3.365 2.8096 2.225 1.1929 0.7643 0.3269
3.37 2.8132 2.2285 1.1953 0.7655 0.3272
3.375 2.8179 2.2321 1.1967 0.7668 0.3278
3.38 2.8243 2.2356 1.1989 0.7679 0.3283
3.385 2.8278 2.24 1.2008 0.769 0.3287
3.39 2.8332 2.2434 1.203 0.7703 0.3292
3.395 2.8381 2.2471 1.2047 0.7713 0.3296
3.4 2.8437 2.2514 1.2068 0.7725 0.3301
3.405 2.8486 2.2551 1.2085 0.7738 0.3306
3.41 2.8536 2.2589 1.2105 0.7749 0.331
3.415 2.8578 2.2623 1.2125 0.7761 0.3316
3.42 2.863 2.2659 1.2142 0.7775 0.3321
3.425 2.8672 2.2698 1.2159 0.7786 0.3325
3.43 2.8734 2.2733 1.2181 0.78 0.333
3.435 2.8776 2.2773 1.22 0.7809 0.3335
3.44 2.8822 2.2805 1.2216 0.7821 0.3339
3.445 2.8879 2.2846 1.2236 0.7834 0.3343
3.45 2.8934 2.2891 1.2258 0.7846 0.3347
3.455 2.8973 2.2928 1.2276 0.7858 0.3353
3.46 2.9024 2.2966 1.2296 0.787 0.3357
3.465 2.9078 2.2998 1.2316 0.7881 0.3362
3.47 2.9122 2.3043 1.2337 0.7891 0.3366
3.475 2.9171 2.3078 1.2355 0.7904 0.3372
3.48 2.9222 2.3113 1.2377 0.7918 0.3376
3.485 2.927 2.315 1.2396 0.793 0.3381
3.49 2.9318 2.3193 1.2412 0.794 0.3385
3.495 2.9376 2.322 1.2432 0.7953 0.3389
