0.8 0 0 0 0 0
0.805 0 0 0 0 0
0.81 0 0 0 0 0
0.815 0 0 0 0 0
0.82 0 0 0 0 0
0.825 0 0 0 0 0
0.83 0 0 0 0 0
0.835 0 0 0 0 0
0.84 0 0 0 0 0
0.845 0 0 0 0 0
0.85 0 0 0.0001 0 0
0.855 0 0 0.0001 0.0001 0
0.86 0.0001 0.0003 0.0002 0.0002 0
0.865 0.0001 0.0002 0.0001 0.0001 0
0.87 0.0004 0.0003 0.0001 0.0002 0.0001
0.875 0.0007 0.0002 0.0004 0.0008 0.0002
0.88 0.001 0.001 0.0005 0.0009 0.0004
0.885 0.0017 0.0017 0.0015 0.002 0.0015
0.89 0.0029 0.0025 0.0017 0.0027 0.0027
0.895 0.0028 0.0043 0.0037 0.0032 0.0038
0.9 0.0066 0.0058 0.0051 0.005 0.0055
0.905 0.009 0.0082 0.0087 0.0076 0.0093
0.91 0.0136 0.0141 0.0146 0.0142 0.0151
0.915 0.019 0.0184 0.0163 0.0203 0.0185
0.92 0.0263 0.0257 0.0262 0.0242 0.0252
0.925 0.0328 0.0358 0.0342 0.0363 0.0354
0.93 0.0465 0.0478 0.0456 0.0442 0.0427
0.935 0.0596 0.0581 0.0582 0.054 0.0554
0.94 0.0728 0.0678 0.0706 0.0718 0.0724
0.945 0.0863 0.086 0.0874 0.0851 0.0818
0.95 0.0998 0.1016 0.0938 0.0962 0.0928
0.955 0.1191 0.1179 0.1174 0.1103 0.1029
0.96 0.1325 0.1314 0.13 0.1286 0.1184
0.965 0.1456 0.1437 0.1446 0.1378 0.1305
0.97 0.1642 0.1641 0.1573 0.1517 0.1432
0.975 0.1729 0.1731 0.169 0.1676 0.1527
0.98 0.1853 0.1902 0.1844 0.179 0.163
0.985 0.2013 0.1998 0.1991 0.1894 0.175
0.99 0.2135 0.214 0.2087 0.2041 0.1849
0.995 0.2255 0.2263 0.2235 0.2152 0.1933
1 0.2405 0.2373 0.2343 0.2239 0.2029
1.005 0.2501 0.2506 0.2437 0.2353 0.211
1.01 0.2615 0.2592 0.2553 0.2411 0.2205
1.015 0.2716 0.271 0.2671 0.2543 0.2268
1.02 0.2841 0.2811 0.2765 0.2625 0.2353
1.025 0.2947 0.293 0.2839 0.2701 0.2416
1.03 0.3042 0.3026 0.2945 0.2804 0.2481
1.035 0.315 0.3116 0.3036 0.2882 0.2551
1.04 0.3231 0.3226 0.3145 0.2963 0.2606
1.045 0.3325 0.331 0.3215 0.3049 0.2672
1.05 0.34 0.3407 0.3286 0.3124 0.2727
1.055 0.3487 0.3485 0.3368 0.3187 0.2804
1.06 0.3586 0.3564 0.3465 0.3268 0.2866
1.065 0.3661 0.3639 0.3548 0.3336 0.2913
1.07 0.3754 0.374 0.361 0.3408 0.2964
1.075 0.3826 0.3825 0.37 0.3478 0.3013
1.08 0.3915 0.3901 0.3773 0.3544 0.306
1.085 0.3979 0.397 0.3829 0.3606 0.3119
1.09 0.4064 0.4073 0.3906 0.3674 0.316
1.095 0.415 0.4122 0.3975 0.3735 0.3218
1.1 0.4233 0.4214 0.4064 0.3788 0.3265
1.105 0.4284 0.4284 0.4117 0.3865 0.3307
1.11 0.4361 0.4344 0.4197 0.3922 0.3352
1.115 0.4438 0.4434 0.4258 0.3997 0.3407
1.12 0.452 0.4502 0.4327 0.4042 0.3448
1.125 0.4584 0.4561 0.4389 0.4105 0.3506
1.13 0.4653 0.4642 0.4461 0.4163 0.3549
1.135 0.4728 0.4712 0.4523 0.4223 0.3576
1.14 0.4807 0.4785 0.4585 0.4274 0.3621
1.145 0.486 0.4843 0.4671 0.432 0.3668
1.15 0.4943 0.4918 0.4731 0.4396 0.3711
1.155 0.4988 0.4977 0.4799 0.4452 0.3752
1.16 0.507 0.5055 0.484 0.4499 0.3786
1.165 0.5145 0.5111 0.4903 0.4559 0.3821
1.17 0.5203 0.5183 0.4973 0.4609 0.3864
1.175 0.527 0.5257 0.5032 0.4664 0.3915
1.18 0.5342 0.5319 0.5099 0.4713 0.395
1.185 0.5406 0.5379 0.5153 0.4769 0.3981
1.19 0.5462 0.5447 0.5228 0.4819 0.4022
1.195 0.553 0.5503 0.5273 0.4877 0.4064
1.2 0.5599 0.5582 0.5327 0.4923 0.4098
1.205 0.5666 0.5623 0.5393 0.497 0.4145
1.21 0.5737 0.5705 0.5454 0.503 0.4183
1.215 0.5783 0.5756 0.5515 0.5073 0.4209
1.22 0.5856 0.5815 0.557 0.513 0.4244
1.225 0.5907 0.5892 0.5633 0.5185 0.4288
1.23 0.5985 0.5939 0.5676 0.5222 0.4318
1.235 0.604 0.6007 0.5733 0.5277 0.4364
1.24 0.6096 0.6068 0.5794 0.5328 0.4399
1.245 0.6159 0.6125 0.5858 0.5372 0.4427
1.25 0.6217 0.6189 0.5922 0.5428 0.4468
1.255 0.6286 0.625 0.5972 0.5482 0.4502
1.26 0.6356 0.6312 0.6024 0.5527 0.4531
1.265 0.6411 0.6366 0.6071 0.557 0.4568
1.27 0.6466 0.6432 0.613 0.562 0.46
1.275 0.6516 0.6495 0.6202 0.5678 0.464
1.28 0.6583 0.6542 0.6251 0.5719 0.4664
1.285 0.6643 0.6613 0.6299 0.5763 0.4709
1.29 0.6697 0.6672 0.6353 0.5814 0.4737
1.295 0.6767 0.6729 0.641 0.5861 0.477
1.3 0.6822 0.6785 0.6462 0.5907 0.4813
1.305 0.6881 0.6837 0.652 0.5959 0.4843
1.31 0.6941 0.6903 0.657 0.6009 0.4879
1.315 0.6999 0.6963 0.6632 0.6054 0.491
1.32 0.7063 0.7013 0.6687 0.6091 0.494
1.325 0.7116 0.7079 0.6743 0.6143 0.4979
1.33 0.7181 0.7132 0.678 0.6184 0.5005
1.335 0.7241 0.7189 0.685 0.6241 0.5039
1.34 0.7291 0.7257 0.6899 0.6275 0.5074
1.345 0.7356 0.7308 0.6944 0.6326 0.5107
1.35 0.7409 0.7359 0.7002 0.6374 0.5139
1.355 0.7473 0.7423 0.7058 0.6418 0.517
1.36 0.7523 0.7479 0.711 0.6466 0.5205
1.365 0.7578 0.7545 0.7161 0.6506 0.5235
1.37 0.7633 0.7594 0.7207 0.6555 0.5264
1.375 0.7697 0.7652 0.7255 0.6598 0.5291
1.38 0.7748 0.7695 0.7327 0.6647 0.5328
1.385 0.7807 0.7754 0.7369 0.6684 0.5357
1.39 0.7866 0.7819 0.7422 0.6737 0.5391
1.395 0.7925 0.787 0.7471 0.6786 0.542
1.4 0.7974 0.793 0.7523 0.6823 0.5456
1.405 0.8038 0.7988 0.7581 0.6869 0.5482
1.41 0.8095 0.8044 0.7629 0.6905 0.5512
1.415 0.8152 0.81 0.7678 0.6958 0.5547
1.42 0.8211 0.8151 0.7725 0.6996 0.5581
1.425 0.8264 0.8218 0.7782 0.7047 0.5609
1.43 0.8325 0.8269 0.7836 0.7092 0.5641
1.435 0.8373 0.8311 0.7882 0.7136 0.5669
1.44 0.8429 0.8377 0.7934 0.7181 0.5701
1.445 0.8487 0.8438 0.7994 0.7223 0.5727
1.45 0.8542 0.8489 0.8043 0.7261 0.5761
1.455 0.8593 0.8548 0.8088 0.7313 0.5788
1.46 0.866 0.8591 0.8144 0.7346 0.5822
1.465 0.8697 0.865 0.8192 0.7391 0.5847
1.47 0.8766 0.8703 0.8236 0.7433 0.5882
1.475 0.8822 0.8759 0.8288 0.7484 0.5906
1.48 0.8873 0.8819 0.8337 0.7517 0.5941
1.485 0.8925 0.888 0.8396 0.7577 0.5967
1.49 0.8993 0.8918 0.8445 0.7612 0.5997
1.495 0.9038 0.8974 0.8492 0.7653 0.6029
1.5 0.9087 0.9032 0.8543 0.7687 0.6059
1.505 0.9149 0.9089 0.8588 0.7738 0.6088
1.51 0.9206 0.9146 0.8649 0.7781 0.6115
1.515 0.9254 0.9195 0.8686 0.7828 0.6142
1.52 0.931 0.925 0.8733 0.7867 0.6174
1.525 0.9372 0.9303 0.8791 0.7921 0.6201
1.53 0.9425 0.9361 0.8845 0.7949 0.6238
1.535 0.9485 0.9414 0.8882 0.7994 0.6264
1.54 0.952 0.9469 0.8939 0.8034 0.6293
1.545 0.9591 0.9517 0.899 0.8085 0.632
1.55 0.9639 0.9577 0.9045 0.8126 0.635
1.555 0.969 0.9636 0.9098 0.8167 0.6375
1.56 0.9749 0.9682 0.9138 0.8208 0.6408
1.565 0.98 0.974 0.9193 0.824 0.6434
1.57 0.9859 0.9786 0.9234 0.8284 0.6464
1.575 0.9912 0.9842 0.9293 0.8329 0.6491
1.58 0.9968 0.9895 0.9341 0.8378 0.6525
1.585 1.0025 0.9941 0.938 0.8421 0.6553
1.59 1.0064 1.0001 0.9442 0.8457 0.6577
1.595 1.0116 1.0056 0.9474 0.8496 0.6604
1.6 1.0184 1.0111 0.9537 0.8548 0.6637
1.605 1.0234 1.0163 0.9584 0.8586 0.6666
1.61 1.0287 1.0217 0.963 0.8625 0.6693
1.615 1.0343 1.0272 0.9684 0.867 0.6723
1.62 1.0403 1.0323 0.9727 0.8702 0.675
1.625 1.0454 1.0374 0.9778 0.8748 0.6779
1.63 1.0503 1.0441 0.9817 0.8795 0.6804
1.635 1.0563 1.0495 0.9877 0.8837 0.6831
1.64 1.062 1.0538 0.992 0.8877 0.6864
1.645 1.0664 1.0581 0.998 0.8922 0.6892
1.65 1.0726 1.0634 1.002 0.8964 0.6919
1.655 1.0777 1.0694 1.0074 0.9004 0.6944
1.66 1.0823 1.074 1.0116 0.9033 0.6972
1.665 1.0875 1.0799 1.0168 0.9084 0.7005
1.67 1.0927 1.0848 1.0214 0.9132 0.7028
1.675 1.0988 1.0907 1.0261 0.9168 0.7057
1.68 1.1034 1.0957 1.0312 0.921 0.7084
1.685 1.1089 1.1011 1.0365 0.9241 0.7115
1.69 1.1143 1.1068 1.0409 0.9284 0.7139
1.695 1.1191 1.1122 1.0459 0.9332 0.7172
1.7 1.1243 1.1168 1.0507 0.9373 0.7196
1.705 1.1311 1.1229 1.0555 0.9416 0.7227
1.71 1.1354 1.1267 1.061 0.9455 0.725
1.715 1.1403 1.1321 1.0647 0.95 0.728
1.72 1.1458 1.1374 1.0699 0.9537 0.7311
1.725 1.1509 1.1433 1.0744 0.9573 0.7333
1.73 1.1568 1.1486 1.0786 0.9625 0.7362
1.735 1.1622 1.1542 1.0839 0.9659 0.7392
1.74 1.1669 1.1593 1.089 0.9698 0.7425
1.745 1.1729 1.1641 1.094 0.9747 0.7447
1.75 1.1774 1.1695 1.0991 0.9783 0.7478
1.755 1.1836 1.175 1.1031 0.9825 0.7503
1.76 1.1886 1.1795 1.1081 0.986 0.753
1.765 1.1946 1.185 1.1126 0.9904 0.7553
1.77 1.1982 1.1901 1.1178 0.9948 0.7582
1.775 1.2042 1.1955 1.1236 0.998 0.7612
1.78 1.2093 1.2012 1.1272 1.0026 0.7641
1.785 1.2148 1.2048 1.1318 1.0071 0.7664
1.79 1.2198 1.2114 1.1364 1.0103 0.7692
1.795 1.2259 1.2162 1.1415 1.0152 0.7718
1.8 1.2292 1.2213 1.1466 1.0187 0.7744
1.805 1.236 1.2267 1.1504 1.0227 0.7773
1.81 1.2408 1.2318 1.1564 1.0266 0.7804
1.815 1.2459 1.2363 1.1606 1.0309 0.7827
1.82 1.251 1.242 1.1648 1.0345 0.7859
1.825 1.2567 1.2478 1.1707 1.0386 0.7882
1.83 1.2615 1.2522 1.1748 1.0431 0.791
1.835 1.2662 1.2569 1.1798 1.0464 0.7936
1.84 1.2721 1.2634 1.1853 1.0514 0.7962
1.845 1.2785 1.2679 1.1887 1.0536 0.7988
1.85 1.282 1.2728 1.1932 1.0584 0.8018
1.855 1.2876 1.2784 1.1993 1.0623 0.8039
1.86 1.2928 1.2834 1.2039 1.0669 0.8071
1.865 1.2992 1.2884 1.2085 1.0707 0.81
1.87 1.3039 1.2933 1.2121 1.0749 0.8122
1.875 1.3083 1.2987 1.2177 1.0784 0.8148
1.88 1.3135 1.3031 1.2226 1.0827 0.8182
1.885 1.3191 1.3101 1.2262 1.0865 0.8198
1.89 1.3239 1.3143 1.2324 1.091 0.8227
1.895 1.3304 1.3196 1.2352 1.0946 0.8255
1.9 1.3342 1.3245 1.2403 1.0989 0.8283
1.905 1.3396 1.3294 1.2459 1.1025 0.8306
1.91 1.3453 1.3353 1.2509 1.1059 0.8335
1.915 1.3502 1.34 1.2557 1.1115 0.8364
1.92 1.3559 1.3449 1.26 1.1143 0.8387
1.925 1.3609 1.3495 1.2643 1.1182 0.8416
1.93 1.3655 1.3561 1.2688 1.123 0.8442
1.935 1.3708 1.3602 1.2741 1.1267 0.847
1.94 1.3761 1.3655 1.2781 1.1309 0.8496
1.945 1.382 1.3706 1.2832 1.1347 0.8517
1.95 1.3873 1.3765 1.2881 1.1382 0.8551
1.955 1.3916 1.3809 1.2931 1.1422 0.8575
1.96 1.3962 1.3862 1.2971 1.1467 0.86
1.965 1.4027 1.3918 1.3017 1.1506 0.8628
1.97 1.4071 1.3958 1.3071 1.1542 0.8653
1.975 1.4125 1.4013 1.3119 1.1584 0.8685
1.98 1.418 1.4075 1.3163 1.1622 0.8708
1.985 1.4228 1.4126 1.3204 1.1666 0.8728
1.99 1.4281 1.4169 1.3265 1.171 0.876
1.995 1.4331 1.4219 1.3301 1.1744 0.8783
2 1.4379 1.4269 1.3344 1.1788 0.8812
2.005 1.4438 1.4329 1.339 1.1827 0.8842
2.01 1.449 1.4377 1.3448 1.1858 0.8867
2.015 1.4533 1.4421 1.3488 1.1903 0.8892
2.02 1.4596 1.4476 1.3544 1.194 0.8918
2.025 1.464 1.4523 1.3581 1.1979 0.8943
2.03 1.4692 1.4568 1.3631 1.2019 0.8967
2.035 1.4739 1.4626 1.3682 1.2059 0.8992
2.04 1.4798 1.4679 1.3725 1.2094 0.902
2.045 1.4839 1.4725 1.377 1.214 0.9048
2.05 1.4896 1.4785 1.3814 1.2174 0.9075
2.055 1.4939 1.4834 1.3865 1.2221 0.9103
2.06 1.4995 1.4872 1.391 1.226 0.9126
2.065 1.5046 1.4935 1.3957 1.2301 0.9151
2.07 1.51 1.4983 1.4011 1.2346 0.9178
2.075 1.5161 1.5029 1.4046 1.2378 0.9204
2.08 1.5202 1.5085 1.4102 1.242 0.9232
2.085 1.5263 1.5129 1.4147 1.2452 0.9257
2.09 1.53 1.5185 1.4185 1.2492 0.9285
2.095 1.5349 1.5234 1.4234 1.2532 0.9312
2.1 1.5417 1.5291 1.4283 1.2573 0.9333
2.105 1.5458 1.5338 1.4331 1.2612 0.9362
2.11 1.5506 1.5385 1.4376 1.265 0.9385
2.115 1.5569 1.5441 1.4416 1.2691 0.9412
2.12 1.562 1.5495 1.4475 1.2722 0.9438
2.125 1.5667 1.5544 1.4517 1.2767 0.9462
2.13 1.5714 1.5597 1.4563 1.2807 0.9485
2.135 1.5763 1.5643 1.4607 1.2847 0.9516
2.14 1.5818 1.5684 1.4652 1.2883 0.9545
2.145 1.5872 1.5733 1.4701 1.2925 0.9567
2.15 1.5928 1.5794 1.4732 1.2964 0.9594
2.155 1.5976 1.5851 1.4791 1.3001 0.9618
2.16 1.6017 1.5899 1.4832 1.3041 0.9643
2.165 1.6073 1.5951 1.4881 1.3082 0.9669
2.17 1.6131 1.5995 1.4933 1.3127 0.9697
2.175 1.6181 1.605 1.4978 1.3154 0.9721
2.18 1.6225 1.6091 1.502 1.3201 0.9746
2.185 1.6279 1.6153 1.5069 1.3237 0.9772
2.19 1.6331 1.6198 1.511 1.3271 0.9797
2.195 1.639 1.6249 1.5164 1.3308 0.9822
2.2 1.6439 1.6294 1.5204 1.3352 0.9847
2.205 1.6491 1.6346 1.5255 1.3395 0.9872
2.21 1.6534 1.6389 1.5299 1.3431 0.9902
2.215 1.6584 1.6454 1.5343 1.3471 0.9926
2.22 1.6633 1.6493 1.5391 1.3505 0.9953
2.225 1.6687 1.6544 1.5439 1.3549 0.9979
2.23 1.6745 1.6597 1.5485 1.3589 1.0006
2.235 1.6792 1.6655 1.553 1.3631 1.003
2.24 1.6846 1.6703 1.5579 1.3665 1.0052
2.245 1.6888 1.6757 1.5621 1.37 1.0081
2.25 1.6948 1.6804 1.5669 1.3743 1.0106
2.255 1.6995 1.6848 1.5718 1.3785 1.0132
2.26 1.7045 1.6912 1.5763 1.3818 1.0157
2.265 1.709 1.6957 1.5809 1.3862 1.0179
2.27 1.7149 1.7005 1.5861 1.3903 1.0209
2.275 1.7195 1.7051 1.5907 1.3935 1.0231
2.28 1.7244 1.7101 1.5942 1.3977 1.0259
2.285 1.7296 1.7153 1.599 1.4018 1.0284
2.29 1.7353 1.72 1.604 1.4057 1.0305
2.295 1.7401 1.7259 1.6084 1.4086 1.0335
2.3 1.7451 1.7307 1.614 1.4131 1.0365
2.305 1.75 1.7351 1.6177 1.4174 1.0389
2.31 1.7555 1.74 1.6215 1.4211 1.0415
2.315 1.7598 1.7452 1.6266 1.4247 1.0438
2.32 1.7649 1.7502 1.6316 1.4292 1.0467
2.325 1.7703 1.7559 1.6365 1.4322 1.0494
2.33 1.7752 1.76 1.6402 1.4359 1.0515
2.335 1.7808 1.7657 1.6453 1.4408 1.054
2.34 1.7857 1.7714 1.6496 1.4444 1.0565
2.345 1.7914 1.7746 1.6547 1.4479 1.059
2.35 1.7957 1.7809 1.6589 1.452 1.0612
2.355 1.7995 1.7857 1.6632 1.4554 1.0639
2.36 1.8051 1.7911 1.6684 1.4597 1.0659
2.365 1.8105 1.7955 1.6728 1.4634 1.0691
2.37 1.8155 1.8016 1.678 1.4675 1.0716
2.375 1.8217 1.8054 1.6821 1.4715 1.074
2.38 1.8254 1.811 1.6866 1.4747 1.0767
2.385 1.8307 1.8165 1.6908 1.4788 1.0792
2.39 1.8365 1.8205 1.6957 1.4828 1.0818
2.395 1.8411 1.8251 1.7001 1.4867 1.0844
2.4 1.8457 1.8308 1.7042 1.4908 1.0867
2.405 1.851 1.836 1.7087 1.4945 1.0892
2.41 1.8564 1.8405 1.7151 1.498 1.092
2.415 1.8608 1.8451 1.7186 1.5017 1.0944
2.42 1.8661 1.8506 1.7226 1.5055 1.0969
2.425 1.871 1.8561 1.7275 1.51 1.0989
2.43 1.8766 1.8606 1.7319 1.5141 1.1017
2.435 1.8815 1.8664 1.737 1.5177 1.1043
2.44 1.8876 1.8714 1.7418 1.5223 1.1073
2.445 1.8923 1.8757 1.7455 1.5249 1.1093
2.45 1.8972 1.8797 1.7509 1.5291 1.112
2.455 1.9016 1.8854 1.7553 1.5336 1.1149
2.46 1.9071 1.8905 1.7593 1.5365 1.1167
2.465 1.9122 1.895 1.764 1.5405 1.1194
2.47 1.9168 1.9003 1.7681 1.5443 1.122
2.475 1.9221 1.9056 1.7733 1.5482 1.1247
2.48 1.9273 1.9109 1.7778 1.552 1.1268
2.485 1.9318 1.9158 1.7821 1.5556 1.1298
2.49 1.9364 1.9208 1.7878 1.5596 1.1324
2.495 1.9424 1.9261 1.7912 1.5635 1.1344
2.5 1.9476 1.9303 1.7963 1.5675 1.1372
2.505 1.9519 1.9358 1.8004 1.5712 1.1397
2.51 1.9575 1.9408 1.8058 1.5751 1.142
2.515 1.9624 1.9455 1.8094 1.579 1.1446
2.52 1.9676 1.9508 1.8145 1.5829 1.1473
2.525 1.9727 1.9561 1.8192 1.5867 1.1494
2.53 1.9779 1.961 1.8235 1.5904 1.1525
2.535 1.9833 1.965 1.828 1.5946 1.1546
2.54 1.988 1.9709 1.8334 1.598 1.1567
2.545 1.9928 1.9754 1.8368 1.6023 1.1599
2.55 1.9971 1.9803 1.8419 1.6054 1.162
2.555 2.0041 1.9854 1.8461 1.6097 1.1645
2.56 2.0069 1.9902 1.8515 1.6137 1.1674
2.565 2.0128 1.9956 1.8557 1.6174 1.1696
2.57 2.0176 2.0005 1.859 1.6215 1.172
2.575 2.0224 2.0046 1.8646 1.6252 1.175
2.58 2.0279 2.0094 1.8691 1.6291 1.177
2.585 2.0326 2.015 1.8736 1.6328 1.1799
2.59 2.0382 2.02 1.878 1.637 1.1823
2.595 2.0426 2.0256 1.8829 1.6401 1.1846
2.6 2.0474 2.0304 1.8872 1.6444 1.1872
2.605 2.0519 2.0352 1.8922 1.6487 1.1897
2.61 2.0572 2.0403 1.8962 1.6516 1.1922
2.615 2.0627 2.0451 1.9007 1.6558 1.1946
2.62 2.0679 2.0508 1.9057 1.6599 1.1972
2.625 2.0732 2.0554 1.9101 1.6642 1.1998
2.63 2.0784 2.0604 1.9141 1.6671 1.2024
2.635 2.0829 2.065 1.9188 1.6708 1.2048
2.64 2.0883 2.0699 1.9238 1.6747 1.2074
2.645 2.0925 2.0746 1.9275 1.6788 1.2095
2.65 2.0971 2.0794 1.9322 1.6826 1.2121
2.655 2.1031 2.0837 1.9376 1.6865 1.2148
2.66 2.107 2.0903 1.942 1.6899 1.2168
2.665 2.1126 2.0943 1.9464 1.6937 1.2197
2.67 2.1186 2.0997 1.9506 1.6978 1.222
2.675 2.1226 2.105 1.9544 1.7015 1.2243
2.68 2.1274 2.1094 1.9592 1.7061 1.2272
2.685 2.1338 2.1151 1.9646 1.7092 1.2294
2.69 2.1379 2.12 1.9693 1.7125 1.232
2.695 2.1434 2.1252 1.9731 1.7168 1.2344
2.7 2.1477 2.1288 1.9783 1.7213 1.2373
2.705 2.1528 2.1339 1.9829 1.7245 1.2394
2.71 2.1575 2.1384 1.9873 1.7285 1.2415
2.715 2.1634 2.1437 1.991 1.7328 1.2445
2.72 2.168 2.1496 1.9968 1.7356 1.2469
2.725 2.1727 2.1544 2.0006 1.7402 1.2494
2.73 2.178 2.1599 2.0052 1.744 1.2521
2.735 2.1835 2.1642 2.0097 1.7473 1.2547
2.74 2.1882 2.1675 2.0149 1.7513 1.2571
2.745 2.1934 2.1736 2.0187 1.7548 1.2595
2.75 2.1971 2.1796 2.0231 1.7591 1.2617
2.755 2.2029 2.1834 2.0277 1.7627 1.2644
2.76 2.2084 2.1884 2.0324 1.7668 1.2664
2.765 2.213 2.1933 2.0372 1.7707 1.2688
2.77 2.2167 2.1982 2.0421 1.7742 1.2718
2.775 2.2233 2.2037 2.0467 1.7783 1.2746
2.78 2.2278 2.2088 2.0499 1.7818 1.2769
2.785 2.233 2.2132 2.0553 1.785 1.2791
2.79 2.2383 2.2194 2.0604 1.7894 1.2816
2.795 2.2427 2.223 2.0644 1.7932 1.2843
2.8 2.2483 2.2283 2.0684 1.7967 1.2865
2.805 2.2533 2.2335 2.0728 1.8011 1.2891
2.81 2.259 2.2385 2.0775 1.8049 1.2917
2.815 2.2635 2.2426 2.0816 1.8075 1.2938
2.82 2.2678 2.2474 2.0866 1.8118 1.2963
2.825 2.2724 2.2528 2.0913 1.8159 1.2989
2.83 2.2776 2.2578 2.096 1.82 1.3015
2.835 2.2835 2.263 2.1009 1.8229 1.3036
2.84 2.2874 2.2676 2.1048 1.8275 1.3066
2.845 2.2928 2.2721 2.11 1.8315 1.309
2.85 2.2968 2.2771 2.1137 1.8352 1.3114
2.855 2.3032 2.2826 2.1183 1.8396 1.3137
2.86 2.3064 2.2875 2.1227 1.8428 1.316
2.865 2.3126 2.2921 2.1264 1.8461 1.3191
2.87 2.3173 2.2967 2.1319 1.8502 1.3213
2.875 2.3226 2.3025 2.1364 1.8538 1.3236
2.88 2.3278 2.3074 2.1408 1.8575 1.3263
2.885 2.333 2.3123 2.1452 1.8618 1.3285
2.89 2.3383 2.3173 2.1498 1.8658 1.3315
2.895 2.3427 2.322 2.155 1.8692 1.333
2.9 2.3473 2.3266 2.1584 1.8735 1.336
2.905 2.3527 2.3317 2.1636 1.8769 1.3385
2.91 2.3569 2.3364 2.1682 1.8807 1.3408
2.915 2.3626 2.341 2.1731 1.8849 1.3433
2.92 2.367 2.3458 2.1766 1.8879 1.3457
2.925 2.3727 2.3521 2.1819 1.892 1.3481
2.93 2.3786 2.3566 2.1863 1.8956 1.3508
2.935 2.3827 2.3613 2.1906 1.8999 1.353
2.94 2.3874 2.3671 2.1959 1.9035 1.3559
2.945 2.3924 2.3717 2.1996 1.9073 1.3582
2.95 2.3968 2.3759 2.2034 1.9117 1.3609
2.955 2.4028 2.3813 2.2092 1.9152 1.3632
2.96 2.4075 2.3854 2.2135 1.9181 1.3654
2.965 2.4129 2.3913 2.217 1.922 1.3681
2.97 2.4173 2.3967 2.2219 1.9263 1.3702
2.975 2.4224 2.401 2.2264 1.9297 1.3728
2.98 2.4274 2.4063 2.2311 1.934 1.3754
2.985 2.4327 2.4107 2.236 1.9376 1.3774
2.99 2.4377 2.4156 2.2396 1.9411 1.3803
2.995 2.441 2.4211 2.2442 1.9455 1.3827
3 2.4474 2.4255 2.249 1.9489 1.3854
3.005 2.452 2.431 2.2539 1.9524 1.3875
3.01 2.4574 2.4353 2.2575 1.9565 1.3905
3.015 2.4611 2.4402 2.2624 1.9602 1.3927
3.02 2.4667 2.4448 2.2666 1.9642 1.3953
3.025 2.4724 2.4498 2.2722 1.9676 1.3974
3.03 2.4773 2.4544 2.277 1.9713 1.4
3.035 2.4819 2.4599 2.2799 1.9758 1.4019
3.04 2.4866 2.4653 2.2857 1.9796 1.4049
3.045 2.4915 2.4701 2.2897 1.9834 1.4069
3.05 2.4972 2.4746 2.2948 1.9869 1.4098
3.055 2.5013 2.4796 2.2987 1.9905 1.4124
3.06 2.5072 2.484 2.303 1.9945 1.4147
3.065 2.5113 2.4899 2.3073 1.9985 1.4171
3.07 2.5172 2.4943 2.312 2.0016 1.4198
3.075 2.5211 2.4995 2.3166 2.0056 1.4223
3.08 2.5262 2.5047 2.3211 2.0093 1.4243
3.085 2.5321 2.5091 2.3265 2.0125 1.4271
3.09 2.5364 2.5138 2.3304 2.0167 1.4294
3.095 2.5425 2.5195 2.3352 2.021 1.4314
3.1 2.5468 2.5235 2.3391 2.0246 1.4342
3.105 2.5511 2.5299 2.3432 2.0288 1.4365
3.11 2.556 2.5344 2.3484 2.0327 1.4391
3.115 2.5616 2.539 2.3535 2.0361 1.4416
3.12 2.5666 2.5433 2.3573 2.0396 1.444
3.125 2.571 2.5482 2.3628 2.0435 1.4471
3.13 2.5766 2.5534 2.3661 2.047 1.4491
3.135 2.5813 2.5583 2.3709 2.0509 1.4514
3.14 2.5856 2.5631 2.3756 2.0551 1.4536
3.145 2.5907 2.5676 2.3795 2.0586 1.4562
3.15 2.5962 2.5727 2.3849 2.0625 1.4589
3.155 2.6016 2.5775 2.3888 2.0664 1.4609
3.16 2.6053 2.5824 2.3937 2.07 1.4637
3.165 2.6108 2.5881 2.3976 2.0745 1.466
3.17 2.6163 2.5926 2.4023 2.0771 1.4683
3.175 2.6202 2.5969 2.4067 2.0813 1.4709
3.18 2.6261 2.6026 2.4106 2.0846 1.4735
3.185 2.631 2.6076 2.4159 2.0884 1.4756
3.19 2.6352 2.6125 2.4199 2.0932 1.4778
3.195 2.64 2.6171 2.4242 2.097 1.4806
3.2 2.646 2.6218 2.4283 2.0998 1.483
3.205 2.6506 2.6281 2.4335 2.1036 1.4857
3.21 2.6565 2.6312 2.4374 2.1076 1.4881
3.215 2.6607 2.6366 2.4425 2.1114 1.4902
3.22 2.6651 2.6425 2.4469 2.1153 1.4926
3.225 2.6701 2.6468 2.4517 2.1189 1.4955
3.23 2.6752 2.6523 2.4558 2.1226 1.4975
3.235 2.6803 2.6565 2.4612 2.1273 1.5006
3.24 2.6851 2.6611 2.4651 2.1306 1.5024
3.245 2.6905 2.6659 2.4688 2.1344 1.5048
3.25 2.695 2.6705 2.4734 2.1378 1.5077
3.255 2.7004 2.6761 2.4791 2.1418 1.5096
3.26 2.7055 2.6801 2.4826 2.1456 1.5127
3.265 2.7095 2.6864 2.4877 2.1492 1.5145
3.27 2.7159 2.6907 2.4921 2.153 1.517
3.275 2.7196 2.6951 2.4962 2.1562 1.5196
3.28 2.7239 2.701 2.5004 2.1602 1.522
3.285 2.7296 2.705 2.505 2.1644 1.5247
3.29 2.7345 2.7108 2.51 2.1683 1.5269
3.295 2.74 2.7142 2.5144 2.1725 1.5295
3.3 2.7449 2.7199 2.5192 2.1755 1.5317
3.305 2.7496 2.7258 2.5226 2.1799 1.5344
3.31 2.7545 2.7292 2.5269 2.183 1.5368
3.315 2.7596 2.7346 2.5323 2.1871 1.5389
3.32 2.7642 2.7394 2.5371 2.1908 1.5416
3.325 2.7697 2.7448 2.5407 2.1946 1.5437
3.33 2.7744 2.7499 2.5456 2.1987 1.5466
3.335 2.7797 2.7535 2.5501 2.2018 1.5489
3.34 2.7847 2.759 2.5548 2.2059 1.5512
3.345 2.7893 2.7643 2.5602 2.2096 1.5535
3.35 2.7934 2.7687 2.5639 2.2136 1.5562
3.355 2.7988 2.7742 2.5673 2.2175 1.5586
3.36 2.804 2.7782 2.5725 2.222 1.5611
3.365 2.8091 2.783 2.5778 2.2246 1.5631
3.37 2.8133 2.7885 2.5813 2.229 1.566
3.375 2.8179 2.7927 2.5855 2.2321 1.5684
3.38 2.8238 2.7977 2.591 2.236 1.5711
3.385 2.8286 2.8026 2.5949 2.2398 1.573
3.39 2.8332 2.8081 2.5996 2.244 1.5754
3.395 2.8386 2.8125 2.6037 2.2479 1.578
3.4 2.8431 2.8176 2.6091 2.2508 1.5801
3.405 2.848 2.8236 2.6139 2.2553 1.5832
3.41 2.8531 2.8282 2.6175 2.2588 1.5853
3.415 2.8579 2.8326 2.622 2.2622 1.5882
3.42 2.8627 2.8372 2.6267 2.2664 1.5901
3.425 2.8678 2.8429 2.6305 2.2698 1.5928
3.43 2.8733 2.8476 2.6356 2.2736 1.5949
3.435 2.8772 2.8525 2.6395 2.2773 1.5979
3.44 2.8822 2.857 2.6438 2.2811 1.5999
3.445 2.8882 2.8619 2.6482 2.2851 1.6024
3.45 2.8932 2.8665 2.6529 2.2894 1.6048
3.455 2.8978 2.8705 2.6575 2.2922 1.6069
3.46 2.9019 2.877 2.661 2.2964 1.6097
3.465 2.9076 2.8811 2.6661 2.2998 1.6118
3.47 2.9121 2.8862 2.6703 2.3038 1.6145
3.475 2.9178 2.8912 2.6761 2.3077 1.6169
3.48 2.9231 2.8951 2.6798 2.3113 1.6194
3.485 2.9273 2.9007 2.6847 2.3152 1.6215
3.49 2.932 2.9054 2.6891 2.3189 1.6242
3.495 2.9365 2.9102 2.6926 2.3234 1.6266
3.5 2.9415 2.9158 2.6972 2.3264 1.6287
3.505 2.946 2.9206 2.7022 2.33 1.632
3.51 2.9518 2.9256 2.7071 2.3335 1.6341
3.515 2.9565 2.9304 2.7112 2.338 1.6364
3.52 2.9622 2.9346 2.7159 2.3414 1.6384
3.525 2.9661 2.9393 2.7204 2.3453 1.6411
3.53 2.9709 2.9448 2.7247 2.3483 1.6435
3.535 2.9764 2.9483 2.7285 2.3528 1.6462
3.54 2.981 2.9532 2.7328 2.3565 1.6486
3.545 2.9859 2.9595 2.7373 2.3601 1.6507
3.55 2.9915 2.9649 2.7418 2.3645 1.6532
3.555 2.9959 2.9696 2.7469 2.3678 1.6556
3.56 3.0009 2.9729 2.7511 2.3716 1.6584
3.565 3.0065 2.9784 2.7559 2.3753 1.6609
3.57 3.0112 2.984 2.7603 2.3793 1.6626
3.575 3.0155 2.989 2.7648 2.3829 1.6654
3.58 3.0218 2.9927 2.7692 2.3859 1.6674
3.585 3.0265 2.9983 2.7734 2.3903 1.6704
3.59 3.03 3.0037 2.7782 2.3944 1.673
3.595 3.0357 3.0072 2.7827 2.398 1.6751
3.6 3.0398 3.0123 2.7873 2.4013 1.6774
3.605 3.0449 3.0172 2.7918 2.4056 1.6794
3.61 3.0496 3.0222 2.7961 2.4085 1.6825
3.615 3.0548 3.0272 2.8013 2.4134 1.6849
3.62 3.0604 3.0327 2.8051 2.4166 1.6875
3.625 3.0648 3.0371 2.8089 2.4202 1.6895
3.63 3.0694 3.0412 2.8136 2.4245 1.6922
3.635 3.0745 3.0475 2.8183 2.4284 1.6942
3.64 3.0803 3.0515 2.8232 2.431 1.6966
3.645 3.084 3.0566 2.8274 2.435 1.6988
3.65 3.0891 3.0621 2.8314 2.4395 1.7017
3.655 3.0944 3.0661 2.8354 2.4428 1.7041
3.66 3.1003 3.0709 2.8405 2.4465 1.7065
3.665 3.1041 3.0757 2.844 2.4507 1.7091
3.67 3.1093 3.081 2.8493 2.4543 1.7116
3.675 3.1135 3.0856 2.8544 2.4574 1.7136
3.68 3.1192 3.0909 2.8578 2.4621 1.7163
3.685 3.1241 3.0947 2.8628 2.4657 1.7183
3.69 3.1285 3.0991 2.867 2.4686 1.7209
3.695 3.1334 3.1055 2.8725 2.473 1.723
3.7 3.1391 3.1102 2.8763 2.4764 1.7257
3.705 3.1438 3.1148 2.8807 2.4803 1.7283
3.71 3.1474 3.1197 2.8855 2.4834 1.7307
3.715 3.153 3.1246 2.8894 2.4881 1.7329
3.72 3.158 3.1291 2.894 2.4907 1.7356
3.725 3.1631 3.1352 2.8993 2.4962 1.738
3.73 3.1684 3.139 2.903 2.4995 1.7403
3.735 3.1721 3.1438 2.9069 2.5027 1.7429
3.74 3.178 3.148 2.9121 2.507 1.7449
3.745 3.1824 3.1535 2.9164 2.5099 1.7472
3.75 3.1876 3.1581 2.9214 2.5143 1.7498
3.755 3.1928 3.1642 2.9256 2.5177 1.7526
3.76 3.1978 3.1684 2.9301 2.5222 1.755
3.765 3.2029 3.1733 2.9339 2.5255 1.7571
3.77 3.2076 3.1784 2.9384 2.5289 1.7599
3.775 3.2123 3.1828 2.9433 2.5328 1.7621
3.78 3.2166 3.187 2.9477 2.5369 1.7642
3.785 3.2222 3.1919 2.9526 2.54 1.7668
3.79 3.2272 3.1965 2.9561 2.5445 1.7697
3.795 3.2322 3.2027 2.961 2.5484 1.7714
