0 0 0
0.005 0 0
0.01 0 0
0.015 0 0
0.02 0 0
0.025 0 0
0.03 0 0
0.035 0 0
0.04 0 0
0.045 0 0
0.05 0 0
0.055 0 0
0.06 0 0
0.065 0 0
0.07 0 0
0.075 0 0
0.08 0 0
0.085 0 0
0.09 0 0
0.095 0 0
0.1 0 0
0.105 0 0
0.11 0 0
0.115 0 0
0.12 0 0
0.125 0 0
0.13 0 0
0.135 0 0
0.14 0 0
0.145 0 0
0.15 0 0
0.155 0 0
0.16 0 0
0.165 0 0
0.17 0 0
0.175 0 0
0.18 0 0
0.185 0 0
0.19 0 0
0.195 0 0
0.2 0 0
0.205 0 0
0.21 0 0
0.215 0 0
0.22 0 0
0.225 0 0
0.23 0 0
0.235 0 0
0.24 0 0
0.245 0 0
0.25 0 0
0.255 0 0
0.26 0 0
0.265 0 0
0.27 0 0
0.275 0 0
0.28 0 0
0.285 0 0
0.29 0 0
0.295 0 0
0.3 0 0
0.305 0 0
0.31 0 0
0.315 0 0
0.32 0 0
0.325 0 0
0.33 0 0
0.335 0 0
0.34 0 0
0.345 0 0
0.35 0 0
0.355 0 0
0.36 0 0
0.365 0 0
0.37 0 0
0.375 0 0
0.38 0 0
0.385 0 0
0.39 0 0
0.395 0 0
0.4 0 0
0.405 0 0
0.41 0 0
0.415 0 0
0.42 0 0
0.425 0 0
0.43 0 0
0.435 0 0
0.44 0 0
0.445 0 0
0.45 0 0
0.455 0 0
0.46 0 0
0.465 0 0
0.47 0 0
0.475 0 0
0.48 0 0
0.485 0 0
0.49 0 0
0.495 0 0
0.5 0 0
0.505 0 0
0.51 0 0
0.515 0 0
0.52 0 0
0.525 0 0
0.53 0 0
0.535 0 0
0.54 0 0
0.545 0 0
0.55 0 0
0.555 0 0
0.56 0 0
0.565 0 0
0.57 0 0
0.575 0 0
0.58 0 0
0.585 0 0
0.59 0 0
0.595 0 0
0.6 0 0
0.605 0 0
0.61 0 0
0.615 0 0
0.62 0 0
0.625 0 0
0.63 0 0
0.635 0 0
0.64 0 0
0.645 0 0
0.65 0 0
0.655 0 0
0.66 0 0
0.665 0 0
0.67 0 0
0.675 0 0
0.68 0 0
0.685 0 0
0.69 0 0
0.695 0 0
0.7 0 0
0.705 0 0
0.71 0 0
0.715 0 0
0.72 0 0
0.725 0 0
0.73 0 0
0.735 0 0
0.74 0 0
0.745 0 0
0.75 0 0
0.755 0 0
0.76 0 0
0.765 0 0
0.77 0 0
0.775 0 0
0.78 0 0
0.785 0 0
0.79 0 0
0.795 0 0
0.8 0 0
0.805 0 0
0.81 0 0
0.815 0 0
0.82 0 0
0.825 0 0
0.83 0 0
0.835 0 0
0.84 0 0
0.845 0 0
0.85 0 0
0.855 0 0
0.86 0.0001 0
0.865 0.0002 0.0002
0.87 0.0003 0.0001
0.875 0 0.0003
0.88 0.0009 0.0009
0.885 0.0018 0.0016
0.89 0.0024 0.0028
0.895 0.004 0.0033
0.9 0.005 0.0073
0.905 0.0092 0.0093
0.91 0.0117 0.0137
0.915 0.0179 0.0199
0.92 0.0276 0.0253
0.925 0.0382 0.034
0.93 0.044 0.0437
0.935 0.057 0.0527
0.94 0.0742 0.0648
0.945 0.0868 0.0732
0.95 0.0996 0.0861
0.955 0.1192 0.0992
0.96 0.1323 0.1093
0.965 0.1457 0.1215
0.97 0.1616 0.1328
0.975 0.1767 0.1406
0.98 0.1897 0.1495
0.985 0.203 0.1587
0.99 0.216 0.166
0.995 0.2272 0.1725
1 0.238 0.1805
1.005 0.2505 0.188
1.01 0.2613 0.1932
1.015 0.2715 0.1977
1.02 0.2829 0.2052
1.025 0.2934 0.2116
1.03 0.3068 0.2151
1.035 0.3137 0.2209
1.04 0.3226 0.2263
1.045 0.3309 0.2306
1.05 0.3401 0.2332
1.055 0.3497 0.2382
1.06 0.3572 0.2432
1.065 0.3661 0.2477
1.07 0.3747 0.2513
1.075 0.3831 0.2548
1.08 0.3927 0.2595
1.085 0.3982 0.2629
1.09 0.4052 0.2657
1.095 0.4134 0.2704
1.1 0.4219 0.2733
1.105 0.43 0.2772
1.11 0.4361 0.2801
1.115 0.4436 0.2835
1.12 0.4516 0.2863
1.125 0.459 0.2905
1.13 0.4645 0.2935
1.135 0.4734 0.2962
1.14 0.4796 0.2988
1.145 0.4868 0.3024
1.15 0.4941 0.3056
1.155 0.5001 0.3082
1.16 0.506 0.3115
1.165 0.5145 0.3144
1.17 0.5197 0.3164
1.175 0.5275 0.3199
1.18 0.5326 0.3222
1.185 0.5391 0.3255
1.19 0.547 0.3277
1.195 0.5525 0.3307
1.2 0.5592 0.3341
1.205 0.5669 0.3361
1.21 0.5719 0.3388
1.215 0.5791 0.3414
1.22 0.5852 0.344
1.225 0.5914 0.3471
1.23 0.5969 0.3492
1.235 0.603 0.3514
1.24 0.6096 0.3541
1.245 0.6152 0.3567
1.25 0.6225 0.3592
1.255 0.6274 0.3617
1.26 0.6339 0.3637
1.265 0.6408 0.367
1.27 0.6473 0.3691
1.275 0.6537 0.3714
1.28 0.6584 0.3736
1.285 0.6655 0.3762
1.29 0.6704 0.3787
1.295 0.6773 0.3805
1.3 0.6821 0.3834
1.305 0.6873 0.3861
1.31 0.6939 0.3884
1.315 0.6999 0.3905
1.32 0.7061 0.3929
1.325 0.7119 0.3949
1.33 0.7173 0.3972
1.335 0.7223 0.3995
1.34 0.7299 0.4021
1.345 0.7351 0.4046
1.35 0.7409 0.4067
1.355 0.7462 0.4089
1.36 0.7529 0.4109
1.365 0.759 0.4135
1.37 0.7638 0.4154
1.375 0.7699 0.4175
1.38 0.7746 0.42
1.385 0.7813 0.4225
1.39 0.7868 0.4248
1.395 0.793 0.4265
1.4 0.7979 0.4291
1.405 0.8038 0.431
1.41 0.8084 0.433
1.415 0.8147 0.4358
1.42 0.8222 0.4372
1.425 0.8258 0.4397
1.43 0.8313 0.442
1.435 0.837 0.4439
1.44 0.844 0.4461
1.445 0.8491 0.4483
1.45 0.854 0.4506
1.455 0.8603 0.4524
1.46 0.865 0.4546
1.465 0.87 0.4569
1.47 0.8764 0.4591
1.475 0.8824 0.4612
1.48 0.8868 0.463
1.485 0.8934 0.4653
1.49 0.8996 0.4676
1.495 0.9035 0.4701
1.5 0.9088 0.4718
1.505 0.9142 0.4738
1.51 0.9215 0.4758
1.515 0.9255 0.4778
1.52 0.9312 0.48
1.525 0.9364 0.4817
1.53 0.9426 0.4839
1.535 0.9473 0.4863
1.54 0.953 0.4883
1.545 0.9592 0.4904
1.55 0.9639 0.4924
1.555 0.9694 0.4945
1.56 0.9749 0.4961
1.565 0.9801 0.499
1.57 0.9857 0.5006
1.575 0.9921 0.5025
1.58 0.9973 0.5049
1.585 1.0022 0.5067
1.59 1.0075 0.5082
1.595 1.0115 0.5102
1.6 1.0182 0.5127
1.605 1.0231 0.5148
1.61 1.0296 0.5169
1.615 1.0346 0.519
1.62 1.0398 0.5206
1.625 1.0452 0.5229
1.63 1.0503 0.5247
1.635 1.0554 0.5273
1.64 1.0607 0.5294
1.645 1.0671 0.5307
1.65 1.0713 0.5331
1.655 1.0766 0.5352
1.66 1.0818 0.537
1.665 1.0876 0.5388
1.67 1.0932 0.5411
1.675 1.0989 0.5429
1.68 1.1047 0.545
1.685 1.1091 0.5467
1.69 1.1144 0.5488
1.695 1.1201 0.551
1.7 1.1251 0.5523
1.705 1.1308 0.5547
1.71 1.136 0.5572
1.715 1.1413 0.5587
1.72 1.1461 0.5604
1.725 1.1514 0.5629
1.73 1.1571 0.5649
1.735 1.1622 0.5664
1.74 1.1679 0.5688
1.745 1.1732 0.5708
1.75 1.1778 0.5725
1.755 1.1837 0.575
1.76 1.1879 0.5763
1.765 1.194 0.5783
1.77 1.1982 0.5803
1.775 1.2041 0.5823
1.78 1.2097 0.5847
1.785 1.2147 0.586
1.79 1.2202 0.5884
1.795 1.2251 0.5907
1.8 1.23 0.592
1.805 1.2356 0.5941
1.81 1.24 0.5965
1.815 1.2462 0.5981
1.82 1.2506 0.6002
1.825 1.2558 0.6018
1.83 1.2617 0.6038
1.835 1.2665 0.606
1.84 1.2714 0.608
1.845 1.278 0.6103
1.85 1.2827 0.6119
1.855 1.2876 0.6136
1.86 1.2937 0.6157
1.865 1.2987 0.6177
1.87 1.3045 0.6196
1.875 1.3092 0.6216
1.88 1.3139 0.6234
1.885 1.319 0.6253
1.89 1.3259 0.6277
1.895 1.3307 0.6293
1.9 1.3344 0.6313
1.905 1.3393 0.6332
1.91 1.345 0.6351
1.915 1.3506 0.6369
1.92 1.3552 0.639
1.925 1.3608 0.6413
1.93 1.3659 0.6432
1.935 1.3716 0.6446
1.94 1.3761 0.6467
1.945 1.3814 0.6486
1.95 1.3867 0.6504
1.955 1.3908 0.6524
1.96 1.3969 0.6547
1.965 1.402 0.6565
1.97 1.407 0.6582
1.975 1.413 0.6605
1.98 1.4174 0.6625
1.985 1.4229 0.6645
1.99 1.4281 0.666
1.995 1.4324 0.668
2 1.4376 0.6698
2.005 1.4437 0.672
2.01 1.4491 0.6741
2.015 1.4536 0.6759
2.02 1.4578 0.6778
2.025 1.4628 0.6794
2.03 1.4698 0.6816
2.035 1.4743 0.6835
2.04 1.479 0.6853
2.045 1.4846 0.6873
2.05 1.4887 0.6891
2.055 1.4943 0.6912
2.06 1.4995 0.6925
2.065 1.5058 0.6947
2.07 1.5101 0.6971
2.075 1.5147 0.6986
2.08 1.5211 0.7008
2.085 1.5258 0.7023
2.09 1.5305 0.7045
2.095 1.5354 0.7063
2.1 1.5407 0.7085
2.105 1.5463 0.7105
2.11 1.5518 0.712
2.115 1.5557 0.7142
2.12 1.5619 0.7161
2.125 1.5669 0.7182
2.13 1.5726 0.72
2.135 1.5765 0.7218
2.14 1.5815 0.7237
2.145 1.5862 0.7254
2.15 1.5923 0.7278
2.155 1.5973 0.7299
2.16 1.602 0.7315
2.165 1.6076 0.733
2.17 1.6118 0.7353
2.175 1.6183 0.7373
2.18 1.6226 0.7391
2.185 1.6278 0.741
2.19 1.6325 0.743
2.195 1.6381 0.7448
2.2 1.6436 0.7469
2.205 1.6479 0.7487
2.21 1.6543 0.7508
2.215 1.6592 0.7526
2.22 1.6628 0.7545
2.225 1.6686 0.7565
2.23 1.6735 0.7583
2.235 1.6785 0.7603
2.24 1.6843 0.762
2.245 1.6888 0.764
2.25 1.6936 0.7657
2.255 1.6999 0.7675
2.26 1.7043 0.7697
2.265 1.7098 0.7721
2.27 1.7145 0.7734
2.275 1.7187 0.7753
2.28 1.7241 0.7771
2.285 1.7294 0.7793
2.29 1.7348 0.7812
2.295 1.7396 0.7832
2.3 1.7454 0.7851
2.305 1.7504 0.7872
2.31 1.7553 0.7888
2.315 1.7603 0.7907
2.32 1.7655 0.7925
2.325 1.7697 0.7945
2.33 1.775 0.7966
2.335 1.7807 0.7981
2.34 1.7852 0.8004
2.345 1.7908 0.802
2.35 1.7957 0.8046
2.355 1.8011 0.806
2.36 1.8052 0.808
2.365 1.81 0.8101
2.37 1.8159 0.8117
2.375 1.8203 0.8138
2.38 1.8257 0.8156
2.385 1.8313 0.8172
2.39 1.836 0.8194
2.395 1.8406 0.8212
2.4 1.8455 0.8235
2.405 1.851 0.8251
2.41 1.8569 0.8272
2.415 1.8624 0.8294
2.42 1.8663 0.8307
2.425 1.8722 0.8326
2.43 1.8762 0.8347
2.435 1.8811 0.8366
2.44 1.8868 0.8385
2.445 1.8908 0.8406
2.45 1.8969 0.8423
2.455 1.9022 0.8441
2.46 1.9067 0.8461
2.465 1.9122 0.8481
2.47 1.9159 0.8499
2.475 1.9223 0.8521
2.48 1.9271 0.8538
2.485 1.9324 0.8559
2.49 1.936 0.8577
2.495 1.9425 0.8596
2.5 1.9473 0.8616
2.505 1.9514 0.8633
2.51 1.9568 0.8652
2.515 1.9617 0.8673
2.52 1.9675 0.8692
2.525 1.9724 0.8713
2.53 1.9773 0.8728
2.535 1.9828 0.8746
2.54 1.9876 0.8768
2.545 1.9919 0.8788
2.55 1.9977 0.8805
2.555 2.0033 0.8821
2.56 2.0075 0.8843
2.565 2.0118 0.8864
2.57 2.0173 0.8878
2.575 2.0229 0.89
2.58 2.0279 0.892
2.585 2.0323 0.8942
2.59 2.0375 0.896
2.595 2.0433 0.8979
2.6 2.0477 0.8997
2.605 2.0526 0.9017
2.61 2.0569 0.9039
2.615 2.0632 0.9055
2.62 2.0677 0.9074
2.625 2.0733 0.9093
2.63 2.0771 0.9111
2.635 2.0829 0.9127
2.64 2.088 0.915
2.645 2.0928 0.917
2.65 2.0986 0.9189
2.655 2.1036 0.9207
2.66 2.1077 0.9226
2.665 2.1127 0.9246
2.67 2.1186 0.9267
2.675 2.1221 0.9286
2.68 2.1278 0.9301
2.685 2.133 0.9322
2.69 2.1381 0.9341
2.695 2.143 0.9359
2.7 2.1484 0.9377
2.705 2.1529 0.9398
2.71 2.1579 0.9417
2.715 2.1629 0.9437
2.72 2.1676 0.9457
2.725 2.1727 0.9474
2.73 2.1786 0.9494
2.735 2.183 0.9512
2.74 2.1873 0.9532
2.745 2.1929 0.9552
2.75 2.1991 0.957
2.755 2.2022 0.9593
2.76 2.208 0.9608
2.765 2.2136 0.9628
2.77 2.2178 0.9649
2.775 2.2232 0.9666
2.78 2.2277 0.9682
2.785 2.2333 0.9707
2.79 2.2381 0.972
2.795 2.2431 0.9745
2.8 2.2475 0.9763
2.805 2.2529 0.9781
2.81 2.2574 0.98
2.815 2.2629 0.9819
2.82 2.2667 0.984
2.825 2.2733 0.986
2.83 2.2778 0.9878
2.835 2.2827 0.9896
2.84 2.2881 0.9914
2.845 2.2926 0.9935
2.85 2.2988 0.9954
2.855 2.303 0.9974
2.86 2.3078 0.9991
2.865 2.3133 1.001
2.87 2.3172 1.0031
2.875 2.3228 1.0047
2.88 2.3279 1.0067
2.885 2.3317 1.0089
2.89 2.3373 1.0106
2.895 2.3428 1.0126
2.9 2.3479 1.0148
2.905 2.3524 1.0163
2.91 2.3574 1.0183
2.915 2.3621 1.0203
2.92 2.3674 1.0219
2.925 2.3729 1.0243
2.93 2.3771 1.0259
2.935 2.3828 1.028
2.94 2.3873 1.0297
2.945 2.393 1.0316
2.95 2.397 1.0336
2.955 2.4018 1.0356
2.96 2.4078 1.0376
2.965 2.4134 1.0393
2.97 2.4176 1.0414
2.975 2.4218 1.0434
2.98 2.4278 1.045
2.985 2.4318 1.0473
2.99 2.4371 1.049
2.995 2.442 1.0511
