0 0 0 0 0 0 0 0 0 0 0
0.005 0 0 0 0 0 0 0 0 0 0
0.01 0 0 0 0 0 0 0 0 0 0
0.015 0 0 0 0 0 0 0 0 0 0
0.02 0 0 0 0 0 0 0 0 0 0
0.025 0 0 0 0 0 0 0 0 0 0
0.03 0 0 0 0 0 0 0 0 0 0
0.035 0 0 0 0 0 0 0 0 0 0
0.04 0 0 0 0 0 0 0 0 0 0
0.045 0 0 0 0 0 0 0 0 0 0
0.05 0 0 0 0 0 0 0 0 0 0
0.055 0 0 0 0 0 0 0 0 0 0
0.06 0 0 0 0 0 0 0 0 0 0
0.065 0 0 0 0 0 0 0 0 0 0
0.07 0 0 0 0 0 0 0 0 0 0
0.075 0 0 0 0 0 0 0 0 0 0
0.08 0 0 0 0 0 0 0 0 0 0
0.085 0 0 0 0 0 0 0 0 0 0
0.09 0 0 0 0 0 0 0 0 0 0
0.095 0 0 0 0 0 0 0 0 0 0
0.1 0 0 0 0 0 0 0 0 0 0
0.105 0 0 0 0 0 0 0 0 0 0
0.11 0 0 0 0 0 0 0 0 0 0
0.115 0 0 0 0 0 0 0 0 0 0
0.12 0 0 0 0 0 0 0 0 0 0
0.125 0 0 0 0 0 0 0 0 0 0
0.13 0 0 0 0 0 0 0 0 0 0
0.135 0 0 0 0 0 0 0 0 0 0
0.14 0 0 0 0 0 0 0 0 0 0
0.145 0 0 0 0 0 0 0 0 0 0
0.15 0 0 0 0 0 0 0 0 0 0
0.155 0 0 0 0 0 0 0 0 0 0
0.16 0 0 0 0 0 0 0 0 0 0
0.165 0 0 0 0 0 0 0 0 0 0
0.17 0 0 0 0 0 0 0 0 0 0
0.175 0 0 0 0 0 0 0 0 0 0
0.18 0 0 0 0 0 0 0 0 0 0
0.185 0 0 0 0 0 0 0 0 0 0
0.19 0 0 0 0 0 0 0 0 0 0
0.195 0 0 0 0 0 0 0 0 0 0
0.2 0 0 0 0 0 0 0 0 0 0
0.205 0 0 0 0 0 0 0 0 0 0
0.21 0 0 0 0 0 0 0 0 0 0
0.215 0 0 0 0 0 0 0 0 0 0
0.22 0 0 0 0 0 0 0 0 0 0
0.225 0 0 0 0 0 0 0 0 0 0
0.23 0 0 0 0 0 0 0 0 0 0
0.235 0 0 0 0 0 0 0 0 0 0
0.24 0 0 0 0 0 0 0 0 0 0
0.245 0 0 0 0 0 0 0 0 0 0
0.25 0 0 0 0 0 0 0 0 0 0
0.255 0 0 0 0 0 0 0 0 0 0
0.26 0 0 0 0 0 0 0 0 0 0
0.265 0 0 0 0 0 0 0 0 0 0
0.27 0 0 0 0 0 0 0 0 0 0
0.275 0 0 0 0 0 0 0 0 0 0
0.28 0 0 0 0 0 0 0 0 0 0
0.285 0 0 0 0 0 0 0 0 0 0
0.29 0 0 0 0 0 0 0 0 0 0
0.295 0 0 0 0 0 0 0 0 0 0
0.3 0 0 0 0 0 0 0 0 0 0
0.305 0 0 0 0 0 0 0 0 0 0
0.31 0 0 0 0 0 0 0 0 0 0
0.315 0 0 0 0 0 0 0 0 0 0
0.32 0 0 0 0 0 0 0 0 0 0
0.325 0 0 0 0 0 0 0 0 0 0
0.33 0 0 0 0 0 0 0 0 0 0
0.335 0 0 0 0 0 0 0 0 0 0
0.34 0 0 0 0 0 0 0 0 0 0
0.345 0 0 0 0 0 0 0 0 0 0
0.35 0 0 0 0 0 0 0 0 0 0
0.355 0 0 0 0 0 0 0 0 0 0
0.36 0 0 0 0 0 0 0 0 0 0
0.365 0 0 0 0 0 0 0 0 0 0
0.37 0 0 0 0 0 0 0 0 0 0
0.375 0 0 0 0 0 0 0 0 0 0
0.38 0 0 0 0 0 0 0 0 0 0
0.385 0 0 0 0 0 0 0 0 0 0
0.39 0 0 0 0 0 0 0 0 0 0
0.395 0 0 0 0 0 0 0 0 0 0
0.4 0 0 0 0 0 0 0 0 0 0
0.405 0 0 0 0 0 0 0 0 0 0
0.41 0 0 0 0 0 0 0 0 0 0
0.415 0 0 0 0 0 0 0 0 0 0
0.42 0 0 0 0 0 0 0 0 0 0
0.425 0 0 0 0 0 0 0 0 0 0
0.43 0 0 0 0 0 0 0 0 0 0
0.435 0 0 0 0 0 0 0 0 0 0
0.44 0 0 0 0 0 0 0 0 0 0
0.445 0 0 0 0 0 0 0 0 0 0
0.45 0 0 0 0 0 0 0 0 0 0
0.455 0 0 0 0 0 0 0 0 0 0
0.46 0 0 0 0 0 0 0 0 0 0
0.465 0 0 0 0 0 0 0 0 0 0
0.47 0 0 0 0 0 0 0 0 0 0
0.475 0 0 0 0 0 0 0 0 0 0
0.48 0 0 0 0 0 0 0 0 0 0
0.485 0 0 0 0 0 0 0 0 0 0
0.49 0 0 0 0 0 0 0 0 0 0
0.495 0 0 0 0 0 0 0 0 0 0
0.5 0 0 0 0 0 0 0 0 0 0
0.505 0 0 0 0 0 0 0 0 0 0
0.51 0 0 0 0 0 0 0 0 0 0
0.515 0 0 0 0 0 0 0 0 0 0
0.52 0 0 0 0 0 0 0 0 0 0
0.525 0 0 0 0 0 0 0 0 0 0
0.53 0 0 0 0 0 0 0 0 0 0
0.535 0 0 0 0 0 0 0 0 0 0
0.54 0 0 0 0 0 0 0 0 0 0
0.545 0 0 0 0 0 0 0 0 0 0
0.55 0 0 0 0 0 0 0 0 0 0
0.555 0 0 0 0 0 0 0 0 0 0
0.56 0 0 0 0 0 0 0 0 0 0
0.565 0 0 0 0 0 0 0 0 0 0
0.57 0 0 0 0 0 0 0 0 0 0
0.575 0 0 0 0 0 0 0 0 0 0
0.58 0 0 0 0 0 0 0 0 0 0
0.585 0 0 0 0 0 0 0 0 0 0
0.59 0 0 0 0 0 0 0 0 0 0
0.595 0 0 0 0 0 0 0 0 0 0
0.6 0 0 0 0 0 0 0 0 0 0
0.605 0 0 0 0 0 0 0 0 0 0
0.61 0 0 0 0 0 0 0 0 0 0
0.615 0 0 0 0 0 0 0 0 0 0
0.62 0 0 0 0 0 0 0 0 0 0
0.625 0 0 0 0 0 0 0 0 0 0
0.63 0 0 0 0 0 0 0 0 0 0
0.635 0 0 0 0 0 0 0 0 0 0
0.64 0 0 0 0 0 0 0 0 0 0
0.645 0 0 0 0 0 0 0 0 0 0
0.65 0 0 0 0 0 0 0 0 0 0
0.655 0 0 0 0 0 0 0 0 0 0
0.66 0 0 0 0 0 0 0 0 0 0
0.665 0 0 0 0 0 0 0 0 0 0
0.67 0 0 0 0 0 0 0 0 0 0
0.675 0 0 0 0 0 0 0 0 0 0
0.68 0 0 0 0 0 0 0 0 0 0
0.685 0 0 0 0 0 0 0 0 0 0
0.69 0 0 0 0 0 0 0 0 0 0
0.695 0 0 0 0 0 0 0 0 0 0
0.7 0 0 0 0 0 0 0 0 0 0
0.705 0 0 0 0 0 0 0 0 0 0
0.71 0 0 0 0 0 0 0 0 0 0
0.715 0 0 0 0 0 0 0 0 0 0
0.72 0 0 0 0 0 0 0 0 0 0
0.725 0 0 0 0 0 0 0 0 0 0
0.73 0 0 0 0 0 0 0 0 0 0
0.735 0 0 0 0 0 0 0 0 0 0
0.74 0 0 0 0 0 0 0 0 0 0
0.745 0 0 0 0 0 0 0 0 0 0
0.75 0 0 0 0 0 0 0 0 0 0
0.755 0 0 0 0 0 0 0 0 0 0
0.76 0 0 0 0 0 0 0 0 0 0
0.765 0 0 0 0 0 0 0 0 0 0
0.77 0 0 0 0 0 0 0 0 0 0
0.775 0 0 0 0 0 0 0 0 0 0
0.78 0 0 0 0 0 0 0 0 0 0
0.785 0 0 0 0 0 0 0 0 0 0
0.79 0 0 0 0 0 0 0 0 0 0
0.795 0 0 0 0 0 0 0 0 0 0
0.8 0 0 0 0 0 0 0 0 0 0
0.805 0 0 0 0 0 0 0 0 0 0
0.81 0 0 0 0 0 0 0 0 0 0
0.815 0 0 0 0 0 0 0 0 0 0
0.82 0 0 0 0 0 0 0 0 0 0
0.825 0 0 0 0 0 0 0 0 0 0
0.83 0 0 0 0 0 0 0 0 0 0
0.835 0 0 0 0 0 0 0 0 0 0
0.84 0 0 0 0 0 0 0 0 0 0
0.845 0 0 0 0 0 0 0 0 0 0
0.85 0 0.0001 0 0 0.0001 0 0.0001 0 0.0001 0
0.855 0 0 0 0 0.0001 0 0 0.0001 0 0
0.86 0 0.0001 0.0001 0 0.0003 0.0001 0 0.0002 0.0001 0.0002
0.865 0.0001 0.0002 0.0002 0 0.0001 0.0001 0.0001 0.0001 0.0001 0
0.87 0.0003 0.0005 0.0005 0.0003 0.0002 0.0003 0.0002 0 0.0002 0.0001
0.875 0.0002 0.0006 0.0007 0.0006 0.0005 0.0006 0.0007 0.0006 0.0006 0.0004
0.88 0.001 0.0009 0.0008 0.0008 0.0009 0.0008 0.0009 0.0004 0.0006 0.0008
0.885 0.0015 0.0014 0.0017 0.0018 0.0007 0.0017 0.0018 0.001 0.0015 0.0018
0.89 0.0029 0.0025 0.0018 0.0029 0.0017 0.0017 0.0023 0.0032 0.0018 0.0018
0.895 0.0041 0.0038 0.0044 0.0046 0.0043 0.004 0.0033 0.0035 0.0057 0.0045
0.9 0.006 0.006 0.0059 0.0054 0.0054 0.0052 0.0065 0.0038 0.005 0.0067
0.905 0.0103 0.0071 0.0092 0.0078 0.0079 0.0098 0.0095 0.0106 0.0087 0.0079
0.91 0.0125 0.0115 0.0152 0.0121 0.013 0.0142 0.0118 0.0128 0.013 0.0127
0.915 0.0188 0.0173 0.0182 0.0178 0.0169 0.0183 0.0166 0.0193 0.0197 0.0183
0.92 0.0275 0.028 0.025 0.027 0.0228 0.0268 0.0264 0.025 0.0253 0.0252
0.925 0.0351 0.0347 0.0343 0.033 0.0313 0.0331 0.0329 0.0338 0.031 0.03
0.93 0.0489 0.0453 0.0463 0.043 0.0449 0.0439 0.0425 0.041 0.0394 0.0407
0.935 0.0571 0.0584 0.0572 0.0572 0.0529 0.0527 0.0558 0.0552 0.0537 0.0482
0.94 0.0715 0.0696 0.0674 0.0695 0.0657 0.0686 0.0659 0.0631 0.0595 0.0582
0.945 0.0806 0.0864 0.0787 0.0783 0.0799 0.0786 0.0764 0.0752 0.0718 0.0678
0.95 0.1032 0.1 0.0923 0.0927 0.0888 0.0889 0.0841 0.0811 0.0792 0.0777
0.955 0.1163 0.1068 0.1089 0.1069 0.1005 0.0993 0.0961 0.0962 0.0903 0.0857
0.96 0.131 0.1254 0.1216 0.1165 0.1153 0.1089 0.1058 0.106 0.0996 0.0969
0.965 0.1434 0.1408 0.1368 0.1309 0.1234 0.1192 0.1171 0.1143 0.1056 0.1053
0.97 0.162 0.1523 0.1494 0.1428 0.1383 0.1297 0.1289 0.1218 0.1169 0.1121
0.975 0.1761 0.166 0.1606 0.1514 0.147 0.1412 0.1346 0.1292 0.1247 0.118
0.98 0.1851 0.1798 0.1728 0.1621 0.1555 0.1508 0.1428 0.1371 0.1301 0.1258
0.985 0.2035 0.1932 0.1787 0.1727 0.1625 0.1572 0.151 0.1444 0.1377 0.1329
0.99 0.2157 0.2025 0.192 0.1839 0.1753 0.1663 0.1572 0.151 0.1431 0.1363
0.995 0.2247 0.2152 0.2026 0.1911 0.184 0.1739 0.1631 0.1565 0.1481 0.1423
1 0.2398 0.2243 0.2117 0.201 0.1888 0.1797 0.1721 0.1625 0.154 0.1464
1.005 0.251 0.2342 0.2198 0.2073 0.1974 0.1872 0.1766 0.1672 0.1603 0.1509
1.01 0.2611 0.2435 0.2279 0.2153 0.2048 0.193 0.1827 0.1739 0.1635 0.1548
1.015 0.273 0.2526 0.236 0.223 0.2111 0.1999 0.188 0.1773 0.1691 0.16
1.02 0.2835 0.2635 0.246 0.2289 0.2172 0.2055 0.1933 0.1833 0.1737 0.164
1.025 0.2931 0.2716 0.2526 0.2371 0.2228 0.2104 0.1972 0.1879 0.1769 0.1675
1.03 0.3029 0.2797 0.2603 0.2442 0.2286 0.2158 0.2028 0.1919 0.1809 0.1708
1.035 0.3147 0.2868 0.2674 0.2488 0.2345 0.2206 0.2069 0.1961 0.1847 0.1742
1.04 0.325 0.2962 0.2758 0.254 0.2408 0.2256 0.2121 0.1997 0.1876 0.1769
1.045 0.3316 0.3035 0.2796 0.2607 0.2454 0.23 0.2163 0.2029 0.1921 0.1806
1.05 0.3417 0.3116 0.2875 0.2682 0.2512 0.2339 0.2197 0.2071 0.1946 0.1841
1.055 0.3493 0.3185 0.2945 0.273 0.2552 0.2394 0.2238 0.2107 0.1978 0.1863
1.06 0.3564 0.327 0.3002 0.2792 0.2607 0.2428 0.2279 0.2137 0.2008 0.1899
1.065 0.3681 0.3337 0.3064 0.284 0.2646 0.2468 0.2304 0.2169 0.204 0.1925
1.07 0.3734 0.3396 0.3129 0.2901 0.2699 0.2511 0.2349 0.2203 0.2069 0.1948
1.075 0.3835 0.3471 0.3202 0.2939 0.2744 0.2556 0.2387 0.2244 0.2099 0.198
1.08 0.392 0.3541 0.325 0.3 0.2785 0.2597 0.2409 0.2262 0.2136 0.2006
1.085 0.3981 0.3616 0.3294 0.3036 0.2818 0.2625 0.2451 0.2299 0.2152 0.2028
1.09 0.4057 0.3674 0.3351 0.3096 0.2859 0.2666 0.2476 0.232 0.2187 0.2055
1.095 0.4152 0.3738 0.3414 0.3139 0.2906 0.2701 0.252 0.2365 0.2206 0.2073
1.1 0.4215 0.3794 0.3481 0.317 0.294 0.2735 0.2546 0.2379 0.2239 0.2105
1.105 0.4299 0.3859 0.3523 0.3233 0.2989 0.277 0.2574 0.2408 0.2261 0.2123
1.11 0.4364 0.3919 0.3584 0.3274 0.3031 0.2806 0.261 0.2436 0.2279 0.215
1.115 0.4456 0.3987 0.3625 0.3318 0.3065 0.2831 0.2639 0.2461 0.2304 0.2167
1.12 0.4528 0.4039 0.3675 0.3356 0.3103 0.2865 0.267 0.2487 0.233 0.2193
1.125 0.4588 0.411 0.3719 0.3405 0.3129 0.29 0.2696 0.2518 0.2354 0.2215
1.13 0.4661 0.4162 0.377 0.3442 0.3173 0.2928 0.2718 0.254 0.238 0.2237
1.135 0.4745 0.4218 0.3814 0.3492 0.3205 0.2967 0.2747 0.2563 0.2399 0.2251
1.14 0.4799 0.4281 0.3871 0.3531 0.3246 0.2991 0.2782 0.2595 0.2424 0.2275
1.145 0.4871 0.4348 0.3928 0.357 0.3283 0.3022 0.2802 0.2613 0.2449 0.2299
1.15 0.4941 0.4394 0.3962 0.3608 0.3307 0.305 0.2829 0.2638 0.2469 0.2318
1.155 0.5005 0.4451 0.4007 0.3652 0.3344 0.3083 0.2863 0.266 0.2486 0.2333
1.16 0.5063 0.4489 0.4056 0.3689 0.3378 0.3116 0.2883 0.2685 0.2509 0.2352
1.165 0.5141 0.4546 0.4101 0.3731 0.3409 0.3136 0.2905 0.2707 0.2532 0.2376
1.17 0.5199 0.4604 0.4143 0.3765 0.3435 0.3169 0.2931 0.273 0.2549 0.2394
1.175 0.5265 0.4671 0.4186 0.3803 0.3473 0.3196 0.296 0.2754 0.2572 0.2412
1.18 0.5343 0.4716 0.4229 0.3842 0.3513 0.3226 0.2984 0.2773 0.2596 0.2434
1.185 0.5397 0.4766 0.4279 0.3872 0.3536 0.3256 0.3009 0.2797 0.2616 0.2453
1.19 0.5463 0.4823 0.432 0.3919 0.3569 0.3286 0.3029 0.2819 0.2636 0.2471
1.195 0.5519 0.4874 0.4371 0.3942 0.3604 0.3306 0.3055 0.2845 0.2651 0.2491
1.2 0.5586 0.4918 0.4407 0.3986 0.3636 0.3334 0.3075 0.2861 0.2671 0.2507
1.205 0.5665 0.4973 0.4456 0.4019 0.3664 0.3357 0.3105 0.2879 0.269 0.252
1.21 0.5711 0.5025 0.4498 0.4061 0.3694 0.3392 0.3129 0.2909 0.2712 0.2542
1.215 0.5796 0.5083 0.453 0.4087 0.3727 0.3414 0.3153 0.2922 0.2732 0.2556
1.22 0.5848 0.5133 0.458 0.4128 0.3757 0.3441 0.3175 0.2943 0.2749 0.2571
1.225 0.5921 0.5179 0.4618 0.4159 0.3784 0.347 0.3195 0.2965 0.277 0.2592
1.23 0.597 0.5221 0.4662 0.4195 0.3815 0.3495 0.3221 0.2986 0.2783 0.2607
1.235 0.6034 0.5273 0.4692 0.4222 0.3845 0.3521 0.324 0.3005 0.2802 0.2628
1.24 0.6103 0.5333 0.4743 0.4264 0.3868 0.3542 0.3262 0.3027 0.2825 0.2645
1.245 0.616 0.538 0.4777 0.4295 0.3901 0.3571 0.3285 0.3054 0.2837 0.2661
1.25 0.6221 0.543 0.4818 0.433 0.3932 0.3594 0.3305 0.307 0.2864 0.2679
1.255 0.6283 0.5479 0.4864 0.4361 0.396 0.3616 0.3329 0.3086 0.2878 0.2697
1.26 0.6334 0.5517 0.4906 0.4405 0.3985 0.3647 0.3353 0.311 0.2897 0.2711
1.265 0.6407 0.5576 0.4944 0.4434 0.4017 0.3663 0.3378 0.3131 0.2915 0.2731
1.27 0.6452 0.5628 0.4981 0.4462 0.4046 0.3689 0.3397 0.3147 0.2931 0.2744
1.275 0.6533 0.5671 0.5017 0.45 0.4072 0.3711 0.3423 0.3168 0.2946 0.2757
1.28 0.6584 0.5723 0.5055 0.453 0.4095 0.374 0.3443 0.3187 0.2966 0.2774
1.285 0.6647 0.5761 0.5099 0.4564 0.4126 0.3762 0.3463 0.3205 0.2982 0.2795
1.29 0.6709 0.5814 0.5138 0.4595 0.4153 0.3792 0.3487 0.3225 0.3001 0.2809
1.295 0.6759 0.5863 0.517 0.4632 0.4176 0.3807 0.3502 0.3241 0.3021 0.2826
1.3 0.683 0.5914 0.5219 0.4658 0.421 0.3835 0.3524 0.3264 0.3038 0.2842
1.305 0.6875 0.5954 0.5257 0.469 0.4235 0.3856 0.3546 0.3282 0.3058 0.2857
1.31 0.6938 0.6009 0.5286 0.4718 0.4263 0.3883 0.3565 0.33 0.3071 0.2872
1.315 0.6992 0.6049 0.5327 0.4755 0.4288 0.3906 0.3589 0.3315 0.3088 0.2888
1.32 0.7062 0.6094 0.5367 0.4786 0.431 0.3927 0.3607 0.3335 0.3103 0.2904
1.325 0.7112 0.6155 0.5403 0.4817 0.4339 0.3955 0.3628 0.3353 0.3121 0.2917
1.33 0.7186 0.6184 0.5438 0.4851 0.4369 0.3972 0.365 0.3372 0.3132 0.2933
1.335 0.7234 0.6233 0.5479 0.4877 0.4399 0.3997 0.3669 0.3391 0.3158 0.2947
1.34 0.7289 0.6282 0.5512 0.4909 0.4423 0.4023 0.3686 0.3409 0.3172 0.2966
1.345 0.7346 0.6324 0.5559 0.4943 0.4445 0.4044 0.3708 0.3426 0.3189 0.298
1.35 0.7417 0.6378 0.5593 0.4974 0.4472 0.4065 0.3731 0.3445 0.3202 0.2992
1.355 0.7456 0.6419 0.5628 0.4999 0.45 0.4086 0.3747 0.3466 0.3222 0.3009
1.36 0.7523 0.6467 0.5663 0.5032 0.4525 0.4111 0.3771 0.348 0.3237 0.3023
1.365 0.7582 0.6504 0.5697 0.5058 0.4549 0.413 0.379 0.3502 0.325 0.3041
1.37 0.7649 0.6564 0.5733 0.51 0.4578 0.4154 0.3807 0.3518 0.3268 0.3057
1.375 0.7693 0.6604 0.5768 0.5119 0.4601 0.4175 0.3825 0.3534 0.3283 0.3073
1.38 0.7754 0.6641 0.5804 0.5158 0.4628 0.4202 0.3848 0.3553 0.3298 0.3083
1.385 0.7809 0.6693 0.5848 0.518 0.4653 0.4223 0.3865 0.3572 0.3317 0.31
1.39 0.7866 0.6731 0.588 0.5215 0.4681 0.4245 0.3885 0.3589 0.3335 0.3115
1.395 0.7934 0.678 0.5915 0.5239 0.4707 0.4264 0.3905 0.3607 0.3352 0.3127
1.4 0.7977 0.682 0.5952 0.5273 0.473 0.4291 0.3928 0.3623 0.3367 0.3143
1.405 0.8037 0.6864 0.5987 0.5307 0.4757 0.431 0.3947 0.364 0.3382 0.316
1.41 0.8087 0.6909 0.6024 0.5326 0.4783 0.433 0.3967 0.3659 0.3396 0.3175
1.415 0.815 0.6956 0.6065 0.5363 0.4805 0.4356 0.3986 0.3674 0.3414 0.3187
1.42 0.8204 0.7001 0.6095 0.5386 0.4829 0.4371 0.4006 0.3689 0.3423 0.3199
1.425 0.8252 0.7043 0.6133 0.5417 0.4857 0.4398 0.402 0.3708 0.3443 0.3216
1.43 0.8323 0.7094 0.6174 0.5451 0.4879 0.4421 0.4043 0.3726 0.3455 0.3233
1.435 0.8372 0.7131 0.6206 0.5478 0.4904 0.4443 0.4059 0.3743 0.3476 0.3244
1.44 0.8425 0.7185 0.6236 0.5504 0.4926 0.4461 0.4077 0.3762 0.3494 0.326
1.445 0.8487 0.7224 0.6283 0.5534 0.4955 0.4483 0.41 0.3778 0.3508 0.3271
1.45 0.8537 0.7263 0.6309 0.5572 0.4982 0.4508 0.4119 0.3795 0.3521 0.3287
1.455 0.8598 0.7308 0.6337 0.5593 0.5 0.4524 0.4138 0.3814 0.3535 0.3301
1.46 0.8659 0.7349 0.6374 0.5624 0.5028 0.4546 0.4154 0.3828 0.3552 0.3316
1.465 0.8706 0.7399 0.6415 0.5658 0.5051 0.4568 0.4172 0.3844 0.3568 0.333
1.47 0.8764 0.7438 0.6446 0.5684 0.5077 0.4593 0.4193 0.3861 0.3582 0.3344
1.475 0.8819 0.7488 0.6481 0.5706 0.5099 0.461 0.4212 0.3878 0.3597 0.3361
1.48 0.8874 0.7523 0.6514 0.5736 0.5128 0.4631 0.423 0.3896 0.3614 0.3372
1.485 0.8927 0.7566 0.6557 0.577 0.5146 0.4656 0.4248 0.3915 0.3628 0.3384
1.49 0.8981 0.7615 0.6588 0.5794 0.5171 0.4676 0.4267 0.3931 0.3644 0.3402
1.495 0.9047 0.7649 0.6623 0.5827 0.5195 0.47 0.4286 0.3944 0.366 0.3413
1.5 0.9105 0.7701 0.6658 0.5854 0.5218 0.4717 0.4304 0.3963 0.3675 0.3429
1.505 0.915 0.7738 0.6688 0.5878 0.5243 0.474 0.4323 0.3978 0.3691 0.3443
1.51 0.9202 0.7784 0.6727 0.5911 0.5269 0.4758 0.4341 0.3996 0.3707 0.3455
1.515 0.9257 0.7825 0.6753 0.5942 0.5294 0.4777 0.4364 0.4012 0.3722 0.3468
1.52 0.9311 0.787 0.6795 0.5964 0.5316 0.4797 0.4381 0.4029 0.3737 0.348
1.525 0.9362 0.791 0.6828 0.5993 0.5342 0.4822 0.4399 0.4046 0.3751 0.3497
1.53 0.9418 0.7948 0.6857 0.6026 0.5363 0.4844 0.4413 0.4066 0.3764 0.3512
1.535 0.9475 0.7995 0.6894 0.6053 0.5389 0.4863 0.4432 0.4079 0.3779 0.3521
1.54 0.9536 0.8037 0.6929 0.6077 0.5414 0.4883 0.4451 0.4093 0.3794 0.3538
1.545 0.9583 0.8082 0.6962 0.6104 0.5436 0.4903 0.4467 0.4112 0.3809 0.3555
1.55 0.9645 0.8123 0.7003 0.6136 0.5457 0.4924 0.4489 0.4131 0.3827 0.3564
1.555 0.969 0.8169 0.7032 0.6162 0.548 0.4943 0.4505 0.4143 0.3839 0.3579
1.56 0.9754 0.8208 0.7065 0.619 0.5509 0.4964 0.4527 0.4161 0.3854 0.3594
1.565 0.9798 0.8244 0.71 0.6218 0.5527 0.4984 0.4544 0.4177 0.3869 0.3606
1.57 0.9862 0.8292 0.7136 0.6243 0.5554 0.5009 0.4563 0.4191 0.3883 0.362
1.575 0.991 0.8336 0.7166 0.6267 0.5579 0.5027 0.4579 0.4212 0.3901 0.3633
1.58 0.9971 0.8372 0.7195 0.6297 0.5602 0.5044 0.4598 0.4224 0.3914 0.365
1.585 1.0015 0.8421 0.7235 0.6329 0.5624 0.5069 0.4615 0.4242 0.3927 0.3664
1.59 1.0072 0.8459 0.7264 0.6354 0.5644 0.5088 0.4632 0.4259 0.3943 0.3675
1.595 1.0137 0.8501 0.7297 0.6381 0.5667 0.5107 0.465 0.4271 0.3958 0.3688
1.6 1.019 0.8544 0.7332 0.6407 0.5692 0.5131 0.467 0.4295 0.3972 0.3704
1.605 1.0229 0.859 0.7366 0.644 0.572 0.515 0.4688 0.4306 0.3988 0.3716
1.61 1.0292 0.8625 0.7403 0.646 0.5741 0.5164 0.4706 0.4321 0.4004 0.3731
1.615 1.0346 0.8668 0.7431 0.6495 0.5765 0.5191 0.4721 0.4342 0.4015 0.3743
1.62 1.0399 0.8714 0.7467 0.6521 0.5791 0.5209 0.4741 0.4355 0.403 0.3756
1.625 1.0453 0.876 0.7502 0.6549 0.5807 0.523 0.4762 0.4369 0.4046 0.3768
1.63 1.0515 0.8789 0.7531 0.6576 0.5835 0.5246 0.4781 0.4388 0.4061 0.3781
1.635 1.0558 0.8834 0.757 0.6596 0.5857 0.527 0.4795 0.4403 0.4074 0.3795
1.64 1.0611 0.8882 0.76 0.6629 0.5882 0.5291 0.4812 0.4419 0.4087 0.3809
1.645 1.0666 0.8919 0.7627 0.6656 0.5906 0.5309 0.4832 0.4436 0.4105 0.3823
1.65 1.0717 0.8961 0.7664 0.6685 0.5927 0.5329 0.4845 0.445 0.4119 0.3834
1.655 1.0769 0.9002 0.7696 0.671 0.5951 0.5349 0.4866 0.4469 0.4134 0.385
1.66 1.0823 0.9043 0.7733 0.6736 0.5973 0.537 0.4883 0.4485 0.4147 0.3862
1.665 1.0872 0.9084 0.7766 0.6766 0.5994 0.5396 0.4902 0.4499 0.4162 0.3873
1.67 1.0935 0.9129 0.7799 0.6793 0.6018 0.5406 0.4922 0.4515 0.4175 0.3888
1.675 1.0979 0.9166 0.7825 0.6825 0.6041 0.5427 0.4936 0.4532 0.4192 0.39
1.68 1.1036 0.921 0.7866 0.685 0.6062 0.545 0.4953 0.4549 0.4205 0.3915
1.685 1.1085 0.9241 0.7894 0.6873 0.6088 0.547 0.4973 0.4562 0.422 0.3929
1.69 1.1139 0.929 0.7925 0.6897 0.6111 0.5489 0.4987 0.4579 0.4236 0.394
1.695 1.1181 0.9327 0.796 0.6925 0.6137 0.551 0.5009 0.4594 0.4246 0.3956
1.7 1.125 0.937 0.7987 0.6952 0.6156 0.5528 0.5026 0.4614 0.4263 0.3969
1.705 1.1308 0.9415 0.8025 0.698 0.6177 0.555 0.5042 0.4627 0.4277 0.3981
1.71 1.1351 0.9455 0.8059 0.7006 0.62 0.5571 0.5058 0.4645 0.4292 0.3995
1.715 1.1415 0.9495 0.8083 0.7036 0.6227 0.5582 0.5079 0.4656 0.4308 0.4009
1.72 1.1461 0.953 0.8123 0.7059 0.6246 0.5605 0.5098 0.4672 0.4318 0.4021
1.725 1.1505 0.9578 0.8159 0.7085 0.627 0.5627 0.5111 0.4686 0.4335 0.4035
1.73 1.1565 0.9618 0.8189 0.711 0.6291 0.5648 0.513 0.4704 0.4348 0.4045
1.735 1.1627 0.966 0.8218 0.7141 0.6314 0.567 0.5148 0.4722 0.4363 0.406
1.74 1.168 0.9698 0.8255 0.7162 0.6337 0.5685 0.5168 0.4736 0.4377 0.4073
1.745 1.1733 0.9735 0.8288 0.7193 0.6358 0.5706 0.5182 0.4753 0.4393 0.4085
1.75 1.1783 0.9774 0.8323 0.7225 0.6383 0.5724 0.52 0.4768 0.4406 0.4099
1.755 1.183 0.9815 0.8347 0.7245 0.6406 0.5745 0.5219 0.4783 0.442 0.4111
1.76 1.1885 0.9856 0.8381 0.7275 0.6427 0.5766 0.5234 0.48 0.4437 0.4126
1.765 1.1933 0.9895 0.8417 0.7301 0.645 0.5782 0.5252 0.481 0.4449 0.4138
1.77 1.1984 0.9943 0.8451 0.7327 0.6471 0.5807 0.5268 0.4831 0.4462 0.4149
1.775 1.2038 0.998 0.8478 0.7355 0.6498 0.5826 0.5286 0.4845 0.4479 0.4165
1.78 1.2099 1.0027 0.851 0.7378 0.6521 0.5845 0.5302 0.4863 0.449 0.4178
1.785 1.2138 1.0055 0.8546 0.7408 0.6543 0.5863 0.5324 0.4877 0.4506 0.4189
1.79 1.2199 1.01 0.8581 0.7439 0.6565 0.5885 0.5338 0.4893 0.452 0.4204
1.795 1.2252 1.0146 0.8609 0.7457 0.6587 0.5904 0.5359 0.4908 0.4534 0.4216
1.8 1.23 1.0187 0.8636 0.7482 0.6607 0.5924 0.5372 0.4922 0.4546 0.4227
1.805 1.2356 1.023 0.867 0.7511 0.6632 0.5943 0.5391 0.4939 0.456 0.4242
1.81 1.2401 1.0259 0.8702 0.754 0.6653 0.5963 0.5408 0.4953 0.4577 0.4254
1.815 1.2463 1.0312 0.8737 0.7563 0.6679 0.5977 0.5425 0.497 0.4589 0.4267
1.82 1.2511 1.0347 0.8765 0.759 0.6698 0.5999 0.5443 0.4985 0.4603 0.4283
1.825 1.2565 1.0387 0.8794 0.7617 0.6719 0.6022 0.5462 0.5005 0.4615 0.4295
1.83 1.2619 1.0425 0.8836 0.7642 0.6747 0.6041 0.5475 0.5014 0.4632 0.4307
1.835 1.2667 1.0465 0.8859 0.7671 0.6768 0.6063 0.5495 0.5035 0.4645 0.432
1.84 1.2717 1.051 0.8895 0.7697 0.6786 0.6077 0.5513 0.5047 0.4661 0.4332
1.845 1.2773 1.054 0.8925 0.7724 0.6807 0.6098 0.553 0.5064 0.4676 0.4346
1.85 1.2829 1.0584 0.8962 0.7749 0.6833 0.6116 0.5547 0.5079 0.4687 0.436
1.855 1.2879 1.0631 0.8993 0.7777 0.686 0.6137 0.5566 0.5096 0.4702 0.4371
1.86 1.2928 1.0663 0.9025 0.7804 0.6879 0.6158 0.5583 0.5111 0.4718 0.4385
1.865 1.2984 1.0708 0.9057 0.7828 0.6901 0.6177 0.5601 0.5126 0.473 0.4398
1.87 1.3041 1.0747 0.9085 0.7857 0.6924 0.6195 0.5615 0.5141 0.4745 0.4411
1.875 1.3085 1.0784 0.9116 0.788 0.6943 0.6215 0.5631 0.5159 0.4761 0.4423
1.88 1.3144 1.0833 0.9155 0.7912 0.6967 0.6233 0.5652 0.5174 0.4776 0.4436
1.885 1.3193 1.0873 0.9181 0.7935 0.6991 0.6256 0.5668 0.5189 0.4787 0.4447
1.89 1.3238 1.0909 0.9208 0.796 0.7006 0.6274 0.5686 0.5204 0.4802 0.4462
1.895 1.3294 1.095 0.9244 0.7984 0.7032 0.6297 0.5705 0.5218 0.4817 0.4475
1.9 1.3352 1.0983 0.9278 0.8012 0.7056 0.6316 0.5721 0.5237 0.483 0.4487
1.905 1.3398 1.1033 0.9308 0.8037 0.7078 0.6335 0.5735 0.5248 0.4845 0.4502
1.91 1.3461 1.1065 0.9344 0.8066 0.7099 0.6351 0.5754 0.5265 0.4858 0.4512
1.915 1.3492 1.1104 0.9373 0.809 0.7124 0.6371 0.5771 0.5282 0.4872 0.4524
1.92 1.3554 1.1146 0.9407 0.8119 0.7143 0.6391 0.5788 0.5296 0.4884 0.454
1.925 1.3605 1.119 0.9434 0.8138 0.7165 0.6412 0.5809 0.5312 0.4901 0.4554
1.93 1.3658 1.1223 0.9469 0.8168 0.7189 0.643 0.5821 0.5326 0.4914 0.4564
1.935 1.3707 1.127 0.9492 0.8197 0.7213 0.6448 0.5842 0.534 0.4926 0.4577
1.94 1.3762 1.131 0.953 0.822 0.7236 0.6467 0.5857 0.5358 0.4942 0.4589
1.945 1.3809 1.135 0.9561 0.8248 0.7256 0.6489 0.5875 0.5374 0.4957 0.4604
1.95 1.3879 1.1392 0.9592 0.8272 0.7282 0.6508 0.5891 0.5391 0.497 0.4617
1.955 1.3915 1.1422 0.9627 0.83 0.7301 0.6527 0.591 0.5403 0.4985 0.4633
1.96 1.397 1.1474 0.9665 0.8327 0.7323 0.6545 0.5925 0.5419 0.4999 0.4643
1.965 1.4026 1.1505 0.9687 0.8354 0.7348 0.6563 0.5943 0.5435 0.5012 0.4655
1.97 1.4072 1.1553 0.9718 0.8375 0.7368 0.658 0.5958 0.5451 0.5027 0.4668
1.975 1.4121 1.1588 0.9754 0.8405 0.7392 0.6606 0.5975 0.5465 0.5042 0.4681
1.98 1.4174 1.1632 0.9785 0.8426 0.7415 0.6622 0.5993 0.5478 0.5056 0.4691
1.985 1.4234 1.1661 0.9812 0.8455 0.7432 0.6637 0.6011 0.5499 0.507 0.4707
1.99 1.4279 1.17 0.9848 0.848 0.7457 0.6662 0.6028 0.5513 0.5081 0.472
1.995 1.4334 1.1737 0.9875 0.8507 0.7476 0.668 0.604 0.5526 0.5096 0.4728
2 1.4384 1.1786 0.9903 0.8533 0.7501 0.6702 0.6061 0.5544 0.5108 0.4744
2.005 1.443 1.1821 0.9933 0.856 0.7523 0.6721 0.6083 0.5559 0.5124 0.4756
2.01 1.4486 1.1861 0.9972 0.8584 0.7546 0.6738 0.6095 0.5571 0.5141 0.477
2.015 1.4541 1.1897 1.0003 0.8609 0.757 0.6756 0.6112 0.5587 0.5151 0.4783
2.02 1.4588 1.1944 1.0039 0.8634 0.7585 0.678 0.6131 0.5602 0.5167 0.4796
2.025 1.465 1.1983 1.0066 0.8667 0.7609 0.6799 0.6146 0.562 0.5177 0.4807
2.03 1.4693 1.2023 1.0098 0.869 0.7633 0.6815 0.6164 0.5634 0.5195 0.4822
2.035 1.4736 1.2061 1.0126 0.8717 0.7655 0.6837 0.6183 0.5648 0.5205 0.4838
2.04 1.4791 1.2098 1.0154 0.8739 0.7676 0.6854 0.6198 0.5664 0.5221 0.4845
2.045 1.4841 1.2138 1.0192 0.8768 0.7699 0.6871 0.6216 0.5679 0.5235 0.4861
2.05 1.4896 1.2185 1.0225 0.8793 0.7723 0.6894 0.6233 0.5695 0.525 0.4871
2.055 1.4946 1.2218 1.0252 0.882 0.7738 0.6913 0.6251 0.571 0.5262 0.4884
2.06 1.5005 1.2261 1.0281 0.8843 0.7767 0.6932 0.6267 0.5726 0.5276 0.4899
2.065 1.5052 1.2298 1.0318 0.887 0.7785 0.695 0.6284 0.5742 0.5291 0.4912
2.07 1.5101 1.2335 1.0339 0.8896 0.7809 0.6968 0.6303 0.5759 0.5304 0.4921
2.075 1.5159 1.2378 1.0377 0.8926 0.7829 0.6989 0.632 0.5773 0.532 0.4937
2.08 1.5206 1.2417 1.0406 0.8948 0.7854 0.7007 0.6337 0.5792 0.5332 0.4948
2.085 1.5254 1.2455 1.0439 0.8976 0.7879 0.703 0.6352 0.58 0.5348 0.496
2.09 1.5304 1.2495 1.0467 0.8999 0.7898 0.7046 0.6371 0.5821 0.536 0.4972
2.095 1.5365 1.2526 1.0498 0.9024 0.792 0.7067 0.6387 0.5834 0.5374 0.4987
2.1 1.5409 1.2566 1.0537 0.9051 0.7945 0.7087 0.6407 0.5849 0.5388 0.5002
2.105 1.5455 1.2604 1.0567 0.9076 0.7964 0.7103 0.6422 0.5863 0.54 0.5013
2.11 1.5506 1.2655 1.0596 0.9103 0.7987 0.7122 0.6435 0.5881 0.5416 0.5028
2.115 1.5566 1.2692 1.0626 0.9131 0.8008 0.7143 0.6452 0.5896 0.5433 0.5037
2.12 1.5623 1.2729 1.0659 0.9153 0.8032 0.7161 0.647 0.5909 0.5444 0.5053
2.125 1.5662 1.2767 1.0684 0.9181 0.8056 0.7182 0.6487 0.5924 0.5458 0.506
2.13 1.5718 1.2805 1.0722 0.9205 0.8074 0.72 0.6505 0.5941 0.547 0.5076
2.135 1.5771 1.2849 1.0754 0.923 0.8098 0.722 0.6522 0.5954 0.5486 0.5091
2.14 1.5809 1.2886 1.078 0.9257 0.8117 0.7236 0.6542 0.5971 0.55 0.5101
2.145 1.587 1.2926 1.0819 0.9287 0.8137 0.7257 0.6557 0.5987 0.5513 0.5112
2.15 1.593 1.2963 1.0841 0.931 0.8161 0.7276 0.6575 0.6001 0.5527 0.5128
2.155 1.5975 1.3008 1.0876 0.9335 0.8184 0.7294 0.6593 0.6018 0.554 0.5141
2.16 1.6019 1.3045 1.0906 0.9356 0.8203 0.7314 0.6611 0.6034 0.5556 0.5151
2.165 1.6083 1.3076 1.0943 0.9381 0.8226 0.7337 0.6622 0.6048 0.557 0.5165
2.17 1.6122 1.3116 1.0967 0.9407 0.8247 0.7355 0.6639 0.6064 0.5585 0.5178
2.175 1.6173 1.3156 1.1001 0.9437 0.8272 0.7371 0.6659 0.6077 0.5597 0.519
2.18 1.6223 1.3208 1.1034 0.9463 0.8297 0.7393 0.6673 0.6094 0.5611 0.52
2.185 1.627 1.3241 1.1063 0.9488 0.8317 0.7408 0.6689 0.6107 0.5626 0.5214
2.19 1.6333 1.3278 1.1088 0.9513 0.8336 0.7431 0.6708 0.6126 0.5638 0.5228
2.195 1.6379 1.3315 1.1121 0.9542 0.8359 0.7446 0.6727 0.6138 0.5652 0.5243
2.2 1.6434 1.3354 1.1155 0.9562 0.8383 0.7468 0.6743 0.6153 0.5663 0.5254
2.205 1.6486 1.3398 1.119 0.959 0.8403 0.7482 0.6761 0.6168 0.568 0.5267
2.21 1.6535 1.3432 1.1218 0.9617 0.8426 0.7509 0.6774 0.6182 0.5693 0.5279
2.215 1.6589 1.3475 1.1252 0.9639 0.8447 0.7524 0.6793 0.6198 0.5706 0.5292
2.22 1.6631 1.3511 1.1278 0.9667 0.8464 0.7544 0.6811 0.6216 0.572 0.5305
2.225 1.6696 1.3544 1.1307 0.9693 0.8493 0.7565 0.6829 0.6232 0.5734 0.5318
2.23 1.6745 1.3587 1.1343 0.9719 0.8516 0.7583 0.6845 0.6248 0.5751 0.5331
2.235 1.6789 1.3624 1.1373 0.9748 0.8531 0.7601 0.686 0.626 0.5763 0.5342
2.24 1.6841 1.3663 1.1401 0.977 0.8559 0.7623 0.6883 0.6275 0.5777 0.5354
2.245 1.689 1.3704 1.1432 0.9791 0.8576 0.7636 0.6895 0.6291 0.5792 0.5368
2.25 1.6935 1.3742 1.1464 0.9821 0.86 0.7658 0.6911 0.6306 0.5802 0.5378
2.255 1.6983 1.3786 1.1496 0.9846 0.8625 0.768 0.693 0.6321 0.5817 0.5395
2.26 1.704 1.3819 1.1525 0.987 0.8645 0.7699 0.6948 0.6336 0.5831 0.5406
2.265 1.7101 1.3861 1.1559 0.9901 0.8661 0.7717 0.6966 0.6353 0.585 0.5419
2.27 1.7141 1.3893 1.1588 0.9925 0.8687 0.7735 0.6982 0.6369 0.5859 0.5431
2.275 1.7193 1.3938 1.162 0.9947 0.8707 0.7754 0.6998 0.6383 0.5876 0.5444
2.28 1.7241 1.3969 1.1647 0.9971 0.8731 0.7773 0.7015 0.6398 0.5884 0.5456
2.285 1.7302 1.4016 1.1679 1.0003 0.8757 0.7793 0.7035 0.6416 0.5901 0.5471
2.29 1.7345 1.4049 1.171 1.0022 0.8776 0.7811 0.7049 0.643 0.5914 0.5482
2.295 1.7397 1.4096 1.1744 1.0057 0.8794 0.7829 0.7066 0.6442 0.5929 0.5493
2.3 1.7447 1.4131 1.1769 1.0079 0.8819 0.7848 0.7086 0.6459 0.5942 0.5506
2.305 1.7501 1.417 1.1802 1.0109 0.8839 0.7872 0.7099 0.6475 0.5958 0.5521
2.31 1.7547 1.4205 1.1833 1.0126 0.8861 0.7887 0.7119 0.6492 0.5972 0.5533
2.315 1.7603 1.4245 1.1868 1.0155 0.8887 0.7906 0.7132 0.6506 0.5985 0.5547
2.32 1.7658 1.4281 1.1896 1.0176 0.8905 0.7926 0.7147 0.6521 0.5998 0.5558
2.325 1.7698 1.4323 1.1926 1.0202 0.893 0.7944 0.717 0.6535 0.6012 0.5571
2.33 1.775 1.4363 1.1961 1.0235 0.895 0.7967 0.7186 0.6553 0.6027 0.5583
2.335 1.781 1.4402 1.1991 1.0258 0.8972 0.7983 0.7203 0.6564 0.6039 0.5596
2.34 1.7858 1.4439 1.2018 1.0285 0.8993 0.8001 0.7216 0.6581 0.6054 0.5612
2.345 1.791 1.4477 1.2055 1.0309 0.902 0.8025 0.7234 0.6598 0.6069 0.5622
2.35 1.795 1.4517 1.2081 1.0332 0.9039 0.8045 0.7252 0.6612 0.6082 0.5635
2.355 1.8007 1.4561 1.2114 1.036 0.9059 0.806 0.7272 0.6629 0.6095 0.5647
2.36 1.8058 1.4594 1.2147 1.0382 0.9082 0.8078 0.7285 0.6644 0.6106 0.5662
2.365 1.811 1.4636 1.217 1.0411 0.9104 0.8098 0.7307 0.6656 0.6124 0.5674
2.37 1.8154 1.4671 1.2201 1.0439 0.9127 0.8118 0.7322 0.6672 0.6138 0.5685
2.375 1.8203 1.4715 1.224 1.0462 0.9146 0.8138 0.734 0.6689 0.6151 0.5697
2.38 1.8255 1.4749 1.2267 1.0485 0.917 0.8155 0.7357 0.6702 0.6164 0.5712
2.385 1.8311 1.4786 1.2294 1.0515 0.919 0.8174 0.7371 0.6718 0.6179 0.5725
2.39 1.8364 1.4826 1.2329 1.0539 0.9211 0.8195 0.7388 0.6737 0.6192 0.5735
2.395 1.8399 1.4863 1.2354 1.056 0.9237 0.8208 0.7409 0.6748 0.6207 0.5751
2.4 1.8466 1.4905 1.239 1.0589 0.9252 0.8234 0.7422 0.6764 0.6223 0.576
2.405 1.852 1.4944 1.2416 1.0613 0.9278 0.825 0.7439 0.6779 0.6234 0.5773
2.41 1.8562 1.4986 1.245 1.0641 0.9304 0.8269 0.7454 0.6795 0.6245 0.5789
2.415 1.8619 1.5014 1.248 1.0662 0.9319 0.829 0.7477 0.6811 0.6261 0.58
2.42 1.8668 1.5062 1.2514 1.0688 0.9343 0.8311 0.749 0.6823 0.6276 0.5814
2.425 1.8716 1.5097 1.2544 1.0719 0.9365 0.8328 0.7509 0.6841 0.629 0.5826
2.43 1.8766 1.514 1.2574 1.074 0.9389 0.8349 0.7523 0.6854 0.6302 0.5838
2.435 1.8818 1.5169 1.2609 1.0766 0.9409 0.8367 0.7539 0.6872 0.6317 0.5853
2.44 1.8869 1.5217 1.2636 1.079 0.9432 0.8386 0.7558 0.6889 0.6332 0.5862
2.445 1.8914 1.5253 1.2665 1.0818 0.9452 0.8405 0.7577 0.69 0.6346 0.5877
2.45 1.8965 1.5288 1.2693 1.0844 0.9474 0.8423 0.759 0.6916 0.636 0.5889
2.455 1.9025 1.5325 1.2724 1.0873 0.9494 0.8446 0.761 0.6933 0.6374 0.5903
2.46 1.907 1.5364 1.2758 1.0892 0.9513 0.8462 0.7623 0.6949 0.6389 0.5915
2.465 1.9118 1.5407 1.2789 1.092 0.9542 0.8481 0.7643 0.6962 0.64 0.5927
2.47 1.9174 1.5445 1.2814 1.0944 0.9562 0.8502 0.7661 0.6978 0.6415 0.5938
2.475 1.9224 1.5483 1.2851 1.0972 0.9584 0.8521 0.7678 0.6996 0.6429 0.5951
2.48 1.9267 1.5521 1.2873 1.0998 0.9607 0.8538 0.7697 0.7007 0.6442 0.5962
2.485 1.9318 1.5557 1.2912 1.1025 0.9629 0.856 0.7709 0.7023 0.6456 0.5979
2.49 1.9375 1.56 1.2939 1.1043 0.9653 0.8579 0.7729 0.7042 0.647 0.5991
2.495 1.9415 1.5638 1.2972 1.1067 0.9671 0.8593 0.7744 0.7053 0.6483 0.6002
2.5 1.9468 1.5676 1.3001 1.1102 0.9691 0.8611 0.776 0.7071 0.6499 0.6016
2.505 1.9519 1.5711 1.3028 1.1127 0.9716 0.8629 0.7777 0.7083 0.6511 0.6028
2.51 1.9567 1.5748 1.3061 1.1149 0.9738 0.8652 0.7796 0.7098 0.6522 0.604
2.515 1.9622 1.5788 1.3093 1.1177 0.9758 0.8674 0.7814 0.7116 0.6537 0.6054
2.52 1.9674 1.5834 1.3128 1.1201 0.9782 0.869 0.783 0.7131 0.6552 0.6066
2.525 1.972 1.5866 1.3161 1.1224 0.9801 0.8711 0.7844 0.7143 0.6564 0.608
2.53 1.9766 1.5908 1.3181 1.1252 0.9824 0.8732 0.7863 0.716 0.6579 0.6092
2.535 1.9823 1.5938 1.3214 1.1275 0.9846 0.8749 0.7879 0.7175 0.6594 0.6105
2.54 1.9871 1.5984 1.3246 1.1306 0.9867 0.8769 0.7895 0.719 0.6608 0.6117
2.545 1.9922 1.6019 1.3274 1.1337 0.9886 0.8787 0.7912 0.7208 0.6619 0.6131
2.55 1.9974 1.6059 1.3309 1.1353 0.9911 0.8806 0.7931 0.7223 0.6636 0.6142
2.555 2.0021 1.6099 1.3338 1.1375 0.9932 0.8824 0.7946 0.7237 0.6649 0.6155
2.56 2.0076 1.6136 1.3364 1.1404 0.9953 0.8847 0.7966 0.7254 0.6663 0.6167
2.565 2.0126 1.6167 1.3394 1.143 0.9977 0.8864 0.7979 0.7266 0.6678 0.6182
2.57 2.0172 1.6214 1.3431 1.1457 1.0001 0.8881 0.7998 0.728 0.6691 0.6193
2.575 2.0223 1.6255 1.3464 1.1482 1.002 0.89 0.8016 0.7298 0.6703 0.6207
2.58 2.0278 1.6287 1.3493 1.1508 1.0046 0.8922 0.8033 0.7313 0.6718 0.6222
2.585 2.0325 1.633 1.3521 1.1533 1.0063 0.8939 0.8051 0.7329 0.6732 0.6234
2.59 2.0382 1.6363 1.3551 1.1556 1.0085 0.896 0.8066 0.7343 0.6746 0.6245
2.595 2.0426 1.6409 1.358 1.1583 1.0109 0.8976 0.8084 0.736 0.676 0.6256
2.6 2.0477 1.644 1.3612 1.1609 1.0127 0.8997 0.8101 0.7375 0.6773 0.627
2.605 2.0529 1.6477 1.3645 1.1639 1.0153 0.9016 0.8119 0.7389 0.6791 0.6281
2.61 2.0577 1.6522 1.3681 1.1664 1.0171 0.9035 0.813 0.7407 0.6802 0.6294
2.615 2.0627 1.6556 1.3708 1.1687 1.0193 0.9054 0.8153 0.7421 0.6817 0.6306
2.62 2.0671 1.66 1.3739 1.1715 1.0216 0.9073 0.8169 0.7435 0.683 0.6322
2.625 2.0732 1.6629 1.3761 1.1735 1.0238 0.9093 0.8187 0.7451 0.6843 0.633
2.63 2.0783 1.6673 1.3793 1.1762 1.0261 0.9113 0.8203 0.7469 0.6858 0.6346
2.635 2.0821 1.671 1.3828 1.1788 1.028 0.9127 0.822 0.7483 0.687 0.6357
2.64 2.0877 1.6752 1.386 1.1807 1.0306 0.9149 0.8233 0.7497 0.6886 0.6372
2.645 2.0931 1.6787 1.3887 1.1843 1.0329 0.9169 0.8254 0.7513 0.6897 0.6382
2.65 2.0981 1.6826 1.3925 1.1867 1.0348 0.9189 0.827 0.7527 0.6912 0.6395
2.655 2.1034 1.6862 1.3951 1.1891 1.037 0.9204 0.8289 0.7543 0.6927 0.641
2.66 2.108 1.6903 1.3978 1.1917 1.0393 0.923 0.8304 0.7558 0.694 0.6424
2.665 2.1131 1.6938 1.4009 1.1943 1.0414 0.9244 0.8324 0.7573 0.6956 0.6435
2.67 2.1176 1.6976 1.4042 1.1961 1.0437 0.9263 0.834 0.7589 0.697 0.6448
2.675 2.1227 1.702 1.4072 1.1993 1.0459 0.9283 0.8355 0.7603 0.6982 0.6462
2.68 2.1285 1.7056 1.4099 1.2017 1.0482 0.9305 0.8375 0.7621 0.6996 0.6472
2.685 2.1326 1.7095 1.4136 1.2043 1.0504 0.9323 0.8392 0.7637 0.701 0.6485
2.69 2.1388 1.7134 1.4166 1.2068 1.0523 0.9342 0.8406 0.765 0.7025 0.6499
2.695 2.1428 1.717 1.4199 1.2092 1.0547 0.936 0.8426 0.7665 0.7038 0.6511
2.7 2.1476 1.7203 1.4227 1.212 1.0566 0.9378 0.8441 0.7681 0.7053 0.6523
2.705 2.1529 1.7247 1.426 1.2147 1.0586 0.9397 0.8458 0.7696 0.7066 0.6538
2.71 2.1574 1.7295 1.4288 1.2171 1.061 0.9418 0.8477 0.771 0.7082 0.6548
2.715 2.1635 1.7321 1.4322 1.2197 1.0632 0.9436 0.8494 0.7726 0.7094 0.656
2.72 2.1681 1.736 1.4346 1.2216 1.0658 0.9453 0.8509 0.774 0.7107 0.6575
2.725 2.1733 1.7397 1.4379 1.2247 1.0677 0.9473 0.8523 0.7755 0.7121 0.6587
2.73 2.1776 1.7428 1.4407 1.2275 1.0698 0.9491 0.8542 0.7772 0.7135 0.66
2.735 2.1833 1.7473 1.4439 1.23 1.0719 0.9512 0.8559 0.7791 0.7147 0.6615
2.74 2.1879 1.7512 1.4468 1.2325 1.0744 0.9531 0.8576 0.7803 0.7163 0.6625
2.745 2.1935 1.7555 1.4503 1.2349 1.076 0.9553 0.8591 0.7819 0.7179 0.6639
2.75 2.1986 1.7597 1.4523 1.2372 1.0785 0.957 0.861 0.7833 0.7192 0.6651
2.755 2.203 1.7632 1.4554 1.2398 1.0808 0.9588 0.8626 0.7848 0.7207 0.6666
2.76 2.208 1.7664 1.4591 1.2426 1.0829 0.9606 0.8643 0.7863 0.7218 0.6677
2.765 2.2127 1.7703 1.4622 1.2446 1.0849 0.9624 0.8664 0.7879 0.7233 0.6689
2.77 2.2188 1.7747 1.4653 1.2478 1.0867 0.9646 0.8678 0.7896 0.7245 0.6702
2.775 2.2234 1.7776 1.4683 1.25 1.0897 0.9666 0.8696 0.7908 0.726 0.6715
2.78 2.2273 1.7816 1.4717 1.2528 1.0916 0.9686 0.8711 0.7926 0.7273 0.6726
2.785 2.2333 1.7855 1.4744 1.2553 1.0936 0.9706 0.8727 0.7942 0.7287 0.674
2.79 2.2388 1.7889 1.4778 1.2575 1.0958 0.9726 0.8746 0.7956 0.7303 0.6753
2.795 2.2425 1.7932 1.4807 1.2602 1.0983 0.9745 0.8765 0.7971 0.7318 0.6765
2.8 2.2478 1.7966 1.4831 1.263 1.1003 0.9762 0.878 0.7986 0.7331 0.678
2.805 2.2535 1.8012 1.4873 1.2655 1.1024 0.9783 0.8798 0.8002 0.7344 0.679
2.81 2.2583 1.8043 1.4897 1.2679 1.1047 0.9802 0.8813 0.8014 0.7357 0.6804
2.815 2.2628 1.8091 1.4924 1.2703 1.1068 0.9818 0.8833 0.8035 0.7369 0.6817
2.82 2.2679 1.8125 1.4956 1.2731 1.1091 0.9838 0.885 0.8047 0.7386 0.6829
2.825 2.2722 1.816 1.4988 1.2758 1.1114 0.9856 0.8866 0.8063 0.7399 0.6843
2.83 2.2778 1.82 1.5018 1.2782 1.1132 0.9876 0.8882 0.8077 0.7414 0.6853
2.835 2.2826 1.8235 1.5055 1.281 1.1157 0.9898 0.8899 0.8092 0.7428 0.6867
2.84 2.2882 1.8278 1.5081 1.2831 1.1179 0.9916 0.8916 0.8109 0.7439 0.6881
2.845 2.2927 1.8314 1.5114 1.2857 1.1201 0.9932 0.8931 0.8123 0.7457 0.6894
2.85 2.2987 1.8348 1.5144 1.2881 1.1227 0.9953 0.8952 0.8142 0.7469 0.6904
2.855 2.3032 1.8389 1.5171 1.2905 1.1244 0.9973 0.8968 0.8154 0.7483 0.6919
2.86 2.3077 1.8423 1.5203 1.2933 1.1267 0.9989 0.8986 0.8169 0.7497 0.6931
2.865 2.3131 1.8474 1.5232 1.2964 1.1288 1.0011 0.8999 0.8188 0.751 0.6945
2.87 2.3177 1.8504 1.526 1.2985 1.1308 1.0032 0.9016 0.8202 0.7525 0.6959
2.875 2.3226 1.8539 1.529 1.3004 1.1332 1.005 0.9036 0.8216 0.7538 0.697
2.88 2.3273 1.8578 1.5326 1.3037 1.1356 1.0067 0.9052 0.8234 0.7554 0.6983
2.885 2.3331 1.8614 1.5351 1.3061 1.1377 1.0084 0.907 0.8246 0.7567 0.6994
2.89 2.3377 1.8653 1.5388 1.3086 1.1393 1.0107 0.9087 0.8263 0.7581 0.7008
2.895 2.3428 1.8693 1.5423 1.3112 1.1422 1.0127 0.9104 0.8278 0.7594 0.7022
2.9 2.3482 1.8733 1.544 1.3141 1.1442 1.0145 0.9122 0.8294 0.7612 0.7035
2.905 2.3524 1.8767 1.5473 1.3159 1.1465 1.0165 0.9137 0.831 0.7622 0.7048
2.91 2.3573 1.8808 1.5505 1.3187 1.1487 1.0182 0.9155 0.8322 0.7635 0.7058
2.915 2.3626 1.8845 1.5536 1.3215 1.1506 1.0202 0.9172 0.8338 0.765 0.7072
2.92 2.3678 1.888 1.5568 1.3238 1.153 1.0223 0.919 0.8354 0.7665 0.7083
2.925 2.3722 1.8923 1.5595 1.3264 1.1551 1.024 0.9205 0.837 0.7676 0.7096
2.93 2.3782 1.8956 1.5629 1.3288 1.1576 1.0256 0.9221 0.8383 0.7693 0.7111
2.935 2.3829 1.8993 1.5659 1.3315 1.1593 1.0282 0.924 0.8403 0.7708 0.7122
2.94 2.3871 1.9032 1.5685 1.3343 1.1615 1.0294 0.9258 0.8412 0.7716 0.7135
2.945 2.3925 1.9073 1.5724 1.3365 1.164 1.0317 0.9277 0.8432 0.7735 0.7149
2.95 2.3974 1.9111 1.5748 1.339 1.1659 1.0337 0.9292 0.8448 0.7749 0.7163
2.955 2.4032 1.9146 1.5783 1.342 1.1683 1.0351 0.9306 0.8463 0.7762 0.7175
2.96 2.4075 1.9188 1.5812 1.3441 1.1703 1.0374 0.9324 0.8477 0.7777 0.7186
2.965 2.412 1.9221 1.5843 1.3461 1.173 1.0394 0.9341 0.8492 0.7791 0.7198
2.97 2.4178 1.9259 1.5872 1.3493 1.1754 1.0412 0.9359 0.8507 0.7803 0.7211
2.975 2.4225 1.9297 1.5906 1.352 1.1768 1.043 0.9378 0.8523 0.7817 0.7225
2.98 2.4268 1.9333 1.5928 1.3546 1.1787 1.0451 0.9395 0.8536 0.7832 0.7237
2.985 2.4322 1.9382 1.5963 1.3569 1.1813 1.0471 0.9409 0.8554 0.7844 0.7252
2.99 2.437 1.9413 1.5996 1.3594 1.1837 1.0488 0.9429 0.857 0.7859 0.7266
2.995 2.4419 1.9451 1.6025 1.3621 1.1857 1.0509 0.9444 0.8585 0.7873 0.7278
