0.5 0 0 0 0
0.505 0 0 0 0
0.51 0 0 0 0
0.515 0 0 0 0
0.52 0 0 0 0
0.525 0 0 0 0
0.53 0 0 0 0
0.535 0 0 0 0
0.54 0 0 0 0
0.545 0 0 0 0
0.55 0 0 0 0
0.555 0 0 0 0
0.56 0 0 0 0
0.565 0 0 0 0
0.57 0 0 0 0
0.575 0 0 0 0
0.58 0 0 0 0
0.585 0 0 0 0
0.59 0 0 0 0
0.595 0 0 0 0
0.6 0 0 0 0
0.605 0 0 0 0
0.61 0 0 0 0
0.615 0 0 0 0
0.62 0 0 0 0
0.625 0 0 0 0
0.63 0 0 0 0
0.635 0 0 0 0
0.64 0 0 0 0
0.645 0 0 0 0
0.65 0 0 0 0
0.655 0 0 0 0
0.66 0 0 0 0
0.665 0 0 0 0
0.67 0 0 0 0
0.675 0 0 0 0
0.68 0 0 0 0
0.685 0 0 0 0
0.69 0 0 0 0
0.695 0 0 0 0
0.7 0 0 0 0
0.705 0 0 0 0
0.71 0 0 0 0
0.715 0 0 0 0
0.72 0 0 0 0
0.725 0 0 0 0
0.73 0 0 0 0
0.735 0 0 0 0
0.74 0 0 0 0
0.745 0 0 0 0
0.75 0 0 0 0
0.755 0 0 0 0
0.76 0 0 0 0
0.765 0 0 0 0
0.77 0 0 0 0
0.775 0 0 0 0
0.78 0 0 0 0
0.785 0 0 0 0
0.79 0 0 0 0
0.795 0 0 0 0
0.8 0 0 0 0
0.805 0 0 0 0
0.81 0 0 0 0
0.815 0 0 0 0
0.82 0 0 0 0
0.825 0 0 0 0
0.83 0 0 0 0
0.835 0 0 0 0
0.84 0 0 0 0
0.845 0 0 0 0
0.85 0 0 0 0.0002
0.855 0 0 0 0
0.86 0 0.0001 0.0001 0
0.865 0.0003 0.0001 0.0003 0.0001
0.87 0.0003 0.0001 0.0005 0.0004
0.875 0.0003 0.0006 0.0006 0.0007
0.88 0.001 0.001 0.0003 0.0009
0.885 0.0018 0.0011 0.0013 0.0016
0.89 0.0017 0.0024 0.0027 0.0027
0.895 0.0028 0.0035 0.004 0.0029
0.9 0.0053 0.0046 0.0041 0.0046
0.905 0.0082 0.0103 0.0091 0.0069
0.91 0.0136 0.0136 0.0129 0.0088
0.915 0.0187 0.019 0.0186 0.0114
0.92 0.0271 0.0259 0.0286 0.0144
0.925 0.0349 0.0362 0.0358 0.017
0.93 0.0449 0.0441 0.0441 0.0201
0.935 0.0633 0.0573 0.0557 0.0218
0.94 0.0716 0.0712 0.0665 0.0247
0.945 0.0857 0.0862 0.0799 0.0273
0.95 0.101 0.0998 0.0922 0.0289
0.955 0.1162 0.1147 0.104 0.0306
0.96 0.1319 0.1274 0.1156 0.0331
0.965 0.1452 0.1449 0.1288 0.0349
0.97 0.1592 0.1588 0.1402 0.0363
0.975 0.1771 0.1716 0.1517 0.0383
0.98 0.1909 0.1878 0.1604 0.0395
0.985 0.2041 0.1995 0.1737 0.042
0.99 0.2149 0.2128 0.1821 0.0437
0.995 0.2282 0.2254 0.1902 0.045
1 0.2388 0.2353 0.1998 0.0465
1.005 0.2517 0.2489 0.2081 0.0487
1.01 0.2629 0.2611 0.2151 0.0505
1.015 0.2703 0.2713 0.225 0.0515
1.02 0.2806 0.2821 0.233 0.0536
1.025 0.2941 0.2922 0.2396 0.0554
1.03 0.304 0.3018 0.2476 0.0566
1.035 0.3124 0.3096 0.2552 0.0585
1.04 0.3225 0.3193 0.263 0.0607
1.045 0.3311 0.3293 0.27 0.0617
1.05 0.3419 0.3369 0.2763 0.063
1.055 0.351 0.346 0.2822 0.0651
1.06 0.3582 0.3554 0.2871 0.0661
1.065 0.3656 0.361 0.2945 0.0678
1.07 0.3733 0.3709 0.3004 0.0697
1.075 0.3816 0.3783 0.3073 0.0707
1.08 0.391 0.3865 0.3128 0.0724
1.085 0.3992 0.3928 0.3177 0.0741
1.09 0.4067 0.402 0.3247 0.0754
1.095 0.4149 0.4098 0.3305 0.0779
1.1 0.4241 0.4176 0.3362 0.0785
1.105 0.4284 0.4241 0.3405 0.0804
1.11 0.4369 0.4307 0.3473 0.082
1.115 0.4431 0.4393 0.3537 0.0827
1.12 0.4515 0.4457 0.358 0.085
1.125 0.4588 0.4532 0.3642 0.0868
1.13 0.4667 0.4601 0.3698 0.0881
1.135 0.4739 0.4667 0.3736 0.0895
1.14 0.4802 0.473 0.3793 0.091
1.145 0.4872 0.4805 0.3859 0.0933
1.15 0.494 0.4869 0.3908 0.094
1.155 0.5019 0.4936 0.3951 0.0959
1.16 0.5067 0.5002 0.4001 0.0972
1.165 0.5144 0.5079 0.4064 0.099
1.17 0.5204 0.5124 0.4105 0.1001
1.175 0.5275 0.5193 0.4143 0.1017
1.18 0.5324 0.5246 0.4206 0.103
1.185 0.5393 0.5311 0.425 0.1047
1.19 0.5472 0.5382 0.4305 0.1062
1.195 0.5534 0.5455 0.4349 0.1078
1.2 0.5593 0.5517 0.4403 0.1093
1.205 0.5657 0.5563 0.4442 0.1106
1.21 0.5714 0.5635 0.4495 0.1125
1.215 0.5792 0.5705 0.4547 0.114
1.22 0.5846 0.5754 0.4587 0.1153
1.225 0.5909 0.5819 0.4642 0.1168
1.23 0.5975 0.589 0.4687 0.1184
1.235 0.6029 0.5936 0.4734 0.1197
1.24 0.6092 0.6009 0.4774 0.1212
1.245 0.6164 0.6076 0.4824 0.1224
1.25 0.6228 0.6124 0.4877 0.1242
1.255 0.629 0.6175 0.4916 0.1264
1.26 0.6345 0.6242 0.4976 0.1271
1.265 0.6405 0.6294 0.5014 0.1287
1.27 0.6468 0.6366 0.5055 0.1304
1.275 0.6527 0.6425 0.5102 0.1319
1.28 0.6583 0.6475 0.5145 0.1336
1.285 0.6651 0.6538 0.5195 0.1347
1.29 0.6701 0.6592 0.5231 0.1361
1.295 0.6758 0.6656 0.5282 0.1378
1.3 0.6822 0.6711 0.5327 0.1394
1.305 0.6885 0.6764 0.5378 0.1407
1.31 0.6943 0.6828 0.5418 0.1422
1.315 0.7007 0.688 0.547 0.1438
1.32 0.7066 0.6945 0.5504 0.1454
1.325 0.711 0.6991 0.5561 0.1466
1.33 0.7177 0.7053 0.5596 0.1483
1.335 0.7227 0.7109 0.5647 0.1499
1.34 0.7294 0.716 0.5691 0.1511
1.345 0.7353 0.7223 0.5731 0.153
1.35 0.7408 0.7271 0.5772 0.1537
1.355 0.7463 0.734 0.5825 0.156
1.36 0.7523 0.7387 0.5864 0.1567
1.365 0.759 0.7442 0.5903 0.1583
1.37 0.7645 0.7493 0.5954 0.1596
1.375 0.7687 0.7563 0.5996 0.1617
1.38 0.7755 0.7615 0.6042 0.1629
1.385 0.7818 0.7667 0.6085 0.1642
1.39 0.7872 0.7724 0.6127 0.1659
1.395 0.7924 0.7772 0.6169 0.1669
1.4 0.7976 0.7832 0.6209 0.1689
1.405 0.805 0.7887 0.6252 0.1705
1.41 0.8096 0.7943 0.63 0.1717
1.415 0.8157 0.8007 0.6332 0.1731
1.42 0.8211 0.8052 0.6381 0.1748
1.425 0.827 0.8116 0.6422 0.1759
1.43 0.8319 0.8165 0.6466 0.1777
1.435 0.8366 0.8225 0.6513 0.179
1.44 0.8427 0.827 0.6559 0.1807
1.445 0.8492 0.8323 0.6598 0.1819
1.45 0.8545 0.8385 0.6638 0.1833
1.455 0.8597 0.8423 0.6684 0.1849
1.46 0.8656 0.8483 0.6726 0.1864
1.465 0.8713 0.8542 0.6768 0.1879
1.47 0.8767 0.8604 0.681 0.1892
1.475 0.8818 0.8642 0.6845 0.1909
1.48 0.8872 0.8698 0.6894 0.1921
1.485 0.8934 0.8762 0.6942 0.1937
1.49 0.899 0.8818 0.6971 0.1947
1.495 0.9041 0.8854 0.7016 0.1966
1.5 0.9096 0.8925 0.7055 0.1979
1.505 0.9152 0.8973 0.7104 0.1994
1.51 0.9199 0.9036 0.7141 0.2008
1.515 0.9259 0.9085 0.7185 0.2026
1.52 0.9311 0.9133 0.7231 0.2036
1.525 0.9367 0.9185 0.7273 0.2052
1.53 0.9413 0.9233 0.7307 0.2067
1.535 0.9472 0.9291 0.7356 0.208
1.54 0.9536 0.9332 0.7404 0.2096
1.545 0.9594 0.9388 0.7439 0.2108
1.55 0.9642 0.945 0.7481 0.2124
1.555 0.9696 0.9487 0.7519 0.2137
1.56 0.9754 0.9552 0.7557 0.2153
1.565 0.981 0.9606 0.7604 0.2168
1.57 0.985 0.9655 0.7651 0.2179
1.575 0.9912 0.9712 0.7681 0.2196
1.58 0.9966 0.9758 0.7728 0.2208
1.585 1.0026 0.9812 0.7773 0.2223
1.59 1.0066 0.9867 0.7812 0.2237
1.595 1.0124 0.9933 0.7858 0.2248
1.6 1.0176 0.9973 0.789 0.2267
1.605 1.0235 1.0024 0.7934 0.2278
1.61 1.0298 1.0078 0.7969 0.2293
1.615 1.0342 1.0136 0.802 0.2306
1.62 1.0392 1.0171 0.8054 0.2322
1.625 1.0455 1.0237 0.8103 0.2336
1.63 1.0503 1.0287 0.8135 0.2353
1.635 1.0561 1.0338 0.8175 0.2366
1.64 1.0611 1.0387 0.8221 0.238
1.645 1.0656 1.0449 0.8268 0.2394
1.65 1.0722 1.0496 0.8307 0.2409
1.655 1.0766 1.054 0.834 0.2424
1.66 1.0825 1.0605 0.8385 0.2438
1.665 1.0872 1.0643 0.8431 0.2447
1.67 1.0926 1.0702 0.8467 0.2466
1.675 1.0989 1.0749 0.8506 0.2478
1.68 1.1037 1.0806 0.8546 0.2494
1.685 1.1085 1.0861 0.8592 0.2505
1.69 1.1142 1.0908 0.8632 0.2516
1.695 1.1194 1.0954 0.8662 0.2534
1.7 1.1249 1.1009 0.871 0.2548
1.705 1.1305 1.1062 0.8749 0.2562
1.71 1.1354 1.1111 0.8793 0.2579
1.715 1.1405 1.1164 0.8831 0.2593
1.72 1.1455 1.121 0.887 0.2603
1.725 1.1515 1.1257 0.892 0.2619
1.73 1.1575 1.1318 0.8959 0.2632
1.735 1.162 1.1368 0.8998 0.2647
1.74 1.1673 1.1424 0.9039 0.2665
1.745 1.1725 1.1472 0.9079 0.2678
1.75 1.1775 1.1531 0.9118 0.2688
1.755 1.1834 1.1573 0.9156 0.2706
1.76 1.189 1.1629 0.9197 0.2717
1.765 1.1935 1.1674 0.9237 0.2734
1.77 1.1999 1.1725 0.9282 0.2745
1.775 1.2043 1.1784 0.9317 0.2761
1.78 1.2086 1.1828 0.9355 0.2773
1.785 1.2149 1.1876 0.9398 0.2789
1.79 1.2197 1.1924 0.9435 0.2805
1.795 1.2254 1.1988 0.9476 0.2815
1.8 1.2307 1.2037 0.9523 0.2831
1.805 1.2357 1.209 0.9566 0.2841
1.81 1.2403 1.2138 0.9599 0.2855
1.815 1.2478 1.2189 0.9644 0.2873
1.82 1.2511 1.2239 0.9683 0.2887
1.825 1.2555 1.2286 0.9719 0.2899
1.83 1.2617 1.2334 0.9761 0.2913
1.835 1.2662 1.2386 0.9796 0.2925
1.84 1.2725 1.2434 0.9842 0.2939
1.845 1.2782 1.2489 0.9889 0.2955
1.85 1.2824 1.2543 0.9923 0.2966
1.855 1.2881 1.2598 0.9967 0.2984
1.86 1.2938 1.2634 1.0004 0.2998
1.865 1.2984 1.2686 1.0045 0.3009
1.87 1.3034 1.2745 1.0081 0.3025
1.875 1.3089 1.2802 1.0118 0.3035
1.88 1.3142 1.2849 1.0165 0.3054
1.885 1.319 1.2895 1.0198 0.3065
1.89 1.3239 1.2949 1.0242 0.3077
1.895 1.3293 1.2996 1.0273 0.3092
1.9 1.3348 1.305 1.0324 0.3103
1.905 1.3395 1.3099 1.0358 0.3119
1.91 1.3451 1.3144 1.0402 0.3134
1.915 1.3506 1.3203 1.0441 0.3143
1.92 1.3561 1.3256 1.0478 0.3159
1.925 1.3599 1.3296 1.0521 0.3175
1.93 1.3661 1.3348 1.0566 0.3187
1.935 1.3716 1.3398 1.0603 0.3201
1.94 1.3766 1.3457 1.0635 0.3212
1.945 1.3817 1.3498 1.0679 0.3228
1.95 1.3866 1.3545 1.073 0.3241
1.955 1.3916 1.3598 1.0759 0.326
1.96 1.3967 1.3647 1.0803 0.3271
1.965 1.4026 1.3703 1.0843 0.3281
1.97 1.4071 1.3751 1.0872 0.3301
1.975 1.4125 1.3797 1.0926 0.3311
1.98 1.4167 1.385 1.0959 0.3328
1.985 1.4223 1.3896 1.0997 0.3338
1.99 1.4271 1.3953 1.104 0.3355
1.995 1.433 1.4001 1.1077 0.3365
2 1.438 1.4058 1.112 0.3381
2.005 1.4427 1.4103 1.1153 0.3395
2.01 1.4488 1.415 1.1198 0.3408
2.015 1.4543 1.4205 1.124 0.3419
2.02 1.4588 1.4248 1.1285 0.3436
2.025 1.4646 1.4301 1.1318 0.3446
2.03 1.4694 1.4349 1.1357 0.3461
2.035 1.4737 1.4401 1.1396 0.3472
2.04 1.4795 1.4447 1.143 0.3491
2.045 1.4844 1.4501 1.1476 0.35
2.05 1.4899 1.4546 1.1514 0.3513
2.055 1.4951 1.4598 1.1562 0.3526
2.06 1.5003 1.4655 1.1591 0.3544
2.065 1.5052 1.4685 1.1635 0.3556
2.07 1.5104 1.4752 1.1669 0.3568
2.075 1.5154 1.4796 1.1713 0.3583
2.08 1.5201 1.4842 1.1751 0.3598
2.085 1.5259 1.4893 1.1795 0.3609
2.09 1.531 1.4946 1.1831 0.3623
2.095 1.5363 1.4996 1.1872 0.3637
2.1 1.5407 1.505 1.1911 0.3649
2.105 1.5464 1.5111 1.1953 0.3665
2.11 1.5514 1.5151 1.1987 0.3677
2.115 1.5559 1.5195 1.203 0.3692
2.12 1.5615 1.5241 1.2071 0.3704
2.125 1.5666 1.5297 1.2112 0.3718
2.13 1.5712 1.5351 1.2149 0.3732
2.135 1.5767 1.5391 1.2189 0.3745
2.14 1.5818 1.5442 1.2227 0.3758
2.145 1.5872 1.5499 1.2264 0.3772
2.15 1.5927 1.5538 1.2309 0.3786
2.155 1.5972 1.5591 1.2343 0.3799
2.16 1.6024 1.5639 1.2384 0.381
2.165 1.6074 1.5695 1.2427 0.3826
2.17 1.6123 1.5748 1.2458 0.384
2.175 1.6171 1.5796 1.2501 0.3851
2.18 1.6233 1.5843 1.254 0.3869
2.185 1.6275 1.5887 1.2577 0.3881
2.19 1.6331 1.5935 1.2618 0.3894
2.195 1.638 1.5982 1.2657 0.3905
2.2 1.6436 1.604 1.2697 0.3919
2.205 1.6481 1.6086 1.2734 0.3931
2.21 1.653 1.6134 1.278 0.3948
2.215 1.6583 1.6173 1.2811 0.3962
2.22 1.6644 1.6243 1.2854 0.3975
2.225 1.6691 1.6288 1.29 0.3985
2.23 1.6744 1.6334 1.2933 0.4002
2.235 1.6789 1.6387 1.2974 0.4012
2.24 1.6838 1.6438 1.3011 0.4027
2.245 1.6889 1.6479 1.3053 0.404
2.25 1.6942 1.6535 1.3089 0.4054
2.255 1.6996 1.6578 1.3126 0.4069
2.26 1.7037 1.6626 1.317 0.4081
2.265 1.7097 1.668 1.3206 0.4093
2.27 1.7147 1.6726 1.3251 0.4106
2.275 1.7194 1.6778 1.3286 0.4123
2.28 1.725 1.683 1.3319 0.4135
2.285 1.729 1.687 1.3365 0.4148
2.29 1.7351 1.6927 1.3402 0.416
2.295 1.7406 1.6974 1.3438 0.4172
2.3 1.7445 1.703 1.3475 0.4187
2.305 1.7501 1.7078 1.3522 0.42
2.31 1.7558 1.712 1.3555 0.4212
2.315 1.7605 1.7167 1.3602 0.4227
2.32 1.7653 1.7224 1.3636 0.4241
2.325 1.7711 1.7279 1.3683 0.425
2.33 1.7751 1.7318 1.3718 0.4265
2.335 1.7802 1.7366 1.3758 0.428
2.34 1.7863 1.7415 1.38 0.4294
2.345 1.7907 1.7463 1.3838 0.4306
2.35 1.7953 1.752 1.3875 0.4319
2.355 1.8012 1.7579 1.3913 0.4334
2.36 1.8056 1.761 1.395 0.4346
2.365 1.8103 1.7666 1.3982 0.436
2.37 1.8153 1.7705 1.4037 0.4372
2.375 1.8201 1.7761 1.407 0.4387
2.38 1.8258 1.781 1.4114 0.4402
2.385 1.8312 1.7859 1.4147 0.4413
2.39 1.8358 1.791 1.4183 0.4427
2.395 1.8406 1.7968 1.4229 0.4438
2.4 1.8463 1.8001 1.4263 0.4454
2.405 1.8512 1.806 1.4298 0.4468
2.41 1.856 1.8102 1.4335 0.4481
2.415 1.8611 1.8159 1.4383 0.4495
2.42 1.8667 1.8199 1.4425 0.4506
2.425 1.8713 1.8246 1.4457 0.4521
2.43 1.8763 1.8309 1.4493 0.4533
2.435 1.8813 1.8349 1.4541 0.4546
2.44 1.8868 1.8403 1.4574 0.456
2.445 1.8913 1.8447 1.4617 0.4573
2.45 1.8967 1.8498 1.4655 0.4585
2.455 1.9014 1.855 1.4689 0.46
2.46 1.9064 1.859 1.4727 0.4612
2.465 1.9122 1.8647 1.4764 0.4625
2.47 1.9169 1.8695 1.481 0.4639
2.475 1.9212 1.8738 1.4845 0.4651
2.48 1.9276 1.8785 1.4886 0.4665
2.485 1.9323 1.8835 1.4933 0.4677
2.49 1.9368 1.8885 1.4969 0.4693
2.495 1.9422 1.8936 1.5003 0.4704
2.5 1.947 1.8987 1.5046 0.4718
2.505 1.9527 1.9037 1.5083 0.473
2.51 1.9574 1.9081 1.5124 0.4744
2.515 1.9628 1.9132 1.5153 0.4758
2.52 1.9676 1.9177 1.5201 0.4769
2.525 1.9716 1.9237 1.5239 0.4784
2.53 1.9764 1.9285 1.5273 0.4796
2.535 1.9811 1.933 1.5316 0.481
2.54 1.9874 1.9382 1.5349 0.4824
2.545 1.9934 1.9425 1.5387 0.4835
2.55 1.9968 1.9479 1.5429 0.4852
2.555 2.0026 1.9526 1.5474 0.4862
2.56 2.0074 1.9567 1.551 0.4875
2.565 2.0125 1.9615 1.5548 0.489
2.57 2.0175 1.9665 1.5587 0.4901
2.575 2.0234 1.9712 1.5633 0.4915
2.58 2.0276 1.9767 1.5668 0.493
2.585 2.0326 1.9814 1.5708 0.4941
2.59 2.0374 1.9863 1.5746 0.4954
2.595 2.0433 1.9918 1.5783 0.4966
2.6 2.0474 1.9967 1.5821 0.4981
2.605 2.0522 2.0009 1.5865 0.4994
2.61 2.0572 2.0058 1.5895 0.5007
2.615 2.0629 2.0108 1.5935 0.5022
2.62 2.0673 2.016 1.597 0.5034
2.625 2.0722 2.0204 1.6014 0.5047
2.63 2.0772 2.0252 1.605 0.5058
2.635 2.0828 2.0302 1.609 0.5075
2.64 2.0883 2.0359 1.613 0.5087
2.645 2.0925 2.0401 1.617 0.5096
2.65 2.0983 2.0441 1.6205 0.5113
2.655 2.1034 2.0493 1.6244 0.5125
2.66 2.1074 2.0546 1.6279 0.5137
2.665 2.1128 2.0585 1.6322 0.515
2.67 2.1178 2.0641 1.6366 0.5164
2.675 2.1231 2.069 1.6398 0.5179
2.68 2.1282 2.0734 1.6443 0.5191
2.685 2.1334 2.079 1.6478 0.5205
2.69 2.1373 2.0841 1.652 0.5218
2.695 2.1426 2.0888 1.6551 0.5231
2.7 2.1477 2.0929 1.6592 0.5241
2.705 2.1534 2.0981 1.6632 0.5256
2.71 2.1585 2.103 1.6665 0.527
2.715 2.1624 2.1085 1.6715 0.5283
2.72 2.168 2.1129 1.6747 0.5295
2.725 2.1733 2.1176 1.6779 0.5308
2.73 2.1785 2.1221 1.6829 0.5322
2.735 2.183 2.1272 1.6868 0.5334
2.74 2.188 2.1319 1.6902 0.5344
2.745 2.1923 2.1364 1.6937 0.536
2.75 2.1983 2.1417 1.6979 0.5373
2.755 2.2037 2.1472 1.7016 0.5386
2.76 2.2084 2.1519 1.7059 0.54
2.765 2.2125 2.1568 1.7096 0.5413
2.77 2.219 2.1618 1.7134 0.5423
2.775 2.2225 2.1655 1.7178 0.544
2.78 2.2289 2.1702 1.721 0.5451
2.785 2.2332 2.1762 1.7257 0.5467
2.79 2.2374 2.1799 1.729 0.5477
2.795 2.2431 2.1849 1.7326 0.5491
2.8 2.2482 2.1896 1.7366 0.5504
2.805 2.253 2.1956 1.7407 0.5517
2.81 2.2581 2.1998 1.7449 0.553
2.815 2.2637 2.2052 1.7484 0.5541
2.82 2.2674 2.2089 1.7522 0.5555
2.825 2.2723 2.2148 1.7567 0.5569
2.83 2.2782 2.2191 1.7599 0.5581
2.835 2.2824 2.2247 1.764 0.5593
2.84 2.2874 2.2295 1.7678 0.5606
2.845 2.2926 2.2342 1.772 0.5619
2.85 2.2978 2.239 1.7747 0.5633
2.855 2.3024 2.2443 1.7792 0.5647
2.86 2.3079 2.2481 1.783 0.5659
2.865 2.3131 2.253 1.7866 0.567
2.87 2.3178 2.2576 1.7911 0.5686
2.875 2.3225 2.2627 1.7942 0.57
2.88 2.3277 2.2677 1.7983 0.5711
2.885 2.3326 2.2727 1.8017 0.5724
2.89 2.3377 2.277 1.8059 0.5739
2.895 2.3423 2.2812 1.8103 0.5751
2.9 2.3477 2.2868 1.8144 0.5764
2.905 2.3528 2.2919 1.818 0.5778
2.91 2.3574 2.2969 1.8215 0.5792
2.915 2.3624 2.3013 1.8262 0.5803
2.92 2.3677 2.3062 1.8299 0.5817
2.925 2.3728 2.3108 1.8334 0.5827
2.93 2.3773 2.3161 1.8376 0.5841
2.935 2.382 2.3208 1.841 0.5854
2.94 2.388 2.3252 1.8457 0.5868
2.945 2.3926 2.33 1.8488 0.5881
2.95 2.396 2.3348 1.8526 0.5894
2.955 2.4025 2.3402 1.8569 0.5905
2.96 2.4078 2.3445 1.8601 0.592
2.965 2.4121 2.3499 1.8646 0.5935
2.97 2.4175 2.3541 1.8683 0.5948
2.975 2.4221 2.3599 1.8723 0.5957
2.98 2.4277 2.3644 1.876 0.5971
2.985 2.433 2.3699 1.8798 0.5985
2.99 2.4374 2.3738 1.8837 0.5999
2.995 2.4422 2.3789 1.8866 0.601
3 2.4463 2.3836 1.8912 0.6022
3.005 2.4525 2.388 1.8947 0.6033
3.01 2.457 2.3931 1.8989 0.6047
3.015 2.4619 2.3984 1.9026 0.6062
3.02 2.468 2.403 1.9066 0.6074
3.025 2.4733 2.4079 1.9098 0.6085
3.03 2.4771 2.4123 1.9137 0.61
3.035 2.4821 2.4178 1.9185 0.6114
3.04 2.4867 2.4221 1.922 0.6126
3.045 2.4919 2.427 1.9256 0.6138
3.05 2.4966 2.4315 1.9296 0.6153
3.055 2.502 2.4372 1.9329 0.6165
3.06 2.5075 2.4424 1.937 0.6177
3.065 2.5127 2.4462 1.9413 0.6192
3.07 2.5176 2.4506 1.9452 0.6204
3.075 2.5223 2.4562 1.9479 0.6219
3.08 2.5266 2.4607 1.9528 0.623
3.085 2.532 2.4665 1.9571 0.6242
3.09 2.5369 2.4698 1.9607 0.6257
3.095 2.5419 2.4758 1.9638 0.627
3.1 2.5465 2.4795 1.9678 0.6281
3.105 2.5523 2.4847 1.9719 0.6294
3.11 2.5561 2.4899 1.9759 0.6307
3.115 2.562 2.4944 1.9798 0.6319
3.12 2.5661 2.4995 1.9832 0.6334
3.125 2.5715 2.5034 1.9872 0.6343
3.13 2.5759 2.509 1.9911 0.6357
3.135 2.5814 2.5139 1.9942 0.6369
3.14 2.5865 2.519 1.9989 0.6384
3.145 2.5915 2.5237 2.0027 0.6399
3.15 2.5956 2.5278 2.007 0.641
3.155 2.6006 2.5337 2.0104 0.6424
3.16 2.6061 2.5375 2.0142 0.6434
3.165 2.6116 2.5424 2.0178 0.645
3.17 2.6167 2.5471 2.0217 0.6463
3.175 2.6215 2.5523 2.0254 0.6475
3.18 2.6255 2.5568 2.0296 0.6487
3.185 2.6305 2.5618 2.0334 0.6502
3.19 2.6349 2.5665 2.0374 0.6514
3.195 2.6403 2.5715 2.041 0.6527
3.2 2.6463 2.5766 2.0449 0.6538
3.205 2.6516 2.581 2.0485 0.6554
3.21 2.6562 2.5861 2.0525 0.6566
3.215 2.661 2.59 2.0566 0.6577
3.22 2.6654 2.5952 2.0607 0.659
3.225 2.6706 2.5996 2.0645 0.6601
3.23 2.6752 2.6049 2.0675 0.6618
3.235 2.6798 2.6098 2.0713 0.6632
3.24 2.6854 2.6146 2.0758 0.6643
3.245 2.6898 2.619 2.0788 0.6655
3.25 2.6947 2.6243 2.0829 0.667
3.255 2.6997 2.6285 2.0872 0.6682
3.26 2.7042 2.6335 2.0905 0.6694
3.265 2.709 2.6387 2.0948 0.6707
3.27 2.7147 2.6425 2.0985 0.6718
3.275 2.7198 2.6473 2.1033 0.6735
3.28 2.7252 2.6523 2.1059 0.6747
3.285 2.7296 2.6586 2.1098 0.6759
3.29 2.7348 2.6623 2.1143 0.6772
3.295 2.7406 2.6677 2.1185 0.6784
3.3 2.7457 2.6717 2.1208 0.6798
3.305 2.7493 2.6768 2.1248 0.681
3.31 2.7549 2.6812 2.1291 0.6825
3.315 2.7592 2.6859 2.1329 0.6836
3.32 2.764 2.6917 2.1369 0.6848
3.325 2.7699 2.6959 2.141 0.6861
3.33 2.7743 2.7001 2.1445 0.6873
3.335 2.7795 2.705 2.1492 0.6885
3.34 2.7841 2.7104 2.1525 0.6899
3.345 2.7888 2.7148 2.1563 0.6913
3.35 2.7947 2.7198 2.1599 0.6926
3.355 2.7992 2.7244 2.1634 0.6942
3.36 2.8036 2.7291 2.1677 0.6953
3.365 2.8081 2.7342 2.1707 0.6966
3.37 2.8136 2.7394 2.1747 0.6976
3.375 2.819 2.7438 2.1787 0.699
3.38 2.8235 2.749 2.1836 0.7003
3.385 2.8293 2.753 2.1859 0.7017
3.39 2.8336 2.7578 2.1906 0.7028
3.395 2.8392 2.7635 2.1938 0.7042
3.4 2.8432 2.7683 2.1983 0.7055
3.405 2.8482 2.773 2.2018 0.7068
3.41 2.8533 2.7775 2.2058 0.7079
3.415 2.858 2.7821 2.2094 0.7093
3.42 2.8643 2.7876 2.2132 0.7106
3.425 2.8681 2.7911 2.217 0.7117
3.43 2.8726 2.7964 2.2208 0.713
3.435 2.8774 2.8008 2.225 0.7145
3.44 2.8835 2.8063 2.2283 0.7156
3.445 2.8878 2.8112 2.2326 0.7169
3.45 2.892 2.8155 2.2357 0.7184
3.455 2.8976 2.8205 2.2399 0.7197
3.46 2.9026 2.8249 2.2442 0.7209
3.465 2.9073 2.8301 2.2478 0.7222
3.47 2.9123 2.8345 2.2519 0.7235
3.475 2.9177 2.8397 2.256 0.7245
3.48 2.9217 2.8439 2.2592 0.726
3.485 2.9272 2.8489 2.2634 0.7271
3.49 2.9325 2.8535 2.2673 0.7286
3.495 2.9368 2.8587 2.2708 0.7299
