0
0
0
0
0
0
0
0
0
0
0
0
0
0
0
0
0
0
0
0
0
0
0
0
0
0
0
0
0
0
0
0
0
0
0
0
0
0
0
0
0
0
0
0
0
0
0
0
0
0
0
0
0
0
0
0
0
0
0
0
0
0
0
0
0
0
0
0
0
0
0
0
0
0
0
0
0
0
0
0
0
0
0
0
0
0
0
0
0
0
0
0
0
0
0
0
0
0
0
0
0
0
0
0
0
0
0
0
0
0
0
0
0
0
0
0
0
0
0
0
0
0
0
0
0
0
0
0
0
0
0
0
0
0
0
0
0
0
0
0
0
0
0
0
0
0.001
0
0
0
0
0.001
0.002
0
0.004
0
0
0.007
0.004
0.003
0.014
0.003
0.013
0.011
0.015
0.019
0.026
0.029
0.027
0.028
0.037
0.043
0.04
0.052
0.065
0.072
0.061
0.073
0.111
0.083
0.108
0.119
0.135
0.131
0.172
0.167
0.19
0.2
0.23
0.221
0.248
0.286
0.296
0.289
0.292
0.303
0.385
0.385
0.383
0.43
0.454
0.434
0.432
0.525
0.512
0.539
0.58
0.608
0.599
0.597
0.589
0.642
0.681
0.647
0.749
0.719
0.737
0.743
0.75
0.792
0.761
0.749
0.856
0.831
0.863
0.8
0.876
0.904
0.852
0.845
0.872
0.877
0.899
0.912
0.857
0.934
0.903
0.936
0.939
0.93
0.859
0.886
0.923
0.877
0.858
0.952
0.952
0.901
0.902
0.853
0.867
0.936
0.889
0.921
0.848
0.887
0.92
0.896
0.846
0.857
0.84
0.846
0.82
0.845
0.837
0.786
0.842
0.78
0.774
0.753
0.79
0.799
0.801
0.745
0.751
0.76
0.707
0.71
0.73
0.699
0.71
0.697
0.659
0.662
0.634
0.701
0.625
0.613
0.686
0.596
0.57
0.57
0.547
0.578
0.543
0.553
0.594
0.544
0.56
0.51
0.472
0.48
0.462
0.517
0.458
0.454
0.437
0.455
0.422
0.45
0.41
0.45
0.409
0.415
0.41
0.403
0.387
0.337
0.34
0.313
0.361
0.319
0.312
0.311
0.294
0.284
0.273
0.282
0.265
0.291
0.295
0.268
0.224
0.254
0.249
0.222
0.22
0.245
0.187
0.201
0.22
0.175
0.191
0.192
0.163
0.167
0.17
0.166
0.135
0.137
0.151
0.148
0.099
0.132
0.112
0.123
0.102
0.104
0.132
0.107
0.103
0.098
0.073
0.096
0.088
0.09
0.079
0.075
0.064
0.067
0.074
0.073
0.055
0.073
0.061
0.049
0.071
0.046
0.055
0.055
0.065
0.06
0.063
0.05
0.058
0.046
0.058
0.043
0.062
0.069
0.069
0.064
0.047
0.091
0.069
0.085
0.079
0.083
0.089
0.101
0.107
0.126
0.121
0.145
0.13
0.126
0.176
0.151
0.166
0.193
0.199
0.216
0.242
0.226
0.253
0.307
0.289
0.301
0.32
0.341
0.372
0.397
0.414
0.409
0.438
0.456
0.491
0.468
0.484
0.55
0.557
0.628
0.563
0.579
0.631
0.63
0.697
0.691
0.714
0.764
0.715
0.763
0.763
0.756
0.821
0.842
0.856
0.845
0.848
0.917
0.881
0.875
0.902
0.898
0.924
0.926
0.929
0.956
0.895
0.922
0.963
0.991
0.967
0.998
1
0.995
0.998
1.039
1.032
0.991
0.966
1.03
1.034
1.02
1.005
0.967
0.952
0.931
0.959
0.977
0.908
0.934
0.877
0.962
0.94
0.842
0.924
0.826
0.901
0.879
0.813
0.827
0.827
0.812
0.775
0.811
0.762
0.711
0.718
0.77
0.722
0.745
0.705
0.686
0.683
0.684
0.682
0.674
0.655
0.612
0.605
0.566
0.502
0.564
0.549
0.556
0.507
0.512
0.504
0.529
0.45
0.472
0.499
0.434
0.435
0.46
0.43
0.437
0.413
0.402
0.352
0.375
0.371
0.366
0.375
0.333
0.342
0.315
0.295
0.342
0.3
0.3
0.299
0.276
0.289
0.28
0.26
0.216
0.238
0.223
0.204
0.211
0.199
0.202
0.199
0.187
0.214
0.209
0.183
0.184
0.159
0.177
0.149
0.179
0.17
0.156
0.138
0.171
0.142
0.11
0.116
0.14
0.134
0.11
0.121
0.13
0.107
0.114
0.1
0.106
0.111
0.099
0.104
0.095
0.096
0.109
0.11
0.092
0.092
0.112
0.101
0.096
0.105
0.102
0.093
0.087
0.072
0.074
0.089
0.082
0.095
0.101
0.089
0.108
0.1
0.117
0.1
0.09
0.108
0.127
0.107
0.125
0.115
0.11
0.126
0.129
0.108
0.137
0.135
0.131
0.147
0.122
0.136
0.138
0.153
0.162
0.162
0.162
0.183
0.169
0.176
0.169
0.143
0.214
0.197
0.2
0.201
0.216
0.199
0.204
0.212
0.24
0.189
0.252
0.25
0.252
0.224
0.211
0.234
0.249
0.247
0.285
0.29
0.267
0.272
0.26
0.275
0.294
0.293
0.283
0.326
0.314
0.338
0.297
0.322
0.329
0.337
0.343
0.349
0.345
0.36
0.36
0.365
0.337
0.363
0.353
0.368
0.299
0.426
0.402
0.398
0.375
0.389
0.402
0.429
0.398
0.395
0.432
0.427
0.434
0.429
0.435
0.462
0.457
0.427
0.463
0.44
0.45
0.463
0.477
0.447
0.465
0.527
0.447
0.533
0.536
0.489
0.472
0.499
0.505
0.463
0.542
0.472
0.535
0.507
0.523
0.497
0.516
0.504
0.552
0.541
0.544
0.55
0.537
0.544
0.545
0.55
0.56
0.572
0.57
0.5
0.559
0.555
0.566
0.573
0.517
0.606
0.547
0.576
0.607
0.611
0.618
0.538
0.549
0.576
0.582
0.545
0.579
0.562
0.601
0.607
0.601
0.577
0.549
0.561
0.57
0.608
0.569
0.578
0.548
0.558
0.55
0.552
0.586
0.596
0.589
0.535
0.529
0.549
0.531
0.552
0.559
0.584
0.564
0.486
0.562
0.556
0.527
0.571
0.575
0.532
0.572
0.606
0.552
0.516
0.514
0.53
0.535
0.547
0.549
0.542
0.468
0.497
0.509
0.487
0.493
0.523
0.457
0.486
0.465
0.439
0.485
0.475
0.454
0.442
0.433
0.436
0.438
0.465
0.442
0.437
0.472
0.401
0.418
0.423
0.441
0.401
0.396
0.354
0.387
0.36
0.394
0.382
0.365
0.337
0.358
0.314
0.323
0.314
0.339
0.315
0.317
0.293
0.29
0.26
0.296
0.277
0.307
0.255
0.289
0.269
0.257
0.263
0.262
0.261
0.276
0.252
0.266
0.26
0.256
0.268
0.272
0.267
0.26
0.243
0.273
0.244
0.246
0.248
0.293
0.249
0.264
0.283
0.274
0.263
0.242
0.275
0.295
0.309
0.281
0.29
0.275
0.279
0.281
0.28
0.311
0.288
0.311
0.342
0.357
0.344
0.32
0.32
0.35
0.359
0.332
0.393
0.37
0.402
0.404
0.393
0.406
0.423
0.406
0.459
0.404
0.415
0.424
0.428
0.468
0.492
0.454
0.526
0.47
0.498
0.464
0.49
0.468
0.514
0.512
0.525
0.532
0.488
0.541
0.544
0.537
0.552
0.567
0.607
0.597
0.55
0.557
0.59
0.574
0.593
0.582
0.6
0.582
0.661
0.613
0.62
0.636
0.639
0.636
0.645
0.623
0.621
0.69
0.624
0.645
0.606
0.676
0.617
0.642
0.618
0.641
0.648
0.64
0.667
0.676
0.708
0.686
0.641
0.629
0.624
0.629
0.681
0.645
0.635
0.689
0.668
0.619
0.655
0.618
0.679
0.626
0.646
0.63
0.589
0.68
0.557
0.614
0.599
0.627
0.629
0.595
0.634
0.613
0.585
0.556
0.55
0.582
0.568
0.575
0.567
0.55
0.579
0.556
0.559
0.562
0.54
0.586
0.513
0.516
0.54
0.546
0.525
0.569
0.536
0.516
0.553
0.491
0.485
0.498
0.492
0.492
0.462
0.444
0.476
0.495
0.431
0.462
0.427
0.444
0.438
0.434
0.41
0.386
0.385
0.373
0.376
0.392
0.356
0.395
0.416
0.362
0.344
0.366
0.336
0.349
0.328
0.375
0.342
0.311
0.31
0.31
0.293
0.323
0.302
0.312
0.288
0.29
0.311
0.29
0.266
0.293
0.301
0.277
0.268
0.258
0.284
0.283
0.234
0.259
0.253
0.257
0.263
0.265
0.263
0.255
0.243
0.226
0.251
0.233
0.222
0.232
0.22
0.232
0.23
0.25
0.223
0.239
0.219
0.245
0.236
0.224
0.211
0.226
0.205
0.208
0.229
0.237
0.235
0.242
0.244
0.224
0.206
0.24
0.225
0.183
0.24
0.234
0.188
0.218
0.214
0.216
0.234
0.245
0.264
0.226
0.217
0.251
0.239
0.237
0.254
0.241
0.236
0.266
0.246
0.248
0.205
0.219
0.251
0.23
0.243
0.25
0.237
0.253
0.239
0.218
0.276
0.255
0.256
0.267
0.27
0.253
0.243
0.275
0.277
0.276
0.298
0.274
0.296
0.269
0.29
0.255
0.281
0.25
0.274
0.266
0.256
0.276
0.252
0.276
0.313
0.289
0.288
0.32
0.31
0.32
0.315
0.284
0.327
0.279
0.269
0.302
0.339
0.308
0.323
0.325
0.34
0.353
0.339
0.32
0.314
0.348
0.307
0.362
0.352
0.333
0.318
0.337
0.351
0.36
0.382
0.35
0.367
0.378
0.363
0.42
0.362
0.351
0.398
0.349
0.388
0.388
0.393
0.37
0.384
0.387
0.41
0.418
0.382
0.39
0.429
0.439
0.414
0.419
0.433
0.43
0.398
0.414
0.444
0.425
0.466
0.437
0.443
0.444
0.455
0.451
0.479
0.537
0.433
0.433
0.455
0.469
0.473
0.476
0.479
0.506
0.487
0.462
0.458
0.455
0.476
0.49
0.504
0.492
0.488
0.51
0.461
0.492
0.506
0.499
0.497
0.501
0.519
0.528
0.519
0.529
0.52
0.539
0.57
0.572
0.545
0.546
0.513
0.536
0.53
0.573
0.564
0.515
0.557
0.547
0.538
0.513
0.561
0.541
0.575
0.559
0.563
0.549
0.578
0.581
0.573
0.541
0.544
0.509
0.556
0.535
0.489
0.518
0.562
0.582
0.513
0.561
0.544
0.528
0.543
0.564
0.526
0.498
0.53
0.519
0.483
0.488
0.505
0.515
0.509
0.541
0.447
0.515
0.483
0.515
0.497
0.519
0.48
0.47
0.484
0.482
0.462
0.467
0.467
0.468
0.448
0.407
0.449
0.436
0.417
0.444
0.439
0.422
0.404
0.439
0.411
0.407
0.395
0.412
0.388
0.396
0.409
0.404
0.394
0.395
0.383
0.393
0.408
0.407
0.423
0.379
0.37
0.365
0.38
0.427
0.365
0.395
0.374
0.373
0.414
0.376
0.371
0.4
0.39
0.366
0.362
0.382
0.367
0.411
0.388
0.388
0.353
0.378
0.387
0.398
0.408
0.389
0.381
0.414
0.396
0.422
0.359
0.401
0.389
0.38
0.392
0.381
0.414
0.383
0.4
0.395
0.404
0.393
0.417
0.412
0.432
0.406
0.428
0.378
0.454
0.425
0.42
0.432
0.44
0.454
0.415
0.419
0.424
0.44
0.468
0.44
0.42
0.443
0.43
0.451
0.466
0.454
0.465
0.467
0.461
0.479
0.455
0.475
0.472
0.481
0.498
0.497
0.458
0.509
0.521
0.507
0.472
0.499
0.512
0.498
0.531
0.515
0.523
0.522
0.492
0.52
0.487
0.494
0.547
0.526
0.55
0.55
0.577
0.544
0.532
0.547
0.509
0.538
0.563
0.519
0.547
0.515
0.547
0.572
0.543
0.56
0.509
0.535
0.559
0.574
0.544
0.583
0.525
0.548
0.578
0.528
0.543
0.543
0.555
0.522
0.534
0.51
0.543
0.556
0.556
0.513
0.537
0.556
0.499
0.514
0.549
0.499
0.515
0.491
0.476
0.514
0.503
0.499
0.494
0.49
0.521
0.494
0.473
0.496
0.524
0.509
0.506
0.508
0.439
0.498
0.473
0.48
0.493
0.479
0.465
0.453
0.434
0.475
0.414
0.435
0.432
0.457
0.463
0.457
0.462
0.418
0.438
0.392
0.409
0.444
0.416
0.443
0.425
0.41
0.411
0.406
0.377
0.379
0.381
0.408
0.376
0.371
0.37
0.39
0.387
0.391
0.32
0.351
0.371
0.338
0.365
0.338
0.331
0.373
0.323
0.319
0.351
0.3
0.314
0.309
0.353
0.341
0.317
0.335
0.278
0.284
0.318
0.311
0.295
0.294
0.309
0.307
0.314
0.3
0.294
0.277
0.285
0.293
0.266
0.292
0.304
0.256
0.315
0.255
0.284
0.305
0.255
0.275
0.244
0.278
0.275
0.281
0.278
0.253
0.227
0.262
0.24
0.234
0.275
0.279
0.28
0.26
0.272
0.272
0.264
0.254
0.248
0.239
0.237
0.264
0.235
0.252
0.264
0.268
0.267
0.25
0.262
0.253
0.273
0.289
0.296
0.265
0.249
0.232
0.249
0.248
0.297
0.257
0.275
0.267
0.285
0.261
0.28
0.25
0.279
0.277
0.265
0.227
0.274
0.273
0.244
0.278
0.26
0.253
0.259
0.275
0.268
0.291
0.33
0.264
0.271
0.282
0.257
0.295
0.294
0.274
0.25
0.281
0.253
0.283
0.3
0.26
0.292
0.318
0.273
0.311
0.307
0.29
0.272
0.293
0.294
0.298
0.299
0.318
0.342
0.327
0.326
0.295
0.3
0.318
0.359
0.354
0.333
0.32
0.356
0.339
0.333
0.373
0.326
0.329
0.337
0.341
0.362
0.354
0.342
0.4
0.359
0.38
0.386
0.404
0.362
0.38
0.403
0.38
0.376
0.374
0.403
0.385
0.425
0.415
0.415
0.425
0.4
0.419
0.413
0.44
0.403
0.49
0.429
0.401
0.447
0.458
0.451
0.44
0.426
0.458
0.469
0.451
0.495
0.448
0.476
0.478
0.462
0.474
0.493
0.479
0.471
0.512
0.517
0.536
0.479
0.491
0.513
0.514
0.512
0.551
0.567
0.549
0.57
0.519
0.524
0.521
0.521
0.553
0.599
0.57
0.543
0.582
0.568
0.604
0.569
0.538
0.617
0.578
0.564
0.541
0.585
0.568
0.562
0.619
0.583
0.567
0.583
0.534
0.601
0.543
0.542
0.546
0.557
0.544
0.604
0.568
0.584
0.561
0.541
0.577
0.571
0.589
0.538
0.508
0.594
0.619
0.526
0.536
0.57
0.528
0.556
0.537
0.519
0.504
0.522
0.534
0.533
0.537
0.572
0.536
0.514
0.468
0.557
0.479
0.486
0.476
0.513
0.476
0.481
0.47
0.463
0.465
0.444
0.444
0.422
0.443
0.481
0.43
0.445
0.441
0.448
0.506
0.462
0.43
0.434
0.406
0.442
0.459
0.43
0.456
0.411
0.424
0.422
0.414
0.437
0.416
0.422
0.396
0.364
0.407
0.439
0.401
0.385
0.446
0.417
0.384
0.421
0.394
0.386
0.358
0.381
0.446
0.386
0.353
0.412
0.397
0.411
0.372
0.409
0.384
0.366
0.385
0.393
0.387
0.355
0.406
0.382
0.404
0.398
0.366
0.41
0.406
0.397
0.425
0.401
0.378
0.403
0.385
0.396
0.397
0.388
0.393
0.384
0.37
0.411
0.396
0.435
0.369
0.398
0.399
0.404
0.454
0.425
0.42
0.416
0.398
0.441
0.42
0.463
0.431
0.464
0.444
0.448
0.467
0.455
0.455
0.446
0.451
0.487
0.477
0.448
0.476
0.465
0.447
0.409
0.486
0.491
0.469
0.485
0.474
0.488
0.468
0.481
0.497
0.488
0.486
0.479
0.501
0.494
0.51
0.48
0.48
0.499
0.483
0.471
0.497
0.502
0.496
0.497
0.5
0.456
0.509
0.496
0.541
0.497
0.518
0.493
0.481
0.526
0.491
0.507
0.496
0.521
0.58
0.518
0.494
0.499
0.544
0.473
0.511
0.532
0.505
0.509
0.537
0.476
0.551
0.498
0.498
0.464
0.502
0.439
0.531
0.495
0.506
0.536
0.495
0.503
0.494
0.473
0.5
0.493
0.468
0.468
0.471
0.486
0.466
0.486
0.489
0.445
0.453
0.463
0.465
0.437
0.45
0.45
0.43
0.454
0.413
0.44
0.427
0.427
0.411
0.435
0.41
0.418
0.413
0.418
0.385
0.43
0.414
0.372
0.344
0.43
0.369
0.385
0.39
0.372
0.357
0.367
0.395
0.376
0.349
0.368
0.369
0.396
0.339
0.351
0.366
0.352
0.359
0.351
0.338
0.359
0.331
0.368
0.358
0.357
0.306
0.336
0.329
0.327
0.326
0.317
0.285
0.311
0.32
0.311
0.284
0.335
0.308
0.301
0.329
0.283
0.305
0.263
0.27
0.269
0.314
0.302
0.295
0.263
0.295
0.267
0.269
0.265
0.278
0.267
0.267
0.273
0.296
0.309
0.289
0.226
0.279
0.283
0.234
0.234
0.264
0.277
0.279
0.271
0.265
0.244
0.268
0.279
0.258
0.23
0.271
0.267
0.264
0.257
0.254
0.253
0.265
0.307
0.242
0.277
0.263
0.308
0.277
0.255
0.277
0.283
0.253
0.247
0.286
0.257
0.29
0.252
0.246
0.266
0.257
0.254
0.262
0.261
0.265
0.253
0.268
0.274
0.284
0.291
0.271
0.279
0.283
0.277
0.268
0.262
0.282
0.284
0.27
0.287
0.25
0.301
0.26
0.294
0.291
0.29
0.3
0.32
0.294
0.298
0.312
0.307
0.287
0.322
0.299
0.299
0.299
0.307
0.286
0.311
0.322
0.307
0.337
0.349
0.334
0.322
0.309
0.336
0.341
0.361
0.365
0.36
0.328
0.383
0.354
0.374
0.378
0.354
0.347
0.36
0.373
0.373
0.392
0.379
0.4
0.367
0.389
0.398
0.394
0.397
0.417
0.414
0.45
0.407
0.438
0.438
0.46
0.438
0.463
0.423
0.446
0.454
0.457
0.484
0.475
0.516
0.472
0.505
0.516
0.5
0.478
0.513
0.467
0.499
0.528
0.486
0.498
0.51
0.54
0.516
0.551
0.55
0.521
0.519
0.534
0.537
0.584
0.529
0.53
0.562
0.576
0.579
0.506
0.632
0.609
0.621
0.573
0.589
0.617
0.62
0.535
0.575
0.592
0.563
0.576
0.564
0.546
0.558
0.596
0.57
0.569
0.584
0.583
0.607
0.575
0.598
0.585
0.575
0.659
0.583
0.597
0.558
0.534
0.585
0.589
0.526
0.555
0.592
0.575
0.527
0.606
0.527
0.533
0.538
0.604
0.546
0.534
0.558
0.545
0.587
0.552
0.513
0.535
0.524
0.538
0.461
0.538
0.53
0.53
0.5
0.522
0.507
0.52
0.485
0.491
0.549
0.476
0.479
0.456
0.489
0.464
0.492
0.478
0.434
0.486
0.493
0.459
0.443
0.443
0.408
0.461
0.44
0.403
0.405
0.42
0.404
0.403
0.407
0.405
0.417
0.427
0.41
0.406
0.42
0.425
0.401
0.379
0.387
0.423
0.395
0.406
0.395
0.406
0.359
0.363
0.342
0.39
0.403
0.391
0.41
0.405
0.365
0.403
0.362
0.374
0.383
0.417
0.397
0.387
0.362
0.378
0.392
0.417
0.421
0.374
0.368
0.393
0.382
0.383
0.363
0.372
0.378
0.387
0.395
0.422
0.369
0.371
0.414
0.378
0.421
0.407
0.393
0.369
0.419
0.384
0.388
0.39
0.43
0.393
0.404
0.414
0.421
0.432
0.384
0.425
0.408
0.414
0.43
0.419
0.469
0.456
0.44
0.429
0.415
0.415
0.469
0.43
0.459
0.48
0.437
0.434
0.445
0.474
0.448
0.489
0.49
0.454
0.453
0.447
0.444
0.459
0.504
0.471
0.483
0.502
0.445
0.523
0.498
0.472
0.538
0.539
0.486
0.51
0.5
0.482
0.527
0.522
0.499
0.466
0.536
0.499
0.544
0.469
0.51
0.477
0.474
0.478
0.529
0.463
0.468
0.46
0.504
0.526
0.503
0.478
0.479
0.485
0.472
0.477
0.487
0.508
0.482
0.501
0.479
0.517
0.486
0.494
0.486
0.49
0.489
0.417
0.472
0.446
0.445
0.483
0.408
0.47
0.471
0.486
0.473
0.44
0.449
0.402
0.446
0.442
0.465
0.464
0.432
0.436
0.483
0.455
0.449
0.42
0.497
0.407
0.384
0.401
0.398
0.397
0.393
0.397
0.38
0.421
0.395
0.388
0.406
0.409
0.377
0.398
0.392
0.373
0.379
0.363
0.381
0.369
0.347
0.373
0.368
0.361
0.317
0.348
0.343
0.345
0.376
0.369
0.336
0.335
0.37
0.345
0.345
0.31
0.377
0.302
0.33
0.316
0.341
0.348
0.32
0.331
0.34
0.314
0.342
0.311
0.311
0.269
0.325
0.281
0.279
0.301
0.269
0.321
0.329
0.298
0.275
0.284
0.294
0.292
0.274
0.289
0.289
0.283
0.277
0.276
0.263
0.272
0.244
0.27
0.246
0.298
0.27
0.282
0.263
0.238
0.248
0.264
0.259
0.259
0.25
0.286
0.271
0.265
0.29
0.247
0.274
0.238
0.249
0.275
0.253
0.277
0.264
0.273
0.271
0.268
0.257
0.279
0.247
0.272
0.271
0.275
0.256
0.266
0.261
0.277
0.264
0.277
0.262
0.267
0.284
0.261
0.277
0.278
0.28
0.232
0.29
0.278
0.274
0.285
0.281
0.27
0.305
0.302
0.268
0.311
0.325
0.301
0.305
0.308
0.277
0.324
0.293
0.285
0.31
0.297
0.326
0.315
0.299
0.305
0.342
0.327
0.318
0.295
0.337
0.299
0.31
0.292
0.353
0.328
0.318
0.334
0.351
0.323
0.353
0.345
0.358
0.332
0.389
0.335
0.387
0.363
0.342
0.353
0.367
0.394
0.358
0.384
0.422
0.405
0.398
0.382
0.388
0.41
0.443
0.414
0.403
0.391
0.436
0.435
0.409
0.447
0.399
0.47
0.436
0.453
0.458
0.451
0.442
0.48
0.446
0.513
0.513
0.508
0.485
0.466
0.502
0.504
0.534
0.5
0.492
0.481
0.536
0.505
0.532
0.536
0.531
0.565
0.497
0.577
0.536
0.568
0.557
0.537
0.556
0.538
0.565
0.57
0.559
0.64
0.548
0.585
0.585
0.592
0.558
0.549
0.593
0.593
0.555
0.622
0.608
0.574
0.595
0.573
0.618
0.645
0.566
0.581
0.629
0.595
0.63
0.616
0.595
0.625
0.598
0.608
0.589
0.603
0.599
0.626
0.588
0.59
0.59
0.537
0.599
0.606
0.545
0.57
0.573
0.545
0.566
0.545
0.542
0.55
0.565
0.565
0.539
0.516
0.521
0.578
0.547
0.5
0.516
0.507
0.485
0.482
0.509
0.504
0.5
0.49
0.47
0.5
0.472
0.475
0.489
0.464
0.457
0.456
0.46
0.461
0.455
0.439
0.444
0.431
0.443
0.438
0.461
0.488
0.445
0.419
0.417
0.44
0.433
0.449
0.408
0.403
0.465
0.443
0.406
0.374
0.403
0.368
0.432
0.392
0.388
0.406
0.414
0.427
0.36
0.385
0.393
0.406
0.362
0.378
0.406
0.384
0.39
0.383
0.357
0.32
0.368
0.401
0.366
0.378
0.402
0.408
0.352
0.384
0.377
0.383
0.433
0.372
0.327
0.413
0.379
0.384
0.394
0.386
0.407
0.392
0.36
0.44
0.376
0.39
0.365
0.36
0.377
0.383
0.38
0.419
0.398
0.347
0.409
0.406
0.384
0.379
0.384
0.442
0.417
0.368
0.412
0.437
0.39
0.373
0.418
0.41
0.415
0.425
0.42
0.429
0.433
0.44
0.431
0.412
0.435
0.426
0.438
0.45
0.456
0.482
0.431
0.469
0.463
0.45
0.461
0.456
0.428
0.51
0.538
0.491
0.465
0.47
0.435
0.459
0.49
0.51
0.468
0.476
0.494
0.504
0.463
0.496
0.484
0.527
0.473
0.494
0.502
0.481
0.497
0.502
0.504
0.484
0.444
0.473
0.473
0.516
0.471
0.483
0.517
0.496
0.474
0.488
0.448
0.47
0.499
0.472
0.456
0.514
0.451
0.499
0.514
0.483
0.487
0.523
0.468
0.46
0.482
0.486
0.477
0.463
0.484
0.437
0.487
0.454
0.45
0.423
0.449
0.421
0.445
0.418
0.414
0.431
0.48
0.432
0.441
0.428
0.459
0.402
0.462
0.437
0.418
0.418
0.408
0.434
0.429
0.402
0.384
0.389
0.355
0.428
0.416
0.399
0.381
0.395
0.384
0.345
0.364
0.365
0.34
0.325
0.375
0.374
0.381
0.382
0.388
0.366
0.333
0.33
0.319
0.357
0.32
0.352
0.321
0.341
0.311
0.349
0.366
0.329
0.316
0.298
0.269
0.336
0.294
0.34
0.292
0.307
0.298
0.325
0.322
0.299
0.276
0.291
0.302
0.28
0.301
0.288
0.308
0.293
0.289
0.315
0.3
0.279
0.283
0.271
0.299
0.287
0.305
0.286
0.267
0.296
0.262
0.3
0.262
0.256
0.317
0.289
0.27
0.288
0.269
0.272
0.276
0.256
0.28
0.247
0.276
0.264
0.281
0.243
0.288
0.267
0.279
0.265
0.263
0.279
0.273
0.256
0.276
0.277
0.268
0.26
0.272
0.23
0.251
0.27
0.268
0.25
0.28
0.276
0.27
0.251
0.295
0.265
0.275
0.252
0.25
0.277
0.269
0.264
0.268
0.31
0.31
0.321
0.279
0.283
0.291
0.275
0.302
0.288
0.283
0.263
0.285
0.287
0.294
0.296
0.323
0.314
0.304
0.291
0.312
0.309
0.305
0.307
0.318
0.304
0.323
0.335
0.328
0.329
0.352
0.347
0.306
0.36
0.345
0.312
0.344
0.327
0.354
0.364
0.368
0.358
0.355
0.382
0.368
0.358
0.408
0.37
0.438
0.382
0.415
0.408
0.45
0.411
0.419
0.407
0.385
0.396
0.423
0.437
0.441
0.457
0.471
0.477
0.477
0.45
0.462
0.44
0.489
0.455
0.457
0.437
0.472
0.455
0.506
0.482
0.506
0.493
0.484
0.562
0.532
0.515
0.526
0.546
0.534
0.499
0.546
0.555
0.524
0.539
0.567
0.541
0.534
0.58
0.529
0.557
0.584
0.611
0.538
0.589
0.548
0.633
0.583
0.605
0.571
0.613
0.641
0.589
0.582
0.602
0.593
0.555
0.618
0.61
0.62
0.607
0.564
0.579
0.612
0.605
0.57
0.597
0.62
0.564
0.562
0.603
0.597
0.564
0.595
0.583
0.561
0.594
0.591
0.57
0.594
0.575
0.596
0.57
0.569
0.532
0.559
0.564
0.575
0.551
0.559
0.551
0.578
0.564
0.52
0.52
0.535
0.515
0.531
0.515
0.535
0.541
0.492
0.52
0.492
0.517
0.516
0.482
0.53
0.521
0.459
0.459
0.496
0.465
0.471
0.494
0.447
0.48
0.46
0.462
0.434
0.424
0.464
0.435
0.422
0.408
0.414
0.424
0.41
0.411
0.436
0.406
0.409
0.429
0.415
0.404
0.396
0.389
0.409
0.384
0.387
0.381
0.417
0.382
0.432
0.397
0.37
0.359
0.378
0.353
0.385
0.381
0.371
0.371
0.378
0.379
0.398
0.359
0.367
0.4
0.36
0.41
0.366
0.382
0.379
0.385
0.365
0.361
0.404
0.361
0.408
0.42
0.335
0.353
0.367
0.347
0.386
0.361
0.393
0.375
0.372
0.376
0.372
0.415
0.434
0.412
0.347
0.406
0.392
0.371
0.454
0.416
0.42
0.411
0.424
0.368
0.432
0.419
0.385
0.408
0.391
0.363
0.411
0.442
0.442
0.382
0.411
0.447
0.418
0.443
0.48
0.406
0.449
0.471
0.467
0.44
0.48
0.435
0.466
0.458
0.48
0.443
0.493
0.472
0.521
0.481
0.46
0.483
0.475
0.441
0.492
0.471
0.506
0.451
0.487
0.46
0.508
0.462
0.47
0.467
0.46
0.45
0.468
0.499
0.471
0.47
0.527
0.502
0.497
0.48
0.499
0.5
0.448
0.512
0.489
0.488
0.468
0.527
0.457
0.468
0.472
0.45
0.491
0.468
0.431
0.465
0.449
0.465
0.474
0.456
0.436
0.478
0.465
0.445
0.469
0.459
0.437
0.429
0.441
0.427
0.483
0.462
0.453
0.435
0.423
0.421
0.473
0.483
0.451
0.413
0.426
0.453
0.427
0.438
0.422
0.427
0.412
0.39
0.386
0.395
0.393
0.406
0.415
0.365
0.41
0.397
0.398
0.354
0.374
0.353
0.438
0.38
0.361
0.383
0.397
0.384
0.345
0.374
0.356
0.354
0.369
0.346
0.338
0.358
0.369
0.32
0.352
0.326
0.343
0.326
0.364
0.353
0.346
0.325
0.318
0.339
0.31
0.341
0.296
0.307
0.345
0.287
0.315
0.301
0.297
0.287
0.278
0.323
0.31
0.283
0.293
0.269
0.286
0.302
0.302
0.316
0.273
0.298
0.286
0.272
0.271
0.288
0.284
0.319
0.27
0.234
0.282
0.286
0.3
0.237
0.299
0.271
0.247
0.233
0.27
0.269
0.289
0.254
0.277
0.284
0.276
0.283
0.27
0.275
0.271
0.269
0.26
0.264
0.256
0.26
0.265
0.221
0.258
0.261
0.284
0.277
0.285
0.288
0.244
0.259
0.266
0.265
0.286
0.288
0.282
0.261
0.297
0.286
0.273
0.276
0.267
0.254
0.289
0.283
0.279
0.286
0.32
0.291
0.272
0.303
0.27
0.267
0.294
0.302
0.273
0.275
0.305
0.319
0.299
0.287
0.286
0.305
0.329
0.32
0.304
0.335
0.316
0.323
0.286
0.318
0.323
0.35
0.344
0.323
0.35
0.371
0.368
0.319
0.33
0.383
0.395
0.361
0.347
0.363
0.358
0.446
0.385
0.407
0.378
0.33
0.361
0.396
0.379
0.377
0.379
0.428
0.414
0.39
0.429
0.429
0.434
0.435
0.427
0.413
0.445
0.456
0.475
0.423
0.483
0.493
0.471
0.463
0.469
0.48
0.481
0.473
0.492
0.499
0.505
0.523
0.511
0.517
0.478
0.498
0.509
0.466
0.523
0.515
0.526
0.544
0.589
0.568
0.548
0.541
0.545
0.584
0.553
0.548
0.556
0.589
0.602
0.593
0.56
0.602
0.613
0.582
0.575
0.566
0.59
0.601
0.595
0.594
0.601
0.566
0.576
0.555
0.618
0.603
0.575
0.6
0.53
0.562
0.595
0.565
0.623
0.571
0.636
0.603
0.599
0.59
0.606
0.597
0.594
0.584
0.58
0.598
0.61
0.608
0.557
0.583
0.592
0.599
0.529
0.568
0.577
0.569
0.57
0.569
0.541
0.586
0.545
0.522
0.496
0.494
0.535
0.518
0.557
0.548
0.495
0.503
0.516
0.517
0.508
0.514
0.499
0.518
0.5
0.468
0.504
0.499
0.463
0.461
0.461
0.446
0.45
0.467
0.443
0.46
0.451
0.438
0.441
0.432
0.402
0.407
0.426
0.414
0.38
0.435
0.442
0.41
0.395
0.384
0.433
0.365
0.37
0.373
0.415
0.396
0.402
0.376
0.373
0.4
0.371
0.386
0.38
0.388
0.402
0.372
0.378
0.382
0.372
0.397
0.383
0.378
0.375
0.376
0.396
0.394
0.364
0.374
0.37
0.36
0.393
0.365
0.346
0.345
0.38
0.354
0.354
0.379
0.386
0.389
0.351
0.358
0.407
0.354
0.373
0.413
0.426
0.403
0.377
0.378
0.409
0.391
0.414
0.391
0.374
0.419
0.372
0.373
0.424
0.417
0.432
0.42
0.42
0.364
0.428
0.43
0.431
0.431
0.413
0.417
0.419
0.429
0.427
0.431
0.429
0.484
0.458
0.45
0.433
0.447
0.464
0.449
0.462
0.445
0.472
0.458
0.432
0.46
0.471
0.46
0.434
0.458
0.477
0.454
0.442
0.459
0.448
0.475
0.477
0.481
0.453
0.503
0.506
0.488
0.492
0.49
0.436
0.486
0.47
0.466
0.477
0.458
0.489
0.493
0.484
0.503
0.484
0.469
0.527
0.505
0.489
0.455
0.45
0.474
0.457
0.453
0.463
0.481
0.497
0.493
0.487
0.464
0.452
0.456
0.489
0.49
0.442
0.473
0.443
0.454
0.417
0.41
0.463
0.463
0.432
0.411
0.435
0.432
0.446
0.408
0.432
0.432
0.442
0.456
0.441
0.395
0.392
0.431
0.396
0.427
0.419
0.423
0.403
0.406
0.411
0.408
0.413
0.382
0.396
0.418
0.396
0.387
0.362
0.382
0.371
0.373
0.388
0.346
0.363
0.402
0.362
0.37
0.357
0.389
0.358
0.376
0.308
0.375
0.341
0.373
0.382
0.321
0.335
0.326
0.36
0.361
0.33
0.354
0.311
0.337
0.313
0.328
0.32
0.301
0.303
0.295
0.3
0.308
0.323
0.283
0.324
0.312
0.292
0.295
0.322
0.316
0.273
0.308
0.257
0.301
0.313
0.289
0.286
0.287
0.302
0.254
0.295
0.26
0.279
0.286
0.278
0.287
0.297
0.245
0.266
0.28
0.28
0.278
0.29
0.282
0.273
0.248
0.296
0.292
0.283
0.281
0.272
0.281
0.28
0.286
0.264
0.265
0.285
0.28
0.297
0.27
0.262
0.277
0.273
0.271
0.259
0.285
0.252
0.247
0.285
0.261
0.257
0.292
0.255
0.265
0.276
0.295
0.298
0.302
0.269
0.268
0.283
0.279
0.264
0.27
0.277
0.281
0.32
0.304
0.287
0.306
0.265
0.298
0.278
0.327
0.305
0.297
0.285
0.322
0.3
0.298
0.321
0.319
0.313
0.327
0.339
0.318
0.339
0.323
0.357
0.327
0.309
0.325
0.347
0.357
0.322
0.346
0.321
0.357
0.359
0.339
0.357
0.357
0.385
0.371
0.398
0.42
0.365
0.418
0.421
0.401
0.348
0.383
0.407
0.393
0.4
0.415
0.412
0.441
0.426
0.406
0.415
0.444
0.427
0.493
0.45
0.44
0.471
0.459
0.467
0.48
0.456
0.497
0.495
0.548
0.486
0.465
0.483
0.481
0.541
0.493
0.516
0.519
0.521
0.514
0.501
0.513
0.529
0.524
0.514
0.528
0.552
0.571
0.54
0.51
0.567
0.579
0.561
0.595
0.575
0.591
0.576
0.58
0.548
0.606
0.576
0.618
0.609
0.591
0.628
0.565
0.607
0.577
0.601
0.561
0.577
0.599
0.621
0.593
0.574
0.574
0.558
0.608
0.609
0.594
0.544
0.606
0.618
0.633
0.597
0.579
0.563
0.588
0.599
0.576
0.529
0.611
0.585
0.559
0.576
0.571
0.569
0.547
0.588
0.59
0.55
0.527
0.58
0.508
0.507
0.587
0.493
0.538
0.494
0.513
0.539
0.49
0.55
0.433
0.522
0.443
0.479
0.498
0.484
0.482
0.453
0.48
0.519
0.505
0.483
0.492
0.464
0.452
0.446
0.446
0.453
0.496
0.449
0.492
0.468
0.47
0.447
0.468
0.415
0.415
0.41
0.421
0.393
0.426
0.378
0.435
0.42
0.375
0.39
0.394
0.368
0.402
0.38
0.394
0.401
0.424
0.389
0.411
0.396
0.39
0.394
0.389
0.386
0.359
0.361
0.371
0.374
0.386
0.387
0.392
0.363
0.375
0.37
0.373
0.346
0.364
0.391
0.365
0.373
0.354
0.343
0.355
0.363
0.381
0.367
0.394
0.427
0.419
0.392
0.399
0.403
0.358
0.344
0.363
0.408
0.403
0.412
0.37
0.394
0.381
0.44
0.441
0.414
0.388
0.437
0.433
0.417
0.408
0.389
0.422
0.407
0.414
0.445
0.41
0.412
0.415
0.446
0.457
0.384
0.461
0.424
0.418
0.444
0.447
0.434
0.408
0.426
0.438
0.457
0.459
0.459
0.428
0.452
0.428
0.46
0.477
0.512
0.469
0.477
0.497
0.481
0.441
0.455
0.476
0.459
0.463
0.479
0.48
0.483
0.459
0.516
0.448
0.475
0.416
0.478
0.467
0.522
0.437
0.466
0.481
0.492
0.483
0.472
0.505
0.49
0.466
0.487
0.486
0.447
0.466
0.468
0.48
0.49
0.487
0.477
0.483
0.465
0.475
0.484
0.454
0.476
0.44
0.439
0.447
0.44
0.464
0.471
0.471
0.456
0.394
0.461
0.461
0.428
0.448
0.431
0.418
0.454
0.43
0.462
0.41
0.426
0.413
0.41
0.381
0.394
0.431
0.431
0.409
0.399
0.365
0.428
0.414
0.413
0.381
0.379
0.446
0.387
0.363
0.377
0.393
0.363
0.327
0.378
0.375
0.377
0.333
0.365
0.39
0.347
0.373
0.328
0.354
0.368
0.338
0.343
0.343
0.332
0.347
0.317
0.333
0.328
0.363
0.349
0.347
0.33
0.305
0.322
0.29
0.338
0.329
0.324
0.32
0.33
0.312
0.261
0.325
0.282
0.28
0.312
0.298
0.321
0.284
0.262
0.304
0.304
0.279
0.32
0.289
0.308
0.277
0.26
0.299
0.295
0.277
0.284
0.287
0.29
0.296
0.283
0.298
0.296
0.286
0.269
0.295
0.301
0.267
0.244
0.265
0.282
0.291
0.277
0.255
0.281
0.297
0.282
0.273
0.295
0.259
0.271
0.272
0.283
0.287
0.27
0.277
0.295
0.285
0.272
0.251
0.261
0.287
0.236
0.263
0.303
0.236
0.291
0.297
0.284
0.275
0.276
0.287
0.289
0.273
0.302
0.278
0.3
0.306
0.275
0.307
0.296
0.278
0.292
0.289
0.291
0.293
0.286
0.324
0.312
0.319
0.309
0.317
0.347
0.301
0.329
0.28
0.327
0.305
0.316
0.344
0.337
0.349
0.309
0.316
0.316
0.351
0.338
0.363
0.356
0.35
0.337
0.342
0.365
0.382
0.354
0.376
0.345
0.361
0.363
0.404
0.372
0.383
0.4
0.389
0.411
0.416
0.392
0.41
0.395
0.411
0.417
0.415
0.432
0.39
0.435
0.47
0.469
0.431
0.474
0.446
0.464
0.432
0.475
0.501
0.507
0.44
0.458
0.484
0.495
0.517
0.48
0.553
0.522
0.524
0.513
0.471
0.557
0.505
0.561
0.553
0.523
0.554
0.505
0.58
0.559
0.527
0.535
0.554
0.568
0.612
0.567
0.59
0.61
0.59
0.609
0.554
0.585
0.604
0.526
0.585
0.561
0.576
0.6
0.585
0.59
0.537
0.569
0.584
0.588
0.562
0.562
0.596
0.562
0.552
0.616
0.597
0.588
0.594
0.567
0.567
0.612
0.616
0.6
0.594
0.631
0.598
0.553
0.572
0.56
0.571
0.57
0.586
0.565
0.585
0.569
0.577
0.561
0.521
0.554
0.517
0.527
0.549
0.538
0.515
0.499
0.495
0.532
0.518
0.536
0.505
0.524
0.49
0.493
0.521
0.509
0.487
0.475
0.487
0.501
0.471
0.49
0.498
0.458
0.441
0.433
0.473
0.471
0.465
0.432
0.444
0.472
0.484
0.457
0.456
0.429
0.449
0.414
0.402
0.404
0.432
0.418
0.425
0.423
0.42
0.413
0.409
0.364
0.408
0.387
0.389
0.386
0.406
0.413
0.369
0.397
0.4
0.381
0.377
0.374
0.417
0.392
0.404
0.377
0.387
0.401
0.377
0.382
0.372
0.377
0.406
0.382
0.372
0.379
0.339
0.365
0.352
0.375
0.391
0.397
0.362
0.374
0.374
0.382
0.39
0.356
0.367
0.4
0.406
0.4
0.404
0.371
0.384
0.367
0.381
0.4
0.362
0.417
0.407
0.398
0.41
0.413
0.409
0.432
0.401
0.444
0.422
0.422
0.422
0.439
0.394
0.414
0.414
0.396
0.412
0.45
0.454
0.413
0.409
0.437
0.452
0.449
0.461
0.431
0.442
0.472
0.466
0.446
0.432
0.446
0.448
0.44
0.504
0.486
0.48
0.473
0.474
0.451
0.402
0.437
0.467
0.497
0.458
0.503
0.484
0.49
0.46
0.464
0.484
0.468
0.47
0.457
0.526
0.469
0.484
0.49
0.475
0.479
0.455
0.457
0.483
0.48
0.447
0.498
0.471
0.481
0.45
0.486
0.44
0.492
0.446
0.46
0.479
0.471
0.473
0.463
0.446
0.465
0.459
0.466
0.473
0.436
0.49
0.449
0.451
0.474
0.436
0.425
0.472
0.474
0.431
0.433
0.415
0.448
0.42
0.424
0.443
0.424
0.429
0.406
0.404
0.414
0.4
0.428
0.405
0.45
0.377
0.405
0.406
0.428
0.413
0.399
0.358
0.405
0.35
0.384
0.371
0.393
0.372
0.361
0.366
0.37
0.364
0.361
0.367
0.366
0.373
0.36
0.347
0.378
0.344
0.373
0.349
0.332
0.305
0.352
0.349
0.349
0.329
0.378
0.322
0.3
0.292
0.343
0.322
0.287
0.304
0.328
0.276
0.326
0.333
0.289
0.296
0.279
0.29
0.31
0.299
0.306
0.304
0.28
0.292
0.29
0.312
0.291
0.315
0.296
0.271
0.271
0.33
0.303
0.297
0.263
0.309
0.318
0.268
0.278
0.287
0.296
0.276
0.263
0.282
0.318
0.285
0.271
0.288
0.27
0.288
0.285
0.251
0.244
0.288
0.265
0.247
0.256
0.275
0.29
0.259
0.291
0.283
0.285
0.26
0.287
0.255
0.261
0.282
0.281
0.293
0.288
0.276
0.283
0.262
0.303
0.273
0.267
0.292
0.293
0.282
0.279
0.28
0.259
0.274
0.278
0.295
0.3
0.29
0.29
0.285
0.255
0.271
0.318
0.268
0.273
0.271
0.313
0.29
0.29
0.297
0.296
0.324
0.321
0.311
0.263
0.337
0.324
0.326
0.327
0.31
0.312
0.321
0.327
0.374
0.331
0.365
0.347
0.364
0.326
0.361
0.379
0.373
0.378
0.382
0.362
0.377
0.381
0.385
0.403
0.39
0.395
0.414
0.389
0.393
0.402
0.438
0.406
0.41
0.433
0.406
0.428
0.461
0.447
0.433
0.433
0.442
0.435
0.446
0.466
0.457
0.439
0.48
0.478
0.469
0.478
0.511
0.5
0.492
0.475
0.523
0.511
0.514
0.521
0.551
0.505
0.521
0.529
0.522
0.521
0.461
0.557
0.543
0.557
0.553
0.538
0.547
0.563
0.546
0.538
0.554
0.601
0.557
0.587
0.583
0.556
0.589
0.56
0.596
0.595
0.594
0.588
0.551
0.595
0.623
0.598
0.575
0.6
0.61
0.604
0.612
0.611
0.577
0.589
0.589
0.61
0.575
0.583
0.608
0.572
0.578
0.518
0.596
0.631
0.528
0.558
0.601
0.611
0.559
0.619
0.58
0.571
0.595
0.54
0.571
0.556
0.559
0.542
0.563
0.531
0.529
0.489
0.538
0.506
0.531
0.517
0.518
0.518
0.507
0.543
0.504
0.502
0.463
0.498
0.492
0.544
0.499
0.471
0.486
0.471
0.482
0.499
0.446
0.46
0.461
0.461
0.456
0.46
0.453
0.439
0.426
0.45
0.42
0.456
0.431
0.457
0.433
0.441
0.403
0.432
0.432
0.411
0.439
0.393
0.413
0.364
0.413
0.359
0.409
0.359
0.401
0.382
0.399
0.39
0.344
0.401
0.406
0.356
0.399
0.409
0.394
0.382
0.409
0.331
0.388
0.383
0.379
0.372
0.398
0.345
0.364
0.418
0.387
0.344
0.382
0.357
0.382
0.411
0.393
0.373
0.378
0.388
0.406
0.407
0.391
0.389
0.357
0.389
0.392
0.424
0.352
0.397
0.427
0.409
0.407
0.381
0.417
0.358
0.406
0.378
0.437
0.404
0.389
0.452
0.384
0.415
0.453
0.387
0.412
0.451
0.425
0.457
0.418
0.419
0.433
0.458
0.457
0.463
0.468
0.429
0.436
0.48
0.447
0.407
0.436
0.479
0.447
0.443
0.489
0.45
0.463
0.449
0.478
0.481
0.457
0.456
0.456
0.432
0.464
0.441
0.492
0.476
0.48
0.475
0.478
0.459
0.447
0.456
0.476
0.504
0.471
0.479
0.445
0.446
0.487
0.475
0.48
0.448
0.509
0.477
0.474
0.473
0.492
0.474
0.436
0.465
0.49
0.458
0.47
0.443
0.46
0.508
0.465
0.483
0.478
0.474
0.447
0.457
0.461
0.474
0.454
0.433
0.453
0.454
0.45
0.424
0.49
0.409
0.392
0.446
0.396
0.397
0.447
0.45
0.428
0.433
0.413
0.404
0.389
0.391
0.427
0.383
0.402
0.431
0.447
0.386
0.378
0.422
0.386
0.387
0.401
0.408
0.392
0.363
0.372
0.397
0.379
0.387
0.393
0.345
0.363
0.352
0.392
0.378
0.397
0.355
0.359
0.314
0.346
0.358
0.337
0.344
0.344
0.343
0.355
0.322
0.339
0.362
0.354
0.329
0.321
0.299
0.311
0.31
0.296
0.296
0.34
0.315
0.323
0.338
0.304
0.297
0.266
0.288
0.313
0.315
0.313
0.298
0.308
0.285
0.276
0.291
0.295
0.307
0.295
0.302
0.299
0.269
0.324
0.287
0.279
0.291
0.305
0.292
0.302
0.278
0.274
0.266
0.293
0.267
0.284
0.29
0.296
0.278
0.269
0.267
0.308
0.288
0.281
0.28
0.251
0.255
0.266
0.284
0.294
0.263
0.241
0.265
0.255
0.31
0.281
0.244
0.278
0.254
0.293
0.289
0.268
0.274
0.282
0.28
0.257
0.275
0.263
0.291
0.288
0.297
0.288
0.302
0.28
0.267
0.28
0.302
0.256
0.281
0.283
0.292
0.278
0.286
0.297
0.284
0.264
0.325
0.291
0.31
0.279
0.295
0.318
0.329
0.325
0.304
0.312
0.331
0.316
0.33
0.323
0.32
0.36
0.372
0.291
0.353
0.314
0.372
0.375
0.311
0.378
0.359
0.371
0.381
0.34
0.346
0.371
0.374
0.397
0.367
0.383
0.427
0.366
0.377
0.429
0.39
0.35
0.434
0.417
0.42
0.441
0.433
0.446
0.415
0.437
0.419
0.446
0.443
0.41
0.464
0.468
0.472
0.439
0.435
0.449
0.507
0.454
0.477
0.487
0.484
0.502
0.544
0.531
0.484
0.515
0.531
0.558
0.51
0.513
0.519
0.524
0.525
0.53
0.497
0.511
0.54
0.571
0.554
0.592
0.595
0.568
0.568
0.579
0.582
0.568
0.605
0.583
0.574
0.594
0.614
0.562
0.541
0.601
0.628
0.621
0.598
0.574
0.598
0.582
0.577
0.618
0.586
0.607
0.566
0.642
0.583
0.605
0.607
0.605
0.585
0.562
0.575
0.565
0.59
0.569
0.561
0.532
0.599
0.581
0.608
0.518
0.545
0.55
0.601
0.549
0.542
0.558
0.546
0.546
0.574
0.541
0.554
0.527
0.532
0.499
0.51
0.577
0.511
0.508
0.527
0.499
0.51
0.484
0.559
0.494
0.481
0.523
0.496
0.51
0.453
0.498
0.484
0.415
0.492
0.499
0.476
0.441
0.462
0.441
0.463
0.424
0.467
0.452
0.427
0.396
0.42
0.425
0.45
0.432
0.438
0.411
0.422
0.429
0.402
0.423
0.395
0.4
0.392
0.392
0.394
0.393
0.387
0.367
0.391
0.386
0.361
0.38
0.382
0.385
0.385
0.396
0.391
0.377
0.39
0.4
0.356
0.377
0.354
0.373
0.384
0.342
0.381
0.368
0.392
0.368
0.353
0.393
0.361
0.382
0.379
0.384
0.407
0.367
0.39
0.442
0.35
0.415
0.354
0.39
0.383
0.381
0.405
0.403
0.399
0.384
0.373
0.42
0.402
0.412
0.411
0.398
0.401
0.426
0.429
0.426
0.37
0.402
0.411
0.47
0.435
0.41
0.424
0.433
0.41
0.418
0.452
0.417
0.43
0.427
0.416
0.433
0.474
0.416
0.446
0.471
0.444
0.447
0.463
0.431
0.45
0.479
0.465
0.453
0.467
0.499
0.437
0.473
0.439
0.481
0.459
0.459
0.477
0.513
0.497
0.477
0.49
0.483
0.457
0.479
0.471
0.455
0.475
0.469
0.485
0.469
0.479
0.478
0.47
0.494
0.505
0.473
0.501
0.474
0.5
0.482
0.474
0.451
0.472
0.452
0.488
0.462
0.458
0.465
0.48
0.45
0.478
0.419
0.483
0.455
0.463
0.409
0.434
0.439
0.446
0.427
0.448
0.46
0.43
0.444
0.451
0.452
0.433
0.454
0.426
0.441
0.436
0.427
0.418
0.425
0.447
0.43
0.419
0.459
0.432
0.403
0.446
0.404
0.423
0.396
0.401
0.445
0.358
0.407
0.397
0.407
0.358
0.366
0.417
0.382
0.372
0.375
0.382
0.372
0.356
0.342
0.367
0.343
0.347
0.332
0.35
0.359
0.338
0.325
0.342
0.335
0.32
0.329
0.326
0.313
0.329
0.312
0.338
0.312
0.315
0.312
0.316
0.305
0.317
0.308
0.292
0.273
0.332
0.298
0.301
0.303
0.311
0.29
0.288
0.304
0.299
0.305
0.316
0.332
0.289
0.29
0.298
0.265
0.289
0.276
0.295
0.281
0.3
0.283
0.287
0.313
0.282
0.25
0.291
0.313
0.281
0.263
0.28
0.302
0.3
0.259
0.27
0.234
0.271
0.269
0.278
0.274
0.297
0.271
0.292
0.267
0.3
0.283
0.279
0.272
0.244
0.285
0.27
0.279
0.265
0.287
0.277
0.251
0.303
0.275
0.277
0.264
0.273
0.238
0.273
0.292
0.267
0.264
0.281
0.264
0.316
0.298
0.276
0.295
0.271
0.301
0.285
0.293
0.313
0.269
0.289
0.291
0.307
0.283
0.288
0.299
0.338
0.309
0.291
0.292
0.304
0.293
0.286
0.322
0.323
0.314
0.314
0.299
0.335
0.352
0.323
0.316
0.346
0.333
0.373
0.363
0.326
0.405
0.326
0.346
0.351
0.375
0.369
0.386
0.356
0.356
0.409
0.413
0.355
0.388
0.369
0.402
0.393
0.431
0.412
0.415
0.422
0.423
0.408
0.45
0.441
0.442
0.454
0.426
0.449
0.464
0.465
0.436
0.476
0.475
0.467
0.468
0.513
0.449
0.502
0.495
0.477
0.46
0.518
0.496
0.503
0.514
0.569
0.498
0.541
0.519
0.545
0.535
0.56
0.538
0.576
0.528
0.525
0.564
0.558
0.587
0.565
0.556
0.582
0.59
0.552
0.593
0.6
0.585
0.546
0.585
0.595
0.591
0.652
0.597
0.559
0.542
0.631
0.602
0.596
0.586
0.578
0.573
0.605
0.611
0.572
0.593
0.616
0.579
0.592
0.601
0.587
0.568
0.564
0.608
0.55
0.617
0.577
0.569
0.58
0.584
0.539
0.609
0.548
0.585
0.512
0.559
0.569
0.573
0.597
0.542
0.537
0.574
0.56
0.548
0.547
0.503
0.506
0.56
0.51
0.528
0.532
0.517
0.524
0.469
0.478
0.478
0.494
