0
0
0
0
0
0
0
0
0
0
0
0
0
0
0
0
0
0
0
0
0
0
0
0
0
0
0
0
0
0
0
0
0
0
0
0
0
0
0
0
0
0
0
0
0
0
0
0
0
0
0
0
0
0
0
0
0
0
0
0
0
0
0
0
0
0
0
0
0
0
0
0
0
0
0
0
0
0
0
0
0
0
0
0
0
0
0
0
0
0
0
0
0
0
0
0
0
0
0
0
0
0
0
0
0
0
0
0
0
0
0
0
0
0
0
0
0
0
0
0
0
0
0
0
0
0
0
0
0
0
0
0
0
0
0.001
0
0
0
0
0
0.001
0
0
0
0
0.001
0
0
0.001
0.001
0.003
0
0.002
0.001
0.003
0.001
0.004
0.002
0.009
0.006
0.008
0.008
0.011
0.015
0.02
0.024
0.021
0.025
0.034
0.041
0.037
0.053
0.057
0.067
0.06
0.075
0.079
0.082
0.1
0.107
0.117
0.161
0.156
0.172
0.172
0.196
0.154
0.202
0.204
0.231
0.274
0.305
0.311
0.324
0.37
0.358
0.398
0.435
0.4
0.414
0.453
0.434
0.514
0.462
0.549
0.541
0.542
0.589
0.598
0.65
0.622
0.6
0.664
0.66
0.743
0.743
0.767
0.755
0.812
0.755
0.75
0.768
0.8
0.835
0.84
0.847
0.847
0.86
0.877
0.848
0.921
0.905
0.891
0.902
0.899
0.913
0.933
0.851
0.889
0.918
0.878
0.953
0.933
0.905
0.899
0.92
0.948
0.914
0.918
0.917
0.896
0.909
1.004
0.868
0.888
0.891
0.835
0.913
0.881
0.819
0.856
0.855
0.851
0.823
0.827
0.832
0.768
0.778
0.828
0.758
0.85
0.789
0.782
0.753
0.683
0.74
0.699
0.745
0.717
0.659
0.704
0.674
0.713
0.673
0.676
0.617
0.605
0.607
0.61
0.585
0.599
0.631
0.589
0.546
0.595
0.585
0.56
0.556
0.491
0.497
0.478
0.497
0.481
0.422
0.456
0.457
0.445
0.428
0.446
0.426
0.421
0.407
0.387
0.353
0.352
0.4
0.373
0.361
0.362
0.341
0.309
0.332
0.31
0.293
0.318
0.279
0.29
0.271
0.266
0.231
0.255
0.256
0.218
0.247
0.237
0.233
0.2
0.195
0.197
0.187
0.198
0.173
0.186
0.182
0.16
0.145
0.171
0.142
0.148
0.136
0.146
0.112
0.144
0.124
0.121
0.116
0.104
0.137
0.123
0.086
0.079
0.075
0.071
0.094
0.084
0.07
0.058
0.07
0.063
0.052
0.059
0.061
0.065
0.049
0.045
0.057
0.041
0.041
0.031
0.03
0.04
0.041
0.039
0.026
0.042
0.045
0.025
0.025
0.036
0.032
0.03
0.034
0.02
0.019
0.019
0.028
0.022
0.031
0.025
0.028
0.035
0.026
0.039
0.043
0.037
0.033
0.058
0.032
0.048
0.055
0.039
0.055
0.069
0.065
0.083
0.086
0.09
0.08
0.111
0.12
0.119
0.14
0.135
0.156
0.153
0.179
0.178
0.191
0.181
0.223
0.222
0.24
0.258
0.241
0.291
0.332
0.328
0.343
0.395
0.388
0.432
0.398
0.455
0.45
0.462
0.513
0.509
0.534
0.514
0.587
0.542
0.597
0.645
0.645
0.678
0.678
0.693
0.726
0.69
0.687
0.783
0.818
0.788
0.812
0.809
0.824
0.835
0.815
0.884
0.864
0.885
0.883
0.869
0.951
0.89
0.962
0.918
0.965
0.937
0.943
0.979
0.93
0.968
0.909
0.989
0.988
0.946
0.971
0.928
0.969
0.978
0.927
0.888
0.959
0.954
0.915
0.923
0.906
0.925
0.858
0.833
0.913
0.882
0.813
0.825
0.829
0.857
0.755
0.873
0.797
0.762
0.829
0.782
0.733
0.75
0.746
0.708
0.746
0.733
0.685
0.686
0.698
0.641
0.625
0.638
0.617
0.602
0.622
0.617
0.624
0.569
0.557
0.552
0.568
0.519
0.526
0.482
0.519
0.478
0.46
0.453
0.436
0.444
0.434
0.452
0.431
0.406
0.375
0.403
0.368
0.375
0.383
0.343
0.347
0.342
0.324
0.347
0.311
0.331
0.279
0.31
0.297
0.307
0.263
0.272
0.277
0.258
0.282
0.254
0.232
0.229
0.214
0.224
0.219
0.214
0.201
0.212
0.204
0.216
0.198
0.176
0.183
0.158
0.157
0.158
0.157
0.183
0.152
0.134
0.138
0.124
0.122
0.148
0.122
0.105
0.114
0.126
0.13
0.091
0.098
0.11
0.116
0.083
0.103
0.1
0.093
0.084
0.086
0.105
0.091
0.055
0.07
0.072
0.058
0.083
0.06
0.071
0.082
0.049
0.072
0.054
0.065
0.068
0.057
0.067
0.066
0.066
0.057
0.067
0.049
0.06
0.051
0.05
0.07
0.065
0.049
0.063
0.045
0.041
0.044
0.051
0.051
0.048
0.057
0.051
0.057
0.058
0.06
0.072
0.07
0.049
0.06
0.078
0.064
0.06
0.072
0.066
0.064
0.062
0.07
0.064
0.066
0.075
0.075
0.069
0.075
0.084
0.077
0.09
0.084
0.076
0.096
0.065
0.096
0.093
0.129
0.111
0.129
0.131
0.099
0.117
0.128
0.13
0.135
0.127
0.132
0.137
0.145
0.131
0.184
0.17
0.162
0.161
0.152
0.174
0.172
0.211
0.176
0.199
0.206
0.223
0.226
0.213
0.179
0.205
0.22
0.265
0.22
0.247
0.25
0.286
0.272
0.263
0.256
0.297
0.284
0.323
0.309
0.307
0.354
0.311
0.321
0.309
0.367
0.342
0.388
0.35
0.4
0.36
0.375
0.378
0.431
0.384
0.44
0.412
0.407
0.448
0.432
0.434
0.461
0.481
0.398
0.445
0.487
0.497
0.48
0.495
0.53
0.54
0.472
0.527
0.52
0.589
0.551
0.564
0.607
0.548
0.589
0.595
0.595
0.587
0.626
0.644
0.615
0.644
0.586
0.624
0.688
0.633
0.685
0.641
0.674
0.617
0.694
0.672
0.689
0.708
0.67
0.723
0.69
0.713
0.705
0.715
0.737
0.703
0.727
0.705
0.73
0.729
0.698
0.755
0.701
0.679
0.738
0.713
0.751
0.669
0.737
0.741
0.756
0.743
0.767
0.69
0.721
0.744
0.795
0.768
0.68
0.713
0.728
0.688
0.716
0.673
0.694
0.72
0.668
0.675
0.695
0.684
0.639
0.661
0.666
0.716
0.656
0.64
0.639
0.594
0.635
0.608
0.604
0.548
0.584
0.6
0.577
0.573
0.552
0.507
0.543
0.498
0.499
0.481
0.487
0.506
0.483
0.441
0.479
0.464
0.435
0.42
0.453
0.422
0.386
0.384
0.386
0.363
0.39
0.353
0.342
0.332
0.328
0.341
0.313
0.32
0.325
0.289
0.284
0.257
0.251
0.29
0.25
0.265
0.261
0.247
0.219
0.214
0.221
0.205
0.204
0.177
0.196
0.205
0.154
0.182
0.167
0.155
0.18
0.169
0.155
0.162
0.158
0.143
0.133
0.153
0.133
0.151
0.133
0.151
0.158
0.132
0.139
0.13
0.127
0.146
0.133
0.13
0.134
0.152
0.138
0.153
0.135
0.127
0.124
0.158
0.164
0.139
0.14
0.147
0.157
0.13
0.161
0.16
0.168
0.184
0.179
0.158
0.193
0.182
0.195
0.185
0.206
0.222
0.218
0.207
0.195
0.222
0.209
0.221
0.259
0.271
0.25
0.27
0.268
0.241
0.247
0.266
0.302
0.289
0.319
0.317
0.316
0.337
0.349
0.341
0.328
0.342
0.335
0.347
0.374
0.389
0.393
0.374
0.401
0.41
0.435
0.44
0.453
0.442
0.419
0.467
0.462
0.5
0.428
0.465
0.499
0.492
0.502
0.483
0.511
0.473
0.524
0.515
0.548
0.493
0.528
0.541
0.584
0.553
0.563
0.538
0.582
0.571
0.561
0.558
0.591
0.565
0.589
0.56
0.58
0.562
0.682
0.585
0.595
0.615
0.612
0.587
0.608
0.617
0.599
0.64
0.626
0.663
0.601
0.618
0.605
0.603
0.627
0.641
0.624
0.613
0.593
0.631
0.59
0.609
0.593
0.589
0.628
0.638
0.592
0.579
0.612
0.617
0.66
0.598
0.549
0.562
0.601
0.639
0.573
0.534
0.596
0.556
0.538
0.61
0.602
0.552
0.534
0.566
0.53
0.519
0.53
0.538
0.51
0.516
0.514
0.51
0.491
0.478
0.496
0.498
0.49
0.462
0.449
0.518
0.486
0.417
0.491
0.43
0.439
0.481
0.419
0.396
0.395
0.459
0.415
0.411
0.408
0.378
0.399
0.383
0.355
0.393
0.357
0.366
0.318
0.346
0.379
0.326
0.374
0.35
0.298
0.306
0.28
0.321
0.322
0.327
0.289
0.306
0.251
0.276
0.289
0.302
0.292
0.267
0.266
0.256
0.264
0.273
0.253
0.233
0.247
0.236
0.243
0.224
0.27
0.252
0.22
0.212
0.237
0.221
0.216
0.189
0.229
0.209
0.194
0.225
0.215
0.177
0.205
0.183
0.186
0.182
0.184
0.194
0.165
0.189
0.174
0.176
0.204
0.171
0.162
0.17
0.173
0.19
0.141
0.2
0.154
0.18
0.172
0.168
0.144
0.167
0.183
0.155
0.156
0.141
0.144
0.156
0.163
0.128
0.134
0.15
0.16
0.17
0.143
0.129
0.148
0.13
0.159
0.149
0.142
0.117
0.15
0.161
0.135
0.143
0.155
0.153
0.152
0.156
0.131
0.148
0.148
0.161
0.147
0.129
0.186
0.148
0.149
0.152
0.153
0.166
0.158
0.135
0.19
0.165
0.17
0.176
0.174
0.153
0.151
0.167
0.192
0.182
0.23
0.165
0.188
0.194
0.194
0.199
0.173
0.213
0.209
0.232
0.203
0.213
0.213
0.211
0.229
0.243
0.247
0.216
0.238
0.24
0.225
0.223
0.252
0.266
0.244
0.279
0.267
0.266
0.27
0.303
0.288
0.297
0.304
0.324
0.293
0.308
0.35
0.33
0.362
0.331
0.389
0.372
0.369
0.375
0.407
0.38
0.399
0.399
0.44
0.441
0.379
0.449
0.385
0.4
0.451
0.456
0.48
0.488
0.503
0.486
0.501
0.502
0.528
0.528
0.509
0.524
0.563
0.506
0.556
0.593
0.56
0.571
0.603
0.583
0.607
0.59
0.61
0.627
0.648
0.591
0.635
0.629
0.64
0.67
0.659
0.632
0.714
0.646
0.654
0.678
0.657
0.732
0.711
0.699
0.693
0.7
0.743
0.71
0.716
0.723
0.694
0.734
0.683
0.72
0.738
0.697
0.726
0.699
0.712
0.76
0.721
0.704
0.685
0.671
0.68
0.753
0.728
0.683
0.707
0.732
0.71
0.681
0.705
0.656
0.647
0.593
0.677
0.675
0.612
0.671
0.584
0.671
0.631
0.621
0.633
0.62
0.616
0.626
0.581
0.571
0.557
0.557
0.574
0.548
0.55
0.487
0.545
0.455
0.518
0.492
0.503
0.458
0.5
0.452
0.495
0.463
0.395
0.44
0.437
0.432
0.468
0.403
0.419
0.41
0.397
0.372
0.391
0.368
0.356
0.35
0.346
0.341
0.315
0.34
0.333
0.296
0.33
0.299
0.304
0.293
0.313
0.296
0.267
0.29
0.292
0.244
0.245
0.254
0.26
0.232
0.264
0.257
0.225
0.248
0.219
0.225
0.228
0.275
0.244
0.204
0.221
0.199
0.256
0.224
0.201
0.198
0.222
0.21
0.214
0.213
0.225
0.191
0.202
0.208
0.227
0.188
0.241
0.204
0.201
0.225
0.207
0.204
0.209
0.208
0.196
0.203
0.219
0.23
0.2
0.192
0.199
0.202
0.199
0.249
0.209
0.198
0.22
0.233
0.267
0.242
0.217
0.23
0.242
0.256
0.256
0.258
0.254
0.252
0.247
0.285
0.259
0.256
0.256
0.243
0.259
0.282
0.274
0.313
0.289
0.318
0.298
0.292
0.313
0.303
0.316
0.312
0.327
0.358
0.326
0.315
0.318
0.326
0.363
0.349
0.343
0.341
0.38
0.341
0.344
0.373
0.404
0.398
0.395
0.393
0.362
0.396
0.376
0.36
0.383
0.39
0.385
0.384
0.388
0.372
0.418
0.402
0.437
0.393
0.402
0.444
0.417
0.431
0.427
0.417
0.445
0.43
0.507
0.462
0.44
0.473
0.483
0.441
0.468
0.496
0.459
0.453
0.465
0.483
0.476
0.475
0.449
0.477
0.47
0.478
0.457
0.436
0.484
0.498
0.46
0.449
0.5
0.481
0.472
0.451
0.457
0.494
0.435
0.498
0.483
0.464
0.465
0.441
0.438
0.452
0.416
0.466
0.474
0.506
0.447
0.459
0.487
0.468
0.435
0.462
0.429
0.492
0.46
0.443
0.441
0.423
0.426
0.426
0.421
0.413
0.418
0.439
0.436
0.437
0.413
0.451
0.425
0.416
0.453
0.392
0.391
0.459
0.388
0.4
0.403
0.371
0.382
0.373
0.393
0.348
0.379
0.337
0.392
0.38
0.386
0.378
0.366
0.364
0.378
0.331
0.357
0.35
0.366
0.363
0.37
0.321
0.366
0.32
0.372
0.395
0.345
0.357
0.356
0.313
0.326
0.329
0.334
0.302
0.308
0.345
0.355
0.33
0.291
0.313
0.295
0.319
0.319
0.31
0.316
0.265
0.284
0.314
0.283
0.304
0.275
0.272
0.303
0.298
0.295
0.286
0.274
0.276
0.253
0.299
0.247
0.247
0.268
0.278
0.269
0.279
0.263
0.285
0.266
0.267
0.293
0.251
0.261
0.274
0.259
0.284
0.275
0.263
0.255
0.245
0.244
0.25
0.286
0.269
0.281
0.243
0.25
0.223
0.233
0.237
0.246
0.238
0.251
0.231
0.255
0.268
0.251
0.245
0.219
0.258
0.237
0.258
0.258
0.241
0.235
0.278
0.242
0.243
0.22
0.272
0.278
0.249
0.252
0.265
0.229
0.251
0.264
0.264
0.246
0.267
0.26
0.27
0.26
0.274
0.278
0.271
0.258
0.254
0.252
0.272
0.294
0.311
0.268
0.276
0.278
0.278
0.276
0.296
0.288
0.3
0.265
0.328
0.28
0.305
0.301
0.311
0.283
0.295
0.328
0.308
0.352
0.324
0.325
0.297
0.355
0.352
0.358
0.372
0.353
0.336
0.38
0.396
0.406
0.361
0.39
0.38
0.366
0.398
0.375
0.399
0.428
0.421
0.417
0.408
0.433
0.444
0.445
0.459
0.439
0.47
0.481
0.461
0.482
0.451
0.458
0.464
0.523
0.491
0.488
0.506
0.529
0.532
0.532
0.5
0.553
0.549
0.522
0.557
0.599
0.534
0.545
0.569
0.581
0.584
0.62
0.546
0.587
0.582
0.603
0.617
0.587
0.572
0.57
0.589
0.636
0.585
0.593
0.582
0.596
0.651
0.622
0.619
0.606
0.653
0.627
0.631
0.563
0.604
0.603
0.639
0.598
0.606
0.632
0.638
0.628
0.648
0.611
0.625
0.588
0.638
0.579
0.582
0.59
0.656
0.634
0.586
0.568
0.573
0.565
0.566
0.594
0.557
0.586
0.542
0.517
0.538
0.517
0.527
0.518
0.515
0.468
0.484
0.493
0.564
0.457
0.514
0.486
0.505
0.489
0.486
0.51
0.449
0.479
0.464
0.476
0.473
0.484
0.456
0.45
0.433
0.384
0.424
0.385
0.392
0.403
0.41
0.403
0.404
0.382
0.389
0.428
0.412
0.383
0.379
0.385
0.33
0.398
0.392
0.346
0.377
0.375
0.36
0.375
0.368
0.295
0.329
0.323
0.337
0.35
0.321
0.291
0.341
0.352
0.345
0.339
0.33
0.318
0.299
0.307
0.317
0.294
0.276
0.303
0.306
0.273
0.291
0.289
0.293
0.302
0.302
0.276
0.291
0.245
0.3
0.288
0.306
0.304
0.267
0.269
0.307
0.304
0.277
0.262
0.259
0.255
0.309
0.258
0.254
0.275
0.251
0.285
0.261
0.26
0.281
0.284
0.262
0.265
0.267
0.296
0.272
0.273
0.25
0.28
0.285
0.274
0.262
0.286
0.278
0.274
0.274
0.254
0.274
0.271
0.274
0.287
0.245
0.252
0.293
0.285
0.264
0.293
0.286
0.275
0.278
0.299
0.265
0.314
0.27
0.299
0.319
0.304
0.29
0.315
0.3
0.308
0.325
0.314
0.319
0.334
0.296
0.321
0.321
0.306
0.306
0.309
0.325
0.362
0.318
0.351
0.256
0.31
0.312
0.31
0.307
0.308
0.345
0.322
0.338
0.34
0.343
0.358
0.365
0.332
0.337
0.347
0.334
0.313
0.335
0.33
0.33
0.324
0.348
0.383
0.365
0.354
0.335
0.335
0.352
0.318
0.318
0.319
0.375
0.36
0.34
0.381
0.345
0.378
0.359
0.383
0.359
0.37
0.345
0.358
0.325
0.367
0.389
0.391
0.338
0.337
0.342
0.357
0.372
0.357
0.344
0.313
0.387
0.355
0.37
0.404
0.343
0.372
0.36
0.342
0.373
0.37
0.323
0.348
0.367
0.358
0.33
0.32
0.348
0.368
0.329
0.313
0.325
0.358
0.374
0.375
0.37
0.381
0.37
0.353
0.312
0.363
0.382
0.357
0.326
0.376
0.361
0.384
0.361
0.358
0.333
0.362
0.346
0.364
0.36
0.332
0.364
0.328
0.346
0.365
0.324
0.347
0.361
0.318
0.333
0.348
0.34
0.372
0.334
0.346
0.371
0.364
0.361
0.373
0.349
0.35
0.348
0.343
0.357
0.361
0.378
0.356
0.336
0.334
0.328
0.346
0.376
0.369
0.339
0.364
0.352
0.365
0.342
0.344
0.358
0.353
0.361
0.345
0.34
0.382
0.305
0.336
0.298
0.367
0.388
0.363
0.358
0.349
0.346
0.368
0.35
0.365
0.373
0.384
0.373
0.352
0.339
0.383
0.364
0.362
0.344
0.332
0.348
0.401
0.347
0.412
0.353
0.401
0.382
0.371
0.352
0.381
0.362
0.356
0.329
0.378
0.333
0.368
0.356
0.37
0.366
0.371
0.369
0.377
0.408
0.366
0.371
0.35
0.398
0.357
0.38
0.382
0.366
0.391
0.413
0.412
0.34
0.37
0.399
0.367
0.355
0.386
0.386
0.378
0.382
0.417
0.362
0.435
0.389
0.362
0.375
0.376
0.376
0.373
0.384
0.347
0.377
0.371
0.373
0.387
0.429
0.408
0.426
0.366
0.378
0.385
0.375
0.384
0.398
0.418
0.423
0.383
0.421
0.371
0.389
0.415
0.376
0.398
0.387
0.401
0.416
0.412
0.421
0.399
0.398
0.401
0.426
0.414
0.418
0.414
0.467
0.432
0.463
0.382
0.421
0.434
0.445
0.42
0.445
0.422
0.461
0.445
0.442
0.475
0.476
0.456
0.443
0.488
0.437
0.482
0.462
0.506
0.472
0.471
0.474
0.439
0.477
0.432
0.468
0.469
0.455
0.463
0.472
0.515
0.481
0.457
0.501
0.536
0.493
0.488
0.507
0.501
0.475
0.515
0.494
0.456
0.505
0.534
0.482
0.476
0.496
0.493
0.461
0.426
0.464
0.485
0.459
0.478
0.446
0.462
0.532
0.46
0.476
0.503
0.503
0.494
0.485
0.485
0.476
0.484
0.466
0.45
0.485
0.513
0.466
0.453
0.45
0.449
0.48
0.456
0.472
0.444
0.449
0.496
0.439
0.442
0.445
0.452
0.45
0.48
0.507
0.448
0.446
0.444
0.434
0.433
0.42
0.425
0.473
0.402
0.451
0.461
0.405
0.453
0.441
0.416
0.441
0.428
0.411
0.432
0.404
0.383
0.416
0.436
0.408
0.399
0.423
0.408
0.445
0.413
0.42
0.397
0.383
0.371
0.422
0.448
0.424
0.412
0.384
0.376
0.387
0.395
0.371
0.412
0.359
0.378
0.358
0.382
0.377
0.359
0.408
0.378
0.383
0.394
0.391
0.379
0.37
0.361
0.385
0.374
0.404
0.357
0.365
0.366
0.353
0.365
0.371
0.402
0.37
0.37
0.356
0.398
0.333
0.347
0.359
0.373
0.371
0.325
0.369
0.375
0.345
0.341
0.337
0.337
0.329
0.349
0.347
0.315
0.331
0.338
0.382
0.354
0.332
0.358
0.327
0.35
0.332
0.342
0.336
0.322
0.334
0.307
0.329
0.331
0.329
0.327
0.3
0.344
0.313
0.3
0.297
0.311
0.316
0.323
0.3
0.308
0.293
0.326
0.269
0.317
0.292
0.324
0.297
0.282
0.281
0.291
0.289
0.295
0.318
0.312
0.288
0.298
0.299
0.247
0.309
0.337
0.306
0.291
0.311
0.308
0.321
0.303
0.293
0.304
0.307
0.299
0.303
0.293
0.306
0.304
0.305
0.278
0.275
0.319
0.263
0.282
0.303
0.31
0.289
0.287
0.296
0.292
0.283
0.285
0.293
0.28
0.29
0.266
0.275
0.297
0.287
0.267
0.294
0.276
0.274
0.294
0.291
0.278
0.304
0.282
0.269
0.281
0.299
0.279
0.302
0.281
0.302
0.258
0.291
0.291
0.289
0.312
0.267
0.284
0.311
0.286
0.288
0.278
0.263
0.258
0.29
0.27
0.288
0.282
0.305
0.325
0.291
0.314
0.307
0.315
0.319
0.302
0.283
0.296
0.282
0.285
0.302
0.274
0.288
0.295
0.314
0.276
0.302
0.308
0.302
0.309
0.295
0.318
0.263
0.337
0.299
0.295
0.329
0.304
0.285
0.305
0.346
0.303
0.325
0.306
0.318
0.299
0.323
0.309
0.32
0.31
0.289
0.277
0.339
0.329
0.328
0.345
0.332
0.338
0.31
0.324
0.306
0.315
0.316
0.308
0.347
0.326
0.345
0.355
0.335
0.348
0.379
0.355
0.354
0.385
0.34
0.403
0.336
0.357
0.349
0.379
0.381
0.327
0.346
0.363
0.367
0.35
0.37
0.391
0.355
0.394
0.381
0.383
0.364
0.387
0.391
0.403
0.391
0.395
0.416
0.398
0.426
0.368
0.405
0.427
0.402
0.393
0.394
0.421
0.421
0.434
0.409
0.444
0.417
0.41
0.437
0.458
0.471
0.405
0.408
0.451
0.449
0.402
0.445
0.427
0.434
0.437
0.481
0.446
0.419
0.443
0.48
0.459
0.495
0.477
0.417
0.472
0.467
0.47
0.458
0.46
0.48
0.483
0.486
0.477
0.475
0.532
0.48
0.475
0.504
0.461
0.478
0.492
0.48
0.444
0.448
0.45
0.478
0.489
0.504
0.482
0.448
0.494
0.505
0.484
0.462
0.49
0.486
0.463
0.477
0.508
0.488
0.466
0.482
0.476
0.475
0.5
0.457
0.464
0.438
0.507
0.419
0.463
0.458
0.47
0.488
0.482
0.498
0.461
0.472
0.457
0.448
0.461
0.487
0.445
0.458
0.496
0.437
0.473
0.463
0.477
0.404
0.436
0.461
0.462
0.422
0.444
0.435
0.416
0.446
0.438
0.48
0.402
0.411
0.407
0.41
0.434
0.432
0.434
0.445
0.436
0.429
0.402
0.406
0.402
0.409
0.422
0.408
0.436
0.425
0.419
0.436
0.418
0.423
0.385
0.428
0.422
0.403
0.413
0.402
0.431
0.387
0.403
0.385
0.416
0.372
0.398
0.416
0.401
0.378
0.379
0.4
0.397
0.35
0.383
0.392
0.393
0.405
0.385
0.354
0.421
0.416
0.392
0.379
0.38
0.377
0.4
0.399
0.363
0.387
0.385
0.393
0.385
0.396
0.358
0.39
0.378
0.431
0.391
0.385
0.414
0.406
0.365
0.407
0.382
0.341
0.382
0.359
0.375
0.379
0.383
0.386
0.359
0.374
0.413
0.342
0.395
0.407
0.408
0.381
0.418
0.388
0.377
0.383
0.381
0.374
0.381
0.401
0.424
0.382
0.403
0.41
0.405
0.42
0.371
0.396
0.394
0.357
0.395
0.422
0.388
0.405
0.395
0.413
0.392
0.386
0.353
0.412
0.373
0.406
0.382
0.373
0.388
0.395
0.396
0.421
0.4
0.407
0.373
0.407
0.386
0.389
0.396
0.381
0.405
0.419
0.382
0.395
0.394
0.403
0.387
0.386
0.402
0.379
0.406
0.394
0.389
0.397
0.387
0.395
0.403
0.373
0.41
0.428
0.38
0.383
0.421
0.364
0.347
0.39
0.392
0.357
0.393
0.381
0.396
0.382
0.363
0.376
0.396
0.414
0.349
0.384
0.4
0.346
0.356
0.355
0.396
0.39
0.368
0.351
0.37
0.355
0.385
0.368
0.364
0.346
0.375
0.374
0.364
0.31
0.314
0.356
0.367
0.336
0.325
0.35
0.337
0.34
0.338
0.343
0.339
0.342
0.348
0.359
0.336
0.341
0.309
0.302
0.328
0.352
0.32
0.335
0.344
0.35
0.314
0.306
0.342
0.3
0.303
0.366
0.315
0.352
0.302
0.323
0.305
0.292
0.299
0.325
0.289
0.287
0.281
0.292
0.281
0.325
0.281
0.277
0.294
0.301
0.282
0.311
0.295
0.291
0.293
0.268
0.261
0.309
0.307
0.26
0.287
0.291
0.277
0.271
0.309
0.296
0.288
0.274
0.312
0.291
0.301
0.277
0.298
0.253
0.29
0.283
0.261
0.28
0.27
0.256
0.265
0.279
0.239
0.262
0.272
0.26
0.241
0.262
0.243
0.275
0.267
0.278
0.269
0.272
0.289
0.267
0.261
0.27
0.258
0.238
0.265
0.287
0.289
0.265
0.27
0.291
0.269
0.276
0.267
0.27
0.281
0.282
0.276
0.276
0.269
0.255
0.269
0.27
0.269
0.278
0.294
0.298
0.297
0.28
0.307
0.301
0.307
0.295
0.267
0.292
0.273
0.288
0.28
0.323
0.294
0.333
0.317
0.273
0.259
0.34
0.296
0.293
0.309
0.312
0.305
0.292
0.311
0.327
0.329
0.329
0.347
0.338
0.319
0.345
0.341
0.322
0.355
0.37
0.323
0.359
0.348
0.352
0.334
0.357
0.352
0.381
0.368
0.356
0.357
0.382
0.363
0.393
0.372
0.385
0.426
0.374
0.383
0.388
0.359
0.394
0.4
0.41
0.409
0.437
0.397
0.429
0.38
0.412
0.459
0.437
0.441
0.418
0.421
0.441
0.419
0.449
0.4
0.425
0.422
0.405
0.456
0.464
0.43
0.413
0.48
0.477
0.45
0.464
0.495
0.481
0.464
0.47
0.447
0.507
0.457
0.488
0.511
0.492
0.485
0.539
0.496
0.519
0.467
0.451
0.442
0.511
0.466
0.5
0.507
0.505
0.541
0.504
0.514
0.523
0.573
0.521
0.57
0.523
0.525
0.52
0.548
0.523
0.509
0.514
0.531
0.542
0.532
0.513
0.507
0.54
0.515
0.494
0.498
0.513
0.532
0.568
0.533
0.519
0.5
0.561
0.591
0.531
0.49
0.517
0.501
0.467
0.476
0.512
0.504
0.505
0.491
0.524
0.499
0.49
0.469
0.506
0.478
0.511
0.498
0.488
0.486
0.478
0.499
0.468
0.456
0.465
0.493
0.471
0.461
0.474
0.459
0.48
0.436
0.462
0.406
0.466
0.44
0.485
0.462
0.457
0.408
0.42
0.403
0.448
0.421
0.407
0.411
0.395
0.407
0.387
0.393
0.356
0.395
0.399
0.394
0.409
0.406
0.379
0.44
0.4
0.381
0.401
0.404
0.401
0.373
0.369
0.386
0.364
0.352
0.385
0.361
0.38
0.363
0.359
0.366
0.348
0.373
0.352
0.361
0.36
0.356
0.387
0.356
0.351
0.354
0.345
0.35
0.349
0.314
0.357
0.358
0.33
0.337
0.358
0.372
0.348
0.312
0.347
0.307
0.379
0.345
0.341
0.319
0.327
0.297
0.314
0.361
0.359
0.327
0.35
0.361
0.372
0.321
0.329
0.358
0.327
0.324
0.322
0.348
0.351
0.317
0.356
0.375
0.364
0.314
0.38
0.344
0.348
0.361
0.326
0.384
0.38
0.384
0.361
0.378
0.357
0.348
0.337
0.362
0.326
0.383
0.348
0.376
0.404
0.37
0.367
0.356
0.379
0.361
0.409
0.397
0.38
0.38
0.362
0.346
0.385
0.387
0.389
0.346
0.377
0.405
0.365
0.387
0.427
0.373
0.358
0.375
0.377
0.399
0.407
0.377
0.342
0.399
0.359
0.365
0.357
0.387
0.387
0.364
0.367
0.386
0.447
0.371
0.368
0.41
0.382
0.367
0.351
0.382
0.399
0.39
0.396
0.339
0.37
0.372
0.345
0.356
0.351
0.348
0.38
0.366
0.37
0.365
0.365
0.396
0.377
0.353
0.33
0.379
0.33
0.378
0.337
0.375
0.329
0.369
0.395
0.333
0.332
0.349
0.38
0.384
0.338
0.366
0.343
0.338
0.325
0.357
0.33
0.347
0.372
0.357
0.349
0.348
0.316
0.385
0.36
0.341
0.364
0.361
0.335
0.344
0.358
0.33
0.302
0.339
0.353
0.324
0.326
0.324
0.309
0.362
0.29
0.328
0.339
0.321
0.31
0.323
0.31
0.311
0.36
0.308
0.288
0.32
0.274
0.324
0.325
0.31
0.312
0.337
0.319
0.305
0.315
0.326
0.314
0.316
0.298
0.301
0.304
0.315
0.332
0.318
0.309
0.304
0.283
0.306
0.291
0.321
0.341
0.31
0.297
0.288
0.288
0.302
0.294
0.293
0.288
0.316
0.287
0.29
0.308
0.282
0.311
0.283
0.291
0.312
0.256
0.263
0.3
0.289
0.31
0.277
0.286
0.251
0.301
0.281
0.306
0.303
0.296
0.273
0.256
0.268
0.287
0.304
0.29
0.284
0.255
0.305
0.291
0.297
0.29
0.302
0.287
0.276
0.286
0.303
0.323
0.281
0.319
0.306
0.293
0.309
0.277
0.308
0.295
0.327
0.299
0.284
0.309
0.319
0.311
0.327
0.277
0.301
0.304
0.287
0.32
0.32
0.342
0.297
0.326
0.312
0.303
0.347
0.343
0.353
0.331
0.301
0.309
0.304
0.337
0.314
0.329
0.362
0.352
0.328
0.373
0.384
0.359
0.357
0.369
0.397
0.364
0.368
0.391
0.337
0.367
0.394
0.363
0.363
0.418
0.38
0.389
0.366
0.376
0.374
0.404
0.393
0.372
0.414
0.392
0.377
0.386
0.381
0.399
0.423
0.381
0.438
0.4
0.411
0.44
0.452
0.417
0.436
0.452
0.445
0.449
0.438
0.427
0.434
0.463
0.432
0.444
0.453
0.479
0.481
0.465
0.45
0.522
0.468
0.428
0.52
0.439
0.486
0.467
0.471
0.472
0.515
0.499
0.495
0.496
0.493
0.509
0.527
0.495
0.503
0.492
0.497
0.546
0.529
0.505
0.491
0.503
0.506
0.498
0.454
0.593
0.536
0.492
0.487
0.552
0.523
0.49
0.533
0.513
0.508
0.526
0.527
0.52
0.516
0.546
0.513
0.523
0.504
0.51
0.525
0.513
0.496
0.52
0.557
0.477
0.525
0.511
0.466
0.532
0.492
0.469
0.543
0.475
0.544
0.536
0.511
0.476
0.451
0.464
0.507
0.449
0.42
0.465
0.482
0.473
0.48
0.465
0.51
0.485
0.48
0.483
0.434
0.446
0.45
0.458
0.472
0.471
0.434
0.453
0.47
0.445
0.445
0.421
0.441
0.444
0.413
0.431
0.419
0.423
0.415
0.415
0.436
0.392
0.45
0.399
0.411
0.445
0.453
0.423
0.402
0.408
0.428
0.388
0.376
0.362
0.392
0.372
0.39
0.397
0.394
0.357
0.367
0.385
0.375
0.381
0.368
0.394
0.355
0.39
0.348
0.383
0.352
0.353
0.332
0.334
0.389
0.373
0.378
0.35
0.329
0.361
0.355
0.364
0.346
0.354
0.348
0.362
0.309
0.343
0.353
0.334
0.322
0.362
0.35
0.353
0.344
0.328
0.337
0.339
0.338
0.36
0.309
0.351
0.345
0.305
0.366
0.342
0.349
0.321
0.379
0.324
0.354
0.329
0.325
0.357
0.33
0.355
0.357
0.352
0.339
0.328
0.358
0.346
0.329
0.338
0.34
0.329
0.363
0.367
0.338
0.312
0.345
0.384
0.358
0.345
0.353
0.357
0.362
0.415
0.357
0.333
0.359
0.388
0.362
0.358
0.37
0.33
0.348
0.337
0.357
0.354
0.319
0.37
0.356
0.378
0.358
0.355
0.365
0.353
0.328
0.365
0.348
0.341
0.353
0.343
0.351
0.359
0.32
0.327
0.339
0.321
0.364
0.405
0.348
0.384
0.361
0.362
0.365
0.354
0.374
0.345
0.351
0.374
0.37
0.368
0.375
0.384
0.371
0.371
0.365
0.333
0.347
0.341
0.358
0.361
0.364
0.333
0.312
0.329
0.333
0.335
0.356
0.347
0.34
0.324
0.377
0.325
0.36
0.336
0.358
0.349
0.331
0.396
0.35
0.352
0.368
0.311
0.314
0.344
0.329
0.312
0.287
0.371
0.314
0.276
0.321
0.325
0.328
0.347
0.307
0.314
0.321
0.307
0.308
0.338
0.305
0.318
0.302
0.308
0.32
0.312
0.289
0.318
0.327
0.3
0.324
0.333
0.349
0.3
0.309
0.307
0.28
0.338
0.311
0.301
0.315
0.281
0.308
0.343
0.274
0.285
0.307
0.304
0.295
0.333
0.288
0.311
0.299
0.339
0.303
0.322
0.293
0.329
0.272
0.317
0.357
0.372
0.3
0.299
0.275
0.301
0.336
0.286
0.309
0.322
0.286
0.285
0.305
0.295
0.295
0.302
0.302
0.321
0.279
0.308
0.321
0.313
0.279
0.313
0.275
0.307
0.312
0.299
0.282
0.291
0.308
0.313
0.286
0.271
0.296
0.307
0.286
0.329
0.293
0.286
0.327
0.321
0.314
0.296
0.324
0.347
0.339
0.326
0.338
0.321
0.305
0.369
0.305
0.301
0.307
0.313
0.333
0.312
0.331
0.316
0.352
0.371
0.325
0.34
0.349
0.35
0.351
0.352
0.359
0.383
0.344
0.376
0.382
0.37
0.342
0.363
0.324
0.408
0.352
0.367
0.374
0.358
0.377
0.38
0.381
0.393
0.375
0.368
0.371
0.394
0.393
0.356
0.41
0.358
0.389
0.381
0.388
0.38
0.393
0.37
0.388
0.38
0.37
0.379
0.402
0.406
0.408
0.411
0.403
0.426
0.372
0.401
0.395
0.39
0.433
0.423
0.414
0.423
0.437
0.441
0.401
0.443
0.432
0.427
0.43
0.393
0.468
0.433
0.503
0.506
0.469
0.478
0.442
0.494
0.472
0.482
0.462
0.47
0.469
0.463
0.431
0.47
0.471
0.47
0.478
0.446
0.48
0.447
0.512
0.475
0.487
0.488
0.484
0.463
0.516
0.473
0.476
0.464
0.468
0.476
0.472
0.488
0.506
0.486
0.569
0.474
0.492
0.502
0.519
0.51
0.497
0.504
0.537
0.514
0.474
0.493
0.482
0.519
0.537
0.511
0.542
0.528
0.461
0.499
0.463
0.518
0.484
0.489
0.479
0.49
0.467
0.499
0.502
0.496
0.432
0.502
0.458
0.455
0.491
0.469
0.489
0.469
0.487
0.442
0.505
0.511
0.428
0.493
0.481
0.466
0.454
0.422
0.431
0.469
0.379
0.446
0.409
0.433
0.438
0.453
0.448
0.44
0.444
0.435
0.461
0.427
0.45
0.425
0.44
0.442
0.398
0.424
0.399
0.366
0.423
0.458
0.392
0.408
0.425
0.393
0.394
0.411
0.402
0.363
0.447
0.415
0.387
0.39
0.388
0.378
0.388
0.4
0.38
0.402
0.384
0.35
0.383
0.386
0.423
0.378
0.381
0.384
0.363
0.388
0.374
0.377
0.395
0.389
0.364
0.364
0.332
0.369
0.345
0.409
0.354
0.37
0.353
0.364
0.402
0.387
0.392
0.37
0.355
0.338
0.369
0.387
0.355
0.364
0.379
0.382
0.356
0.375
0.356
0.38
0.341
0.372
0.371
0.375
0.362
0.353
0.373
0.369
0.344
0.363
0.359
0.338
0.344
0.362
0.374
0.366
0.367
0.377
0.369
0.366
0.391
0.352
0.364
0.38
0.394
0.313
0.357
0.382
0.374
0.331
0.327
0.353
0.372
0.361
0.338
0.353
0.328
0.362
0.36
0.349
0.343
0.366
0.323
0.39
0.31
0.336
0.353
0.346
0.35
0.369
0.355
0.346
0.357
0.362
0.346
0.356
0.331
0.345
0.357
0.401
0.335
0.359
0.361
0.35
0.332
0.364
0.331
0.354
0.32
0.332
0.344
0.333
0.34
0.353
0.387
0.358
0.34
0.369
0.334
0.348
0.35
0.334
0.371
0.328
0.353
0.318
0.357
0.343
0.349
0.354
0.319
0.37
0.322
0.334
0.343
0.297
0.334
0.354
0.36
0.352
0.323
0.326
0.323
0.331
0.321
0.342
0.346
0.35
0.329
0.287
0.358
0.339
0.32
0.326
0.326
0.326
0.333
0.313
0.317
0.336
0.321
0.339
0.354
0.318
0.323
0.322
0.288
0.289
0.307
0.286
0.299
0.303
0.309
0.35
0.333
0.265
0.309
0.319
0.305
0.303
0.308
0.315
0.318
0.314
0.307
0.293
0.319
0.313
0.298
0.293
0.296
0.285
0.292
0.31
0.29
0.298
0.32
0.302
0.292
0.302
0.32
0.318
0.314
0.287
0.286
0.313
0.294
0.308
0.308
0.298
0.275
0.292
0.295
0.301
0.319
0.271
0.285
0.29
0.277
0.283
0.276
0.295
0.276
0.284
0.311
0.288
0.27
0.312
0.294
0.275
0.272
0.321
0.313
0.262
0.316
0.302
0.284
0.322
0.272
0.32
0.307
0.302
0.323
0.312
0.308
0.321
0.282
0.292
0.328
0.314
0.358
0.309
0.311
0.335
0.3
0.323
0.312
0.345
0.319
0.341
0.329
0.322
0.339
0.332
0.333
0.309
0.344
0.336
0.339
0.332
0.306
0.324
0.332
0.334
0.358
0.357
0.344
0.325
0.354
0.331
0.366
0.313
0.348
0.344
0.364
0.376
0.369
0.351
0.33
0.366
0.388
0.343
0.385
0.386
0.353
0.369
0.378
0.413
0.417
0.375
0.386
0.401
0.42
0.409
0.421
0.421
0.379
0.394
0.403
0.395
0.405
0.412
0.466
0.431
0.429
0.403
0.401
0.433
0.424
0.424
0.401
0.441
0.389
0.419
0.47
0.399
0.456
0.448
0.417
0.42
0.484
0.421
0.408
0.416
0.468
0.421
0.473
0.447
0.467
0.462
0.48
0.484
0.486
0.474
0.459
0.459
0.462
0.469
0.464
0.473
0.491
0.518
0.484
0.465
0.472
0.492
0.457
0.483
0.482
0.477
0.501
0.521
0.467
0.405
0.508
0.466
0.499
0.465
0.51
0.499
0.533
0.488
0.476
0.506
0.483
0.501
0.534
0.479
0.528
0.495
0.501
0.474
0.465
0.509
0.499
0.496
0.475
0.506
0.492
0.523
0.462
0.522
0.44
0.486
0.495
0.496
0.506
0.455
0.491
0.489
0.499
0.464
0.474
0.436
0.489
0.459
0.461
0.522
0.47
0.476
0.466
0.457
0.455
0.48
0.458
0.439
0.46
0.434
0.472
0.459
0.476
0.438
0.419
0.457
0.472
0.442
0.427
0.42
0.426
0.435
0.432
0.419
0.434
0.46
0.424
0.399
0.39
0.413
0.395
0.389
0.429
0.396
0.383
0.39
0.388
0.426
0.39
0.408
0.419
0.403
0.374
0.42
0.388
0.403
0.412
0.429
0.354
0.4
0.377
0.38
0.4
0.427
0.412
0.386
0.362
0.373
0.396
0.367
0.339
0.393
0.37
0.381
0.383
0.376
0.372
0.357
0.362
0.367
0.369
0.362
0.379
0.381
0.363
0.373
0.381
0.382
0.34
0.371
0.373
0.354
0.37
0.379
0.408
0.36
0.362
0.365
0.374
0.34
0.388
0.342
0.336
0.374
0.399
0.384
0.371
0.412
0.346
0.407
0.346
0.364
0.349
0.367
0.322
0.359
0.359
0.359
0.383
0.356
0.329
0.356
0.38
0.349
0.389
0.366
0.394
0.365
0.387
0.383
0.353
0.369
0.375
0.362
0.382
0.364
0.358
0.381
0.362
0.379
0.365
0.366
0.36
0.384
0.37
0.379
0.381
0.371
0.331
0.37
0.395
0.38
0.367
0.355
0.388
0.369
0.388
0.389
0.353
0.339
0.334
0.362
0.357
0.365
0.398
0.338
0.349
0.361
0.339
0.352
0.362
0.373
0.351
0.361
0.326
0.369
0.319
0.369
0.361
0.342
0.367
0.357
0.342
0.363
0.363
0.384
0.329
0.345
0.356
0.361
0.347
0.314
0.343
0.357
0.375
0.365
0.323
0.336
0.343
0.347
0.317
0.307
0.345
0.308
0.345
0.349
0.307
0.312
0.343
0.319
0.334
0.344
0.308
0.321
0.306
0.324
0.368
0.344
0.352
0.324
0.337
0.338
0.319
0.31
0.328
0.343
0.32
0.331
0.312
0.335
0.334
0.323
0.31
0.309
0.315
0.317
0.335
0.3
0.269
0.285
0.299
0.326
0.306
0.309
0.296
0.314
0.291
0.314
0.283
0.304
0.286
0.269
0.27
0.308
0.274
0.295
0.302
0.275
0.315
0.267
0.318
0.284
0.318
0.316
0.323
0.283
0.297
0.28
0.296
0.306
0.3
0.283
0.305
0.284
0.293
0.283
0.316
0.284
0.293
0.299
0.293
0.277
0.307
0.303
0.303
0.289
0.273
0.284
0.301
0.272
0.3
0.336
0.295
0.3
0.302
0.3
0.298
0.317
0.281
0.297
0.293
0.315
0.313
0.345
0.283
0.264
0.278
0.291
0.299
0.273
0.326
0.293
0.305
0.311
0.272
0.308
0.332
0.302
0.329
0.346
0.31
0.325
0.282
0.302
0.302
0.325
0.315
0.299
0.33
0.318
0.3
0.32
0.308
0.326
0.309
0.31
0.351
0.359
0.317
0.336
0.366
0.356
0.316
0.336
0.356
0.317
0.364
0.353
0.338
0.324
0.344
0.376
0.331
0.326
0.322
0.356
0.392
0.368
0.344
0.367
0.387
0.367
0.359
0.341
0.367
0.387
0.366
0.372
0.378
0.388
0.411
0.396
0.38
0.369
0.433
0.38
0.422
0.421
0.417
0.425
0.421
0.399
0.386
0.442
0.445
0.442
0.439
0.439
0.433
0.466
0.478
0.41
0.426
0.471
0.462
0.491
0.443
0.429
0.46
0.438
0.471
0.44
0.454
0.48
0.494
0.445
0.492
0.501
0.501
0.455
0.488
0.442
0.469
0.48
0.47
0.48
0.521
0.514
0.448
0.523
0.523
0.44
0.484
0.498
0.484
0.464
0.489
0.518
0.502
0.537
0.532
0.495
0.49
0.495
0.522
0.482
0.485
0.491
0.543
0.476
0.477
0.504
0.547
0.543
0.506
0.51
0.492
0.482
0.487
0.485
0.488
0.461
0.453
0.512
0.502
0.516
0.473
0.504
0.524
0.465
0.508
0.458
0.477
0.498
0.485
0.47
0.513
0.488
0.434
0.468
0.465
0.45
0.52
0.467
0.484
0.498
0.46
0.485
0.476
0.472
0.481
0.434
0.44
0.44
0.4
0.469
0.431
0.456
0.445
0.413
0.433
0.387
0.414
0.391
0.417
0.463
0.439
0.423
0.453
0.443
0.438
0.404
0.414
0.42
0.41
0.452
0.419
0.391
0.391
0.409
0.42
0.395
0.421
0.393
0.41
0.413
0.44
0.427
0.38
0.377
0.412
0.368
0.388
0.392
0.37
0.375
0.396
0.361
0.413
0.4
0.368
0.369
0.386
0.374
0.37
0.359
0.403
0.369
0.377
0.398
0.349
0.356
0.373
0.353
0.344
0.36
0.374
0.391
0.355
0.337
0.393
0.373
0.385
0.363
0.332
0.327
0.403
0.319
0.332
0.366
0.342
0.37
0.343
0.359
0.425
0.341
0.346
0.346
0.31
0.394
0.364
0.369
0.375
0.364
0.353
0.358
0.358
0.377
0.364
0.357
0.377
0.363
0.358
0.409
0.326
0.385
0.384
0.389
0.38
0.341
0.376
0.359
0.382
0.365
0.354
0.343
0.359
0.374
0.415
0.387
0.359
0.339
0.375
0.397
0.352
0.349
0.389
0.34
0.38
0.383
0.368
0.337
0.368
0.353
0.352
0.379
0.392
0.38
0.344
0.344
0.355
0.392
0.357
0.351
0.37
0.37
0.363
0.328
0.348
0.37
0.377
0.381
0.345
0.348
0.352
0.35
0.357
0.365
0.367
0.349
0.369
0.347
0.356
0.384
0.354
0.34
0.369
0.376
0.371
0.377
0.351
0.357
0.39
0.352
0.381
0.36
0.327
0.339
0.332
0.327
0.325
0.337
0.348
0.344
0.363
0.352
0.319
0.353
0.335
0.353
0.327
0.298
0.341
0.349
0.333
0.356
0.319
0.317
0.35
0.313
0.338
0.315
0.319
0.312
0.329
0.333
0.317
0.308
0.356
0.331
0.302
0.337
0.318
0.37
0.367
0.318
0.315
0.283
0.309
0.313
0.298
0.294
0.325
0.331
0.302
0.293
0.294
0.321
0.329
0.313
0.319
0.29
0.297
0.296
0.292
0.309
0.297
0.313
0.323
0.318
0.321
0.299
0.301
0.32
0.308
0.288
0.282
0.289
0.302
0.31
0.294
0.286
0.252
0.307
0.315
0.287
0.279
0.271
0.259
0.328
0.307
0.305
0.319
0.303
0.303
0.261
0.278
0.307
0.281
0.294
0.271
0.298
0.27
0.294
0.288
0.294
0.297
0.311
0.302
0.284
0.3
0.281
0.29
0.334
0.258
0.295
0.322
0.291
0.284
0.308
0.283
0.307
0.31
0.294
0.289
0.278
0.311
0.308
0.332
0.341
0.29
0.304
0.311
0.305
0.298
0.331
0.259
0.332
0.312
0.312
0.27
0.328
0.315
0.294
0.31
0.33
0.339
0.336
0.333
0.328
0.324
0.331
0.294
0.319
0.346
0.351
0.336
0.371
0.341
0.353
0.362
0.318
0.319
0.323
0.336
0.371
0.342
0.33
0.379
0.309
0.384
0.373
0.356
0.34
0.336
0.372
0.377
0.378
0.365
0.373
0.367
0.369
0.339
0.384
0.412
0.322
0.395
0.355
0.421
0.374
0.399
0.415
0.404
0.406
0.403
0.399
0.43
0.428
0.432
0.4
0.409
0.41
0.404
0.454
0.436
0.45
0.424
0.448
0.45
0.448
0.474
0.407
0.484
0.454
0.453
0.457
0.431
0.458
0.438
0.506
0.496
0.465
0.464
0.456
0.437
0.479
0.496
0.5
0.457
0.506
0.533
0.443
0.496
0.503
0.491
0.47
0.508
0.493
0.535
0.497
0.514
0.515
0.513
0.497
0.503
0.52
0.492
0.523
0.538
0.504
0.47
0.513
0.509
0.525
0.53
0.506
0.512
0.518
0.507
0.48
0.517
0.496
0.542
0.498
0.48
0.471
0.495
0.477
0.462
0.496
0.503
0.451
0.496
0.494
0.49
0.458
0.454
0.486
0.504
0.46
0.502
0.477
0.468
0.531
0.456
0.497
0.487
0.471
0.502
0.433
0.469
0.461
0.458
0.491
0.448
0.498
0.497
0.438
0.46
0.466
0.447
0.462
0.424
0.449
0.459
0.465
0.463
0.46
0.417
0.415
0.446
0.431
0.403
0.425
0.417
0.424
0.411
0.438
0.409
0.393
0.402
0.419
0.44
0.417
0.386
0.413
0.389
0.406
0.416
0.406
0.39
0.391
0.379
0.364
0.412
0.444
0.399
0.405
0.359
0.359
0.4
0.396
0.394
0.39
0.422
0.392
0.39
0.375
0.347
0.357
0.384
0.375
0.364
0.378
0.344
0.391
0.349
0.353
0.383
0.364
0.392
0.384
0.369
0.369
0.372
0.358
0.392
0.338
0.352
0.355
0.354
0.371
0.378
0.359
0.386
0.377
0.345
0.332
0.34
0.342
0.366
0.335
0.381
0.334
0.382
0.34
0.336
0.377
0.327
0.353
0.374
0.342
0.353
0.322
0.342
0.344
0.333
0.378
0.393
0.385
0.355
0.361
0.372
0.367
0.402
0.347
0.325
0.377
0.344
0.343
0.349
0.347
0.348
0.358
0.35
0.369
0.353
0.37
0.344
0.426
0.367
0.364
0.384
0.389
0.341
0.395
0.415
0.351
0.35
0.346
0.361
0.352
0.385
0.373
0.364
0.367
0.374
0.356
0.359
0.374
0.351
0.365
0.38
0.376
0.338
0.361
0.383
0.357
0.36
0.372
0.347
0.362
0.355
0.393
0.354
0.338
0.358
0.394
0.33
0.365
0.374
0.383
0.347
0.353
0.339
0.361
0.389
0.345
0.37
0.341
0.351
0.336
0.362
0.327
0.357
0.37
0.35
0.342
0.337
0.325
0.399
0.36
0.355
0.323
0.346
0.341
0.346
0.384
0.32
0.333
0.332
0.341
0.372
0.319
0.328
0.328
0.362
0.313
0.316
0.342
0.333
0.361
0.331
0.344
0.319
0.333
0.298
0.325
0.34
0.328
0.287
0.328
0.309
0.337
0.302
0.276
0.327
0.302
0.296
0.307
0.311
0.309
0.308
0.283
0.313
0.292
0.321
0.292
0.309
0.298
0.302
0.308
0.289
0.312
0.288
0.304
0.29
0.324
0.299
0.334
0.301
0.287
0.31
0.292
0.317
0.318
0.297
0.277
0.312
0.322
0.276
0.301
0.286
0.296
0.331
0.268
0.298
0.316
0.31
0.279
0.281
0.321
0.27
0.288
0.301
0.274
0.234
0.299
0.326
0.311
0.294
0.294
0.28
0.273
0.279
0.322
0.303
0.289
0.314
0.295
0.282
0.316
0.266
0.279
0.296
0.275
0.302
0.3
0.297
0.305
0.276
0.293
0.273
0.318
0.313
0.276
0.304
0.279
0.32
0.288
0.291
0.326
0.301
0.288
0.322
0.346
0.319
0.331
0.296
0.33
0.325
0.325
0.311
0.334
0.334
0.314
0.327
0.324
0.316
0.35
0.372
0.328
0.326
0.325
0.313
0.351
0.363
0.353
0.35
0.351
0.381
0.35
0.352
0.355
0.373
0.382
0.336
0.339
0.35
0.312
0.371
0.363
0.376
0.362
0.385
0.374
0.367
0.364
0.396
0.363
0.396
0.398
0.388
0.405
0.401
0.394
0.397
0.419
0.441
0.4
0.392
0.401
0.392
0.41
0.41
0.431
0.416
0.413
0.414
0.444
0.402
0.438
0.41
0.466
0.421
0.485
0.448
0.427
0.489
0.417
0.467
0.431
0.447
0.466
0.466
0.481
0.486
0.456
0.494
0.482
0.475
0.431
0.454
0.447
0.489
0.453
0.468
0.44
0.52
0.472
0.5
0.463
0.486
0.455
0.465
0.485
0.509
0.503
0.486
0.492
0.467
0.508
0.501
0.488
0.486
0.494
0.484
0.512
0.506
0.525
0.52
0.518
0.539
0.479
0.477
0.519
0.482
0.519
0.517
0.504
0.522
0.483
0.468
0.549
0.531
0.542
0.558
0.542
0.499
0.526
0.515
0.503
0.532
0.497
0.471
0.456
0.498
0.531
0.497
0.444
0.483
