0
0
0
0
0
0
0
0
0
0
0
0
0
0
0
0
0
0
0
0
0
0
0
0
0
0
0
0
0
0
0
0
0
0
0
0
0
0
0
0
0
0
0
0
0
0
0
0
0
0
0
0
0
0
0
0
0
0
0
0
0
0
0
0
0
0
0
0
0
0
0
0
0
0
0
0
0
0
0
0
0
0
0
0
0
0
0
0
0
0
0
0
0
0
0
0
0
0
0
0
0
0
0
0
0
0
0
0
0
0
0
0
0
0
0
0
0
0
0
0
0
0
0
0
0
0
0
0
0
0
0
0
0
0
0
0
0
0
0
0
0
0
0
0
0
0.001
0
0
0.001
0.001
0.001
0
0.001
0
0.004
0.005
0.005
0.004
0.007
0.004
0.005
0.009
0.013
0.01
0.014
0.016
0.023
0.033
0.028
0.041
0.043
0.042
0.043
0.062
0.066
0.064
0.07
0.097
0.098
0.105
0.118
0.107
0.157
0.163
0.165
0.18
0.206
0.202
0.221
0.228
0.247
0.292
0.309
0.317
0.324
0.329
0.369
0.404
0.424
0.41
0.475
0.473
0.492
0.493
0.512
0.498
0.588
0.624
0.629
0.605
0.65
0.709
0.687
0.686
0.701
0.72
0.736
0.71
0.776
0.783
0.794
0.763
0.773
0.813
0.878
0.917
0.856
0.902
0.879
0.89
0.86
0.929
0.892
0.905
0.9
0.901
0.926
0.955
0.951
0.94
0.883
0.911
0.875
0.883
0.889
0.901
0.889
0.875
0.916
0.914
0.967
0.942
0.88
0.867
0.857
0.902
0.854
0.881
0.912
0.831
0.883
0.885
0.864
0.779
0.795
0.87
0.811
0.803
0.817
0.801
0.769
0.756
0.699
0.74
0.761
0.742
0.743
0.732
0.653
0.713
0.706
0.612
0.622
0.679
0.609
0.672
0.622
0.635
0.675
0.618
0.595
0.592
0.548
0.555
0.594
0.544
0.539
0.519
0.547
0.534
0.489
0.442
0.448
0.456
0.472
0.452
0.448
0.43
0.428
0.453
0.419
0.399
0.395
0.393
0.388
0.35
0.383
0.336
0.359
0.319
0.328
0.325
0.278
0.3
0.281
0.29
0.306
0.284
0.265
0.247
0.22
0.231
0.225
0.248
0.25
0.221
0.221
0.204
0.22
0.184
0.188
0.211
0.188
0.173
0.147
0.15
0.156
0.161
0.126
0.145
0.145
0.13
0.135
0.149
0.117
0.114
0.105
0.12
0.101
0.106
0.111
0.076
0.088
0.089
0.076
0.069
0.072
0.071
0.066
0.074
0.082
0.059
0.053
0.06
0.055
0.054
0.05
0.051
0.044
0.036
0.034
0.048
0.028
0.033
0.039
0.022
0.021
0.03
0.025
0.024
0.021
0.031
0.013
0.02
0.011
0.018
0.016
0.01
0.017
0.017
0.018
0.016
0.008
0.009
0.01
0.004
0.009
0.014
0.013
0.007
0.007
0.006
0.002
0.005
0.003
0.006
0.006
0.002
0.002
0.005
0.006
0.003
0.005
0.002
0.004
0.001
0.001
0.001
0.003
0.002
0.002
0.001
0.002
0.002
0.002
0.003
0.002
0.002
0
0.001
0.002
0.001
0.003
0
0.001
0.001
0.001
0
0.001
0
0
0
0
0
0.002
0
0
0
0
0
0
0
0
0
0
0
0
0.001
0
0
0
0
0
0
0
0
0
0
0
0
0
0
0
0
0
0
0
0
0
0
0
0
0
0
0
0
0
0
0
0
0
0
0
0
0
0
0
0
0
0
0.001
0
0
0
0
0
0
0
0
0
0
0
0
0
0
0
0
0
0
0
0
0
0
0
0
0
0
0
0
0
0
0
0
0
0
0
0
0
0
0
0
0
0
0
0
0
0
0
0
0
0
0
0
0
0
0
0
0
0
0
0
0
0
0
0
0
0
0
0
0
0
0
0
0
0
0
0
0
0
0
0
0
0
0
0
0
0
0
0
0
0
0
0
0
0
0
0
0
0
0
0
0
0
0
0
0
0
0
0
0
0
0
0
0
0
0
0
0
0
0
0
0
0
0
0
0
0
0
0
0
0
0
0
0
0
0
0
0
0
0
0
0
0
0
0
0
0
0
0
0
0
0
0
0
0
0
0
0
0
0
0
0
0
0
0
0
0
0
0
0
0
0
0
0
0
0
0
0
0
0
0
0
0
0
0
0
0
0
0
0
0
0
0
0
0
0
0
0
0
0
0
0
0
0
0
0
0
0
0
0
0
0
0
0
0
0
0
0
0
0
0
0
0
0
0
0
0
0
0
0
0
0
0
0
0
0
0
0
0
0
0
0
0
0
0
0
0
0
0
0
0
0
0
0
0
0
0
0
0
0
0
0
0
0
0
0
0
0
0
0
0
0
0
0
0
0
0
0
0
0
0
0
0
0
0
0
0
0
0
0
0
0
0
0
0
0
0
0
0
0
0
0
0
0
0
0
0
0
0
0
0
0
0
0
0
0
0
0
0
0
0
0
0
0
0
0
0
0
0
0
0
0
0
0
0
0
0
0
0
0
0
0
0
0
0
0
0
0
0
0
0
0
0
0
0
0
0
0
0
0
0
0
0
0
0
0
0
0
0
0
0
0
0
0
0
0
0
0
0
0
0
0
0
0
0
0
0
0
0
0
0
0
0
0
0
0
0
0
0
0
0
0
0
0
0
0
0
0
0
0
0
0
0
0
0
0
0
0
0
0
0
0
0
0
0
0
0
0
0
0
0
0
0
0
0
0
0
0
0
0
0
0
0
0
0
0
0
0
0
0
0
0
0
0
0
0
0
0
0
0
0
0
0
0
0
0
0
0
0
0
0
0
0
0
0
0
0
0
0
0
0
0
0
0
0
0
0
0
0
0
0
0
0
0
0
0
0
0
0
0
0
0
0
0
0
0
0
0
0
0
0
0
0
0
0
0
0
0
0
0
0
0
0
0
0
0
0
0
0
0
0
0
0
0
0
0
0
0
0
0
0
0
0
0
0
0
0
0
0
0
0
0
0
0
0
0
0
0
0
0
0
0
0
0
0
0
0
0
0
0
0
0
0
0
0
0
0
0
0
0
0
0
0
0
0
0
0
0
0
0
0
0
0
0
0
0
0
0
0
0
0
0
0
0
0
0
0
0
0
0
0
0
0
0
0
0
0
0
0
0
0
0
0
0
0
0
0
0
0
0
0
0
0
0
0
0
0
0
0
0
0
0
0
0
0
0
0
0
0
0
0
0
0
0
0
0
0
0
0
0
0
0
0
0
0
0
0
0
0
0
0
0
0
0
0
0
0
0
0
0
0
0
0
0
0
0
0
0
0
0
0
0
0
0
0
0
0
0
0
0
0
0
0
0
0
0
0
0
0
0
0
0
0
0
0
0
0
0
0
0
0
0
0
0
0
0
0
0
0
0
0
0
0
0
0
0
0
0
0
0
0
0
0
0
0
0
0
0
0
0
0
0
0
0
0
0
0
0
0
0
0
0
0
0
0
0
0
0
0
0
0
0
0
0
0
0
0
0
0
0
0
0
0
0
0
0
0
0
0
0
0
0
0
0
0
0
0
0
0
0
0
0
0
0
0
0
0
0
0
0
0
0
0
0
0
0
0
0
0
0
0
0
0
0
0
0
0
0
0
0
0
0
0
0
0
0
0
0
0
0
0
0
0
0
0
0
0
0
0
0
0
0
0
0
0
0
0
0
0
0
0
0
0
0
0
0
0
0
0
0
0
0
0
0
0
0
0
0
0
0
0
0
0
0
0
0
0
0
0
0
0
0
0
0
0
0
0
0
0
0
0
0
0
0
0
0
0
0
0
0
0
0
0
0
0
0
0
0
0
0
0
0
0
0
0
0
0
0
0
0
0
0
0
0
0
0
0
0
0
0
0
0
0
0
0
0
0
0
0
0
0
0
0
0
0
0
0
0
0
0
0
0
0
0
0
0
0
0
0
0
0
0
0
0
0
0
0
0
0
0
0
0
0
0
0
0
0
0
0
0
0
0
0
0
0
0
0
0
0
0
0
0
0
0
0
0
0
0
0
0
0
0
0
0
0
0
0
0
0
0
0
0
0
0
0
0
0
0
0
0
0
0
0
0
0
0
0
0
0
0
0
0
0
0
0
0
0
0
0
0
0
0
0
0
0
0
0
0
0
0
0
0
0
0
0
0
0
0
0
0
0
0
0
0
0
0
0
0
0
0
0
0
0
0
0
0
0
0
0
0
0
0
0
0
0
0
0
0
0
0
0
0
0
0
0
0
0
0
0
0
0
0
0
0
0
0
0
0
0
0
0
0
0
0
0
0
0
0
0
0
0
0
0
0
0
0
0
0
0
0
0
0
0
0
0
0
0
0
0
0
0
0
0
0
0
0
0
0
0
0
0
0
0
0
0
0
0
0
0
0
0
0
0
0
0
0
0
0
0
0
0
0
0
0
0
0
0
0
0
0
0
0
0
0
0
0
0
0
0
0
0
0
0
0
0
0
0
0
0
0
0
0
0
0
0
0
0
0
0
0
0
0
0
0
0
0
0
0
0
0
0
0
0
0
0
0
0
0
0
0
0
0
0
0
0
0
0
0
0
0
0
0
0
0
0
0
0
0
0
0
0
0
0
0
0
0
0
0
0
0
0
0
0
0
0
0
0
0
0
0
0
0
0
0
0
0
0
0
0
0
0
0
0
0
0
0
0
0
0
0
0
0
0
0
0
0
0
0
0
0
0
0
0
0
0
0
0
0
0
0
0
0
0
0
0
0
0
0
0
0
0
0
0
0
0
0
0
0
0
0
0
0
0
0
0
0
0
0
0
0
0
0
0
0
0
0
0
0
0
0
0
0
0
0
0
0
0
0
0
0
0
0
0
0
0
0
0
0
0
0
0
0
0
0
0
0
0
0
0
0
0
0
0
0
0
0
0
0
0
0
0
0
0
0
0
0
0
0
0
0
0
0
0
0
0
0
0
0
0
0
0
0
0
0
0
0
0
0
0
0
0
0
0
0
0
0
0
0
0
0
0
0
0
0
0
0
0
0
0
0
0
0
0
0
0
0
0
0
0
0
0
0
0
0
0
0
0
0
0
0
0
0
0
0
0
0
0
0
0
0
0
0
0
0
0
0
0
0
0
0
0
0
0
0
0
0
0
0
0
0
0
0
0
0
0
0
0
0
0
0
0
0
0
0
0
0
0
0
0
0
0
0
0
0
0
0
0
0
0
0
0
0
0
0
0
0
0
0
0
0
0
0
0
0
0
0
0
0
0
0
0
0
0
0
0
0
0
0
0
0
0
0
0
0
0
0
0
0
0
0
0
0
0
0
0
0
0
0
0
0
0
0
0
0
0
0
0
0
0
0
0
0
0
0
0
0
0
0
0
0
0
0
0
0
0
0
0
0
0
0
0
0
0
0
0
0
0
0
0
0
0
0
0
0
0
0
0
0
0
0
0
0
0
0
0
0
0
0
0
0
0
0
0
0
0
0
0
0
0
0
0
0
0
0
0
0
0
0
0
0
0
0
0
0
0
0
0
0
0
0
0
0
0
0
0
0
0
0
0
0
0
0
0
0
0
0
0
0
0
0
0
0
0
0
0
0
0
0
0
0
0
0
0
0
0
0
0
0
0
0
0
0
0
0
0
0
0
0
0
0
0
0
0
0
0
0
0
0
0
0
0
0
0
0
0
0
0
0
0
0
0
0
0
0
0
0
0
0
0
0
0
0
0
0
0
0
0
0
0
0
0
0
0
0
0
0
0
0
0
0
0
0
0
0
0
0
0
0
0
0
0
0
0
0
0
0
0
0
0
0
0
0
0
0
0
0
0
0
0
0
0
0
0
0
0
0
0
0
0
0
0
0
0
0
0
0
0
0
0
0
0
0
0
0
0
0
0
0
0
0
0
0
0
0
0
0
0
0
0
0
0
0
0
0
0
0
0
0
0
0
0
0
0
0
0
0
0
0
0
0
0
0
0
0
0
0
0
0
0
0
0
0
0
0
0
0
0
0
0
0
0
0
0
0
0
0
0
0
0
0
0
0
0
0
0
0
0
0
0
0
0
0
0
0
0
0
0
0
0
0
0
0
0
0
0
0
0
0
0
0
0
0
0
0
0
0
0
0
0
0
0
0
0
0
0
0
0
0
0
0
0
0
0
0
0
0
0
0
0
0
0
0
0
0
0
0
0
0
0
0
0
0
0
0
0
0
0
0
0
0
0
0
0
0
0
0
0
0
0
0
0
0
0
0
0
0
0
0
0
0
0
0
0
0
0
0
0
0
0
0
0
0
0
0
0
0
0
0
0
0
0
0
0
0
0
0
0
0
0
0
0
0
0
0
0
0
0
0
0
0
0
0
0
0
0
0
0
0
0
0
0
0
0
0
0
0
0
0
0
0
0
0
0
0
0
0
0
0
0
0
0
0
0
0
0
0
0
0
0
0
0
0
0
0
0
0
0
0
0
0
0
0
0
0
0
0
0
0
0
0
0
0
0
0
0
0
0
0
0
0
0
0
0
0
0
0
0
0
0
0
0
0
0
0
0
0
0
0
0
0
0
0
0
0
0
0
0
0
0
0
0
0
0
0
0
0
0
0
0
0
0
0
0
0
0
0
0
0
0
0
0
0
0
0
0
0
0
0
0
0
0
0
0
0
0
0
0
0
0
0
0
0
0
0
0
0
0
0
0
0
0
0
0
0
0
0
0
0
0
0
0
0
0
0
0
0
0
0
0
0
0
0
0
0
0
0
0
0
0
0
0
0
0
0
0
0
0
0
0
0
0
0
0
0
0
0
0
0
0
0
0
0
0
0
0
0
0
0
0
0
0
0
0
0
0
0
0
0
0
0
0
0
0
0
0
0
0
0
0
0
0
0
0
0
0
0
0
0
0
0
0.001
0
0
0
0
0
0
0
0
0
0
0
0
0
0
0
0.001
0
0
0.001
0
0.001
0.001
0
0
0
0
0
0
0.001
0.001
0.001
0.004
0
0.001
0.001
0.001
0.001
0.001
0.001
0
0
0.002
0
0.001
0.002
0.001
0.001
0.001
0.002
0.001
0.003
0.005
0
0.002
0.001
0.003
0.003
0.003
0.001
0.001
0.002
0.002
0.004
0.002
0.002
0
0.001
0.003
0.003
0.003
0.002
0.002
0.003
0.004
0.001
0.007
0.005
0.001
0.005
0.004
0.006
0.009
0.004
0.003
0.006
0.004
0.006
0.003
0.002
0.004
0.006
0.006
0.003
0.004
0.005
0.005
0.007
0.006
0.007
0.005
0.004
0.007
0.004
0.002
0.004
0.004
0.01
0.004
0.004
0.003
0.005
0.003
0.004
0.005
0.004
0.005
0.006
0.003
0.006
0.004
0.005
0.001
0.005
0.006
0.007
0.001
0.002
0.003
0.004
0.003
0.002
0.007
0.008
0.002
0.008
0.005
0.004
0.003
0.002
0.003
0.002
0.007
0.001
0.003
0.003
0
0.003
0.004
0.004
0.002
0.004
0.005
0.002
0.002
0.008
0.001
0.002
0.009
0.002
0.001
0.003
0.002
0.001
0.002
0.005
0.004
0.004
0.004
0.002
0
0.001
0.003
0.003
0.004
0
0.005
0.009
0.003
0.003
0.003
0
0
0.002
0.004
0.004
0
0.002
0
0.003
0
0.001
0.003
0.003
0.001
0.005
0.001
0.003
0.002
0.003
0.002
0.002
0
0.001
0.001
0.001
0
0.003
0.001
0.001
0.001
0.001
0.001
0.002
0.002
0.001
0
0.004
0.001
0.001
0.003
0.002
0.004
0.002
0.001
0.001
0.003
0
0.001
0.002
0.001
0
0
0.001
0
0
0
0
0.002
0
0.002
0
0
0.001
0
0
0
0
0
0
0.003
0
0.001
0
0
0.002
0
0
0.001
0.002
0
0
0
0
0.003
0.001
0
0.001
0.001
0.001
0.001
0.003
0
0
0.001
0
0.001
0
0
0.001
0
0.002
0.001
0.001
0.001
0
0
0.001
0
0.001
0.001
0.001
0.001
0
0.001
0
0.001
0
0.002
0.001
0
0.004
0
0.002
0
0
0.001
0
0
0
0.003
0.001
0.001
0.002
0.004
0.003
0
0.001
0
0.003
0.003
0.002
0
0.001
0.001
0.001
0
0.003
0.004
0.001
0.002
0
0.004
0.003
0.002
0.001
0.005
0.002
0.002
0.004
0.002
0.004
0.003
0.003
0.004
0.003
0.005
0.002
0.004
0.006
0.004
0.005
0.005
0.005
0.006
0.006
0.008
0.004
0.012
0.009
0.005
0.008
0.008
0.007
0.007
0.009
0.01
0.004
0.012
0.011
0.013
0.012
0.011
0.015
0.016
0.013
0.013
0.013
0.019
0.023
0.015
0.017
0.021
0.018
0.012
0.021
0.025
0.02
0.028
0.022
0.016
0.03
0.035
0.038
0.028
0.033
0.038
0.04
0.036
0.041
0.047
0.04
0.032
0.042
0.046
0.043
0.048
0.052
0.064
0.058
0.057
0.068
0.063
0.068
0.06
0.064
0.082
0.09
0.071
0.091
0.089
0.096
0.086
0.083
0.091
0.095
0.106
0.107
0.115
0.106
0.111
0.144
0.132
0.147
0.123
0.13
0.149
0.156
0.15
0.149
0.172
0.173
0.176
0.189
0.181
0.185
0.205
0.212
0.228
0.196
0.215
0.242
0.209
0.232
0.268
0.255
0.261
0.234
0.25
0.266
0.278
0.274
0.308
0.29
0.288
0.298
0.306
0.325
0.32
0.331
0.323
0.31
0.342
0.372
0.346
0.354
0.373
0.353
0.402
0.356
0.367
0.356
0.377
0.45
0.392
0.374
0.392
0.423
0.372
0.383
0.416
0.382
0.402
0.421
0.411
0.395
0.46
0.417
0.416
0.42
0.412
0.421
0.434
0.446
0.446
0.439
0.423
0.432
0.453
0.439
0.432
0.438
0.432
0.431
0.426
0.414
0.432
0.471
0.438
0.422
0.471
0.421
0.405
0.407
0.395
0.435
0.4
0.416
0.454
0.44
0.398
0.441
0.43
0.409
0.428
0.418
0.407
0.397
0.42
0.391
0.387
0.403
0.396
0.399
0.415
0.367
0.38
0.37
0.334
0.326
0.356
0.376
0.336
0.345
0.327
0.35
0.346
0.329
0.346
0.318
0.324
0.287
0.315
0.317
0.306
0.262
0.282
0.325
0.288
0.282
0.299
0.265
0.288
0.243
0.264
0.265
0.27
0.284
0.241
0.252
0.215
0.249
0.262
0.238
0.231
0.212
0.216
0.208
0.222
0.201
0.202
0.198
0.183
0.156
0.209
0.214
0.199
0.218
0.184
0.176
0.202
0.155
0.169
0.161
0.158
0.177
0.185
0.142
0.168
0.152
0.133
0.152
0.146
0.161
0.128
0.147
0.139
0.143
0.141
0.155
0.133
0.146
0.154
0.122
0.109
0.118
0.109
0.121
0.111
0.105
0.111
0.1
0.107
0.103
0.095
0.104
0.115
0.086
0.087
0.095
0.089
0.091
0.084
0.077
0.09
0.094
0.079
0.087
0.082
0.086
0.071
0.072
0.074
0.072
0.062
0.07
0.074
0.069
0.067
0.062
0.068
0.07
0.056
0.058
0.057
0.046
0.051
0.047
0.073
0.074
0.048
0.053
0.051
0.049
0.051
0.055
0.057
0.048
0.045
0.049
0.044
0.041
0.042
0.041
0.049
0.034
0.049
0.041
0.045
0.044
0.048
0.043
0.044
0.04
0.042
0.034
0.041
0.037
0.047
0.044
0.041
0.034
0.036
0.04
0.039
0.035
0.042
0.047
0.036
0.04
0.046
0.041
0.035
0.035
0.033
0.031
0.043
0.034
0.023
0.039
0.036
0.038
0.028
0.037
0.038
0.028
0.035
0.024
0.036
0.04
0.037
0.035
0.034
0.034
0.034
0.041
0.034
0.023
0.049
0.036
0.036
0.036
0.037
0.035
0.03
0.041
0.037
0.031
0.037
0.038
0.033
0.034
0.038
0.043
0.036
0.03
0.029
0.036
0.039
0.044
0.044
0.051
0.034
0.047
0.039
0.037
0.044
0.037
0.032
0.04
0.042
0.044
0.037
0.028
0.043
0.045
0.043
0.052
0.048
0.053
0.044
0.053
0.051
0.049
0.055
0.048
0.058
0.052
0.055
0.045
0.056
0.055
0.065
0.056
0.065
0.054
0.067
0.075
0.051
0.059
0.054
0.059
0.067
0.062
0.07
0.071
0.069
0.091
0.077
0.057
0.072
0.087
0.068
0.069
0.068
0.075
0.069
0.064
0.098
0.084
0.087
0.079
0.08
0.093
0.124
0.092
0.126
0.107
0.108
0.124
0.12
0.113
0.114
0.113
0.103
0.113
0.118
0.134
0.129
0.144
0.114
0.128
0.144
0.142
0.137
0.147
0.141
0.16
0.136
0.17
0.144
0.14
0.13
0.131
0.144
0.144
0.154
0.164
0.17
0.177
0.191
0.199
0.189
0.168
0.183
0.177
0.175
0.196
0.182
0.201
0.192
0.209
0.203
0.193
0.18
0.179
0.193
0.211
0.177
0.224
0.213
0.219
0.21
0.221
0.204
0.242
0.208
0.216
0.213
0.222
0.205
0.235
0.212
0.224
0.25
0.209
0.213
0.237
0.228
0.199
0.239
0.179
0.211
0.204
0.186
0.2
0.2
0.209
0.209
0.188
0.198
0.192
0.197
0.204
0.207
0.184
0.192
0.184
0.236
0.213
0.201
0.198
0.198
0.169
0.16
0.185
0.172
0.198
0.165
0.193
0.165
0.163
0.15
0.154
0.176
0.147
0.131
0.15
0.141
0.156
0.149
0.142
0.132
0.149
0.146
0.127
0.133
0.129
0.131
0.14
0.131
0.127
0.112
0.115
0.099
0.117
0.126
0.116
0.08
0.095
0.107
0.082
0.101
0.091
0.097
0.085
0.079
0.096
0.09
0.081
0.076
0.065
0.082
0.059
0.072
0.053
0.068
0.067
0.062
0.068
0.064
0.058
0.071
0.054
0.058
0.069
0.041
0.06
0.064
0.043
0.046
0.056
0.038
0.034
0.052
0.042
0.042
0.053
0.026
0.025
0.042
0.045
0.035
0.045
0.037
0.04
0.026
0.024
0.03
0.032
0.023
0.03
0.028
0.023
0.02
0.018
0.025
0.02
0.02
0.026
0.021
0.026
0.025
0.02
0.023
0.019
0.013
0.021
0.017
0.013
0.007
0.019
0.016
0.009
0.012
0.011
0.008
0.013
0.018
0.004
0.008
0.013
0.009
0.018
0.009
0.01
0.011
0.009
0.014
0.015
0.012
0.008
0.015
0.007
0.009
0.011
0.004
0.003
0.006
0.004
0.006
0.005
0.006
0.004
0.004
0.01
0.008
0.006
0.003
0.004
0.004
0.006
0.003
0.005
0.005
0.006
0.002
0.003
0.003
0.002
0.005
0.004
0.002
0.002
0.003
0.008
0.002
0.004
0.005
0.006
0.002
0.002
0.004
0.002
0.004
0.005
0.002
0.005
0.002
0.004
0.006
0.004
0.004
0.004
0.003
0.005
0.004
0.004
0.002
0.002
0.001
0.003
0.001
0.003
0.002
0.001
0.001
0.001
0.002
0.002
0.005
0.003
0.001
0.002
0
0.002
0.001
0.004
0.002
0.004
0.003
0.001
0.007
0.001
0
0.001
0.002
0.003
0.001
0.002
0.001
0
0.002
0.001
0.002
0.006
0.001
0.002
0
0.002
0.004
0.002
0.001
0
0
0
0.002
0.002
0.002
0
0.001
0.002
0
0
0.001
0.003
0.001
0.001
0.002
0
0.001
0.001
0.001
0.001
0.002
0
0.001
0
0.003
0
0.002
0.002
0
0
0.001
0.001
0.001
0
0.002
0.002
0
0
0
0.001
0.002
0.002
0.003
0
0
0
0.001
0.003
0.003
0.001
0.001
0.001
0
0.001
0.001
0.003
0.002
0
0
0
0
0.003
0
0.001
0.001
0
0
0.002
0
0
0
0.001
0.001
0.002
0
0
0
0.001
0.003
0
0.001
0
0.001
0
0
0.001
0.002
0
0.001
0.001
0
0.002
0.001
0.001
0.002
0.002
0
0.002
0.001
0
0.001
0.002
0.001
0
0.002
0.001
0.001
0.002
0.001
0
0.002
0.002
0.004
0.003
0.002
0.003
0.002
0.001
0
0
0.002
0.001
0
0
0.002
0
0.002
0.001
0.001
0
0.002
0.001
0
0.003
0.001
0.001
0
0.003
0
0
0
0.001
0.002
0.002
0.003
0
0.002
0.001
0
0.001
0
0
0.002
0.001
0.001
0
0
0.003
0.001
0
0.001
0.001
0.001
0
0
0
0.001
0
0.001
0.003
0.001
0
0.001
0.001
0.001
0
0
0
0.002
0
0
0.002
0.001
0.001
0
0
0.001
0
0
0.001
0.001
0
0.002
0
0.002
0
0.004
0.001
0
0.001
0.003
0.001
0.002
0
0.002
0.002
0.001
0.001
0
0.001
0
0
0
0
0
0.001
0.002
0.001
0
0
0
0
0
0.001
0.001
0
0
0.001
0.001
0
0
0
0
0
0
0.001
0
0.001
0
0
0
0.001
0
0
0.002
0.001
0
0
0
0
0
0
0
0.001
0
0
0
0
0
0
0
0
0
0
0
0
0
0
0
0
0
0
0
0
0
0
0
0
0
0
0
0
0
0
0
0
0
0
0
0
0
0
0
0
0
0
0.001
0
0
0
0
0
0
0
0
0
0
0
0
0
0
0
0
0
0
0
0
0
0
0
0
0
0
0
0
0
0
0
0
0
0
0
0
0
0
0
0
0
0
0
0
0
0
0
0
0
0
0
0
0
0
0
0
0
0
0
0
0
0
0
0
0
0
0
0
0
0
0
0
0
0
0
0
0
0
0
0
0
0
0
0
0
0
0
0
0
0
0
0
0
0
0
0
0
0
0
0
0
0
0
0
0
0
0
0
0
0
0
0
0
0
0
0
0
0
0
0
0
0
0
0
0
0
0
0
0
0
0
0
0
0
0
0
0
0
0
0
0
0
0
0
0
0
0
0
0
0
0
0
0
0
0
0
0
0
0
0
0
0
0
0
0
0
0
0
0
0
0
0
0
0
0
0
0
0
0
0
0
0
0
0
0
0
0
0
0
0
0
0
0
0
0
0
0
0
0
0
0
0
0
0
0
0
0
0
0
0
0
0
0
0
0
0
0
0
0
0
0
0
0
0
0
0
0
0
0
0
0
0
0
0
0
0
0
0
0
0
0
0
0
0
0
0
0
0
0
0
0
0
0
0
0
0
0
0
0
0
0
0
0
0
0
0
0
0
0
0
0
0
0
0
0
0
0
0
0
0
0
0
0
0
0
0
0
0
0
0
0
0
0
0
0
0
0
0
0
0
0
0
0
0
0
0
0
0
0
0
0
0
0
0
0
0
0
0
0
0
0
0
0
0
0
0
0
0
0
0
0
0
0
0
0
0
0
0
0
0
0
0
0
0
0
0
0
0
0
0
0
0
0
0
0
0
0
0
0
0
0
0
0
0
0
0
0
0
0
0
0
0
0
0
0
0
0
0
0
0
0
0
0
0
0
0
0
0
0
0
0
0
0
0
0
0
0
0
0
0
0
0
0
0
0
0
0
0
0
0
0
0
0
0
0
0
0
0
0
0
0
0
0
0
0
0
0
0
0
0
0
0
0
0
0
0
0
0
0
0
0
0
0
0
0
0
0
0
0
0
0
0
0
0
0
0
0
0
0
0
0
0
0
0
0
0
0
0
0
0
0
0
0
0
0
0
0
0
0
0
0
0
0
0
0
0
0
0
0
0
0
0
0
0
0
0
0
0
0
0
0
0
0
0
0
0
0
0
0
0
0
0
0
0
0
0
0
0
0
0
0
0
0
0
0
0
0
0
0
0
0
0
0
0
0
0
0
0
0
0
0
0
0
0
0
0
0
0
0
0
0
0
0
0
0
0
0
0
0
0
0
0
0
0
0
0
0
0
0
0
0
0
0
0
0
0
0
0
0
0
0
0
0
0
0
0
0
0
0
0
0
0
0
0
0
0
0
0
0
0
0
0
0
0
0
0
0
0
0
0
0
0
0
0
0
0
0
0
0
0
0
0
0
0
0
0
0
0
0
0
0
0
0
0
0
0
0
0
0
0
0
0
0
0
0
0
0
0
0
0
0
0
0
0
0
0
0
0
0
0
0
0
0
0
0
0
0
0
0
0
0
0
0
0
0
0
0
0
0
0
0
0
0
0
0
0
0
0
0
0
0
0
0
0
0
0
0
0
0
0
0
0
0
0
0
0
0
0
0
0
0
0
0
0
0
0
0
0
0
0
0
0
0
0
0
0
0
0
0
0
0
0
0
0
0
0
0
0
0
0
0
0
0
0
0
0
0
0
0
0
0
0
0
0
0
0
0
0
0
0
0
0
0
0
0
0
0
0
0
0
0
0
0
0
0
0
0
0
0
0
0
0
0
0
0
0
0
0
0
0
0
0
0
0
0
0
0
0
0
0
0
0
0
0
0
0
0
0
0
0
0
0
0
0
0
0
0
0
0
0
0
0
0
0
0
0
0
0
0
0
0
0
0
0
0
0
0
0
0
0
0
0
0
0
0
0
0
0
0
0
0
0
0
0
0
0
0
0
0
0
0
0
0
0
0
0
0
0
0
0
0
0
0
0
0
0
0
0
0
0
0
0
0
0
0
0
0
0
0
0
0
0
0
0
0
0
0
0
0
0
0
0
0
0
0
0
0
0
0
0
0
0
0
0
0
0
0
0
0
0
0
0
0
0
0
0
0
0
0
0
0
0
0
0
0
0
0
0
0
0
0
0
0
0
0
0
0
0
0
0
0
0
0
0
0
0
0
0
0
0
0
0
0
0
0
0
0
0
0
0
0
0
0
0
0
0
0
0
0
0
0
0
0
0
0
0
0
0
0
0
0
0
0
0
0
0
0
0
0
0
0
0
0
0
0
0
0
0
0
0
0
0
0
0
0
0
0
0
0
0
0
0
0
0
0
0
0
0
0
0
0
0
0
0
0
0
0
0
0
0
0
0
0
0
0
0
0
0
0
0
0
0
0
0
0
0
0
0
0
0
0
0
0
0
0
0
0
0
0
0
0
0
0
0
0
0
0
0
0
0
0
0
0
0
0
0
0
0
0
0
0
0
0
0
0
0
0
0
0
0
0
0
0
0
0
0
0
0
0
0
0
0
0
0
0
0
0
0
0
0
0
0
0
0
0
0
0
0
0
0
0
0
0
0
0
0
0
0
0
0
0
0
0
0
0
0
0
0
0
0
0
0
0
0
0
0
0
0
0
0
0
0
0
0
0
0
0
0
0
0
0
0
0
0
0
0
0
0
0
0
0
0
0
0
0
0
0
0
0
0
0
0
0
0
0
0
0
0
0
0
0
0
0
0
0
0
0
0
0
0
0
0
0
0
0
0
0
0
0
0
0
0
0
0
0
0
0
0
0
0
0
0
0
0
0
0
0
0
0
0
0
0
0
0
0
0
0
0
0
0
0
0
0
0
0
0
0
0
0
0
0
0
0
0
0
0
0
0
0
0
0
0
0
0
0
0
0
0
0
0
0
0
0
0
0
0
0
0
0
0
0
0
0
0
0
0
0
0
0
0
0
0
0
0
0
0
0
0
0
0
0
0
0
0
0
0
0
0
0
0
0
0
0
0
0
0
0
0
0
0
0
0
0
0
0
0
0
0
0
0
0
0
0
0
0
0
0
0
0
0
0
0
0
0
0
0
0
0
0
0
0
0
0
0
0
0
0.001
0
0
0
0
0
0
0
0
0
0
0
0
0.001
0
0
0
0
0
0
0
0
0
0.001
0
0
0
0
0
0
0
0
0
0
0
0
0
0
0
0
0
0
0
0
0
0
0
0
0
0
0
0
0
0
0
0
0
0
0
0
0.002
0
0.001
0
0
0
0
0
0
0
0
0
0
0
0
0
0
0
0
0
0
0
0
0
0
0.001
0
0
0
0
0
0.001
0
0
0
0
0
0
0.001
0
0
0
0
0
0
0
0
0
0
0.001
0
0
0
0
0.001
0
0
0
0
0.001
0
0
0
0.001
0
0
0
0
0
0
0
0
0
0
0.001
0
0
0
0
0
0
0
0
0
0
0
0
0
0
0
0
0
0
0
0
0
0
0
0
0
0
0
0
0
0
0
0
0
0
0
0
0
0
0
0
0.001
0
0
0
0
0
0.001
0
0
0
0
0
0
0
0
0
0.001
0
0
0
0
0
0
0
0
0
0
0
0
0
0
0
0
0
0
0
0
0
0
0
0
0
0.001
0
0
0
0
0
0
0
0
0
0
0
0
0
0
0
0
0
0
0
0
0
0
0
0.001
0
0
0
0.001
0
0
0
0
0
0
0
0
0
0
0
0
0
0
0
0
0
0
0
0
0
0
0
0
0
0
0
0
0
0
0
0
0
0
0
0
0
0
0
0
0
0
0
0
0
0
0
0
0
0
0
0
0
0
0
0.001
0
0
0
0
0
0.001
0
0
0
0
0
0
0
0.001
0
0
0
0
0
0
0
0
0
0
0
0
0
0
0.001
0
0
0
0
0
0
0
0
0
0
0
0.001
0.001
0
0
0
0
0
0
0
0
0
0
0
0.002
0
0.001
0.002
0
0
0
0
0
0.001
0.001
0
0
0
0
0
0.002
0
0
0.003
0.001
0.001
0
0.002
0.002
0.001
0
0.002
0
0
0.002
0.003
0.001
0.002
0.002
0.002
0.001
0.005
0.002
0.003
0
0
0.001
0.002
0.002
0.004
0.001
0.001
