0
0
0
0
0
0
0
0
0
0
0
0
0
0
0
0
0
0
0
0
0
0
0
0
0
0
0
0
0
0
0
0
0
0
0
0
0
0
0
0
0
0
0
0
0
0
0
0
0
0
0
0
0
0
0
0
0
0
0
0
0
0
0
0
0
0
0
0
0
0
0
0
0
0
0
0
0
0
0
0
0
0
0
0
0
0
0
0
0
0
0
0
0
0
0
0
0
0
0
0
0
0
0
0
0
0
0
0
0
0
0
0
0
0
0
0
0
0
0
0
0
0
0
0
0
0
0
0
0
0
0
0
0
0
0
0
0
0
0
0
0
0
0
0
0
0.001
0
0.001
0
0.001
0.001
0.003
0.001
0.002
0.003
0.006
0.006
0.005
0.008
0.006
0.005
0.007
0.008
0.012
0.004
0.01
0.019
0.022
0.027
0.026
0.04
0.038
0.056
0.054
0.055
0.074
0.09
0.076
0.1
0.13
0.113
0.129
0.162
0.177
0.164
0.19
0.208
0.23
0.218
0.264
0.269
0.306
0.313
0.32
0.34
0.354
0.336
0.41
0.438
0.458
0.468
0.491
0.509
0.515
0.515
0.549
0.575
0.575
0.586
0.601
0.658
0.629
0.683
0.718
0.728
0.739
0.67
0.73
0.823
0.802
0.795
0.861
0.84
0.812
0.814
0.838
0.844
0.813
0.845
0.862
0.896
0.882
0.91
0.922
0.904
0.907
0.959
0.876
0.932
0.969
0.892
0.897
0.971
0.925
0.895
0.89
0.886
0.895
0.954
0.931
0.897
0.926
0.902
0.925
0.882
0.892
0.908
0.909
0.789
0.794
0.798
0.846
0.824
0.851
0.832
0.846
0.815
0.789
0.769
0.81
0.756
0.75
0.758
0.721
0.759
0.789
0.731
0.684
0.712
0.712
0.692
0.685
0.674
0.662
0.651
0.639
0.682
0.646
0.589
0.625
0.608
0.553
0.552
0.552
0.538
0.536
0.507
0.516
0.501
0.526
0.519
0.505
0.487
0.463
0.463
0.456
0.482
0.436
0.448
0.382
0.437
0.392
0.384
0.374
0.407
0.387
0.363
0.331
0.315
0.327
0.306
0.282
0.309
0.289
0.3
0.277
0.264
0.259
0.27
0.261
0.24
0.251
0.243
0.246
0.211
0.203
0.226
0.233
0.19
0.191
0.185
0.175
0.175
0.161
0.154
0.148
0.158
0.127
0.159
0.144
0.132
0.151
0.118
0.135
0.12
0.136
0.124
0.099
0.099
0.102
0.085
0.095
0.081
0.068
0.099
0.085
0.063
0.065
0.074
0.065
0.064
0.064
0.06
0.047
0.053
0.05
0.031
0.048
0.036
0.039
0.039
0.046
0.032
0.041
0.025
0.025
0.027
0.02
0.023
0.024
0.015
0.022
0.028
0.026
0.024
0.029
0.023
0.011
0.02
0.017
0.011
0.014
0.013
0.02
0.02
0.01
0.004
0.005
0.004
0.006
0.007
0.006
0.004
0.003
0.009
0.004
0.006
0.003
0.005
0.004
0.004
0.004
0.005
0.002
0.003
0.001
0.004
0.005
0.001
0.002
0.001
0.002
0.002
0.001
0
0.002
0.001
0
0.002
0.002
0.001
0
0.001
0.002
0
0
0
0
0
0
0
0.001
0.001
0
0
0
0
0
0
0
0.001
0
0.001
0.001
0
0
0.001
0
0
0
0
0
0.001
0
0
0
0
0
0
0
0
0
0
0
0
0
0
0
0
0
0
0
0
0
0
0
0
0
0
0
0
0
0
0
0
0
0
0
0
0
0
0
0
0
0
0
0
0
0
0
0
0
0
0
0
0
0
0
0
0
0
0
0
0
0
0
0
0
0
0
0
0
0
0
0
0
0
0
0
0
0
0
0
0
0
0
0
0
0
0
0
0
0
0
0.001
0
0.001
0
0
0
0
0
0
0
0.001
0
0.001
0
0
0.001
0.001
0
0
0
0.001
0
0
0
0.002
0.002
0.002
0
0.001
0.002
0
0.002
0.001
0.006
0.003
0.001
0.007
0.001
0.004
0
0.002
0.005
0.006
0.005
0.005
0.006
0.005
0.008
0.004
0.006
0.012
0.008
0.006
0.009
0.011
0.021
0.012
0.015
0.013
0.013
0.012
0.026
0.023
0.02
0.019
0.021
0.014
0.018
0.025
0.021
0.022
0.032
0.029
0.034
0.027
0.045
0.031
0.048
0.038
0.04
0.037
0.046
0.058
0.044
0.047
0.061
0.055
0.064
0.055
0.054
0.066
0.068
0.068
0.073
0.066
0.069
0.08
0.078
0.078
0.095
0.076
0.071
0.09
0.096
0.107
0.105
0.105
0.1
0.1
0.114
0.122
0.117
0.123
0.136
0.136
0.141
0.148
0.125
0.15
0.152
0.168
0.139
0.149
0.182
0.163
0.161
0.171
0.18
0.182
0.174
0.187
0.197
0.199
0.201
0.216
0.208
0.205
0.204
0.22
0.203
0.237
0.214
0.237
0.207
0.254
0.251
0.279
0.242
0.286
0.295
0.284
0.266
0.279
0.296
0.281
0.306
0.327
0.283
0.301
0.292
0.281
0.326
0.337
0.34
0.29
0.336
0.356
0.362
0.352
0.379
0.381
0.388
0.399
0.386
0.411
0.388
0.409
0.424
0.399
0.471
0.409
0.45
0.437
0.481
0.413
0.486
0.464
0.48
0.477
0.503
0.474
0.523
0.507
0.506
0.543
0.528
0.585
0.547
0.515
0.552
0.563
0.569
0.587
0.595
0.602
0.634
0.613
0.607
0.611
0.634
0.621
0.585
0.637
0.68
0.601
0.633
0.619
0.652
0.669
0.692
0.622
0.701
0.664
0.665
0.705
0.722
0.65
0.667
0.681
0.695
0.72
0.723
0.722
0.743
0.73
0.711
0.701
0.711
0.705
0.657
0.739
0.774
0.723
0.725
0.726
0.712
0.71
0.726
0.758
0.754
0.702
0.738
0.719
0.669
0.688
0.702
0.677
0.672
0.665
0.676
0.683
0.665
0.663
0.646
0.657
0.596
0.625
0.65
0.615
0.671
0.558
0.56
0.623
0.569
0.566
0.574
0.577
0.545
0.531
0.526
0.549
0.479
0.491
0.489
0.462
0.48
0.451
0.421
0.424
0.45
0.418
0.391
0.401
0.401
0.394
0.363
0.364
0.377
0.346
0.365
0.352
0.308
0.297
0.285
0.288
0.267
0.279
0.255
0.259
0.218
0.23
0.218
0.22
0.201
0.212
0.186
0.184
0.165
0.172
0.165
0.139
0.168
0.161
0.147
0.133
0.144
0.117
0.105
0.113
0.106
0.111
0.068
0.111
0.081
0.089
0.086
0.062
0.059
0.082
0.06
0.072
0.057
0.077
0.052
0.052
0.055
0.047
0.05
0.044
0.046
0.047
0.032
0.034
0.027
0.024
0.035
0.02
0.022
0.027
0.022
0.016
0.022
0.022
0.018
0.019
0.017
0.012
0.015
0.008
0.014
0.013
0.008
0.01
0.013
0.004
0.009
0.004
0.005
0.008
0.007
0.007
0.004
0.006
0.005
0.002
0.003
0.003
0.001
0.001
0.005
0.004
0.009
0.001
0.003
0.001
0.001
0.001
0.004
0.002
0.001
0.001
0.001
0
0
0.003
0
0
0.001
0
0.002
0
0
0.001
0.001
0.003
0
0
0
0
0
0.001
0.001
0.001
0
0
0
0
0
0
0
0
0
0.001
0
0
0
0
0
0.001
0
0
0
0.001
0
0.001
0
0.001
0
0
0
0
0
0.001
0
0
0
0
0
0.001
0.001
0
0
0
0
0
0.001
0
0.001
0.001
0.001
0
0.002
0
0.001
0.002
0.004
0
0
0
0.001
0.001
0.001
0.002
0
0
0.002
0.002
0.002
0
0.002
0.005
0.002
0.002
0.001
0.002
0.002
0.001
0
0.002
0.002
0
0.003
0.002
0.003
0.005
0.003
0.005
0.001
0.01
0.001
0.004
0.004
0.007
0.002
0.002
0.009
0.005
0.002
0.004
0.008
0.007
0.007
0.004
0.008
0.006
0.01
0.006
0.005
0.008
0.011
0.013
0.005
0.01
0.011
0.009
0.018
0.008
0.015
0.013
0.013
0.014
0.015
0.015
0.014
0.014
0.016
0.01
0.014
0.025
0.018
0.012
0.015
0.015
0.018
0.014
0.015
0.021
0.019
0.022
0.026
0.026
0.014
0.017
0.021
0.02
0.021
0.018
0.022
0.024
0.03
0.031
0.023
0.024
0.03
0.028
0.024
0.022
0.028
0.022
0.027
0.031
0.034
0.027
0.036
0.036
0.032
0.042
0.047
0.032
0.032
0.036
0.04
0.049
0.037
0.038
0.037
0.041
0.047
0.036
0.032
0.052
0.048
0.031
0.051
0.051
0.048
0.066
0.065
0.076
0.055
0.055
0.06
0.076
0.066
0.061
0.068
0.069
0.078
0.064
0.075
0.074
0.059
0.057
0.082
0.082
0.081
0.076
0.093
0.092
0.071
0.088
0.084
0.096
0.101
0.089
0.087
0.097
0.086
0.089
0.097
0.114
0.103
0.117
0.136
0.122
0.137
0.128
0.136
0.11
0.131
0.132
0.152
0.145
0.18
0.156
0.157
0.158
0.152
0.147
0.164
0.201
0.183
0.163
0.177
0.189
0.163
0.201
0.205
0.191
0.203
0.258
0.241
0.202
0.214
0.25
0.246
0.256
0.268
0.284
0.256
0.273
0.316
0.282
0.277
0.314
0.3
0.324
0.317
0.318
0.301
0.319
0.363
0.344
0.353
0.365
0.359
0.402
0.392
0.398
0.391
0.416
0.437
0.405
0.444
0.441
0.467
0.466
0.477
0.531
0.549
0.499
0.56
0.533
0.57
0.533
0.55
0.573
0.526
0.565
0.601
0.612
0.604
0.583
0.639
0.585
0.636
0.657
0.662
0.686
0.704
0.677
0.699
0.693
0.727
0.685
0.72
0.753
0.78
0.778
0.759
0.73
0.764
0.836
0.836
0.815
0.785
0.826
0.816
0.8
0.817
0.833
0.834
0.777
0.801
0.855
0.848
0.84
0.891
0.783
0.864
0.826
0.902
0.796
0.778
0.871
0.814
0.843
0.828
0.801
0.79
0.801
0.758
0.8
0.768
0.763
0.766
0.784
0.776
0.726
0.703
0.752
0.716
0.707
0.653
0.673
0.658
0.595
0.649
0.659
0.608
0.612
0.592
0.599
0.598
0.63
0.54
0.552
0.518
0.536
0.482
0.451
0.504
0.476
0.478
0.44
0.44
0.405
0.359
0.411
0.377
0.355
0.353
0.332
0.295
0.311
0.32
0.307
0.271
0.263
0.26
0.231
0.217
0.251
0.246
0.223
0.203
0.21
0.208
0.2
0.155
0.177
0.174
0.149
0.145
0.13
0.147
0.125
0.116
0.129
0.131
0.113
0.09
0.101
0.099
0.081
0.079
0.067
0.09
0.08
0.07
0.06
0.063
0.057
0.049
0.062
0.053
0.05
0.048
0.042
0.033
0.039
0.035
0.037
0.035
0.032
0.024
0.028
0.023
0.029
0.023
0.014
0.013
0.014
0.025
0.016
0.015
0.02
0.021
0.02
0.014
0.01
0.01
0.01
0.009
0.009
0.006
0.009
0.003
0.007
0.004
0.006
0.007
0.009
0.005
0.006
0.005
0.008
0.005
0.004
0.003
0.003
0.003
0.007
0.003
0.002
0.001
0.005
0.004
0
0.004
0.005
0.003
0.004
0.002
0.001
0
0
0.005
0.002
0.002
0.002
0.004
0.004
0.001
0.001
0.001
0.002
0
0.001
0.001
0.001
0.001
0.001
0.001
0.001
0.001
0.001
0.001
0.002
0.001
0.001
0.002
0.002
0
0
0
0.001
0.001
0
0.002
0.001
0.003
0
0.003
0.003
0.002
0.001
0.002
0.001
0.003
0.003
0.007
0.003
0.002
0.001
0.001
0.001
0.001
0.001
0.004
0.001
0.001
0.004
0.001
0.001
0
0.003
0.001
0.001
0
0.001
0.003
0.001
0.004
0.003
0.002
0.004
0.004
0.009
0.004
0.004
0.003
0.003
0.003
0.002
0.001
0.002
0.001
0.006
0.003
0.004
0.005
0.006
0.008
0.004
0.003
0.009
0.002
0.006
0.002
0.008
0.005
0.004
0.004
0.008
0.005
0.01
0.004
0.004
0.007
0.007
0.008
0.002
0.008
0.005
0.008
0.008
0.004
0.009
0.001
0.007
0.01
0.005
0.003
0.009
0.006
0.008
0.01
0.009
0.005
0.009
0.012
0.004
0.011
0.007
0.011
0.011
0.008
0.007
0.008
0.008
0.014
0.009
0.005
0.009
0.008
0.012
0.011
0.012
0.011
0.003
0.01
0.008
0.008
0.011
0.008
0.019
0.013
0.008
0.016
0.011
0.021
0.013
0.013
0.011
0.012
0.019
0.02
0.011
0.017
0.017
0.02
0.029
0.018
0.02
0.016
0.017
0.012
0.014
0.029
0.023
0.017
0.022
0.016
0.024
0.022
0.018
0.022
0.015
0.025
0.023
0.025
0.031
0.027
0.03
0.019
0.033
0.027
0.024
0.026
0.038
0.019
0.044
0.038
0.044
0.027
0.035
0.035
0.046
0.038
0.042
0.037
0.045
0.042
0.05
0.04
0.036
0.042
0.036
0.049
0.04
0.055
0.054
0.062
0.07
0.072
0.063
0.072
0.064
0.069
0.074
0.058
0.065
0.072
0.073
0.081
0.088
0.078
0.106
0.087
0.087
0.091
0.107
0.095
0.076
0.112
0.11
0.101
0.124
0.111
0.123
0.123
0.14
0.137
0.144
0.133
0.145
0.164
0.16
0.144
0.192
0.186
0.148
0.171
0.171
0.182
0.189
0.173
0.202
0.203
0.213
0.231
0.258
0.244
0.267
0.259
0.275
0.275
0.3
0.29
0.309
0.293
0.313
0.352
0.347
0.358
0.363
0.404
0.362
0.371
0.415
0.41
0.462
0.406
0.441
0.463
0.475
0.489
0.492
0.486
0.562
0.527
0.508
0.534
0.574
0.546
0.586
0.631
0.591
0.615
0.582
0.677
0.655
0.707
0.697
0.7
0.714
0.747
0.793
0.777
0.776
0.813
0.777
0.791
0.788
0.803
0.857
0.81
0.855
0.815
0.846
0.906
0.847
0.874
0.874
0.925
0.865
0.909
0.907
0.919
0.963
0.908
0.927
0.93
0.938
0.934
0.912
0.947
0.948
0.975
0.925
0.978
0.967
0.876
0.906
0.924
0.908
0.907
0.875
0.906
0.908
0.833
0.875
0.819
0.821
0.827
0.819
0.759
0.78
0.769
0.748
0.788
0.774
0.69
0.732
0.759
0.706
0.643
0.61
0.637
0.602
0.573
0.585
0.595
0.619
0.519
0.53
0.519
0.486
0.454
0.448
0.45
0.459
0.406
0.433
0.431
0.392
0.357
0.38
0.334
0.329
0.332
0.335
0.308
0.266
0.258
0.286
0.276
0.271
0.265
0.229
0.222
0.243
0.2
0.207
0.195
0.183
0.181
0.166
0.174
0.158
0.15
0.143
0.141
0.125
0.118
0.116
0.132
0.117
0.117
0.102
0.116
0.096
0.082
0.077
0.076
0.065
0.079
0.06
0.071
0.067
0.057
0.051
0.064
0.052
0.056
0.057
0.043
0.043
0.046
0.033
0.027
0.021
0.029
0.035
0.032
0.031
0.022
0.036
0.025
0.021
0.015
0.024
0.018
0.017
0.019
0.023
0.017
0.017
0.013
0.008
0.017
0.008
0.011
0.014
0.011
0.011
0.007
0.016
0.009
0.012
0.006
0.008
0.008
0.009
0.006
0.003
0.004
0.007
0.005
0.006
0.009
0.002
0.005
0.004
0.003
0.007
0.008
0.004
0.006
0.004
0.005
0.003
0.005
0.003
0.001
0.002
0.001
0.004
0.003
0.001
0.003
0.001
0.001
0
0.003
0.001
0.006
0.001
0.003
0.003
0.003
0.001
0.002
0.001
0
0.002
0.001
0.002
0.001
0.001
0.001
0.004
0.008
0.002
0
0.002
0.002
0.002
0.003
0.001
0.004
0.001
0.003
0
0.002
0.001
0.002
0.001
0
0.004
0.001
0.003
0.005
0.001
0
0.002
0.003
0
0
0.002
0.007
0.004
0.002
0.006
0
0.002
0.001
0.001
0.002
0.004
0.003
0.006
0.004
0.001
0.003
0.003
0.004
0.003
0.002
0.002
0.006
0.003
0.001
0.002
0
0.003
0.001
0.003
0.001
0
0
0.005
0.003
0.004
0.004
0.001
0.002
0.004
0.003
0.006
0.001
0.003
0.003
0
0.004
0
0.004
0.004
0.002
0
0.005
0.002
0.004
0.002
0.007
0.004
0.004
0.001
0.003
0.003
0.003
0.002
0.005
0.008
0.006
0.007
0.006
0.006
0.006
0.004
0.005
0.003
0.002
0.004
0.006
0.003
0.004
0.006
0.004
0.006
0.003
0.005
0.006
0.009
0.003
0.005
0.004
0.006
0.003
0.009
0.005
0.008
0.007
0.01
0.008
0.008
0.005
0.007
0.01
0.007
0.005
0.009
0.011
0.006
0.006
0.01
0.01
0.001
0.007
0.011
0.006
0.01
0.007
0.015
0.007
0.014
0.012
0.014
0.009
0.009
0.01
0.017
0.008
0.017
0.013
0.019
0.012
0.007
0.013
0.022
0.012
0.018
0.013
0.019
0.021
0.032
0.019
0.014
0.031
0.021
0.028
0.023
0.031
0.025
0.021
0.022
0.026
0.019
0.033
0.032
0.027
0.035
0.022
0.032
0.036
0.038
0.036
0.032
0.035
0.034
0.053
0.04
0.063
0.037
0.041
0.055
0.052
0.054
0.059
0.057
0.059
0.059
0.055
0.066
0.07
0.077
0.07
0.077
0.088
0.083
0.091
0.085
0.11
0.087
0.096
0.103
0.118
0.118
0.12
0.123
0.148
0.117
0.133
0.148
0.15
0.147
0.16
0.149
0.17
0.211
0.192
0.21
0.188
0.212
0.202
0.225
0.24
0.251
0.245
0.281
0.276
0.289
0.319
0.304
0.325
0.319
0.327
0.343
0.377
0.363
0.452
0.411
0.404
0.443
0.43
0.442
0.455
0.472
0.495
0.549
0.534
0.506
0.543
0.587
0.617
0.648
0.61
0.66
0.697
0.702
0.679
0.703
0.717
0.732
0.733
0.775
0.708
0.767
0.765
0.764
0.849
0.869
0.886
0.849
0.861
0.884
0.854
0.901
0.929
0.898
0.905
1.01
0.987
0.939
0.96
0.987
1.042
1.008
0.976
1.031
1.012
0.981
1.034
0.981
1.024
0.974
1.01
0.944
0.961
0.948
0.937
0.903
0.952
0.918
0.912
0.934
0.895
0.931
0.935
0.91
0.916
0.917
0.834
0.871
0.831
0.859
0.802
0.825
0.804
0.729
0.761
0.747
0.705
0.723
0.7
0.685
0.642
0.631
0.611
0.605
0.623
0.589
0.562
0.57
0.536
0.559
0.57
0.507
0.489
0.484
0.424
0.398
0.436
0.43
0.459
0.358
0.411
0.383
0.365
0.347
0.294
0.334
0.307
0.286
0.298
0.255
0.259
0.256
0.255
0.218
0.212
0.212
0.213
0.193
0.207
0.179
0.198
0.172
0.173
0.147
0.167
0.164
0.174
0.145
0.123
0.11
0.133
0.126
0.116
0.134
0.098
0.11
0.091
0.083
0.089
0.084
0.08
0.088
0.081
0.074
0.083
0.07
0.056
0.065
0.057
0.063
0.053
0.053
0.049
0.038
0.045
0.035
0.045
0.033
0.055
0.031
0.041
0.041
0.024
0.044
0.023
0.032
0.027
0.042
0.019
0.021
0.024
0.018
0.024
0.023
0.014
0.033
0.016
0.019
0.015
0.019
0.017
0.014
0.02
0.011
0.015
0.009
0.025
0.009
0.011
0.015
0.008
0.01
0.008
0.009
0.006
0.014
0.011
0.006
0.011
0.005
0.008
0.006
0.01
0.005
0.012
0.004
0.003
0.009
0.014
0.004
0.005
0.003
0.006
0.007
0.005
0.003
0.003
0.006
0.004
0.003
0.005
0.007
0.004
0.003
0.003
0.005
0.004
0.003
0.002
0.005
0.003
0.004
0.002
0
0.002
0.001
0.001
0.004
0.003
0.005
0.005
0.008
0
0.002
0.001
0.003
0.004
0.003
0.003
0.004
0.002
0.003
0.003
0.005
0.001
0.001
0.002
0
0
0.001
0.002
0.003
0.001
0.001
0
0.001
0
0
0.001
0
0.001
0.003
0.005
0.001
0.001
0
0.002
0.001
0.001
0.003
0.003
0
0.001
0.003
0.004
0
0.003
0.003
0.002
0.002
0.004
0.001
0.001
0.001
0.001
0
0.004
0
0.002
0.001
0.002
0
0.001
0.002
0
0.002
0.002
0.003
0.003
0
0.001
0.002
0.001
0.001
0.002
0.001
0.001
0.005
0.003
0.003
0.003
0.005
0.004
0.004
0.003
0.002
0.003
0.004
0.001
0.002
0.001
0.002
0.001
0.002
0.003
0.001
0.001
0.002
0.003
0.001
0.008
0.005
0.006
0.003
0.003
0.001
0.003
0.004
0.004
0.003
0.002
0.005
0.002
0.006
0.002
0.008
0.001
0.004
0.001
0.004
0.005
0.003
0.004
0.004
0.007
0.008
0.006
0.005
0.005
0.012
0.005
0.003
0.005
0.005
0.002
0.013
0.007
0.01
0.004
0.008
0.006
0.001
0.009
0.007
0.01
0.006
0.006
0.007
0.007
0.006
0.016
0.013
0.011
0.012
0.011
0.01
0.006
0.01
0.008
0.007
0.014
0.02
0.012
0.014
0.011
0.016
0.016
0.016
0.018
0.024
0.018
0.024
0.017
0.024
0.028
0.017
0.026
0.027
0.02
0.029
0.031
0.025
0.026
0.037
0.025
0.028
0.035
0.037
0.037
0.033
0.034
0.049
0.045
0.05
0.061
0.055
0.071
0.072
0.05
0.052
0.07
0.065
0.078
0.085
0.065
0.063
0.097
0.094
0.109
0.099
0.122
0.126
0.12
0.106
0.121
0.131
0.129
0.163
0.18
0.168
0.172
0.173
0.182
0.2
0.211
0.242
0.23
0.248
0.272
0.246
0.296
0.297
0.316
0.329
0.351
0.317
0.331
0.365
0.372
0.391
0.41
0.421
0.414
0.435
0.455
0.49
0.474
0.454
0.55
0.556
0.563
0.601
0.647
0.632
0.605
0.661
0.628
0.66
0.708
0.695
0.762
0.736
0.797
0.776
0.743
0.835
0.805
0.881
0.833
0.806
0.825
0.864
0.863
0.903
0.909
0.954
0.936
0.931
0.948
0.995
1.019
1.008
0.934
1.021
1.027
1.021
1.012
0.993
0.985
1.066
1.005
0.979
1.001
1.019
1.022
0.976
1.018
1.012
0.926
0.935
0.957
0.938
0.982
0.964
0.934
0.91
0.827
0.906
0.917
0.877
0.89
0.807
0.779
0.771
0.799
0.782
0.748
0.736
0.74
0.757
0.725
0.687
0.729
0.683
0.632
0.682
0.632
0.576
0.599
0.55
0.563
0.541
0.592
0.528
0.521
0.52
0.485
0.509
0.442
0.439
0.434
0.414
0.385
0.374
0.395
0.383
0.345
0.34
0.358
0.346
0.327
0.319
0.314
0.283
0.259
0.298
0.288
0.242
0.231
0.242
0.245
0.214
0.233
0.21
0.212
0.191
0.186
0.175
0.154
0.172
0.165
0.145
0.14
0.152
0.178
0.138
0.145
0.12
0.13
0.104
0.136
0.12
0.098
0.113
0.086
0.109
0.105
0.097
0.071
0.086
0.07
0.091
0.088
0.083
0.059
0.07
0.059
0.06
0.071
0.06
0.054
0.072
0.056
0.052
0.053
0.054
0.053
0.041
0.042
0.046
0.045
0.039
0.035
0.033
0.036
0.038
0.027
0.045
0.033
0.027
0.028
0.034
0.025
0.033
0.028
0.019
0.023
0.027
0.019
0.014
0.02
0.023
0.017
0.022
0.017
0.017
0.02
0.014
0.008
0.012
0.019
0.021
0.013
0.017
0.012
0.014
0.022
0.012
0.014
0.011
0.012
0.009
0.009
0.014
0.012
0.012
0.011
0.012
0.01
0.007
0.011
0.012
0.009
0.004
0.009
0.008
0.014
0.005
0.004
0.002
0.015
0.007
0.006
0.008
0.005
0.012
0.008
0.006
0.003
0.009
0.007
0.01
0.005
0.005
0.001
0.006
0.003
0.006
0.004
0.001
0.005
0.006
0.006
0.004
0.004
0.006
0
0.004
0.001
0.004
0.006
0.002
0.006
0.002
0.004
0.002
0.004
0.004
0.002
0.003
0.001
0.005
0.002
0.004
0.008
0.003
0.004
0.005
0.001
0.003
0.002
0.005
0.005
0.003
0.001
0.001
0.002
0.003
0
0
0.003
0.002
0.001
0.002
0.003
0.002
0.001
0.002
0.004
0.004
0
0.001
0.001
0.003
0.003
0.003
0.003
0
0.002
0.004
0.001
0.004
0.004
0.001
0.002
0.001
0.004
0.005
0.003
0.002
0.003
0
0.003
0.001
0.001
0.003
0.003
0.004
0.003
0.001
0.002
0.001
0.001
0.004
0.005
0.002
0.001
0.001
0.005
0
0.003
0.001
0.003
0
0.002
0
0.003
0.006
0.001
0.004
0.003
0.001
0.002
0.002
0.004
0.001
0.001
0.002
0.003
0.002
0.002
0.003
0.002
0.003
0.003
0.006
0.005
0.001
0.002
0.003
0.004
0.002
0.005
0.003
0.002
0.002
0.008
0.006
0.006
0.003
0.009
0.005
0.003
0.002
0.004
0.006
0.002
0.005
0.005
0.003
0.006
0.006
0.005
0.007
0.006
0.002
0.001
0.003
0.014
0.005
0.012
0.003
0.008
0.009
0.008
0.009
0.008
0.008
0.012
0.012
0.011
0.018
0.014
0.01
0.015
0.009
0.02
0.016
0.011
0.011
0.028
0.015
0.017
0.019
0.024
0.028
0.025
0.014
0.026
0.022
0.03
0.033
0.035
0.035
0.043
0.034
0.045
0.046
0.048
0.049
0.055
0.066
0.056
0.071
0.062
0.067
0.08
0.08
0.072
0.091
0.088
0.097
0.092
0.09
0.118
0.123
0.134
0.125
0.149
0.153
0.157
0.181
0.192
0.191
0.207
0.219
0.197
0.222
0.254
0.247
0.279
0.29
0.28
0.299
0.29
0.338
0.335
0.357
0.393
0.402
0.396
0.444
0.466
0.456
0.46
0.472
0.504
0.473
0.539
0.541
0.545
0.576
0.574
0.623
0.63
0.656
0.615
0.719
0.634
0.734
0.745
0.741
0.792
0.783
0.761
0.83
0.853
0.809
0.809
0.914
0.887
0.901
0.895
0.894
0.931
0.942
0.925
0.941
0.955
0.941
0.949
0.93
0.935
0.965
1.058
1.003
0.984
0.958
0.976
0.991
0.999
0.954
0.939
0.937
0.96
0.926
0.918
0.95
0.981
0.927
0.931
0.939
0.893
0.952
0.864
0.906
0.861
0.817
0.865
0.873
0.834
0.854
0.794
0.818
0.742
0.717
0.748
0.776
0.762
0.722
0.664
0.668
0.669
0.648
0.676
0.612
0.615
0.626
0.557
0.553
0.568
0.51
0.516
0.547
0.513
0.439
0.532
0.457
0.461
0.449
0.453
0.44
0.422
0.405
0.411
0.395
0.355
0.363
0.353
0.372
0.352
0.309
0.326
0.301
0.306
0.267
0.272
0.292
0.26
0.245
0.261
0.206
0.227
0.232
0.221
0.2
0.209
0.186
0.179
0.182
0.184
0.173
0.18
0.161
0.17
0.152
0.142
0.156
0.144
0.16
0.149
0.135
0.126
0.127
0.112
0.105
0.114
0.105
0.114
0.116
0.103
0.11
0.12
0.099
0.114
0.098
0.097
0.08
0.086
0.074
0.07
0.06
0.082
0.083
0.077
0.055
0.064
0.069
0.059
0.07
0.049
0.054
0.06
0.059
0.039
0.044
0.049
0.042
0.049
0.046
0.027
0.039
0.044
0.047
0.037
0.038
0.04
0.04
0.032
0.038
0.024
0.031
0.032
0.033
0.029
0.039
0.025
0.029
0.024
0.028
0.019
0.023
0.022
0.025
0.02
0.025
0.017
0.021
0.021
0.021
0.019
0.017
0.021
0.021
0.025
0.016
0.023
0.024
0.022
0.015
0.013
0.015
0.021
0.009
0.017
0.02
0.017
0.021
0.013
0.02
0.014
0.01
0.017
0.014
0.021
0.017
0.013
0.011
0.017
0.013
0.013
0.006
0.022
0.014
0.007
0.012
0.009
0.01
0.003
0.011
0.012
0.009
0.009
0.011
0.007
0.009
0.006
0.007
0.005
0.008
0.009
0.007
0.013
0.01
0.011
0.005
0.009
0.011
0.006
0.009
0.007
0.01
0.009
0.008
0.008
0.002
0.003
0.007
0.003
0.006
0.012
0.01
0.011
0.003
0.013
0.004
0.005
0.011
0.007
0.004
0.002
0.006
0.009
0.006
0.007
0.002
0.002
0.003
0.008
0.005
0.007
0.001
0.006
0.007
0
0.004
0.007
0.004
0.002
0.011
0.007
0.004
0.005
0.005
0.006
0.004
0.003
0.003
0.003
0.001
0.003
0.005
0.009
0.002
0.004
0.006
0.002
0.006
0.006
0.002
0.01
0.002
0
0.002
0.006
0.002
0.005
0.01
0.002
0.003
0.005
0.002
0.004
0.004
0.002
0.001
0.006
0.006
0.004
0.005
0.004
0.004
0.004
0.002
0.005
0.005
0.006
0.004
0.002
0.002
0.004
0.004
0.002
0.008
0.002
0.007
0.004
0.004
0.007
0.002
0.006
0.003
0.004
0.004
0.003
0.001
0.003
0.004
0.006
0.003
0.012
0.002
0.005
0.002
0.003
0.003
0.001
0.003
0.004
0.006
0.002
0.005
0.007
0.003
0.007
0.005
0.006
0.01
0.01
0.005
0.004
0.01
0.003
0.005
0.006
0.004
0.006
0.011
0.011
0.008
0.012
0.013
0.01
0.017
0.014
0.014
0.008
0.021
0.014
0.016
0.014
0.011
0.018
0.019
0.018
0.016
0.022
0.019
0.024
0.024
0.041
0.03
0.034
0.034
0.031
0.045
0.041
0.04
0.057
0.049
0.056
0.055
0.064
0.055
0.066
0.073
0.087
0.096
0.089
0.091
0.097
0.104
0.113
0.142
0.122
0.152
0.159
0.165
0.175
0.18
0.21
0.207
0.21
0.214
0.227
0.221
0.254
0.258
0.249
0.308
0.272
0.312
0.311
0.348
0.363
0.369
0.389
0.405
0.445
0.398
0.436
0.464
0.458
0.5
0.53
0.51
0.505
0.544
0.592
0.585
0.638
0.683
0.606
0.676
0.701
0.657
0.717
0.727
0.773
0.756
0.778
0.739
0.752
0.792
0.833
0.796
0.832
0.83
0.791
0.834
0.909
0.899
0.835
0.855
0.921
0.866
0.891
0.938
0.939
0.866
0.909
0.937
0.956
0.881
0.964
0.931
0.937
0.973
0.897
0.9
0.925
0.912
0.971
0.898
0.858
0.842
0.873
0.89
0.93
0.847
0.931
0.823
0.892
0.761
0.837
0.782
0.777
0.811
0.792
0.721
0.733
0.724
0.707
0.746
0.688
0.672
0.668
0.655
0.676
0.657
0.62
0.617
0.581
0.586
0.606
0.554
0.601
0.556
0.582
0.554
0.508
0.452
0.454
0.456
0.47
0.456
0.466
0.397
0.463
0.446
0.398
0.383
0.384
0.399
0.349
0.375
0.366
0.356
0.322
0.32
0.351
0.295
0.286
0.3
0.308
0.331
0.273
0.245
0.231
0.273
0.257
0.265
0.234
0.212
0.249
0.219
0.217
0.222
0.207
0.173
0.214
0.193
0.201
0.174
0.166
0.178
0.162
0.149
0.173
0.162
0.147
0.15
0.136
0.136
0.126
0.143
0.123
0.116
0.124
0.109
0.129
0.101
0.106
0.102
0.106
0.09
0.099
0.113
0.083
0.091
0.077
0.081
0.096
0.072
0.099
0.083
0.073
0.084
0.076
0.057
0.075
0.07
0.065
0.063
0.06
0.064
0.066
0.063
0.078
0.063
0.057
0.062
0.053
0.055
0.048
0.052
0.057
0.048
0.043
0.048
0.051
0.05
0.06
0.049
0.03
0.047
0.05
0.036
0.042
0.026
0.038
0.022
0.033
0.034
0.031
0.038
0.026
0.032
0.031
0.032
0.041
0.039
0.03
0.028
0.025
0.032
0.025
0.034
0.026
0.018
0.026
0.027
0.028
0.028
0.032
0.012
0.019
0.023
0.035
0.029
0.023
0.016
0.023
0.016
0.023
0.027
0.017
0.029
0.028
0.022
0.021
0.016
0.02
0.023
0.011
0.016
0.019
0.026
0.012
0.02
0.013
0.017
0.03
0.02
0.019
0.023
0.021
0.021
0.022
0.016
0.019
0.022
0.012
0.011
0.015
0.024
0.018
0.018
0.014
0.014
0.01
0.01
0.008
0.014
0.012
0.011
0.019
0.013
0.015
0.013
0.015
0.022
0.013
0.008
0.009
0.01
0.011
0.009
0.015
0.007
0.009
0.012
0.01
0.007
0.01
0.009
0.006
0.011
0.007
0.011
0.01
0.017
0.015
0.012
0.013
0.013
0.009
0.015
0.011
0.014
0.016
0.009
0.006
0.007
0.009
0.006
0.006
0.017
0.011
0.012
0.014
0.008
0.007
0.017
0.01
0.011
0.009
0.008
0.01
0.009
0.012
0.006
0.009
0.01
0.016
0.008
0.011
0.007
0.01
0.007
0.012
0.008
0.017
0.004
0.006
0.012
0.012
0.007
0.007
0.007
0.007
0.008
0.005
0.008
0.007
0.019
0.008
0.008
0.011
0.007
0.009
0.005
0.009
0.006
0.008
0.007
0.011
0.007
0.006
0.002
0.01
0.006
0.008
0.007
0.005
0.008
0.007
0.003
0.017
0.006
0.008
0.005
0.005
0.011
0.005
0.015
0.011
0.011
0.007
0.006
0.008
0.008
0.004
0.006
0.004
0.012
0.011
0.012
0.016
0.011
0.01
0.006
0.004
0.01
0.009
0.01
0.01
0.004
0.009
0.013
0.016
0.015
0.013
0.013
0.007
0.01
0.016
0.019
0.011
0.013
0.024
0.013
0.02
0.026
0.017
0.03
0.038
0.03
0.037
0.049
0.026
0.041
0.043
0.062
0.071
0.057
0.057
0.068
0.077
0.064
0.068
0.072
0.091
0.102
0.107
0.094
0.11
0.14
0.138
0.123
0.129
0.151
0.164
0.188
0.177
0.183
0.205
0.205
0.227
0.219
0.23
0.218
0.234
0.255
0.267
0.28
0.306
0.336
0.33
0.346
0.353
0.356
0.391
0.387
0.452
0.447
0.457
0.455
0.5
0.509
0.555
0.559
0.521
0.563
0.556
0.574
0.614
0.65
0.637
0.665
0.678
0.695
0.688
0.691
0.686
0.743
0.765
0.762
0.747
0.726
0.85
0.777
0.84
0.829
0.777
0.82
0.786
0.859
0.832
0.887
0.826
0.887
0.852
0.919
0.894
0.91
0.865
0.874
0.877
0.921
0.896
0.893
0.855
0.877
0.902
0.855
0.85
0.85
0.827
0.808
0.804
0.86
0.804
0.858
0.76
0.756
0.779
0.775
0.737
0.723
0.709
0.76
0.703
0.734
0.703
0.746
0.686
0.719
0.643
0.649
0.638
0.631
0.618
0.639
0.609
0.646
0.613
0.58
0.599
0.514
0.524
0.523
0.517
0.507
0.481
0.498
0.481
0.498
0.454
0.475
0.475
0.447
0.416
0.442
0.425
0.366
0.368
0.349
0.368
0.385
0.387
0.353
0.382
0.334
0.309
0.328
0.337
0.31
0.305
0.278
0.283
0.31
0.277
0.284
0.274
0.271
0.264
0.23
0.265
0.212
0.247
0.23
0.205
0.199
0.204
0.213
0.201
0.209
0.191
0.212
0.181
0.191
0.179
0.165
0.183
0.172
0.166
0.17
0.143
0.143
0.144
0.153
0.15
0.151
0.122
0.143
0.127
0.114
0.139
0.128
0.144
0.114
0.104
0.13
0.109
0.116
0.103
0.099
0.103
0.094
0.115
0.075
0.087
0.097
0.1
0.093
0.109
0.081
0.072
0.081
0.084
0.073
0.077
0.064
0.077
0.089
0.084
0.071
0.077
0.073
0.079
0.063
0.059
0.068
0.062
0.057
0.05
0.048
0.07
0.061
0.059
0.064
0.037
0.044
0.073
0.043
0.06
0.042
0.034
0.042
0.05
0.03
0.044
0.053
0.04
0.045
0.053
0.049
0.039
0.04
0.043
0.041
0.046
0.041
0.044
0.034
0.029
0.041
0.04
0.037
0.036
0.033
0.042
0.04
0.043
0.034
0.03
0.02
0.023
0.039
0.031
0.037
0.035
0.029
0.029
0.028
0.026
0.038
0.032
0.031
0.034
0.022
0.023
0.028
0.026
0.031
0.025
0.028
0.029
0.026
0.05
0.031
0.022
0.029
0.022
0.015
0.027
0.023
0.027
0.033
0.019
0.025
0.03
0.024
0.021
0.018
0.028
0.026
0.019
0.033
0.025
0.029
0.021
0.023
0.019
0.02
0.026
0.027
0.024
0.022
0.025
0.015
0.02
0.034
0.02
0.018
0.018
0.023
0.022
0.025
0.026
0.028
0.027
0.02
0.024
0.017
0.031
0.025
0.023
0.019
0.016
0.013
0.022
0.016
0.025
0.021
0.02
0.024
0.02
0.013
0.017
0.028
0.027
0.023
0.02
0.012
0.028
0.019
0.022
0.019
0.014
0.014
0.018
0.025
0.032
0.013
0.023
0.017
0.023
0.015
0.02
0.018
0.022
0.023
0.027
0.015
0.025
0.024
0.016
0.021
0.017
0.016
0.015
0.021
0.018
0.012
0.015
0.02
0.014
0.017
0.023
0.015
0.027
0.016
0.01
0.023
0.012
0.014
0.019
0.019
0.016
0.017
0.012
0.016
0.019
0.023
0.015
0.014
0.011
0.024
0.012
0.01
0.017
0.015
0.021
0.021
0.011
0.012
0.016
0.022
0.018
0.013
0.021
0.02
0.01
0.01
0.021
0.015
0.014
0.011
0.01
0.012
0.013
0.015
0.013
0.02
0.014
0.01
0.013
0.015
0.021
0.011
0.019
0.017
0.016
0.015
0.014
0.02
0.02
0.017
0.025
0.022
0.018
0.027
0.024
0.022
0.03
0.028
0.048
0.037
0.034
0.042
0.047
0.035
0.049
0.044
0.044
0.057
0.067
0.056
0.07
0.081
0.072
0.085
0.089
0.101
0.099
0.108
0.112
0.113
0.133
0.137
0.135
0.149
0.152
0.16
0.166
0.163
0.202
0.199
0.207
0.208
0.218
0.261
0.248
0.236
0.285
0.274
0.329
0.294
0.341
0.31
0.347
0.353
0.395
0.399
0.371
0.387
0.46
0.42
0.438
0.507
0.509
0.474
0.52
0.511
0.56
0.534
0.607
0.572
0.623
0.621
0.617
0.645
0.585
0.654
0.644
0.66
0.679
0.645
0.681
0.67
0.696
0.767
0.744
0.752
0.683
0.744
0.726
0.802
0.734
0.806
0.86
0.869
0.798
0.762
0.759
0.843
0.82
0.814
0.782
0.764
0.855
0.761
0.807
0.795
0.788
0.766
0.719
0.781
0.753
0.774
0.763
0.767
0.762
0.714
0.782
0.702
0.742
0.75
0.708
0.693
0.737
0.721
0.681
0.708
0.636
0.647
0.637
0.687
0.628
0.634
0.657
0.609
0.632
0.576
0.564
0.592
0.59
0.579
0.531
0.52
0.589
0.56
0.515
0.527
0.52
0.49
0.464
0.503
0.446
0.48
0.467
0.416
0.457
0.43
0.418
0.406
0.396
0.396
0.351
0.381
0.365
0.369
0.376
0.355
0.305
0.324
0.318
0.29
0.3
0.306
0.322
0.314
0.263
0.264
0.27
0.262
0.251
0.273
0.261
0.258
0.25
0.215
0.244
0.209
0.235
0.224
0.213
0.213
0.198
0.222
0.208
0.184
0.196
0.198
0.209
0.168
0.165
0.182
0.185
0.174
0.172
0.167
0.172
0.157
0.173
0.152
0.147
0.164
0.131
0.124
0.138
0.13
0.146
0.126
0.134
0.131
0.131
0.134
0.137
0.136
0.118
0.124
0.12
0.127
0.102
0.107
0.112
0.104
0.093
0.115
0.095
0.095
0.089
0.093
0.094
0.105
0.081
0.094
0.081
0.096
0.078
0.08
0.082
0.1
0.065
0.095
0.071
0.074
0.08
0.076
0.054
0.079
0.084
0.09
0.065
0.059
0.078
0.07
0.059
0.063
0.052
0.061
0.072
0.065
0.056
0.059
0.069
0.065
0.061
0.049
0.057
0.058
0.05
0.058
0.062
0.039
0.041
0.052
0.059
0.053
0.044
0.052
0.047
0.06
0.044
0.049
0.041
0.042
0.045
0.053
0.049
0.044
0.032
0.035
0.049
0.044
0.048
0.04
0.038
0.044
0.044
0.031
0.047
0.046
0.039
0.035
0.041
0.048
0.039
0.04
0.04
0.031
0.029
0.048
0.038
0.054
0.041
0.037
0.037
0.034
0.039
0.034
0.041
0.047
0.041
0.053
0.035
0.028
0.037
0.037
0.034
0.038
0.028
0.038
0.043
0.04
0.042
0.057
0.043
0.038
0.038
0.037
0.03
0.031
0.038
0.043
0.037
0.038
0.032
0.028
0.032
0.035
0.039
0.034
0.04
0.036
0.029
0.028
0.031
0.029
0.036
0.038
0.028
0.034
0.034
0.026
0.036
0.032
0.038
0.033
0.029
0.028
0.023
0.046
0.033
0.025
0.033
0.043
0.036
0.032
0.033
0.036
0.037
0.034
0.036
0.035
0.031
0.033
0.02
0.037
0.032
0.041
0.025
0.023
0.046
0.047
0.037
0.033
0.027
0.026
0.034
0.036
0.04
0.034
0.039
0.035
0.035
0.039
0.034
0.043
0.034
0.035
0.028
0.027
0.032
0.032
0.035
0.018
0.026
0.019
0.02
0.029
0.032
0.03
0.031
0.038
0.033
0.035
0.037
0.035
0.023
0.034
0.028
0.036
0.033
0.035
0.024
0.025
0.012
0.026
0.028
0.029
0.032
0.021
0.031
0.03
0.03
0.025
0.023
0.026
0.037
0.027
0.023
0.034
0.028
0.033
0.027
0.03
0.025
0.025
0.021
0.028
0.024
0.029
0.031
0.031
0.033
0.034
0.025
0.044
0.032
0.047
0.033
0.044
0.042
0.05
0.032
0.046
0.048
0.052
0.041
0.055
0.044
0.049
0.077
0.062
0.056
0.077
0.082
0.078
0.101
0.082
0.094
0.097
0.1
0.11
0.107
0.111
0.104
0.126
0.131
0.156
0.13
0.147
0.164
0.162
0.199
0.17
0.209
0.187
0.204
0.227
0.228
0.232
0.291
0.267
0.249
0.259
0.296
0.324
0.321
0.347
0.344
0.322
0.371
0.406
0.407
0.393
0.409
0.434
0.442
0.46
0.485
0.487
0.488
0.519
0.539
0.557
0.521
0.55
0.569
0.556
0.584
0.572
0.568
0.588
0.647
0.58
0.613
0.632
0.639
0.649
0.671
0.701
0.697
0.695
0.649
0.712
0.714
0.683
0.705
0.728
0.678
0.713
0.7
0.715
0.748
0.703
0.69
0.74
0.745
0.73
0.71
0.807
0.728
0.723
0.722
0.731
0.657
0.704
0.673
0.719
0.665
0.687
0.681
0.67
0.665
0.672
0.649
0.656
0.689
0.652
0.624
0.571
0.657
0.66
0.588
0.577
0.605
0.595
0.58
0.586
0.579
0.549
0.544
0.514
0.532
0.527
0.546
0.552
0.509
0.48
0.468
0.475
0.491
0.459
0.493
0.481
0.461
0.486
0.436
0.467
0.438
0.41
0.432
0.429
0.389
0.353
0.417
0.369
0.382
0.389
0.373
0.355
0.365
0.387
0.324
0.347
0.342
0.345
0.287
0.313
0.297
0.268
0.305
0.263
0.269
0.244
0.258
0.259
0.249
0.26
0.23
0.256
0.251
0.257
0.22
0.247
0.213
0.222
0.219
0.207
0.222
0.208
0.221
0.211
0.181
0.188
0.174
0.199
0.155
0.196
0.165
0.208
0.166
0.181
0.17
0.165
0.165
0.137
0.141
0.168
0.17
0.143
0.137
0.137
0.142
0.117
0.119
0.137
0.125
0.115
0.14
0.125
0.107
0.091
0.116
0.125
0.107
0.116
0.128
0.101
0.107
0.103
0.107
0.1
0.084
0.09
0.097
0.1
0.093
0.094
0.096
0.094
0.093
0.102
0.096
0.096
0.085
0.086
0.09
0.079
0.084
0.071
0.084
0.083
0.081
0.095
0.09
0.082
0.077
0.081
0.086
0.077
0.073
0.075
0.075
0.077
0.07
0.088
0.079
0.093
0.059
0.082
0.066
0.06
0.067
0.066
0.064
0.067
0.059
0.06
0.059
0.075
0.064
0.057
0.067
0.069
0.056
0.051
0.064
0.053
0.05
0.06
0.055
0.054
0.069
0.058
0.055
0.059
0.059
0.054
0.056
0.061
0.055
0.06
0.06
0.047
0.065
0.055
0.049
0.054
0.052
0.056
0.05
0.058
0.074
0.051
0.072
0.054
0.056
0.067
0.064
0.068
0.064
0.047
0.043
0.042
0.046
0.051
0.049
0.033
0.055
0.053
0.045
0.054
0.051
0.052
0.051
0.052
0.04
0.058
0.044
0.054
0.056
0.058
0.05
0.047
0.052
0.045
0.052
0.04
0.051
0.046
0.05
0.06
0.059
0.06
0.053
0.041
0.05
0.049
0.054
0.053
0.049
0.039
0.05
0.054
0.042
0.051
0.045
0.057
0.043
0.048
0.047
0.055
0.068
0.049
0.061
0.06
0.038
0.045
0.041
0.051
0.058
0.06
0.053
0.055
0.049
0.063
0.055
0.052
0.06
0.053
0.05
0.044
0.061
0.036
0.049
0.051
0.05
0.051
0.047
0.046
0.05
0.056
0.053
0.044
0.051
0.057
0.053
0.047
0.063
0.055
0.051
0.063
0.05
0.044
0.052
0.047
0.053
0.045
0.043
0.056
0.042
0.045
0.044
0.059
0.038
0.053
0.058
0.048
0.042
0.049
0.05
0.063
0.047
0.05
0.049
0.049
0.054
0.045
0.04
0.046
0.058
0.044
0.048
0.05
0.06
0.043
0.044
0.043
0.047
0.056
0.051
0.047
0.044
0.038
0.045
0.05
0.049
0.059
0.051
0.05
0.051
0.06
0.042
0.056
0.051
0.049
0.06
0.043
0.052
0.056
0.06
0.067
0.063
0.057
0.074
0.061
0.058
0.079
0.08
0.069
0.075
0.078
0.067
0.08
0.081
0.103
0.081
0.082
0.093
0.105
0.084
0.117
0.128
0.118
0.142
0.131
0.141
0.156
0.164
0.165
0.177
0.172
0.185
0.189
0.176
0.206
0.215
0.223
0.249
0.265
0.224
0.253
0.271
0.294
0.276
0.304
0.298
0.328
0.355
0.332
0.359
0.364
0.39
0.354
0.4
0.406
0.403
0.478
0.426
0.433
0.44
0.477
0.513
0.51
0.532
0.54
0.525
0.567
0.539
0.544
0.53
0.571
0.558
0.57
0.589
0.579
0.593
0.627
0.59
0.559
0.655
0.588
0.595
0.653
0.598
0.64
0.679
0.648
0.603
0.598
0.686
0.596
0.621
0.672
0.647
0.655
0.649
0.638
0.65
0.653
0.689
0.691
0.65
0.618
0.576
0.637
0.635
0.666
0.613
0.639
0.584
0.627
0.622
0.605
0.602
0.574
0.579
0.593
0.598
0.603
0.561
0.547
0.582
0.582
0.549
0.555
0.525
0.496
0.515
0.506
0.541
0.532
0.455
0.546
0.507
0.489
0.478
0.448
0.431
0.44
0.481
0.411
0.449
0.437
0.421
0.447
0.433
0.415
0.417
0.374
0.363
0.381
0.359
0.364
0.371
0.351
0.337
0.347
0.356
0.332
0.331
0.348
0.322
0.293
0.31
0.324
0.328
0.284
0.277
0.278
0.285
0.274
0.299
0.253
0.27
0.277
0.26
0.273
0.256
0.263
0.261
0.226
0.223
0.201
0.228
0.233
0.218
0.222
0.21
0.241
0.176
0.186
0.205
0.179
0.218
0.197
0.198
0.179
0.165
0.172
0.175
0.153
0.167
0.166
0.172
0.177
0.166
0.149
0.164
0.161
0.149
0.134
0.159
0.13
0.144
0.155
0.136
0.12
0.119
0.132
0.148
0.132
0.126
0.114
0.121
0.115
0.131
0.121
0.104
0.144
0.102
0.102
0.109
0.105
0.111
0.097
0.103
0.107
0.1
0.098
0.09
0.084
0.115
0.093
0.101
0.107
0.09
0.1
0.088
0.105
0.096
0.089
0.097
0.081
0.081
0.091
0.085
0.082
0.084
0.094
0.074
0.094
0.072
0.097
0.074
0.075
0.079
0.075
0.088
0.096
0.084
0.065
0.092
0.056
0.077
0.084
0.068
0.077
0.074
0.08
0.077
0.082
0.098
0.061
0.076
0.067
0.072
0.064
0.078
0.069
0.073
0.065
0.053
0.062
0.07
0.079
0.071
0.065
0.072
0.091
0.08
0.078
0.07
0.066
0.068
0.069
0.077
0.068
0.069
0.061
0.053
0.074
0.067
0.073
0.087
0.068
0.065
0.066
0.058
0.08
0.071
0.071
0.045
0.047
0.062
0.063
0.073
0.072
0.066
0.079
0.065
0.075
0.077
0.066
0.058
0.064
0.08
0.076
0.073
0.067
0.058
0.071
0.065
0.072
0.064
0.07
0.085
0.058
0.067
0.078
0.057
0.069
0.069
0.069
0.054
0.074
0.069
0.077
0.072
0.051
0.071
0.084
0.068
0.053
0.071
0.072
0.05
0.066
0.07
0.067
0.075
0.073
0.058
0.079
0.076
0.063
0.071
0.058
0.061
0.063
0.08
0.068
0.068
0.083
0.075
0.075
0.078
0.065
0.072
0.07
0.09
0.059
0.072
0.066
0.064
0.072
0.075
0.065
0.074
0.063
0.077
0.06
0.067
0.078
0.07
0.085
0.063
0.074
0.081
0.081
0.073
0.065
0.094
0.084
0.075
0.068
0.064
0.083
0.075
0.07
0.077
0.07
0.083
0.087
0.073
0.063
0.076
0.076
0.062
0.076
0.064
0.071
0.064
0.08
0.069
0.086
0.082
0.072
0.078
0.081
0.081
0.083
0.074
0.092
0.07
0.077
0.069
0.077
0.06
0.071
0.071
0.068
0.083
0.082
0.09
0.074
0.067
0.081
0.082
0.067
0.073
0.077
0.08
